[ 2016-08-13T22:38:50+08:00 ] 58.46.100.68 /Home/Order/get_new_order
INFO: [ app_init ] --START--
INFO: Run Behavior\BuildLiteBehavior [ RunTime:0.000013s ]
INFO: [ app_init ] --END-- [ RunTime:0.000220s ]
INFO: [ app_begin ] --START--
INFO: Run Behavior\ReadHtmlCacheBehavior [ RunTime:0.000262s ]
INFO: [ app_begin ] --END-- [ RunTime:0.000293s ]
SQL: SHOW COLUMNS FROM `m_admin_infor` [ RunTime:0.0004s ]
SQL: SELECT * FROM `m_admin_infor` WHERE ( id=1 ) LIMIT 1   [ RunTime:0.0002s ]
SQL: SELECT `goods_id`,`goods_name`,`yuan_price`,`price`,`goods_img` FROM `m_goods` WHERE ( goods_id=220 ) LIMIT 1   [ RunTime:0.0001s ]
SQL: SELECT `order_id`,`user_id`,`created`,`order_address` FROM `m_order` WHERE ( order_id>131 ) ORDER BY order_id desc LIMIT 6   [ RunTime:0.0001s ]
NOTIC: [8] Undefined offset: 0 /alidata/www/jiangzipinpin/Application/Home/Controller/OrderController.class.php 第 501 行.

[ 2016-08-13T22:39:00+08:00 ] 58.46.100.68 /Home/Order/get_new_order
INFO: [ app_init ] --START--
INFO: Run Behavior\BuildLiteBehavior [ RunTime:0.000010s ]
INFO: [ app_init ] --END-- [ RunTime:0.000228s ]
INFO: [ app_begin ] --START--
INFO: Run Behavior\ReadHtmlCacheBehavior [ RunTime:0.000263s ]
INFO: [ app_begin ] --END-- [ RunTime:0.000295s ]
SQL: SHOW COLUMNS FROM `m_admin_infor` [ RunTime:0.0004s ]
SQL: SELECT * FROM `m_admin_infor` WHERE ( id=1 ) LIMIT 1   [ RunTime:0.0002s ]
SQL: SELECT `goods_id`,`goods_name`,`yuan_price`,`price`,`goods_img` FROM `m_goods` WHERE ( goods_id=220 ) LIMIT 1   [ RunTime:0.0001s ]
SQL: SELECT `order_id`,`user_id`,`created`,`order_address` FROM `m_order` WHERE ( order_id>131 ) ORDER BY order_id desc LIMIT 6   [ RunTime:0.0001s ]
NOTIC: [8] Undefined offset: 0 /alidata/www/jiangzipinpin/Application/Home/Controller/OrderController.class.php 第 501 行.

[ 2016-08-13T22:39:10+08:00 ] 58.46.100.68 /Home/Order/get_new_order
INFO: [ app_init ] --START--
INFO: Run Behavior\BuildLiteBehavior [ RunTime:0.000010s ]
INFO: [ app_init ] --END-- [ RunTime:0.000207s ]
INFO: [ app_begin ] --START--
INFO: Run Behavior\ReadHtmlCacheBehavior [ RunTime:0.000264s ]
INFO: [ app_begin ] --END-- [ RunTime:0.000295s ]
SQL: SHOW COLUMNS FROM `m_admin_infor` [ RunTime:0.0004s ]
SQL: SELECT * FROM `m_admin_infor` WHERE ( id=1 ) LIMIT 1   [ RunTime:0.0002s ]
SQL: SELECT `goods_id`,`goods_name`,`yuan_price`,`price`,`goods_img` FROM `m_goods` WHERE ( goods_id=220 ) LIMIT 1   [ RunTime:0.0001s ]
SQL: SELECT `order_id`,`user_id`,`created`,`order_address` FROM `m_order` WHERE ( order_id>131 ) ORDER BY order_id desc LIMIT 6   [ RunTime:0.0001s ]
NOTIC: [8] Undefined offset: 0 /alidata/www/jiangzipinpin/Application/Home/Controller/OrderController.class.php 第 501 行.

[ 2016-08-13T22:39:20+08:00 ] 58.46.100.68 /Home/Order/get_new_order
INFO: [ app_init ] --START--
INFO: Run Behavior\BuildLiteBehavior [ RunTime:0.000016s ]
INFO: [ app_init ] --END-- [ RunTime:0.000354s ]
INFO: [ app_begin ] --START--
INFO: Run Behavior\ReadHtmlCacheBehavior [ RunTime:0.000310s ]
INFO: [ app_begin ] --END-- [ RunTime:0.000343s ]
SQL: SHOW COLUMNS FROM `m_admin_infor` [ RunTime:0.0005s ]
SQL: SELECT * FROM `m_admin_infor` WHERE ( id=1 ) LIMIT 1   [ RunTime:0.0002s ]
SQL: SELECT `goods_id`,`goods_name`,`yuan_price`,`price`,`goods_img` FROM `m_goods` WHERE ( goods_id=220 ) LIMIT 1   [ RunTime:0.0001s ]
SQL: SELECT `order_id`,`user_id`,`created`,`order_address` FROM `m_order` WHERE ( order_id>131 ) ORDER BY order_id desc LIMIT 6   [ RunTime:0.0002s ]
NOTIC: [8] Undefined offset: 0 /alidata/www/jiangzipinpin/Application/Home/Controller/OrderController.class.php 第 501 行.

[ 2016-08-13T22:39:30+08:00 ] 58.46.100.68 /Home/Order/get_new_order
INFO: [ app_init ] --START--
INFO: Run Behavior\BuildLiteBehavior [ RunTime:0.000011s ]
INFO: [ app_init ] --END-- [ RunTime:0.000250s ]
INFO: [ app_begin ] --START--
INFO: Run Behavior\ReadHtmlCacheBehavior [ RunTime:0.000265s ]
INFO: [ app_begin ] --END-- [ RunTime:0.000296s ]
SQL: SHOW COLUMNS FROM `m_admin_infor` [ RunTime:0.0004s ]
SQL: SELECT * FROM `m_admin_infor` WHERE ( id=1 ) LIMIT 1   [ RunTime:0.0002s ]
SQL: SELECT `goods_id`,`goods_name`,`yuan_price`,`price`,`goods_img` FROM `m_goods` WHERE ( goods_id=220 ) LIMIT 1   [ RunTime:0.0001s ]
SQL: SELECT `order_id`,`user_id`,`created`,`order_address` FROM `m_order` WHERE ( order_id>131 ) ORDER BY order_id desc LIMIT 6   [ RunTime:0.0001s ]
NOTIC: [8] Undefined offset: 0 /alidata/www/jiangzipinpin/Application/Home/Controller/OrderController.class.php 第 501 行.

[ 2016-08-13T22:39:40+08:00 ] 58.46.100.68 /Home/Order/get_new_order
INFO: [ app_init ] --START--
INFO: Run Behavior\BuildLiteBehavior [ RunTime:0.000019s ]
INFO: [ app_init ] --END-- [ RunTime:0.000348s ]
INFO: [ app_begin ] --START--
INFO: Run Behavior\ReadHtmlCacheBehavior [ RunTime:0.000496s ]
INFO: [ app_begin ] --END-- [ RunTime:0.000544s ]
SQL: SHOW COLUMNS FROM `m_admin_infor` [ RunTime:0.0004s ]
SQL: SELECT * FROM `m_admin_infor` WHERE ( id=1 ) LIMIT 1   [ RunTime:0.0002s ]
SQL: SELECT `goods_id`,`goods_name`,`yuan_price`,`price`,`goods_img` FROM `m_goods` WHERE ( goods_id=220 ) LIMIT 1   [ RunTime:0.0001s ]
SQL: SELECT `order_id`,`user_id`,`created`,`order_address` FROM `m_order` WHERE ( order_id>131 ) ORDER BY order_id desc LIMIT 6   [ RunTime:0.0001s ]
NOTIC: [8] Undefined offset: 0 /alidata/www/jiangzipinpin/Application/Home/Controller/OrderController.class.php 第 501 行.

[ 2016-08-13T22:39:50+08:00 ] 58.46.100.68 /Home/Order/get_new_order
INFO: [ app_init ] --START--
INFO: Run Behavior\BuildLiteBehavior [ RunTime:0.000013s ]
INFO: [ app_init ] --END-- [ RunTime:0.000248s ]
INFO: [ app_begin ] --START--
INFO: Run Behavior\ReadHtmlCacheBehavior [ RunTime:0.000325s ]
INFO: [ app_begin ] --END-- [ RunTime:0.000361s ]
SQL: SHOW COLUMNS FROM `m_admin_infor` [ RunTime:0.0004s ]
SQL: SELECT * FROM `m_admin_infor` WHERE ( id=1 ) LIMIT 1   [ RunTime:0.0002s ]
SQL: SELECT `goods_id`,`goods_name`,`yuan_price`,`price`,`goods_img` FROM `m_goods` WHERE ( goods_id=220 ) LIMIT 1   [ RunTime:0.0001s ]
SQL: SELECT `order_id`,`user_id`,`created`,`order_address` FROM `m_order` WHERE ( order_id>131 ) ORDER BY order_id desc LIMIT 6   [ RunTime:0.0001s ]
NOTIC: [8] Undefined offset: 0 /alidata/www/jiangzipinpin/Application/Home/Controller/OrderController.class.php 第 501 行.

[ 2016-08-13T22:40:00+08:00 ] 58.46.100.68 /Home/Order/get_new_order
INFO: [ app_init ] --START--
INFO: Run Behavior\BuildLiteBehavior [ RunTime:0.000011s ]
INFO: [ app_init ] --END-- [ RunTime:0.000236s ]
INFO: [ app_begin ] --START--
INFO: Run Behavior\ReadHtmlCacheBehavior [ RunTime:0.000273s ]
INFO: [ app_begin ] --END-- [ RunTime:0.000304s ]
SQL: SHOW COLUMNS FROM `m_admin_infor` [ RunTime:0.0005s ]
SQL: SELECT * FROM `m_admin_infor` WHERE ( id=1 ) LIMIT 1   [ RunTime:0.0002s ]
SQL: SELECT `goods_id`,`goods_name`,`yuan_price`,`price`,`goods_img` FROM `m_goods` WHERE ( goods_id=220 ) LIMIT 1   [ RunTime:0.0001s ]
SQL: SELECT `order_id`,`user_id`,`created`,`order_address` FROM `m_order` WHERE ( order_id>131 ) ORDER BY order_id desc LIMIT 6   [ RunTime:0.0002s ]
NOTIC: [8] Undefined offset: 0 /alidata/www/jiangzipinpin/Application/Home/Controller/OrderController.class.php 第 501 行.

[ 2016-08-13T22:40:10+08:00 ] 58.46.100.68 /Home/Order/get_new_order
INFO: [ app_init ] --START--
INFO: Run Behavior\BuildLiteBehavior [ RunTime:0.000011s ]
INFO: [ app_init ] --END-- [ RunTime:0.000240s ]
INFO: [ app_begin ] --START--
INFO: Run Behavior\ReadHtmlCacheBehavior [ RunTime:0.000265s ]
INFO: [ app_begin ] --END-- [ RunTime:0.000295s ]
SQL: SHOW COLUMNS FROM `m_admin_infor` [ RunTime:0.0006s ]
SQL: SELECT * FROM `m_admin_infor` WHERE ( id=1 ) LIMIT 1   [ RunTime:0.0002s ]
SQL: SELECT `goods_id`,`goods_name`,`yuan_price`,`price`,`goods_img` FROM `m_goods` WHERE ( goods_id=220 ) LIMIT 1   [ RunTime:0.0001s ]
SQL: SELECT `order_id`,`user_id`,`created`,`order_address` FROM `m_order` WHERE ( order_id>131 ) ORDER BY order_id desc LIMIT 6   [ RunTime:0.0002s ]
NOTIC: [8] Undefined offset: 0 /alidata/www/jiangzipinpin/Application/Home/Controller/OrderController.class.php 第 501 行.

[ 2016-08-13T22:40:20+08:00 ] 58.46.100.68 /Home/Order/get_new_order
INFO: [ app_init ] --START--
INFO: Run Behavior\BuildLiteBehavior [ RunTime:0.000024s ]
INFO: [ app_init ] --END-- [ RunTime:0.000527s ]
INFO: [ app_begin ] --START--
INFO: Run Behavior\ReadHtmlCacheBehavior [ RunTime:0.000917s ]
INFO: [ app_begin ] --END-- [ RunTime:0.001004s ]
SQL: SHOW COLUMNS FROM `m_admin_infor` [ RunTime:0.0004s ]
SQL: SELECT * FROM `m_admin_infor` WHERE ( id=1 ) LIMIT 1   [ RunTime:0.0002s ]
SQL: SELECT `goods_id`,`goods_name`,`yuan_price`,`price`,`goods_img` FROM `m_goods` WHERE ( goods_id=220 ) LIMIT 1   [ RunTime:0.0001s ]
SQL: SELECT `order_id`,`user_id`,`created`,`order_address` FROM `m_order` WHERE ( order_id>131 ) ORDER BY order_id desc LIMIT 6   [ RunTime:0.0002s ]
NOTIC: [8] Undefined offset: 0 /alidata/www/jiangzipinpin/Application/Home/Controller/OrderController.class.php 第 501 行.

[ 2016-08-13T22:40:30+08:00 ] 58.46.100.68 /Home/Order/get_new_order
INFO: [ app_init ] --START--
INFO: Run Behavior\BuildLiteBehavior [ RunTime:0.000011s ]
INFO: [ app_init ] --END-- [ RunTime:0.000225s ]
INFO: [ app_begin ] --START--
INFO: Run Behavior\ReadHtmlCacheBehavior [ RunTime:0.000285s ]
INFO: [ app_begin ] --END-- [ RunTime:0.000320s ]
SQL: SHOW COLUMNS FROM `m_admin_infor` [ RunTime:0.0006s ]
SQL: SELECT * FROM `m_admin_infor` WHERE ( id=1 ) LIMIT 1   [ RunTime:0.0002s ]
SQL: SELECT `goods_id`,`goods_name`,`yuan_price`,`price`,`goods_img` FROM `m_goods` WHERE ( goods_id=220 ) LIMIT 1   [ RunTime:0.0001s ]
SQL: SELECT `order_id`,`user_id`,`created`,`order_address` FROM `m_order` WHERE ( order_id>131 ) ORDER BY order_id desc LIMIT 6   [ RunTime:0.0001s ]
NOTIC: [8] Undefined offset: 0 /alidata/www/jiangzipinpin/Application/Home/Controller/OrderController.class.php 第 501 行.

[ 2016-08-13T22:40:40+08:00 ] 58.46.100.68 /Home/Order/get_new_order
INFO: [ app_init ] --START--
INFO: Run Behavior\BuildLiteBehavior [ RunTime:0.000012s ]
INFO: [ app_init ] --END-- [ RunTime:0.000219s ]
INFO: [ app_begin ] --START--
INFO: Run Behavior\ReadHtmlCacheBehavior [ RunTime:0.000277s ]
INFO: [ app_begin ] --END-- [ RunTime:0.000315s ]
SQL: SHOW COLUMNS FROM `m_admin_infor` [ RunTime:0.0004s ]
SQL: SELECT * FROM `m_admin_infor` WHERE ( id=1 ) LIMIT 1   [ RunTime:0.0002s ]
SQL: SELECT `goods_id`,`goods_name`,`yuan_price`,`price`,`goods_img` FROM `m_goods` WHERE ( goods_id=220 ) LIMIT 1   [ RunTime:0.0001s ]
SQL: SELECT `order_id`,`user_id`,`created`,`order_address` FROM `m_order` WHERE ( order_id>131 ) ORDER BY order_id desc LIMIT 6   [ RunTime:0.0001s ]
NOTIC: [8] Undefined offset: 0 /alidata/www/jiangzipinpin/Application/Home/Controller/OrderController.class.php 第 501 行.

[ 2016-08-13T22:40:50+08:00 ] 58.46.100.68 /Home/Order/get_new_order
INFO: [ app_init ] --START--
INFO: Run Behavior\BuildLiteBehavior [ RunTime:0.000020s ]
INFO: [ app_init ] --END-- [ RunTime:0.000379s ]
INFO: [ app_begin ] --START--
INFO: Run Behavior\ReadHtmlCacheBehavior [ RunTime:0.000440s ]
INFO: [ app_begin ] --END-- [ RunTime:0.000487s ]
SQL: SHOW COLUMNS FROM `m_admin_infor` [ RunTime:0.0006s ]
SQL: SELECT * FROM `m_admin_infor` WHERE ( id=1 ) LIMIT 1   [ RunTime:0.0003s ]
SQL: SELECT `goods_id`,`goods_name`,`yuan_price`,`price`,`goods_img` FROM `m_goods` WHERE ( goods_id=220 ) LIMIT 1   [ RunTime:0.0002s ]
SQL: SELECT `order_id`,`user_id`,`created`,`order_address` FROM `m_order` WHERE ( order_id>131 ) ORDER BY order_id desc LIMIT 6   [ RunTime:0.0002s ]
NOTIC: [8] Undefined offset: 0 /alidata/www/jiangzipinpin/Application/Home/Controller/OrderController.class.php 第 501 行.

[ 2016-08-13T22:41:00+08:00 ] 58.46.100.68 /Home/Order/get_new_order
INFO: [ app_init ] --START--
INFO: Run Behavior\BuildLiteBehavior [ RunTime:0.000012s ]
INFO: [ app_init ] --END-- [ RunTime:0.000236s ]
INFO: [ app_begin ] --START--
INFO: Run Behavior\ReadHtmlCacheBehavior [ RunTime:0.000298s ]
INFO: [ app_begin ] --END-- [ RunTime:0.000332s ]
SQL: SHOW COLUMNS FROM `m_admin_infor` [ RunTime:0.0005s ]
SQL: SELECT * FROM `m_admin_infor` WHERE ( id=1 ) LIMIT 1   [ RunTime:0.0002s ]
SQL: SELECT `goods_id`,`goods_name`,`yuan_price`,`price`,`goods_img` FROM `m_goods` WHERE ( goods_id=220 ) LIMIT 1   [ RunTime:0.0001s ]
SQL: SELECT `order_id`,`user_id`,`created`,`order_address` FROM `m_order` WHERE ( order_id>131 ) ORDER BY order_id desc LIMIT 6   [ RunTime:0.0002s ]
NOTIC: [8] Undefined offset: 0 /alidata/www/jiangzipinpin/Application/Home/Controller/OrderController.class.php 第 501 行.

[ 2016-08-13T22:41:10+08:00 ] 58.46.100.68 /Home/Order/get_new_order
INFO: [ app_init ] --START--
INFO: Run Behavior\BuildLiteBehavior [ RunTime:0.000011s ]
INFO: [ app_init ] --END-- [ RunTime:0.000218s ]
INFO: [ app_begin ] --START--
INFO: Run Behavior\ReadHtmlCacheBehavior [ RunTime:0.000262s ]
INFO: [ app_begin ] --END-- [ RunTime:0.000293s ]
SQL: SHOW COLUMNS FROM `m_admin_infor` [ RunTime:0.0004s ]
SQL: SELECT * FROM `m_admin_infor` WHERE ( id=1 ) LIMIT 1   [ RunTime:0.0002s ]
SQL: SELECT `goods_id`,`goods_name`,`yuan_price`,`price`,`goods_img` FROM `m_goods` WHERE ( goods_id=220 ) LIMIT 1   [ RunTime:0.0001s ]
SQL: SELECT `order_id`,`user_id`,`created`,`order_address` FROM `m_order` WHERE ( order_id>131 ) ORDER BY order_id desc LIMIT 6   [ RunTime:0.0002s ]
NOTIC: [8] Undefined offset: 0 /alidata/www/jiangzipinpin/Application/Home/Controller/OrderController.class.php 第 501 行.

[ 2016-08-13T22:43:49+08:00 ] 183.214.135.103 /Home/Goods/index/goods_id/220.html
INFO: [ app_init ] --START--
INFO: Run Behavior\BuildLiteBehavior [ RunTime:0.000011s ]
INFO: [ app_init ] --END-- [ RunTime:0.000212s ]
INFO: [ app_begin ] --START--
INFO: Run Behavior\ReadHtmlCacheBehavior [ RunTime:0.000289s ]
INFO: [ app_begin ] --END-- [ RunTime:0.000327s ]

[ 2016-08-13T22:43:49+08:00 ] 183.214.135.103 /Home/Login/weixin_login.html
INFO: [ app_init ] --START--
INFO: Run Behavior\BuildLiteBehavior [ RunTime:0.000012s ]
INFO: [ app_init ] --END-- [ RunTime:0.000223s ]
INFO: [ app_begin ] --START--
INFO: Run Behavior\ReadHtmlCacheBehavior [ RunTime:0.000301s ]
INFO: [ app_begin ] --END-- [ RunTime:0.000338s ]
SQL: SHOW COLUMNS FROM `m_admin_infor` [ RunTime:0.0005s ]
SQL: SELECT * FROM `m_admin_infor` WHERE ( id=1 ) LIMIT 1   [ RunTime:0.0002s ]
SQL: SELECT `goods_id`,`goods_name`,`yuan_price`,`price`,`goods_img` FROM `m_goods` WHERE ( goods_id=220 ) LIMIT 1   [ RunTime:0.0001s ]
NOTIC: [2048] mktime(): You should be using the time() function instead /alidata/www/jiangzipinpin/Application/Home/Controller/LoginController.class.php 第 122 行.
SQL: UPDATE `m_users` SET `last_login`='1471099429',`last_ip`='183.214.135.103' WHERE ( open_id='1234568' ) [ RunTime:0.0002s ]
SQL: SELECT `user_id`,`user_name` FROM `m_users` WHERE ( open_id='1234568' ) LIMIT 1   [ RunTime:0.0001s ]

[ 2016-08-13T22:43:50+08:00 ] 183.214.135.103 /Home/Goods/index/goods_id/220.html
INFO: [ app_init ] --START--
INFO: Run Behavior\BuildLiteBehavior [ RunTime:0.000012s ]
INFO: [ app_init ] --END-- [ RunTime:0.000214s ]
INFO: [ app_begin ] --START--
INFO: Run Behavior\ReadHtmlCacheBehavior [ RunTime:0.000268s ]
INFO: [ app_begin ] --END-- [ RunTime:0.000309s ]
SQL: SHOW COLUMNS FROM `m_admin_infor` [ RunTime:0.0006s ]
SQL: SELECT * FROM `m_admin_infor` WHERE ( id=1 ) LIMIT 1   [ RunTime:0.0002s ]
SQL: SELECT `goods_id`,`goods_name`,`yuan_price`,`price`,`goods_img` FROM `m_goods` WHERE ( goods_id=220 ) LIMIT 1   [ RunTime:0.0002s ]
NOTIC: [8] Use of undefined constant HTTP_HOST - assumed 'HTTP_HOST' /alidata/www/jiangzipinpin/Application/Home/Controller/FontEndController.class.php 第 128 行.
NOTIC: [8] Use of undefined constant REQUEST_URI - assumed 'REQUEST_URI' /alidata/www/jiangzipinpin/Application/Home/Controller/FontEndController.class.php 第 128 行.
SQL: SELECT `goods_id`,`goods_name`,`goods_jianjie`,`price`,`yuan_price`,`tuan_price`,`goods_img`,`goods_img_qita`,`goods_desc`,`comment_number`,`shuxing`,`score`,`cat_name`,`user_name`,`daijinquan`,`1yuangou`,`choujiang`,`is_delete`,`buy_number`,`tuan_number`,`goods_shuxing` FROM `m_goods` WHERE ( goods_id='220' ) LIMIT 1   [ RunTime:0.0005s ]
SQL: SHOW COLUMNS FROM `m_order` [ RunTime:0.0015s ]
SQL: SELECT t2.head_url,t1.order_id,t2.user_name,t1.created,t2.address,t1.order_address,t1.tuan_no,t1.goods_id,t1.tuan_number FROM m_order t1,m_users t2 WHERE ( t1.goods_id=220 and t1.identity=1 and t1.user_id=t2.user_id and t1.created>1471013030 and t1.status=1 and pay_status=1 ) ORDER BY t1.created desc LIMIT 2   [ RunTime:0.0004s ]
NOTIC: [8] Undefined offset: 0 /alidata/www/jiangzipinpin/Application/Home/Controller/GoodsController.class.php 第 52 行.
SQL: SELECT `pingfen` FROM `m_order` WHERE ( goods_id=220 )  [ RunTime:0.0001s ]
NOTIC: [8] Undefined variable: pingfen0 /alidata/www/jiangzipinpin/Application/Home/Controller/GoodsController.class.php 第 73 行.
NOTIC: [8] Undefined variable: pingfen1 /alidata/www/jiangzipinpin/Application/Home/Controller/GoodsController.class.php 第 74 行.
NOTIC: [8] Undefined variable: pingfen2 /alidata/www/jiangzipinpin/Application/Home/Controller/GoodsController.class.php 第 75 行.
SQL: SELECT COUNT(*) AS tp_count FROM `m_order` WHERE ( goods_id=220 and status=3 ) LIMIT 1   [ RunTime:0.0001s ]
SQL: SHOW COLUMNS FROM `m_order` [ RunTime:0.0006s ]
SQL: SELECT t1.updated,t1.score,t1.appraise_img,t1.appraise,t1.appraise_img,t2.user_name,t2.head_url FROM m_order t1,m_users t2 WHERE ( t1.goods_id=220 and t1.user_id=t2.user_id and t1.status=3 ) ORDER BY t1.updated desc LIMIT 0,4   [ RunTime:0.0002s ]
SQL: SELECT * FROM `m_sellection` WHERE ( goods_id=220 and user_id=80 ) LIMIT 1   [ RunTime:0.0001s ]
SQL: SELECT COUNT(*) AS tp_count FROM `m_sellection` WHERE ( user_id=80 ) LIMIT 1   [ RunTime:0.0001s ]
INFO: [ view_parse ] --START--
INFO: [ template_filter ] --START--
INFO: Run Behavior\ContentReplaceBehavior [ RunTime:0.000117s ]
INFO: [ template_filter ] --END-- [ RunTime:0.000150s ]
INFO: Run Behavior\ParseTemplateBehavior [ RunTime:0.010859s ]
INFO: [ view_parse ] --END-- [ RunTime:0.010890s ]
INFO: [ view_filter ] --START--
INFO: Run Behavior\WriteHtmlCacheBehavior [ RunTime:0.000102s ]
INFO: Run Behavior\TokenBuildBehavior [ RunTime:0.000158s ]
INFO: [ view_filter ] --END-- [ RunTime:0.000304s ]
INFO: [ app_end ] --START--
INFO: Run Behavior\ShowPageTraceBehavior [ RunTime:0.000324s ]
INFO: [ app_end ] --END-- [ RunTime:0.000363s ]

[ 2016-08-13T22:43:50+08:00 ] 183.214.135.103 /Home/Goods/pinglun/goods_id/220.html
INFO: [ app_init ] --START--
INFO: Run Behavior\BuildLiteBehavior [ RunTime:0.000011s ]
INFO: [ app_init ] --END-- [ RunTime:0.000210s ]
INFO: [ app_begin ] --START--
INFO: Run Behavior\ReadHtmlCacheBehavior [ RunTime:0.000263s ]
INFO: [ app_begin ] --END-- [ RunTime:0.000294s ]
SQL: SHOW COLUMNS FROM `m_admin_infor` [ RunTime:0.0004s ]
SQL: SELECT * FROM `m_admin_infor` WHERE ( id=1 ) LIMIT 1   [ RunTime:0.0002s ]
SQL: SELECT `goods_id`,`goods_name`,`yuan_price`,`price`,`goods_img` FROM `m_goods` WHERE ( goods_id=220 ) LIMIT 1   [ RunTime:0.0001s ]
SQL: SELECT COUNT(*) AS tp_count FROM `m_order` WHERE ( goods_id=220 and status=3 ) LIMIT 1   [ RunTime:0.0001s ]
SQL: SHOW COLUMNS FROM `m_order` [ RunTime:0.0006s ]
SQL: SELECT t1.updated,t1.score,t1.appraise_img,t1.appraise,t1.appraise_img,t2.user_name,t2.head_url FROM m_order t1,m_users t2 WHERE ( t1.goods_id=220 and t1.user_id=t2.user_id and t1.status=3 ) ORDER BY t1.updated desc LIMIT 0,4   [ RunTime:0.0003s ]

[ 2016-08-13T22:43:56+08:00 ] 183.214.135.103 /Home/Order/get_new_order
INFO: [ app_init ] --START--
INFO: Run Behavior\BuildLiteBehavior [ RunTime:0.000010s ]
INFO: [ app_init ] --END-- [ RunTime:0.000208s ]
INFO: [ app_begin ] --START--
INFO: Run Behavior\ReadHtmlCacheBehavior [ RunTime:0.000272s ]
INFO: [ app_begin ] --END-- [ RunTime:0.000301s ]
SQL: SHOW COLUMNS FROM `m_admin_infor` [ RunTime:0.0004s ]
SQL: SELECT * FROM `m_admin_infor` WHERE ( id=1 ) LIMIT 1   [ RunTime:0.0002s ]
SQL: SELECT `goods_id`,`goods_name`,`yuan_price`,`price`,`goods_img` FROM `m_goods` WHERE ( goods_id=220 ) LIMIT 1   [ RunTime:0.0001s ]
SQL: SELECT `order_id`,`user_id`,`created`,`order_address` FROM `m_order` WHERE ( order_id>126 ) ORDER BY order_id desc LIMIT 6   [ RunTime:0.0002s ]
SQL: SELECT `user_name`,`address`,`head_url` FROM `m_users` WHERE ( user_id=80 ) LIMIT 1   [ RunTime:0.0001s ]

[ 2016-08-13T22:44:01+08:00 ] 183.214.135.103 /Home/Order/get_new_order
INFO: [ app_init ] --START--
INFO: Run Behavior\BuildLiteBehavior [ RunTime:0.000011s ]
INFO: [ app_init ] --END-- [ RunTime:0.000208s ]
INFO: [ app_begin ] --START--
INFO: Run Behavior\ReadHtmlCacheBehavior [ RunTime:0.000260s ]
INFO: [ app_begin ] --END-- [ RunTime:0.000290s ]
SQL: SHOW COLUMNS FROM `m_admin_infor` [ RunTime:0.0004s ]
SQL: SELECT * FROM `m_admin_infor` WHERE ( id=1 ) LIMIT 1   [ RunTime:0.0002s ]
SQL: SELECT `goods_id`,`goods_name`,`yuan_price`,`price`,`goods_img` FROM `m_goods` WHERE ( goods_id=220 ) LIMIT 1   [ RunTime:0.0001s ]
SQL: SELECT `user_name`,`address`,`head_url` FROM `m_users` WHERE ( user_id=80 ) LIMIT 1   [ RunTime:0.0001s ]

[ 2016-08-13T22:44:11+08:00 ] 183.214.135.103 /Home/Order/get_new_order
INFO: [ app_init ] --START--
INFO: Run Behavior\BuildLiteBehavior [ RunTime:0.000016s ]
INFO: [ app_init ] --END-- [ RunTime:0.000322s ]
INFO: [ app_begin ] --START--
INFO: Run Behavior\ReadHtmlCacheBehavior [ RunTime:0.000430s ]
INFO: [ app_begin ] --END-- [ RunTime:0.000478s ]
SQL: SHOW COLUMNS FROM `m_admin_infor` [ RunTime:0.0006s ]
SQL: SELECT * FROM `m_admin_infor` WHERE ( id=1 ) LIMIT 1   [ RunTime:0.0002s ]
SQL: SELECT `goods_id`,`goods_name`,`yuan_price`,`price`,`goods_img` FROM `m_goods` WHERE ( goods_id=220 ) LIMIT 1   [ RunTime:0.0002s ]
SQL: SELECT `user_name`,`address`,`head_url` FROM `m_users` WHERE ( user_id=80 ) LIMIT 1   [ RunTime:0.0002s ]

[ 2016-08-13T22:44:21+08:00 ] 183.214.135.103 /Home/Order/get_new_order
INFO: [ app_init ] --START--
INFO: Run Behavior\BuildLiteBehavior [ RunTime:0.000012s ]
INFO: [ app_init ] --END-- [ RunTime:0.000222s ]
INFO: [ app_begin ] --START--
INFO: Run Behavior\ReadHtmlCacheBehavior [ RunTime:0.000278s ]
INFO: [ app_begin ] --END-- [ RunTime:0.000310s ]
SQL: SHOW COLUMNS FROM `m_admin_infor` [ RunTime:0.0004s ]
SQL: SELECT * FROM `m_admin_infor` WHERE ( id=1 ) LIMIT 1   [ RunTime:0.0002s ]
SQL: SELECT `goods_id`,`goods_name`,`yuan_price`,`price`,`goods_img` FROM `m_goods` WHERE ( goods_id=220 ) LIMIT 1   [ RunTime:0.0001s ]
SQL: SELECT `user_name`,`address`,`head_url` FROM `m_users` WHERE ( user_id=80 ) LIMIT 1   [ RunTime:0.0001s ]

[ 2016-08-13T22:44:31+08:00 ] 183.214.135.103 /Home/Order/get_new_order
INFO: [ app_init ] --START--
INFO: Run Behavior\BuildLiteBehavior [ RunTime:0.000012s ]
INFO: [ app_init ] --END-- [ RunTime:0.000218s ]
INFO: [ app_begin ] --START--
INFO: Run Behavior\ReadHtmlCacheBehavior [ RunTime:0.000283s ]
INFO: [ app_begin ] --END-- [ RunTime:0.000314s ]
SQL: SHOW COLUMNS FROM `m_admin_infor` [ RunTime:0.0004s ]
SQL: SELECT * FROM `m_admin_infor` WHERE ( id=1 ) LIMIT 1   [ RunTime:0.0002s ]
SQL: SELECT `goods_id`,`goods_name`,`yuan_price`,`price`,`goods_img` FROM `m_goods` WHERE ( goods_id=220 ) LIMIT 1   [ RunTime:0.0001s ]
SQL: SELECT `user_name`,`address`,`head_url` FROM `m_users` WHERE ( user_id=80 ) LIMIT 1   [ RunTime:0.0001s ]

[ 2016-08-13T22:44:41+08:00 ] 183.214.135.103 /Home/Order/get_new_order
INFO: [ app_init ] --START--
INFO: Run Behavior\BuildLiteBehavior [ RunTime:0.000012s ]
INFO: [ app_init ] --END-- [ RunTime:0.000211s ]
INFO: [ app_begin ] --START--
INFO: Run Behavior\ReadHtmlCacheBehavior [ RunTime:0.000272s ]
INFO: [ app_begin ] --END-- [ RunTime:0.000302s ]
SQL: SHOW COLUMNS FROM `m_admin_infor` [ RunTime:0.0006s ]
SQL: SELECT * FROM `m_admin_infor` WHERE ( id=1 ) LIMIT 1   [ RunTime:0.0002s ]
SQL: SELECT `goods_id`,`goods_name`,`yuan_price`,`price`,`goods_img` FROM `m_goods` WHERE ( goods_id=220 ) LIMIT 1   [ RunTime:0.0002s ]
SQL: SELECT `order_id`,`user_id`,`created`,`order_address` FROM `m_order` WHERE ( order_id>131 ) ORDER BY order_id desc LIMIT 6   [ RunTime:0.0001s ]
NOTIC: [8] Undefined offset: 0 /alidata/www/jiangzipinpin/Application/Home/Controller/OrderController.class.php 第 501 行.

[ 2016-08-13T22:44:51+08:00 ] 183.214.135.103 /Home/Order/get_new_order
INFO: [ app_init ] --START--
INFO: Run Behavior\BuildLiteBehavior [ RunTime:0.000012s ]
INFO: [ app_init ] --END-- [ RunTime:0.000231s ]
INFO: [ app_begin ] --START--
INFO: Run Behavior\ReadHtmlCacheBehavior [ RunTime:0.000337s ]
INFO: [ app_begin ] --END-- [ RunTime:0.000367s ]
SQL: SHOW COLUMNS FROM `m_admin_infor` [ RunTime:0.0005s ]
SQL: SELECT * FROM `m_admin_infor` WHERE ( id=1 ) LIMIT 1   [ RunTime:0.0002s ]
SQL: SELECT `goods_id`,`goods_name`,`yuan_price`,`price`,`goods_img` FROM `m_goods` WHERE ( goods_id=220 ) LIMIT 1   [ RunTime:0.0001s ]
SQL: SELECT `order_id`,`user_id`,`created`,`order_address` FROM `m_order` WHERE ( order_id>131 ) ORDER BY order_id desc LIMIT 6   [ RunTime:0.0002s ]
NOTIC: [8] Undefined offset: 0 /alidata/www/jiangzipinpin/Application/Home/Controller/OrderController.class.php 第 501 行.

[ 2016-08-13T22:45:01+08:00 ] 183.214.135.103 /Home/Order/get_new_order
INFO: [ app_init ] --START--
INFO: Run Behavior\BuildLiteBehavior [ RunTime:0.000010s ]
INFO: [ app_init ] --END-- [ RunTime:0.000204s ]
INFO: [ app_begin ] --START--
INFO: Run Behavior\ReadHtmlCacheBehavior [ RunTime:0.000323s ]
INFO: [ app_begin ] --END-- [ RunTime:0.000353s ]
SQL: SHOW COLUMNS FROM `m_admin_infor` [ RunTime:0.0004s ]
SQL: SELECT * FROM `m_admin_infor` WHERE ( id=1 ) LIMIT 1   [ RunTime:0.0002s ]
SQL: SELECT `goods_id`,`goods_name`,`yuan_price`,`price`,`goods_img` FROM `m_goods` WHERE ( goods_id=220 ) LIMIT 1   [ RunTime:0.0001s ]
SQL: SELECT `order_id`,`user_id`,`created`,`order_address` FROM `m_order` WHERE ( order_id>131 ) ORDER BY order_id desc LIMIT 6   [ RunTime:0.0001s ]
NOTIC: [8] Undefined offset: 0 /alidata/www/jiangzipinpin/Application/Home/Controller/OrderController.class.php 第 501 行.

[ 2016-08-13T22:45:11+08:00 ] 183.214.135.103 /Home/Order/get_new_order
INFO: [ app_init ] --START--
INFO: Run Behavior\BuildLiteBehavior [ RunTime:0.000014s ]
INFO: [ app_init ] --END-- [ RunTime:0.000281s ]
INFO: [ app_begin ] --START--
INFO: Run Behavior\ReadHtmlCacheBehavior [ RunTime:0.000458s ]
INFO: [ app_begin ] --END-- [ RunTime:0.000498s ]
SQL: SHOW COLUMNS FROM `m_admin_infor` [ RunTime:0.0004s ]
SQL: SELECT * FROM `m_admin_infor` WHERE ( id=1 ) LIMIT 1   [ RunTime:0.0002s ]
SQL: SELECT `goods_id`,`goods_name`,`yuan_price`,`price`,`goods_img` FROM `m_goods` WHERE ( goods_id=220 ) LIMIT 1   [ RunTime:0.0001s ]
SQL: SELECT `order_id`,`user_id`,`created`,`order_address` FROM `m_order` WHERE ( order_id>131 ) ORDER BY order_id desc LIMIT 6   [ RunTime:0.0001s ]
NOTIC: [8] Undefined offset: 0 /alidata/www/jiangzipinpin/Application/Home/Controller/OrderController.class.php 第 501 行.

[ 2016-08-13T22:45:53+08:00 ] 183.214.135.103 /Home/Order/get_new_order
INFO: [ app_init ] --START--
INFO: Run Behavior\BuildLiteBehavior [ RunTime:0.000011s ]
INFO: [ app_init ] --END-- [ RunTime:0.000207s ]
INFO: [ app_begin ] --START--
INFO: Run Behavior\ReadHtmlCacheBehavior [ RunTime:0.000291s ]
INFO: [ app_begin ] --END-- [ RunTime:0.000322s ]
SQL: SHOW COLUMNS FROM `m_admin_infor` [ RunTime:0.0005s ]
SQL: SELECT * FROM `m_admin_infor` WHERE ( id=1 ) LIMIT 1   [ RunTime:0.0002s ]
SQL: SELECT `goods_id`,`goods_name`,`yuan_price`,`price`,`goods_img` FROM `m_goods` WHERE ( goods_id=220 ) LIMIT 1   [ RunTime:0.0001s ]
SQL: SELECT `order_id`,`user_id`,`created`,`order_address` FROM `m_order` WHERE ( order_id>131 ) ORDER BY order_id desc LIMIT 6   [ RunTime:0.0001s ]
NOTIC: [8] Undefined offset: 0 /alidata/www/jiangzipinpin/Application/Home/Controller/OrderController.class.php 第 501 行.

[ 2016-08-13T22:47:25+08:00 ] 183.214.135.103 /Home/Order/get_new_order
INFO: [ app_init ] --START--
INFO: Run Behavior\BuildLiteBehavior [ RunTime:0.000013s ]
INFO: [ app_init ] --END-- [ RunTime:0.000240s ]
INFO: [ app_begin ] --START--
INFO: Run Behavior\ReadHtmlCacheBehavior [ RunTime:0.000276s ]
INFO: [ app_begin ] --END-- [ RunTime:0.000307s ]
SQL: SHOW COLUMNS FROM `m_admin_infor` [ RunTime:0.0004s ]
SQL: SELECT * FROM `m_admin_infor` WHERE ( id=1 ) LIMIT 1   [ RunTime:0.0002s ]
SQL: SELECT `goods_id`,`goods_name`,`yuan_price`,`price`,`goods_img` FROM `m_goods` WHERE ( goods_id=220 ) LIMIT 1   [ RunTime:0.0001s ]
SQL: SELECT `order_id`,`user_id`,`created`,`order_address` FROM `m_order` WHERE ( order_id>131 ) ORDER BY order_id desc LIMIT 6   [ RunTime:0.0001s ]
NOTIC: [8] Undefined offset: 0 /alidata/www/jiangzipinpin/Application/Home/Controller/OrderController.class.php 第 501 行.

