[ 2016-07-18T22:08:10+08:00 ] 127.0.0.1 /Home/Goods/zhifu/order_id/14.html.html
INFO: [ app_init ] --START--
INFO: Run Behavior\BuildLiteBehavior [ RunTime:0.000027s ]
INFO: [ app_init ] --END-- [ RunTime:0.000643s ]
INFO: [ app_begin ] --START--
INFO: Run Behavior\ReadHtmlCacheBehavior [ RunTime:0.000951s ]
INFO: [ app_begin ] --END-- [ RunTime:0.001046s ]
NOTIC: [2] file_get_contents(): Unable to find the wrapper &quot;https&quot; - did you forget to enable it when you configured PHP? E:\wamp\www\myguopin\Application\Home\Controller\FontEndController.class.php 第 144 行.
NOTIC: [2] file_get_contents(https://api.weixin.qq.com/cgi-bin/token?grant_type=client_credential&amp;appid=wx6231a8932405bdaf&amp;secret=05406ab511f4d9bd46ac09982065b102): failed to open stream: No such file or directory E:\wamp\www\myguopin\Application\Home\Controller\FontEndController.class.php 第 144 行.
NOTIC: [2] unlink(../Application/Runtime/Temp/d86c828583c5c6160e8acfee88ba1590.php): No such file or directory E:\wamp\www\myguopin\ThinkPHP\Library\Think\Cache\Driver\File.class.php 第 157 行.
NOTIC: [2] file_get_contents(): Unable to find the wrapper &quot;https&quot; - did you forget to enable it when you configured PHP? E:\wamp\www\myguopin\Application\Home\Controller\FontEndController.class.php 第 152 行.
NOTIC: [2] file_get_contents(https://api.weixin.qq.com/cgi-bin/ticket/getticket?access_token=&amp;type=jsapi): failed to open stream: No such file or directory E:\wamp\www\myguopin\Application\Home\Controller\FontEndController.class.php 第 152 行.
NOTIC: [2] unlink(../Application/Runtime/Temp/e344c187b5ce3b018775638c2dc0c114.php): No such file or directory E:\wamp\www\myguopin\ThinkPHP\Library\Think\Cache\Driver\File.class.php 第 157 行.
NOTIC: [2] file_get_contents(): Unable to find the wrapper &quot;https&quot; - did you forget to enable it when you configured PHP? E:\wamp\www\myguopin\Application\Home\Controller\FontEndController.class.php 第 144 行.
NOTIC: [2] file_get_contents(https://api.weixin.qq.com/cgi-bin/token?grant_type=client_credential&amp;appid=wx6231a8932405bdaf&amp;secret=05406ab511f4d9bd46ac09982065b102): failed to open stream: No such file or directory E:\wamp\www\myguopin\Application\Home\Controller\FontEndController.class.php 第 144 行.
NOTIC: [2] unlink(../Application/Runtime/Temp/d86c828583c5c6160e8acfee88ba1590.php): No such file or directory E:\wamp\www\myguopin\ThinkPHP\Library\Think\Cache\Driver\File.class.php 第 157 行.
NOTIC: [2] file_get_contents(): Unable to find the wrapper &quot;https&quot; - did you forget to enable it when you configured PHP? E:\wamp\www\myguopin\Application\Home\Controller\FontEndController.class.php 第 152 行.
NOTIC: [2] file_get_contents(https://api.weixin.qq.com/cgi-bin/ticket/getticket?access_token=&amp;type=jsapi): failed to open stream: No such file or directory E:\wamp\www\myguopin\Application\Home\Controller\FontEndController.class.php 第 152 行.
NOTIC: [2] unlink(../Application/Runtime/Temp/e344c187b5ce3b018775638c2dc0c114.php): No such file or directory E:\wamp\www\myguopin\ThinkPHP\Library\Think\Cache\Driver\File.class.php 第 157 行.
NOTIC: [8] Use of undefined constant HTTP_HOST - assumed 'HTTP_HOST' E:\wamp\www\myguopin\Application\Home\Controller\FontEndController.class.php 第 160 行.
NOTIC: [8] Use of undefined constant REQUEST_URI - assumed 'REQUEST_URI' E:\wamp\www\myguopin\Application\Home\Controller\FontEndController.class.php 第 160 行.
SQL: SHOW COLUMNS FROM `m_admin_infor` [ RunTime:0.0097s ]
SQL: SELECT * FROM `m_admin_infor` WHERE ( id=1 ) LIMIT 1   [ RunTime:0.0004s ]
SQL: SELECT `goods_id`,`goods_name`,`yuan_price`,`price`,`goods_img` FROM `m_goods` WHERE ( goods_id=214 ) LIMIT 1   [ RunTime:0.0003s ]
SQL: SELECT `goods_id`,`goods_name`,`yuan_price`,`price`,`goods_img` FROM `m_goods` WHERE ( goods_id=213 ) LIMIT 1   [ RunTime:0.0003s ]
SQL: SELECT * FROM `m_order` WHERE ( order_id='14.html' ) LIMIT 1   [ RunTime:0.0004s ]
INFO: [ view_parse ] --START--
INFO: [ template_filter ] --START--
INFO: Run Behavior\ContentReplaceBehavior [ RunTime:0.000126s ]
INFO: [ template_filter ] --END-- [ RunTime:0.000247s ]
INFO: Run Behavior\ParseTemplateBehavior [ RunTime:0.012514s ]
INFO: [ view_parse ] --END-- [ RunTime:0.012616s ]
INFO: [ view_filter ] --START--
INFO: Run Behavior\WriteHtmlCacheBehavior [ RunTime:0.000628s ]
INFO: Run Behavior\TokenBuildBehavior [ RunTime:0.000722s ]
INFO: [ view_filter ] --END-- [ RunTime:0.001476s ]
INFO: [ app_end ] --START--
INFO: Run Behavior\ShowPageTraceBehavior [ RunTime:0.000885s ]
INFO: [ app_end ] --END-- [ RunTime:0.000966s ]

[ 2016-07-18T22:08:33+08:00 ] 127.0.0.1 /Home/Goods/alipay.html
INFO: [ app_init ] --START--
INFO: Run Behavior\BuildLiteBehavior [ RunTime:0.000034s ]
INFO: [ app_init ] --END-- [ RunTime:0.001512s ]
INFO: [ app_begin ] --START--
INFO: Run Behavior\ReadHtmlCacheBehavior [ RunTime:0.001013s ]
INFO: [ app_begin ] --END-- [ RunTime:0.001134s ]
NOTIC: [2] file_get_contents(): Unable to find the wrapper &quot;https&quot; - did you forget to enable it when you configured PHP? E:\wamp\www\myguopin\Application\Home\Controller\FontEndController.class.php 第 144 行.
NOTIC: [2] file_get_contents(https://api.weixin.qq.com/cgi-bin/token?grant_type=client_credential&amp;appid=wx6231a8932405bdaf&amp;secret=05406ab511f4d9bd46ac09982065b102): failed to open stream: No such file or directory E:\wamp\www\myguopin\Application\Home\Controller\FontEndController.class.php 第 144 行.
NOTIC: [2] unlink(../Application/Runtime/Temp/d86c828583c5c6160e8acfee88ba1590.php): No such file or directory E:\wamp\www\myguopin\ThinkPHP\Library\Think\Cache\Driver\File.class.php 第 157 行.
NOTIC: [2] file_get_contents(): Unable to find the wrapper &quot;https&quot; - did you forget to enable it when you configured PHP? E:\wamp\www\myguopin\Application\Home\Controller\FontEndController.class.php 第 152 行.
NOTIC: [2] file_get_contents(https://api.weixin.qq.com/cgi-bin/ticket/getticket?access_token=&amp;type=jsapi): failed to open stream: No such file or directory E:\wamp\www\myguopin\Application\Home\Controller\FontEndController.class.php 第 152 行.
NOTIC: [2] unlink(../Application/Runtime/Temp/e344c187b5ce3b018775638c2dc0c114.php): No such file or directory E:\wamp\www\myguopin\ThinkPHP\Library\Think\Cache\Driver\File.class.php 第 157 行.
NOTIC: [2] file_get_contents(): Unable to find the wrapper &quot;https&quot; - did you forget to enable it when you configured PHP? E:\wamp\www\myguopin\Application\Home\Controller\FontEndController.class.php 第 144 行.
NOTIC: [2] file_get_contents(https://api.weixin.qq.com/cgi-bin/token?grant_type=client_credential&amp;appid=wx6231a8932405bdaf&amp;secret=05406ab511f4d9bd46ac09982065b102): failed to open stream: No such file or directory E:\wamp\www\myguopin\Application\Home\Controller\FontEndController.class.php 第 144 行.
NOTIC: [2] unlink(../Application/Runtime/Temp/d86c828583c5c6160e8acfee88ba1590.php): No such file or directory E:\wamp\www\myguopin\ThinkPHP\Library\Think\Cache\Driver\File.class.php 第 157 行.
NOTIC: [2] file_get_contents(): Unable to find the wrapper &quot;https&quot; - did you forget to enable it when you configured PHP? E:\wamp\www\myguopin\Application\Home\Controller\FontEndController.class.php 第 152 行.
NOTIC: [2] file_get_contents(https://api.weixin.qq.com/cgi-bin/ticket/getticket?access_token=&amp;type=jsapi): failed to open stream: No such file or directory E:\wamp\www\myguopin\Application\Home\Controller\FontEndController.class.php 第 152 行.
NOTIC: [2] unlink(../Application/Runtime/Temp/e344c187b5ce3b018775638c2dc0c114.php): No such file or directory E:\wamp\www\myguopin\ThinkPHP\Library\Think\Cache\Driver\File.class.php 第 157 行.
NOTIC: [8] Use of undefined constant HTTP_HOST - assumed 'HTTP_HOST' E:\wamp\www\myguopin\Application\Home\Controller\FontEndController.class.php 第 160 行.
NOTIC: [8] Use of undefined constant REQUEST_URI - assumed 'REQUEST_URI' E:\wamp\www\myguopin\Application\Home\Controller\FontEndController.class.php 第 160 行.
SQL: SHOW COLUMNS FROM `m_admin_infor` [ RunTime:0.0061s ]
SQL: SELECT * FROM `m_admin_infor` WHERE ( id=1 ) LIMIT 1   [ RunTime:0.0004s ]
SQL: SELECT `goods_id`,`goods_name`,`yuan_price`,`price`,`goods_img` FROM `m_goods` WHERE ( goods_id=214 ) LIMIT 1   [ RunTime:0.0010s ]
SQL: SELECT `goods_id`,`goods_name`,`yuan_price`,`price`,`goods_img` FROM `m_goods` WHERE ( goods_id=213 ) LIMIT 1   [ RunTime:0.0007s ]
SQL: SELECT * FROM `m_order` WHERE ( order_id=14 and deleted=0  ) LIMIT 1   [ RunTime:0.0004s ]
NOTIC: [8] Undefined variable: url1 E:\wamp\www\myguopin\ThinkPHP\Library\Vendor\wxp\native.php 第 53 行.
NOTIC: [8] Undefined index: code_url E:\wamp\www\myguopin\Application\Home\Controller\GoodsController.class.php 第 339 行.
INFO: [ view_parse ] --START--
INFO: [ template_filter ] --START--
INFO: Run Behavior\ContentReplaceBehavior [ RunTime:0.000150s ]
INFO: [ template_filter ] --END-- [ RunTime:0.000248s ]
INFO: Run Behavior\ParseTemplateBehavior [ RunTime:0.016359s ]
INFO: [ view_parse ] --END-- [ RunTime:0.016467s ]
INFO: [ view_filter ] --START--
INFO: Run Behavior\WriteHtmlCacheBehavior [ RunTime:0.000815s ]
INFO: Run Behavior\TokenBuildBehavior [ RunTime:0.001785s ]
INFO: [ view_filter ] --END-- [ RunTime:0.002795s ]
INFO: [ app_end ] --START--
INFO: Run Behavior\ShowPageTraceBehavior [ RunTime:0.001045s ]
INFO: [ app_end ] --END-- [ RunTime:0.001139s ]

[ 2016-07-18T22:08:33+08:00 ] 127.0.0.1 /Home/Buy/getQRPHP.html?data=
INFO: [ app_init ] --START--
INFO: Run Behavior\BuildLiteBehavior [ RunTime:0.000026s ]
INFO: [ app_init ] --END-- [ RunTime:0.000580s ]
INFO: [ app_begin ] --START--
INFO: Run Behavior\ReadHtmlCacheBehavior [ RunTime:0.000896s ]
INFO: [ app_begin ] --END-- [ RunTime:0.001004s ]
NOTIC: [2] file_get_contents(): Unable to find the wrapper &quot;https&quot; - did you forget to enable it when you configured PHP? E:\wamp\www\myguopin\Application\Home\Controller\FontEndController.class.php 第 144 行.
NOTIC: [2] file_get_contents(https://api.weixin.qq.com/cgi-bin/token?grant_type=client_credential&amp;appid=wx6231a8932405bdaf&amp;secret=05406ab511f4d9bd46ac09982065b102): failed to open stream: No such file or directory E:\wamp\www\myguopin\Application\Home\Controller\FontEndController.class.php 第 144 行.
NOTIC: [2] unlink(../Application/Runtime/Temp/d86c828583c5c6160e8acfee88ba1590.php): No such file or directory E:\wamp\www\myguopin\ThinkPHP\Library\Think\Cache\Driver\File.class.php 第 157 行.
NOTIC: [2] file_get_contents(): Unable to find the wrapper &quot;https&quot; - did you forget to enable it when you configured PHP? E:\wamp\www\myguopin\Application\Home\Controller\FontEndController.class.php 第 152 行.
NOTIC: [2] file_get_contents(https://api.weixin.qq.com/cgi-bin/ticket/getticket?access_token=&amp;type=jsapi): failed to open stream: No such file or directory E:\wamp\www\myguopin\Application\Home\Controller\FontEndController.class.php 第 152 行.
NOTIC: [2] unlink(../Application/Runtime/Temp/e344c187b5ce3b018775638c2dc0c114.php): No such file or directory E:\wamp\www\myguopin\ThinkPHP\Library\Think\Cache\Driver\File.class.php 第 157 行.
NOTIC: [2] file_get_contents(): Unable to find the wrapper &quot;https&quot; - did you forget to enable it when you configured PHP? E:\wamp\www\myguopin\Application\Home\Controller\FontEndController.class.php 第 144 行.
NOTIC: [2] file_get_contents(https://api.weixin.qq.com/cgi-bin/token?grant_type=client_credential&amp;appid=wx6231a8932405bdaf&amp;secret=05406ab511f4d9bd46ac09982065b102): failed to open stream: No such file or directory E:\wamp\www\myguopin\Application\Home\Controller\FontEndController.class.php 第 144 行.
NOTIC: [2] unlink(../Application/Runtime/Temp/d86c828583c5c6160e8acfee88ba1590.php): No such file or directory E:\wamp\www\myguopin\ThinkPHP\Library\Think\Cache\Driver\File.class.php 第 157 行.
NOTIC: [2] file_get_contents(): Unable to find the wrapper &quot;https&quot; - did you forget to enable it when you configured PHP? E:\wamp\www\myguopin\Application\Home\Controller\FontEndController.class.php 第 152 行.
NOTIC: [2] file_get_contents(https://api.weixin.qq.com/cgi-bin/ticket/getticket?access_token=&amp;type=jsapi): failed to open stream: No such file or directory E:\wamp\www\myguopin\Application\Home\Controller\FontEndController.class.php 第 152 行.
NOTIC: [2] unlink(../Application/Runtime/Temp/e344c187b5ce3b018775638c2dc0c114.php): No such file or directory E:\wamp\www\myguopin\ThinkPHP\Library\Think\Cache\Driver\File.class.php 第 157 行.
NOTIC: [8] Use of undefined constant HTTP_HOST - assumed 'HTTP_HOST' E:\wamp\www\myguopin\Application\Home\Controller\FontEndController.class.php 第 160 行.
NOTIC: [8] Use of undefined constant REQUEST_URI - assumed 'REQUEST_URI' E:\wamp\www\myguopin\Application\Home\Controller\FontEndController.class.php 第 160 行.
SQL: SHOW COLUMNS FROM `m_admin_infor` [ RunTime:0.0060s ]
SQL: SELECT * FROM `m_admin_infor` WHERE ( id=1 ) LIMIT 1   [ RunTime:0.0005s ]
SQL: SELECT `goods_id`,`goods_name`,`yuan_price`,`price`,`goods_img` FROM `m_goods` WHERE ( goods_id=214 ) LIMIT 1   [ RunTime:0.0004s ]
SQL: SELECT `goods_id`,`goods_name`,`yuan_price`,`price`,`goods_img` FROM `m_goods` WHERE ( goods_id=213 ) LIMIT 1   [ RunTime:0.0005s ]
INFO: [ app_end ] --START--
INFO: Run Behavior\ShowPageTraceBehavior [ RunTime:0.001875s ]
INFO: [ app_end ] --END-- [ RunTime:0.002061s ]

[ 2016-07-18T22:08:33+08:00 ] 127.0.0.1 /Home/index/menu.html
INFO: [ app_init ] --START--
INFO: Run Behavior\BuildLiteBehavior [ RunTime:0.000048s ]
INFO: [ app_init ] --END-- [ RunTime:0.005372s ]
INFO: [ app_begin ] --START--
INFO: Run Behavior\ReadHtmlCacheBehavior [ RunTime:0.003526s ]
INFO: [ app_begin ] --END-- [ RunTime:0.003715s ]
NOTIC: [2] file_get_contents(): Unable to find the wrapper &quot;https&quot; - did you forget to enable it when you configured PHP? E:\wamp\www\myguopin\Application\Home\Controller\FontEndController.class.php 第 144 行.
NOTIC: [2] file_get_contents(https://api.weixin.qq.com/cgi-bin/token?grant_type=client_credential&amp;appid=wx6231a8932405bdaf&amp;secret=05406ab511f4d9bd46ac09982065b102): failed to open stream: No such file or directory E:\wamp\www\myguopin\Application\Home\Controller\FontEndController.class.php 第 144 行.
NOTIC: [2] unlink(../Application/Runtime/Temp/d86c828583c5c6160e8acfee88ba1590.php): No such file or directory E:\wamp\www\myguopin\ThinkPHP\Library\Think\Cache\Driver\File.class.php 第 157 行.
NOTIC: [2] file_get_contents(): Unable to find the wrapper &quot;https&quot; - did you forget to enable it when you configured PHP? E:\wamp\www\myguopin\Application\Home\Controller\FontEndController.class.php 第 152 行.
NOTIC: [2] file_get_contents(https://api.weixin.qq.com/cgi-bin/ticket/getticket?access_token=&amp;type=jsapi): failed to open stream: No such file or directory E:\wamp\www\myguopin\Application\Home\Controller\FontEndController.class.php 第 152 行.
NOTIC: [2] unlink(../Application/Runtime/Temp/e344c187b5ce3b018775638c2dc0c114.php): No such file or directory E:\wamp\www\myguopin\ThinkPHP\Library\Think\Cache\Driver\File.class.php 第 157 行.
NOTIC: [2] file_get_contents(): Unable to find the wrapper &quot;https&quot; - did you forget to enable it when you configured PHP? E:\wamp\www\myguopin\Application\Home\Controller\FontEndController.class.php 第 144 行.
NOTIC: [2] file_get_contents(https://api.weixin.qq.com/cgi-bin/token?grant_type=client_credential&amp;appid=wx6231a8932405bdaf&amp;secret=05406ab511f4d9bd46ac09982065b102): failed to open stream: No such file or directory E:\wamp\www\myguopin\Application\Home\Controller\FontEndController.class.php 第 144 行.
NOTIC: [2] unlink(../Application/Runtime/Temp/d86c828583c5c6160e8acfee88ba1590.php): No such file or directory E:\wamp\www\myguopin\ThinkPHP\Library\Think\Cache\Driver\File.class.php 第 157 行.
NOTIC: [2] file_get_contents(): Unable to find the wrapper &quot;https&quot; - did you forget to enable it when you configured PHP? E:\wamp\www\myguopin\Application\Home\Controller\FontEndController.class.php 第 152 行.
NOTIC: [2] file_get_contents(https://api.weixin.qq.com/cgi-bin/ticket/getticket?access_token=&amp;type=jsapi): failed to open stream: No such file or directory E:\wamp\www\myguopin\Application\Home\Controller\FontEndController.class.php 第 152 行.
NOTIC: [2] unlink(../Application/Runtime/Temp/e344c187b5ce3b018775638c2dc0c114.php): No such file or directory E:\wamp\www\myguopin\ThinkPHP\Library\Think\Cache\Driver\File.class.php 第 157 行.
NOTIC: [8] Use of undefined constant HTTP_HOST - assumed 'HTTP_HOST' E:\wamp\www\myguopin\Application\Home\Controller\FontEndController.class.php 第 160 行.
NOTIC: [8] Use of undefined constant REQUEST_URI - assumed 'REQUEST_URI' E:\wamp\www\myguopin\Application\Home\Controller\FontEndController.class.php 第 160 行.
SQL: SHOW COLUMNS FROM `m_admin_infor` [ RunTime:0.0066s ]
SQL: SELECT * FROM `m_admin_infor` WHERE ( id=1 ) LIMIT 1   [ RunTime:0.0005s ]
SQL: SELECT `goods_id`,`goods_name`,`yuan_price`,`price`,`goods_img` FROM `m_goods` WHERE ( goods_id=214 ) LIMIT 1   [ RunTime:0.0004s ]
SQL: SELECT `goods_id`,`goods_name`,`yuan_price`,`price`,`goods_img` FROM `m_goods` WHERE ( goods_id=213 ) LIMIT 1   [ RunTime:0.0002s ]
INFO: [ view_parse ] --START--
INFO: [ template_filter ] --START--
INFO: Run Behavior\ContentReplaceBehavior [ RunTime:0.000138s ]
INFO: [ template_filter ] --END-- [ RunTime:0.000307s ]
NOTIC: [8] Undefined variable: huiyuanming E:\wamp\www\myguopin\Application\Runtime\Cache\Home\mb9d79d9ebc6acea4973b72e9f79dcb766.php 第 21 行.
NOTIC: [8] Undefined variable: yonghu_url E:\wamp\www\myguopin\Application\Runtime\Cache\Home\mb9d79d9ebc6acea4973b72e9f79dcb766.php 第 22 行.
NOTIC: [8] Undefined variable: tuichu_url E:\wamp\www\myguopin\Application\Runtime\Cache\Home\mb9d79d9ebc6acea4973b72e9f79dcb766.php 第 26 行.
NOTIC: [8] Undefined variable: login_url E:\wamp\www\myguopin\Application\Runtime\Cache\Home\mb9d79d9ebc6acea4973b72e9f79dcb766.php 第 29 行.
NOTIC: [8] Undefined variable: zhuce_url E:\wamp\www\myguopin\Application\Runtime\Cache\Home\mb9d79d9ebc6acea4973b72e9f79dcb766.php 第 33 行.
INFO: Run Behavior\ParseTemplateBehavior [ RunTime:0.011102s ]
INFO: [ view_parse ] --END-- [ RunTime:0.011198s ]
INFO: [ view_filter ] --START--
INFO: Run Behavior\WriteHtmlCacheBehavior [ RunTime:0.000862s ]
INFO: Run Behavior\TokenBuildBehavior [ RunTime:0.001521s ]
INFO: [ view_filter ] --END-- [ RunTime:0.002536s ]
INFO: [ app_end ] --START--
INFO: Run Behavior\ShowPageTraceBehavior [ RunTime:0.001828s ]
INFO: [ app_end ] --END-- [ RunTime:0.001930s ]

[ 2016-07-18T22:08:34+08:00 ] 127.0.0.1 /Home/login/is_login.html
INFO: [ app_init ] --START--
INFO: Run Behavior\BuildLiteBehavior [ RunTime:0.000097s ]
INFO: [ app_init ] --END-- [ RunTime:0.001530s ]
INFO: [ app_begin ] --START--
INFO: Run Behavior\ReadHtmlCacheBehavior [ RunTime:0.001360s ]
INFO: [ app_begin ] --END-- [ RunTime:0.001520s ]
NOTIC: [2] file_get_contents(): Unable to find the wrapper &quot;https&quot; - did you forget to enable it when you configured PHP? E:\wamp\www\myguopin\Application\Home\Controller\FontEndController.class.php 第 144 行.
NOTIC: [2] file_get_contents(https://api.weixin.qq.com/cgi-bin/token?grant_type=client_credential&amp;appid=wx6231a8932405bdaf&amp;secret=05406ab511f4d9bd46ac09982065b102): failed to open stream: No such file or directory E:\wamp\www\myguopin\Application\Home\Controller\FontEndController.class.php 第 144 行.
NOTIC: [2] unlink(../Application/Runtime/Temp/d86c828583c5c6160e8acfee88ba1590.php): No such file or directory E:\wamp\www\myguopin\ThinkPHP\Library\Think\Cache\Driver\File.class.php 第 157 行.
NOTIC: [2] file_get_contents(): Unable to find the wrapper &quot;https&quot; - did you forget to enable it when you configured PHP? E:\wamp\www\myguopin\Application\Home\Controller\FontEndController.class.php 第 152 行.
NOTIC: [2] file_get_contents(https://api.weixin.qq.com/cgi-bin/ticket/getticket?access_token=&amp;type=jsapi): failed to open stream: No such file or directory E:\wamp\www\myguopin\Application\Home\Controller\FontEndController.class.php 第 152 行.
NOTIC: [2] unlink(../Application/Runtime/Temp/e344c187b5ce3b018775638c2dc0c114.php): No such file or directory E:\wamp\www\myguopin\ThinkPHP\Library\Think\Cache\Driver\File.class.php 第 157 行.
NOTIC: [2] file_get_contents(): Unable to find the wrapper &quot;https&quot; - did you forget to enable it when you configured PHP? E:\wamp\www\myguopin\Application\Home\Controller\FontEndController.class.php 第 144 行.
NOTIC: [2] file_get_contents(https://api.weixin.qq.com/cgi-bin/token?grant_type=client_credential&amp;appid=wx6231a8932405bdaf&amp;secret=05406ab511f4d9bd46ac09982065b102): failed to open stream: No such file or directory E:\wamp\www\myguopin\Application\Home\Controller\FontEndController.class.php 第 144 行.
NOTIC: [2] unlink(../Application/Runtime/Temp/d86c828583c5c6160e8acfee88ba1590.php): No such file or directory E:\wamp\www\myguopin\ThinkPHP\Library\Think\Cache\Driver\File.class.php 第 157 行.
NOTIC: [2] file_get_contents(): Unable to find the wrapper &quot;https&quot; - did you forget to enable it when you configured PHP? E:\wamp\www\myguopin\Application\Home\Controller\FontEndController.class.php 第 152 行.
NOTIC: [2] file_get_contents(https://api.weixin.qq.com/cgi-bin/ticket/getticket?access_token=&amp;type=jsapi): failed to open stream: No such file or directory E:\wamp\www\myguopin\Application\Home\Controller\FontEndController.class.php 第 152 行.
NOTIC: [2] unlink(../Application/Runtime/Temp/e344c187b5ce3b018775638c2dc0c114.php): No such file or directory E:\wamp\www\myguopin\ThinkPHP\Library\Think\Cache\Driver\File.class.php 第 157 行.
NOTIC: [8] Use of undefined constant HTTP_HOST - assumed 'HTTP_HOST' E:\wamp\www\myguopin\Application\Home\Controller\FontEndController.class.php 第 160 行.
NOTIC: [8] Use of undefined constant REQUEST_URI - assumed 'REQUEST_URI' E:\wamp\www\myguopin\Application\Home\Controller\FontEndController.class.php 第 160 行.
SQL: SHOW COLUMNS FROM `m_admin_infor` [ RunTime:0.0081s ]
SQL: SELECT * FROM `m_admin_infor` WHERE ( id=1 ) LIMIT 1   [ RunTime:0.0008s ]
SQL: SELECT `goods_id`,`goods_name`,`yuan_price`,`price`,`goods_img` FROM `m_goods` WHERE ( goods_id=214 ) LIMIT 1   [ RunTime:0.0004s ]
SQL: SELECT `goods_id`,`goods_name`,`yuan_price`,`price`,`goods_img` FROM `m_goods` WHERE ( goods_id=213 ) LIMIT 1   [ RunTime:0.0003s ]

[ 2016-07-18T22:08:34+08:00 ] 127.0.0.1 /Home/Index/menu.html
INFO: [ app_init ] --START--
INFO: Run Behavior\BuildLiteBehavior [ RunTime:0.000041s ]
INFO: [ app_init ] --END-- [ RunTime:0.000967s ]
INFO: [ app_begin ] --START--
INFO: Run Behavior\ReadHtmlCacheBehavior [ RunTime:0.001648s ]
INFO: [ app_begin ] --END-- [ RunTime:0.001799s ]
NOTIC: [2] file_get_contents(): Unable to find the wrapper &quot;https&quot; - did you forget to enable it when you configured PHP? E:\wamp\www\myguopin\Application\Home\Controller\FontEndController.class.php 第 144 行.
NOTIC: [2] file_get_contents(https://api.weixin.qq.com/cgi-bin/token?grant_type=client_credential&amp;appid=wx6231a8932405bdaf&amp;secret=05406ab511f4d9bd46ac09982065b102): failed to open stream: No such file or directory E:\wamp\www\myguopin\Application\Home\Controller\FontEndController.class.php 第 144 行.
NOTIC: [2] unlink(../Application/Runtime/Temp/d86c828583c5c6160e8acfee88ba1590.php): No such file or directory E:\wamp\www\myguopin\ThinkPHP\Library\Think\Cache\Driver\File.class.php 第 157 行.
NOTIC: [2] file_get_contents(): Unable to find the wrapper &quot;https&quot; - did you forget to enable it when you configured PHP? E:\wamp\www\myguopin\Application\Home\Controller\FontEndController.class.php 第 152 行.
NOTIC: [2] file_get_contents(https://api.weixin.qq.com/cgi-bin/ticket/getticket?access_token=&amp;type=jsapi): failed to open stream: No such file or directory E:\wamp\www\myguopin\Application\Home\Controller\FontEndController.class.php 第 152 行.
NOTIC: [2] unlink(../Application/Runtime/Temp/e344c187b5ce3b018775638c2dc0c114.php): No such file or directory E:\wamp\www\myguopin\ThinkPHP\Library\Think\Cache\Driver\File.class.php 第 157 行.
NOTIC: [2] file_get_contents(): Unable to find the wrapper &quot;https&quot; - did you forget to enable it when you configured PHP? E:\wamp\www\myguopin\Application\Home\Controller\FontEndController.class.php 第 144 行.
NOTIC: [2] file_get_contents(https://api.weixin.qq.com/cgi-bin/token?grant_type=client_credential&amp;appid=wx6231a8932405bdaf&amp;secret=05406ab511f4d9bd46ac09982065b102): failed to open stream: No such file or directory E:\wamp\www\myguopin\Application\Home\Controller\FontEndController.class.php 第 144 行.
NOTIC: [2] unlink(../Application/Runtime/Temp/d86c828583c5c6160e8acfee88ba1590.php): No such file or directory E:\wamp\www\myguopin\ThinkPHP\Library\Think\Cache\Driver\File.class.php 第 157 行.
NOTIC: [2] file_get_contents(): Unable to find the wrapper &quot;https&quot; - did you forget to enable it when you configured PHP? E:\wamp\www\myguopin\Application\Home\Controller\FontEndController.class.php 第 152 行.
NOTIC: [2] file_get_contents(https://api.weixin.qq.com/cgi-bin/ticket/getticket?access_token=&amp;type=jsapi): failed to open stream: No such file or directory E:\wamp\www\myguopin\Application\Home\Controller\FontEndController.class.php 第 152 行.
NOTIC: [2] unlink(../Application/Runtime/Temp/e344c187b5ce3b018775638c2dc0c114.php): No such file or directory E:\wamp\www\myguopin\ThinkPHP\Library\Think\Cache\Driver\File.class.php 第 157 行.
NOTIC: [8] Use of undefined constant HTTP_HOST - assumed 'HTTP_HOST' E:\wamp\www\myguopin\Application\Home\Controller\FontEndController.class.php 第 160 行.
NOTIC: [8] Use of undefined constant REQUEST_URI - assumed 'REQUEST_URI' E:\wamp\www\myguopin\Application\Home\Controller\FontEndController.class.php 第 160 行.
SQL: SHOW COLUMNS FROM `m_admin_infor` [ RunTime:0.0085s ]
SQL: SELECT * FROM `m_admin_infor` WHERE ( id=1 ) LIMIT 1   [ RunTime:0.0004s ]
SQL: SELECT `goods_id`,`goods_name`,`yuan_price`,`price`,`goods_img` FROM `m_goods` WHERE ( goods_id=214 ) LIMIT 1   [ RunTime:0.0004s ]
SQL: SELECT `goods_id`,`goods_name`,`yuan_price`,`price`,`goods_img` FROM `m_goods` WHERE ( goods_id=213 ) LIMIT 1   [ RunTime:0.0004s ]
INFO: [ view_parse ] --START--
INFO: [ template_filter ] --START--
INFO: Run Behavior\ContentReplaceBehavior [ RunTime:0.000090s ]
INFO: [ template_filter ] --END-- [ RunTime:0.000186s ]
NOTIC: [8] Undefined variable: huiyuanming E:\wamp\www\myguopin\Application\Runtime\Cache\Home\mb9d79d9ebc6acea4973b72e9f79dcb766.php 第 21 行.
NOTIC: [8] Undefined variable: yonghu_url E:\wamp\www\myguopin\Application\Runtime\Cache\Home\mb9d79d9ebc6acea4973b72e9f79dcb766.php 第 22 行.
NOTIC: [8] Undefined variable: tuichu_url E:\wamp\www\myguopin\Application\Runtime\Cache\Home\mb9d79d9ebc6acea4973b72e9f79dcb766.php 第 26 行.
NOTIC: [8] Undefined variable: login_url E:\wamp\www\myguopin\Application\Runtime\Cache\Home\mb9d79d9ebc6acea4973b72e9f79dcb766.php 第 29 行.
NOTIC: [8] Undefined variable: zhuce_url E:\wamp\www\myguopin\Application\Runtime\Cache\Home\mb9d79d9ebc6acea4973b72e9f79dcb766.php 第 33 行.
INFO: Run Behavior\ParseTemplateBehavior [ RunTime:0.013783s ]
INFO: [ view_parse ] --END-- [ RunTime:0.013933s ]
INFO: [ view_filter ] --START--
INFO: Run Behavior\WriteHtmlCacheBehavior [ RunTime:0.001438s ]
INFO: Run Behavior\TokenBuildBehavior [ RunTime:0.001715s ]
INFO: [ view_filter ] --END-- [ RunTime:0.003409s ]
INFO: [ app_end ] --START--
INFO: Run Behavior\ShowPageTraceBehavior [ RunTime:0.002396s ]
INFO: [ app_end ] --END-- [ RunTime:0.002561s ]

[ 2016-07-18T22:08:36+08:00 ] 127.0.0.1 /Home/Goods/jiance_pay.html
INFO: [ app_init ] --START--
INFO: Run Behavior\BuildLiteBehavior [ RunTime:0.000023s ]
INFO: [ app_init ] --END-- [ RunTime:0.000693s ]
INFO: [ app_begin ] --START--
INFO: Run Behavior\ReadHtmlCacheBehavior [ RunTime:0.001026s ]
INFO: [ app_begin ] --END-- [ RunTime:0.001118s ]
NOTIC: [2] file_get_contents(): Unable to find the wrapper &quot;https&quot; - did you forget to enable it when you configured PHP? E:\wamp\www\myguopin\Application\Home\Controller\FontEndController.class.php 第 144 行.
NOTIC: [2] file_get_contents(https://api.weixin.qq.com/cgi-bin/token?grant_type=client_credential&amp;appid=wx6231a8932405bdaf&amp;secret=05406ab511f4d9bd46ac09982065b102): failed to open stream: No such file or directory E:\wamp\www\myguopin\Application\Home\Controller\FontEndController.class.php 第 144 行.
NOTIC: [2] unlink(../Application/Runtime/Temp/d86c828583c5c6160e8acfee88ba1590.php): No such file or directory E:\wamp\www\myguopin\ThinkPHP\Library\Think\Cache\Driver\File.class.php 第 157 行.
NOTIC: [2] file_get_contents(): Unable to find the wrapper &quot;https&quot; - did you forget to enable it when you configured PHP? E:\wamp\www\myguopin\Application\Home\Controller\FontEndController.class.php 第 152 行.
NOTIC: [2] file_get_contents(https://api.weixin.qq.com/cgi-bin/ticket/getticket?access_token=&amp;type=jsapi): failed to open stream: No such file or directory E:\wamp\www\myguopin\Application\Home\Controller\FontEndController.class.php 第 152 行.
NOTIC: [2] unlink(../Application/Runtime/Temp/e344c187b5ce3b018775638c2dc0c114.php): No such file or directory E:\wamp\www\myguopin\ThinkPHP\Library\Think\Cache\Driver\File.class.php 第 157 行.
NOTIC: [2] file_get_contents(): Unable to find the wrapper &quot;https&quot; - did you forget to enable it when you configured PHP? E:\wamp\www\myguopin\Application\Home\Controller\FontEndController.class.php 第 144 行.
NOTIC: [2] file_get_contents(https://api.weixin.qq.com/cgi-bin/token?grant_type=client_credential&amp;appid=wx6231a8932405bdaf&amp;secret=05406ab511f4d9bd46ac09982065b102): failed to open stream: No such file or directory E:\wamp\www\myguopin\Application\Home\Controller\FontEndController.class.php 第 144 行.
NOTIC: [2] unlink(../Application/Runtime/Temp/d86c828583c5c6160e8acfee88ba1590.php): No such file or directory E:\wamp\www\myguopin\ThinkPHP\Library\Think\Cache\Driver\File.class.php 第 157 行.
NOTIC: [2] file_get_contents(): Unable to find the wrapper &quot;https&quot; - did you forget to enable it when you configured PHP? E:\wamp\www\myguopin\Application\Home\Controller\FontEndController.class.php 第 152 行.
NOTIC: [2] file_get_contents(https://api.weixin.qq.com/cgi-bin/ticket/getticket?access_token=&amp;type=jsapi): failed to open stream: No such file or directory E:\wamp\www\myguopin\Application\Home\Controller\FontEndController.class.php 第 152 行.
NOTIC: [2] unlink(../Application/Runtime/Temp/e344c187b5ce3b018775638c2dc0c114.php): No such file or directory E:\wamp\www\myguopin\ThinkPHP\Library\Think\Cache\Driver\File.class.php 第 157 行.
NOTIC: [8] Use of undefined constant HTTP_HOST - assumed 'HTTP_HOST' E:\wamp\www\myguopin\Application\Home\Controller\FontEndController.class.php 第 160 行.
NOTIC: [8] Use of undefined constant REQUEST_URI - assumed 'REQUEST_URI' E:\wamp\www\myguopin\Application\Home\Controller\FontEndController.class.php 第 160 行.
SQL: SHOW COLUMNS FROM `m_admin_infor` [ RunTime:0.0053s ]
SQL: SELECT * FROM `m_admin_infor` WHERE ( id=1 ) LIMIT 1   [ RunTime:0.0003s ]
SQL: SELECT `goods_id`,`goods_name`,`yuan_price`,`price`,`goods_img` FROM `m_goods` WHERE ( goods_id=214 ) LIMIT 1   [ RunTime:0.0004s ]
SQL: SELECT `goods_id`,`goods_name`,`yuan_price`,`price`,`goods_img` FROM `m_goods` WHERE ( goods_id=213 ) LIMIT 1   [ RunTime:0.0002s ]
SQL: SELECT `pay_status` FROM `m_order` WHERE ( order_id=14 ) LIMIT 1   [ RunTime:0.0003s ]

[ 2016-07-18T22:08:39+08:00 ] 127.0.0.1 /Home/Goods/jiance_pay.html
INFO: [ app_init ] --START--
INFO: Run Behavior\BuildLiteBehavior [ RunTime:0.000024s ]
INFO: [ app_init ] --END-- [ RunTime:0.000692s ]
INFO: [ app_begin ] --START--
INFO: Run Behavior\ReadHtmlCacheBehavior [ RunTime:0.001026s ]
INFO: [ app_begin ] --END-- [ RunTime:0.001104s ]
NOTIC: [2] file_get_contents(): Unable to find the wrapper &quot;https&quot; - did you forget to enable it when you configured PHP? E:\wamp\www\myguopin\Application\Home\Controller\FontEndController.class.php 第 144 行.
NOTIC: [2] file_get_contents(https://api.weixin.qq.com/cgi-bin/token?grant_type=client_credential&amp;appid=wx6231a8932405bdaf&amp;secret=05406ab511f4d9bd46ac09982065b102): failed to open stream: No such file or directory E:\wamp\www\myguopin\Application\Home\Controller\FontEndController.class.php 第 144 行.
NOTIC: [2] unlink(../Application/Runtime/Temp/d86c828583c5c6160e8acfee88ba1590.php): No such file or directory E:\wamp\www\myguopin\ThinkPHP\Library\Think\Cache\Driver\File.class.php 第 157 行.
NOTIC: [2] file_get_contents(): Unable to find the wrapper &quot;https&quot; - did you forget to enable it when you configured PHP? E:\wamp\www\myguopin\Application\Home\Controller\FontEndController.class.php 第 152 行.
NOTIC: [2] file_get_contents(https://api.weixin.qq.com/cgi-bin/ticket/getticket?access_token=&amp;type=jsapi): failed to open stream: No such file or directory E:\wamp\www\myguopin\Application\Home\Controller\FontEndController.class.php 第 152 行.
NOTIC: [2] unlink(../Application/Runtime/Temp/e344c187b5ce3b018775638c2dc0c114.php): No such file or directory E:\wamp\www\myguopin\ThinkPHP\Library\Think\Cache\Driver\File.class.php 第 157 行.
NOTIC: [2] file_get_contents(): Unable to find the wrapper &quot;https&quot; - did you forget to enable it when you configured PHP? E:\wamp\www\myguopin\Application\Home\Controller\FontEndController.class.php 第 144 行.
NOTIC: [2] file_get_contents(https://api.weixin.qq.com/cgi-bin/token?grant_type=client_credential&amp;appid=wx6231a8932405bdaf&amp;secret=05406ab511f4d9bd46ac09982065b102): failed to open stream: No such file or directory E:\wamp\www\myguopin\Application\Home\Controller\FontEndController.class.php 第 144 行.
NOTIC: [2] unlink(../Application/Runtime/Temp/d86c828583c5c6160e8acfee88ba1590.php): No such file or directory E:\wamp\www\myguopin\ThinkPHP\Library\Think\Cache\Driver\File.class.php 第 157 行.
NOTIC: [2] file_get_contents(): Unable to find the wrapper &quot;https&quot; - did you forget to enable it when you configured PHP? E:\wamp\www\myguopin\Application\Home\Controller\FontEndController.class.php 第 152 行.
NOTIC: [2] file_get_contents(https://api.weixin.qq.com/cgi-bin/ticket/getticket?access_token=&amp;type=jsapi): failed to open stream: No such file or directory E:\wamp\www\myguopin\Application\Home\Controller\FontEndController.class.php 第 152 行.
NOTIC: [2] unlink(../Application/Runtime/Temp/e344c187b5ce3b018775638c2dc0c114.php): No such file or directory E:\wamp\www\myguopin\ThinkPHP\Library\Think\Cache\Driver\File.class.php 第 157 行.
NOTIC: [8] Use of undefined constant HTTP_HOST - assumed 'HTTP_HOST' E:\wamp\www\myguopin\Application\Home\Controller\FontEndController.class.php 第 160 行.
NOTIC: [8] Use of undefined constant REQUEST_URI - assumed 'REQUEST_URI' E:\wamp\www\myguopin\Application\Home\Controller\FontEndController.class.php 第 160 行.
SQL: SHOW COLUMNS FROM `m_admin_infor` [ RunTime:0.0052s ]
SQL: SELECT * FROM `m_admin_infor` WHERE ( id=1 ) LIMIT 1   [ RunTime:0.0003s ]
SQL: SELECT `goods_id`,`goods_name`,`yuan_price`,`price`,`goods_img` FROM `m_goods` WHERE ( goods_id=214 ) LIMIT 1   [ RunTime:0.0006s ]
SQL: SELECT `goods_id`,`goods_name`,`yuan_price`,`price`,`goods_img` FROM `m_goods` WHERE ( goods_id=213 ) LIMIT 1   [ RunTime:0.0004s ]
SQL: SELECT `pay_status` FROM `m_order` WHERE ( order_id=14 ) LIMIT 1   [ RunTime:0.0003s ]

[ 2016-07-18T22:08:42+08:00 ] 127.0.0.1 /Home/Goods/jiance_pay.html
INFO: [ app_init ] --START--
INFO: Run Behavior\BuildLiteBehavior [ RunTime:0.000023s ]
INFO: [ app_init ] --END-- [ RunTime:0.000677s ]
INFO: [ app_begin ] --START--
INFO: Run Behavior\ReadHtmlCacheBehavior [ RunTime:0.001017s ]
INFO: [ app_begin ] --END-- [ RunTime:0.001095s ]
NOTIC: [2] file_get_contents(): Unable to find the wrapper &quot;https&quot; - did you forget to enable it when you configured PHP? E:\wamp\www\myguopin\Application\Home\Controller\FontEndController.class.php 第 144 行.
NOTIC: [2] file_get_contents(https://api.weixin.qq.com/cgi-bin/token?grant_type=client_credential&amp;appid=wx6231a8932405bdaf&amp;secret=05406ab511f4d9bd46ac09982065b102): failed to open stream: No such file or directory E:\wamp\www\myguopin\Application\Home\Controller\FontEndController.class.php 第 144 行.
NOTIC: [2] unlink(../Application/Runtime/Temp/d86c828583c5c6160e8acfee88ba1590.php): No such file or directory E:\wamp\www\myguopin\ThinkPHP\Library\Think\Cache\Driver\File.class.php 第 157 行.
NOTIC: [2] file_get_contents(): Unable to find the wrapper &quot;https&quot; - did you forget to enable it when you configured PHP? E:\wamp\www\myguopin\Application\Home\Controller\FontEndController.class.php 第 152 行.
NOTIC: [2] file_get_contents(https://api.weixin.qq.com/cgi-bin/ticket/getticket?access_token=&amp;type=jsapi): failed to open stream: No such file or directory E:\wamp\www\myguopin\Application\Home\Controller\FontEndController.class.php 第 152 行.
NOTIC: [2] unlink(../Application/Runtime/Temp/e344c187b5ce3b018775638c2dc0c114.php): No such file or directory E:\wamp\www\myguopin\ThinkPHP\Library\Think\Cache\Driver\File.class.php 第 157 行.
NOTIC: [2] file_get_contents(): Unable to find the wrapper &quot;https&quot; - did you forget to enable it when you configured PHP? E:\wamp\www\myguopin\Application\Home\Controller\FontEndController.class.php 第 144 行.
NOTIC: [2] file_get_contents(https://api.weixin.qq.com/cgi-bin/token?grant_type=client_credential&amp;appid=wx6231a8932405bdaf&amp;secret=05406ab511f4d9bd46ac09982065b102): failed to open stream: No such file or directory E:\wamp\www\myguopin\Application\Home\Controller\FontEndController.class.php 第 144 行.
NOTIC: [2] unlink(../Application/Runtime/Temp/d86c828583c5c6160e8acfee88ba1590.php): No such file or directory E:\wamp\www\myguopin\ThinkPHP\Library\Think\Cache\Driver\File.class.php 第 157 行.
NOTIC: [2] file_get_contents(): Unable to find the wrapper &quot;https&quot; - did you forget to enable it when you configured PHP? E:\wamp\www\myguopin\Application\Home\Controller\FontEndController.class.php 第 152 行.
NOTIC: [2] file_get_contents(https://api.weixin.qq.com/cgi-bin/ticket/getticket?access_token=&amp;type=jsapi): failed to open stream: No such file or directory E:\wamp\www\myguopin\Application\Home\Controller\FontEndController.class.php 第 152 行.
NOTIC: [2] unlink(../Application/Runtime/Temp/e344c187b5ce3b018775638c2dc0c114.php): No such file or directory E:\wamp\www\myguopin\ThinkPHP\Library\Think\Cache\Driver\File.class.php 第 157 行.
NOTIC: [8] Use of undefined constant HTTP_HOST - assumed 'HTTP_HOST' E:\wamp\www\myguopin\Application\Home\Controller\FontEndController.class.php 第 160 行.
NOTIC: [8] Use of undefined constant REQUEST_URI - assumed 'REQUEST_URI' E:\wamp\www\myguopin\Application\Home\Controller\FontEndController.class.php 第 160 行.
SQL: SHOW COLUMNS FROM `m_admin_infor` [ RunTime:0.0052s ]
SQL: SELECT * FROM `m_admin_infor` WHERE ( id=1 ) LIMIT 1   [ RunTime:0.0003s ]
SQL: SELECT `goods_id`,`goods_name`,`yuan_price`,`price`,`goods_img` FROM `m_goods` WHERE ( goods_id=214 ) LIMIT 1   [ RunTime:0.0003s ]
SQL: SELECT `goods_id`,`goods_name`,`yuan_price`,`price`,`goods_img` FROM `m_goods` WHERE ( goods_id=213 ) LIMIT 1   [ RunTime:0.0003s ]
SQL: SELECT `pay_status` FROM `m_order` WHERE ( order_id=14 ) LIMIT 1   [ RunTime:0.0003s ]

[ 2016-07-18T22:08:44+08:00 ] 127.0.0.1 /Home/Goods/gmcg_wx/order_id/14.html
INFO: [ app_init ] --START--
INFO: Run Behavior\BuildLiteBehavior [ RunTime:0.000024s ]
INFO: [ app_init ] --END-- [ RunTime:0.000725s ]
INFO: [ app_begin ] --START--
INFO: Run Behavior\ReadHtmlCacheBehavior [ RunTime:0.001074s ]
INFO: [ app_begin ] --END-- [ RunTime:0.001177s ]
NOTIC: [2] file_get_contents(): Unable to find the wrapper &quot;https&quot; - did you forget to enable it when you configured PHP? E:\wamp\www\myguopin\Application\Home\Controller\FontEndController.class.php 第 144 行.
NOTIC: [2] file_get_contents(https://api.weixin.qq.com/cgi-bin/token?grant_type=client_credential&amp;appid=wx6231a8932405bdaf&amp;secret=05406ab511f4d9bd46ac09982065b102): failed to open stream: No such file or directory E:\wamp\www\myguopin\Application\Home\Controller\FontEndController.class.php 第 144 行.
NOTIC: [2] unlink(../Application/Runtime/Temp/d86c828583c5c6160e8acfee88ba1590.php): No such file or directory E:\wamp\www\myguopin\ThinkPHP\Library\Think\Cache\Driver\File.class.php 第 157 行.
NOTIC: [2] file_get_contents(): Unable to find the wrapper &quot;https&quot; - did you forget to enable it when you configured PHP? E:\wamp\www\myguopin\Application\Home\Controller\FontEndController.class.php 第 152 行.
NOTIC: [2] file_get_contents(https://api.weixin.qq.com/cgi-bin/ticket/getticket?access_token=&amp;type=jsapi): failed to open stream: No such file or directory E:\wamp\www\myguopin\Application\Home\Controller\FontEndController.class.php 第 152 行.
NOTIC: [2] unlink(../Application/Runtime/Temp/e344c187b5ce3b018775638c2dc0c114.php): No such file or directory E:\wamp\www\myguopin\ThinkPHP\Library\Think\Cache\Driver\File.class.php 第 157 行.
NOTIC: [2] file_get_contents(): Unable to find the wrapper &quot;https&quot; - did you forget to enable it when you configured PHP? E:\wamp\www\myguopin\Application\Home\Controller\FontEndController.class.php 第 144 行.
NOTIC: [2] file_get_contents(https://api.weixin.qq.com/cgi-bin/token?grant_type=client_credential&amp;appid=wx6231a8932405bdaf&amp;secret=05406ab511f4d9bd46ac09982065b102): failed to open stream: No such file or directory E:\wamp\www\myguopin\Application\Home\Controller\FontEndController.class.php 第 144 行.
NOTIC: [2] unlink(../Application/Runtime/Temp/d86c828583c5c6160e8acfee88ba1590.php): No such file or directory E:\wamp\www\myguopin\ThinkPHP\Library\Think\Cache\Driver\File.class.php 第 157 行.
NOTIC: [2] file_get_contents(): Unable to find the wrapper &quot;https&quot; - did you forget to enable it when you configured PHP? E:\wamp\www\myguopin\Application\Home\Controller\FontEndController.class.php 第 152 行.
NOTIC: [2] file_get_contents(https://api.weixin.qq.com/cgi-bin/ticket/getticket?access_token=&amp;type=jsapi): failed to open stream: No such file or directory E:\wamp\www\myguopin\Application\Home\Controller\FontEndController.class.php 第 152 行.
NOTIC: [2] unlink(../Application/Runtime/Temp/e344c187b5ce3b018775638c2dc0c114.php): No such file or directory E:\wamp\www\myguopin\ThinkPHP\Library\Think\Cache\Driver\File.class.php 第 157 行.
NOTIC: [8] Use of undefined constant HTTP_HOST - assumed 'HTTP_HOST' E:\wamp\www\myguopin\Application\Home\Controller\FontEndController.class.php 第 160 行.
NOTIC: [8] Use of undefined constant REQUEST_URI - assumed 'REQUEST_URI' E:\wamp\www\myguopin\Application\Home\Controller\FontEndController.class.php 第 160 行.
SQL: SHOW COLUMNS FROM `m_admin_infor` [ RunTime:0.0084s ]
SQL: SELECT * FROM `m_admin_infor` WHERE ( id=1 ) LIMIT 1   [ RunTime:0.0004s ]
SQL: SELECT `goods_id`,`goods_name`,`yuan_price`,`price`,`goods_img` FROM `m_goods` WHERE ( goods_id=214 ) LIMIT 1   [ RunTime:0.0003s ]
SQL: SELECT `goods_id`,`goods_name`,`yuan_price`,`price`,`goods_img` FROM `m_goods` WHERE ( goods_id=213 ) LIMIT 1   [ RunTime:0.0003s ]
SQL: SELECT * FROM `m_order` WHERE ( order_id=14 and deleted=0 ) LIMIT 1   [ RunTime:0.0004s ]
INFO: [ view_parse ] --START--
INFO: [ template_filter ] --START--
INFO: Run Behavior\ContentReplaceBehavior [ RunTime:0.000074s ]
INFO: [ template_filter ] --END-- [ RunTime:0.000170s ]
INFO: Run Behavior\ParseTemplateBehavior [ RunTime:0.010056s ]
INFO: [ view_parse ] --END-- [ RunTime:0.010180s ]
INFO: [ view_filter ] --START--
INFO: Run Behavior\WriteHtmlCacheBehavior [ RunTime:0.001255s ]
INFO: Run Behavior\TokenBuildBehavior [ RunTime:0.001045s ]
INFO: [ view_filter ] --END-- [ RunTime:0.002538s ]

[ 2016-07-18T22:08:47+08:00 ] 127.0.0.1 /Home/Goods/alipay
INFO: [ app_init ] --START--
INFO: Run Behavior\BuildLiteBehavior [ RunTime:0.000023s ]
INFO: [ app_init ] --END-- [ RunTime:0.000676s ]
INFO: [ app_begin ] --START--
INFO: Run Behavior\ReadHtmlCacheBehavior [ RunTime:0.001152s ]
INFO: [ app_begin ] --END-- [ RunTime:0.001258s ]
NOTIC: [2] file_get_contents(): Unable to find the wrapper &quot;https&quot; - did you forget to enable it when you configured PHP? E:\wamp\www\myguopin\Application\Home\Controller\FontEndController.class.php 第 144 行.
NOTIC: [2] file_get_contents(https://api.weixin.qq.com/cgi-bin/token?grant_type=client_credential&amp;appid=wx6231a8932405bdaf&amp;secret=05406ab511f4d9bd46ac09982065b102): failed to open stream: No such file or directory E:\wamp\www\myguopin\Application\Home\Controller\FontEndController.class.php 第 144 行.
NOTIC: [2] unlink(../Application/Runtime/Temp/d86c828583c5c6160e8acfee88ba1590.php): No such file or directory E:\wamp\www\myguopin\ThinkPHP\Library\Think\Cache\Driver\File.class.php 第 157 行.
NOTIC: [2] file_get_contents(): Unable to find the wrapper &quot;https&quot; - did you forget to enable it when you configured PHP? E:\wamp\www\myguopin\Application\Home\Controller\FontEndController.class.php 第 152 行.
NOTIC: [2] file_get_contents(https://api.weixin.qq.com/cgi-bin/ticket/getticket?access_token=&amp;type=jsapi): failed to open stream: No such file or directory E:\wamp\www\myguopin\Application\Home\Controller\FontEndController.class.php 第 152 行.
NOTIC: [2] unlink(../Application/Runtime/Temp/e344c187b5ce3b018775638c2dc0c114.php): No such file or directory E:\wamp\www\myguopin\ThinkPHP\Library\Think\Cache\Driver\File.class.php 第 157 行.
NOTIC: [2] file_get_contents(): Unable to find the wrapper &quot;https&quot; - did you forget to enable it when you configured PHP? E:\wamp\www\myguopin\Application\Home\Controller\FontEndController.class.php 第 144 行.
NOTIC: [2] file_get_contents(https://api.weixin.qq.com/cgi-bin/token?grant_type=client_credential&amp;appid=wx6231a8932405bdaf&amp;secret=05406ab511f4d9bd46ac09982065b102): failed to open stream: No such file or directory E:\wamp\www\myguopin\Application\Home\Controller\FontEndController.class.php 第 144 行.
NOTIC: [2] unlink(../Application/Runtime/Temp/d86c828583c5c6160e8acfee88ba1590.php): No such file or directory E:\wamp\www\myguopin\ThinkPHP\Library\Think\Cache\Driver\File.class.php 第 157 行.
NOTIC: [2] file_get_contents(): Unable to find the wrapper &quot;https&quot; - did you forget to enable it when you configured PHP? E:\wamp\www\myguopin\Application\Home\Controller\FontEndController.class.php 第 152 行.
NOTIC: [2] file_get_contents(https://api.weixin.qq.com/cgi-bin/ticket/getticket?access_token=&amp;type=jsapi): failed to open stream: No such file or directory E:\wamp\www\myguopin\Application\Home\Controller\FontEndController.class.php 第 152 行.
NOTIC: [2] unlink(../Application/Runtime/Temp/e344c187b5ce3b018775638c2dc0c114.php): No such file or directory E:\wamp\www\myguopin\ThinkPHP\Library\Think\Cache\Driver\File.class.php 第 157 行.
NOTIC: [8] Use of undefined constant HTTP_HOST - assumed 'HTTP_HOST' E:\wamp\www\myguopin\Application\Home\Controller\FontEndController.class.php 第 160 行.
NOTIC: [8] Use of undefined constant REQUEST_URI - assumed 'REQUEST_URI' E:\wamp\www\myguopin\Application\Home\Controller\FontEndController.class.php 第 160 行.
SQL: SHOW COLUMNS FROM `m_admin_infor` [ RunTime:0.0060s ]
SQL: SELECT * FROM `m_admin_infor` WHERE ( id=1 ) LIMIT 1   [ RunTime:0.0004s ]
SQL: SELECT `goods_id`,`goods_name`,`yuan_price`,`price`,`goods_img` FROM `m_goods` WHERE ( goods_id=214 ) LIMIT 1   [ RunTime:0.0004s ]
SQL: SELECT `goods_id`,`goods_name`,`yuan_price`,`price`,`goods_img` FROM `m_goods` WHERE ( goods_id=213 ) LIMIT 1   [ RunTime:0.0003s ]
NOTIC: [8] Undefined index: order_id E:\wamp\www\myguopin\Application\Home\Controller\GoodsController.class.php 第 292 行.
NOTIC: [8] Undefined index: pay_method E:\wamp\www\myguopin\Application\Home\Controller\GoodsController.class.php 第 293 行.
ERR: SQLSTATE[42000]: Syntax error or access violation: 1064 You have an error in your SQL syntax; check the manual that corresponds to your MySQL server version for the right syntax to use near 'and deleted=0  ) LIMIT 1' at line 1

[ 2016-07-18T22:09:52+08:00 ] 127.0.0.1 /Home/Buy/getQRPHP.html?data=
INFO: [ app_init ] --START--
INFO: Run Behavior\BuildLiteBehavior [ RunTime:0.000027s ]
INFO: [ app_init ] --END-- [ RunTime:0.000665s ]
INFO: [ app_begin ] --START--
INFO: Run Behavior\ReadHtmlCacheBehavior [ RunTime:0.001732s ]
INFO: [ app_begin ] --END-- [ RunTime:0.001959s ]
NOTIC: [2] file_get_contents(): Unable to find the wrapper &quot;https&quot; - did you forget to enable it when you configured PHP? E:\wamp\www\myguopin\Application\Home\Controller\FontEndController.class.php 第 144 行.
NOTIC: [2] file_get_contents(https://api.weixin.qq.com/cgi-bin/token?grant_type=client_credential&amp;appid=wx6231a8932405bdaf&amp;secret=05406ab511f4d9bd46ac09982065b102): failed to open stream: No such file or directory E:\wamp\www\myguopin\Application\Home\Controller\FontEndController.class.php 第 144 行.
NOTIC: [2] unlink(../Application/Runtime/Temp/d86c828583c5c6160e8acfee88ba1590.php): No such file or directory E:\wamp\www\myguopin\ThinkPHP\Library\Think\Cache\Driver\File.class.php 第 157 行.
NOTIC: [2] file_get_contents(): Unable to find the wrapper &quot;https&quot; - did you forget to enable it when you configured PHP? E:\wamp\www\myguopin\Application\Home\Controller\FontEndController.class.php 第 152 行.
NOTIC: [2] file_get_contents(https://api.weixin.qq.com/cgi-bin/ticket/getticket?access_token=&amp;type=jsapi): failed to open stream: No such file or directory E:\wamp\www\myguopin\Application\Home\Controller\FontEndController.class.php 第 152 行.
NOTIC: [2] unlink(../Application/Runtime/Temp/e344c187b5ce3b018775638c2dc0c114.php): No such file or directory E:\wamp\www\myguopin\ThinkPHP\Library\Think\Cache\Driver\File.class.php 第 157 行.
NOTIC: [2] file_get_contents(): Unable to find the wrapper &quot;https&quot; - did you forget to enable it when you configured PHP? E:\wamp\www\myguopin\Application\Home\Controller\FontEndController.class.php 第 144 行.
NOTIC: [2] file_get_contents(https://api.weixin.qq.com/cgi-bin/token?grant_type=client_credential&amp;appid=wx6231a8932405bdaf&amp;secret=05406ab511f4d9bd46ac09982065b102): failed to open stream: No such file or directory E:\wamp\www\myguopin\Application\Home\Controller\FontEndController.class.php 第 144 行.
NOTIC: [2] unlink(../Application/Runtime/Temp/d86c828583c5c6160e8acfee88ba1590.php): No such file or directory E:\wamp\www\myguopin\ThinkPHP\Library\Think\Cache\Driver\File.class.php 第 157 行.
NOTIC: [2] file_get_contents(): Unable to find the wrapper &quot;https&quot; - did you forget to enable it when you configured PHP? E:\wamp\www\myguopin\Application\Home\Controller\FontEndController.class.php 第 152 行.
NOTIC: [2] file_get_contents(https://api.weixin.qq.com/cgi-bin/ticket/getticket?access_token=&amp;type=jsapi): failed to open stream: No such file or directory E:\wamp\www\myguopin\Application\Home\Controller\FontEndController.class.php 第 152 行.
NOTIC: [2] unlink(../Application/Runtime/Temp/e344c187b5ce3b018775638c2dc0c114.php): No such file or directory E:\wamp\www\myguopin\ThinkPHP\Library\Think\Cache\Driver\File.class.php 第 157 行.
NOTIC: [8] Use of undefined constant HTTP_HOST - assumed 'HTTP_HOST' E:\wamp\www\myguopin\Application\Home\Controller\FontEndController.class.php 第 160 行.
NOTIC: [8] Use of undefined constant REQUEST_URI - assumed 'REQUEST_URI' E:\wamp\www\myguopin\Application\Home\Controller\FontEndController.class.php 第 160 行.
SQL: SHOW COLUMNS FROM `m_admin_infor` [ RunTime:0.0076s ]
SQL: SELECT * FROM `m_admin_infor` WHERE ( id=1 ) LIMIT 1   [ RunTime:0.0004s ]
SQL: SELECT `goods_id`,`goods_name`,`yuan_price`,`price`,`goods_img` FROM `m_goods` WHERE ( goods_id=214 ) LIMIT 1   [ RunTime:0.0005s ]
SQL: SELECT `goods_id`,`goods_name`,`yuan_price`,`price`,`goods_img` FROM `m_goods` WHERE ( goods_id=213 ) LIMIT 1   [ RunTime:0.0004s ]
INFO: [ app_end ] --START--
INFO: Run Behavior\ShowPageTraceBehavior [ RunTime:0.001490s ]
INFO: [ app_end ] --END-- [ RunTime:0.001646s ]

[ 2016-07-18T22:09:53+08:00 ] 127.0.0.1 /Home/Index/menu.html
INFO: [ app_init ] --START--
INFO: Run Behavior\BuildLiteBehavior [ RunTime:0.000026s ]
INFO: [ app_init ] --END-- [ RunTime:0.000642s ]
INFO: [ app_begin ] --START--
INFO: Run Behavior\ReadHtmlCacheBehavior [ RunTime:0.001565s ]
INFO: [ app_begin ] --END-- [ RunTime:0.001703s ]
NOTIC: [2] file_get_contents(): Unable to find the wrapper &quot;https&quot; - did you forget to enable it when you configured PHP? E:\wamp\www\myguopin\Application\Home\Controller\FontEndController.class.php 第 144 行.
NOTIC: [2] file_get_contents(https://api.weixin.qq.com/cgi-bin/token?grant_type=client_credential&amp;appid=wx6231a8932405bdaf&amp;secret=05406ab511f4d9bd46ac09982065b102): failed to open stream: No such file or directory E:\wamp\www\myguopin\Application\Home\Controller\FontEndController.class.php 第 144 行.
NOTIC: [2] unlink(../Application/Runtime/Temp/d86c828583c5c6160e8acfee88ba1590.php): No such file or directory E:\wamp\www\myguopin\ThinkPHP\Library\Think\Cache\Driver\File.class.php 第 157 行.
NOTIC: [2] file_get_contents(): Unable to find the wrapper &quot;https&quot; - did you forget to enable it when you configured PHP? E:\wamp\www\myguopin\Application\Home\Controller\FontEndController.class.php 第 152 行.
NOTIC: [2] file_get_contents(https://api.weixin.qq.com/cgi-bin/ticket/getticket?access_token=&amp;type=jsapi): failed to open stream: No such file or directory E:\wamp\www\myguopin\Application\Home\Controller\FontEndController.class.php 第 152 行.
NOTIC: [2] unlink(../Application/Runtime/Temp/e344c187b5ce3b018775638c2dc0c114.php): No such file or directory E:\wamp\www\myguopin\ThinkPHP\Library\Think\Cache\Driver\File.class.php 第 157 行.
NOTIC: [2] file_get_contents(): Unable to find the wrapper &quot;https&quot; - did you forget to enable it when you configured PHP? E:\wamp\www\myguopin\Application\Home\Controller\FontEndController.class.php 第 144 行.
NOTIC: [2] file_get_contents(https://api.weixin.qq.com/cgi-bin/token?grant_type=client_credential&amp;appid=wx6231a8932405bdaf&amp;secret=05406ab511f4d9bd46ac09982065b102): failed to open stream: No such file or directory E:\wamp\www\myguopin\Application\Home\Controller\FontEndController.class.php 第 144 行.
NOTIC: [2] unlink(../Application/Runtime/Temp/d86c828583c5c6160e8acfee88ba1590.php): No such file or directory E:\wamp\www\myguopin\ThinkPHP\Library\Think\Cache\Driver\File.class.php 第 157 行.
NOTIC: [2] file_get_contents(): Unable to find the wrapper &quot;https&quot; - did you forget to enable it when you configured PHP? E:\wamp\www\myguopin\Application\Home\Controller\FontEndController.class.php 第 152 行.
NOTIC: [2] file_get_contents(https://api.weixin.qq.com/cgi-bin/ticket/getticket?access_token=&amp;type=jsapi): failed to open stream: No such file or directory E:\wamp\www\myguopin\Application\Home\Controller\FontEndController.class.php 第 152 行.
NOTIC: [2] unlink(../Application/Runtime/Temp/e344c187b5ce3b018775638c2dc0c114.php): No such file or directory E:\wamp\www\myguopin\ThinkPHP\Library\Think\Cache\Driver\File.class.php 第 157 行.
NOTIC: [8] Use of undefined constant HTTP_HOST - assumed 'HTTP_HOST' E:\wamp\www\myguopin\Application\Home\Controller\FontEndController.class.php 第 160 行.
NOTIC: [8] Use of undefined constant REQUEST_URI - assumed 'REQUEST_URI' E:\wamp\www\myguopin\Application\Home\Controller\FontEndController.class.php 第 160 行.
SQL: SHOW COLUMNS FROM `m_admin_infor` [ RunTime:0.0053s ]
SQL: SELECT * FROM `m_admin_infor` WHERE ( id=1 ) LIMIT 1   [ RunTime:0.0003s ]
SQL: SELECT `goods_id`,`goods_name`,`yuan_price`,`price`,`goods_img` FROM `m_goods` WHERE ( goods_id=214 ) LIMIT 1   [ RunTime:0.0003s ]
SQL: SELECT `goods_id`,`goods_name`,`yuan_price`,`price`,`goods_img` FROM `m_goods` WHERE ( goods_id=213 ) LIMIT 1   [ RunTime:0.0004s ]
INFO: [ view_parse ] --START--
INFO: [ template_filter ] --START--
INFO: Run Behavior\ContentReplaceBehavior [ RunTime:0.000087s ]
INFO: [ template_filter ] --END-- [ RunTime:0.000174s ]
NOTIC: [8] Undefined variable: huiyuanming E:\wamp\www\myguopin\Application\Runtime\Cache\Home\mb9d79d9ebc6acea4973b72e9f79dcb766.php 第 21 行.
NOTIC: [8] Undefined variable: yonghu_url E:\wamp\www\myguopin\Application\Runtime\Cache\Home\mb9d79d9ebc6acea4973b72e9f79dcb766.php 第 22 行.
NOTIC: [8] Undefined variable: tuichu_url E:\wamp\www\myguopin\Application\Runtime\Cache\Home\mb9d79d9ebc6acea4973b72e9f79dcb766.php 第 26 行.
NOTIC: [8] Undefined variable: login_url E:\wamp\www\myguopin\Application\Runtime\Cache\Home\mb9d79d9ebc6acea4973b72e9f79dcb766.php 第 29 行.
NOTIC: [8] Undefined variable: zhuce_url E:\wamp\www\myguopin\Application\Runtime\Cache\Home\mb9d79d9ebc6acea4973b72e9f79dcb766.php 第 33 行.
INFO: Run Behavior\ParseTemplateBehavior [ RunTime:0.009348s ]
INFO: [ view_parse ] --END-- [ RunTime:0.009424s ]
INFO: [ view_filter ] --START--
INFO: Run Behavior\WriteHtmlCacheBehavior [ RunTime:0.000814s ]
INFO: Run Behavior\TokenBuildBehavior [ RunTime:0.000946s ]
INFO: [ view_filter ] --END-- [ RunTime:0.001875s ]
INFO: [ app_end ] --START--
INFO: Run Behavior\ShowPageTraceBehavior [ RunTime:0.001031s ]
INFO: [ app_end ] --END-- [ RunTime:0.001106s ]

[ 2016-07-18T22:09:53+08:00 ] 127.0.0.1 /Home/login/is_login.html
INFO: [ app_init ] --START--
INFO: Run Behavior\BuildLiteBehavior [ RunTime:0.000034s ]
INFO: [ app_init ] --END-- [ RunTime:0.000712s ]
INFO: [ app_begin ] --START--
INFO: Run Behavior\ReadHtmlCacheBehavior [ RunTime:0.001413s ]
INFO: [ app_begin ] --END-- [ RunTime:0.001584s ]
NOTIC: [2] file_get_contents(): Unable to find the wrapper &quot;https&quot; - did you forget to enable it when you configured PHP? E:\wamp\www\myguopin\Application\Home\Controller\FontEndController.class.php 第 144 行.
NOTIC: [2] file_get_contents(https://api.weixin.qq.com/cgi-bin/token?grant_type=client_credential&amp;appid=wx6231a8932405bdaf&amp;secret=05406ab511f4d9bd46ac09982065b102): failed to open stream: No such file or directory E:\wamp\www\myguopin\Application\Home\Controller\FontEndController.class.php 第 144 行.
NOTIC: [2] unlink(../Application/Runtime/Temp/d86c828583c5c6160e8acfee88ba1590.php): No such file or directory E:\wamp\www\myguopin\ThinkPHP\Library\Think\Cache\Driver\File.class.php 第 157 行.
NOTIC: [2] file_get_contents(): Unable to find the wrapper &quot;https&quot; - did you forget to enable it when you configured PHP? E:\wamp\www\myguopin\Application\Home\Controller\FontEndController.class.php 第 152 行.
NOTIC: [2] file_get_contents(https://api.weixin.qq.com/cgi-bin/ticket/getticket?access_token=&amp;type=jsapi): failed to open stream: No such file or directory E:\wamp\www\myguopin\Application\Home\Controller\FontEndController.class.php 第 152 行.
NOTIC: [2] unlink(../Application/Runtime/Temp/e344c187b5ce3b018775638c2dc0c114.php): No such file or directory E:\wamp\www\myguopin\ThinkPHP\Library\Think\Cache\Driver\File.class.php 第 157 行.
NOTIC: [2] file_get_contents(): Unable to find the wrapper &quot;https&quot; - did you forget to enable it when you configured PHP? E:\wamp\www\myguopin\Application\Home\Controller\FontEndController.class.php 第 144 行.
NOTIC: [2] file_get_contents(https://api.weixin.qq.com/cgi-bin/token?grant_type=client_credential&amp;appid=wx6231a8932405bdaf&amp;secret=05406ab511f4d9bd46ac09982065b102): failed to open stream: No such file or directory E:\wamp\www\myguopin\Application\Home\Controller\FontEndController.class.php 第 144 行.
NOTIC: [2] unlink(../Application/Runtime/Temp/d86c828583c5c6160e8acfee88ba1590.php): No such file or directory E:\wamp\www\myguopin\ThinkPHP\Library\Think\Cache\Driver\File.class.php 第 157 行.
NOTIC: [2] file_get_contents(): Unable to find the wrapper &quot;https&quot; - did you forget to enable it when you configured PHP? E:\wamp\www\myguopin\Application\Home\Controller\FontEndController.class.php 第 152 行.
NOTIC: [2] file_get_contents(https://api.weixin.qq.com/cgi-bin/ticket/getticket?access_token=&amp;type=jsapi): failed to open stream: No such file or directory E:\wamp\www\myguopin\Application\Home\Controller\FontEndController.class.php 第 152 行.
NOTIC: [2] unlink(../Application/Runtime/Temp/e344c187b5ce3b018775638c2dc0c114.php): No such file or directory E:\wamp\www\myguopin\ThinkPHP\Library\Think\Cache\Driver\File.class.php 第 157 行.
NOTIC: [8] Use of undefined constant HTTP_HOST - assumed 'HTTP_HOST' E:\wamp\www\myguopin\Application\Home\Controller\FontEndController.class.php 第 160 行.
NOTIC: [8] Use of undefined constant REQUEST_URI - assumed 'REQUEST_URI' E:\wamp\www\myguopin\Application\Home\Controller\FontEndController.class.php 第 160 行.
SQL: SHOW COLUMNS FROM `m_admin_infor` [ RunTime:0.0054s ]
SQL: SELECT * FROM `m_admin_infor` WHERE ( id=1 ) LIMIT 1   [ RunTime:0.0003s ]
SQL: SELECT `goods_id`,`goods_name`,`yuan_price`,`price`,`goods_img` FROM `m_goods` WHERE ( goods_id=214 ) LIMIT 1   [ RunTime:0.0003s ]
SQL: SELECT `goods_id`,`goods_name`,`yuan_price`,`price`,`goods_img` FROM `m_goods` WHERE ( goods_id=213 ) LIMIT 1   [ RunTime:0.0002s ]

[ 2016-07-18T22:11:21+08:00 ] 127.0.0.1 /Home/Goods/alipay.html
INFO: [ app_init ] --START--
INFO: Run Behavior\BuildLiteBehavior [ RunTime:0.000024s ]
INFO: [ app_init ] --END-- [ RunTime:0.000646s ]
INFO: [ app_begin ] --START--
INFO: Run Behavior\ReadHtmlCacheBehavior [ RunTime:0.000880s ]
INFO: [ app_begin ] --END-- [ RunTime:0.000993s ]
NOTIC: [2] file_get_contents(): Unable to find the wrapper &quot;https&quot; - did you forget to enable it when you configured PHP? E:\wamp\www\myguopin\Application\Home\Controller\FontEndController.class.php 第 144 行.
NOTIC: [2] file_get_contents(https://api.weixin.qq.com/cgi-bin/token?grant_type=client_credential&amp;appid=wx6231a8932405bdaf&amp;secret=05406ab511f4d9bd46ac09982065b102): failed to open stream: No such file or directory E:\wamp\www\myguopin\Application\Home\Controller\FontEndController.class.php 第 144 行.
NOTIC: [2] unlink(../Application/Runtime/Temp/d86c828583c5c6160e8acfee88ba1590.php): No such file or directory E:\wamp\www\myguopin\ThinkPHP\Library\Think\Cache\Driver\File.class.php 第 157 行.
NOTIC: [2] file_get_contents(): Unable to find the wrapper &quot;https&quot; - did you forget to enable it when you configured PHP? E:\wamp\www\myguopin\Application\Home\Controller\FontEndController.class.php 第 152 行.
NOTIC: [2] file_get_contents(https://api.weixin.qq.com/cgi-bin/ticket/getticket?access_token=&amp;type=jsapi): failed to open stream: No such file or directory E:\wamp\www\myguopin\Application\Home\Controller\FontEndController.class.php 第 152 行.
NOTIC: [2] unlink(../Application/Runtime/Temp/e344c187b5ce3b018775638c2dc0c114.php): No such file or directory E:\wamp\www\myguopin\ThinkPHP\Library\Think\Cache\Driver\File.class.php 第 157 行.
NOTIC: [2] file_get_contents(): Unable to find the wrapper &quot;https&quot; - did you forget to enable it when you configured PHP? E:\wamp\www\myguopin\Application\Home\Controller\FontEndController.class.php 第 144 行.
NOTIC: [2] file_get_contents(https://api.weixin.qq.com/cgi-bin/token?grant_type=client_credential&amp;appid=wx6231a8932405bdaf&amp;secret=05406ab511f4d9bd46ac09982065b102): failed to open stream: No such file or directory E:\wamp\www\myguopin\Application\Home\Controller\FontEndController.class.php 第 144 行.
NOTIC: [2] unlink(../Application/Runtime/Temp/d86c828583c5c6160e8acfee88ba1590.php): No such file or directory E:\wamp\www\myguopin\ThinkPHP\Library\Think\Cache\Driver\File.class.php 第 157 行.
NOTIC: [2] file_get_contents(): Unable to find the wrapper &quot;https&quot; - did you forget to enable it when you configured PHP? E:\wamp\www\myguopin\Application\Home\Controller\FontEndController.class.php 第 152 行.
NOTIC: [2] file_get_contents(https://api.weixin.qq.com/cgi-bin/ticket/getticket?access_token=&amp;type=jsapi): failed to open stream: No such file or directory E:\wamp\www\myguopin\Application\Home\Controller\FontEndController.class.php 第 152 行.
NOTIC: [2] unlink(../Application/Runtime/Temp/e344c187b5ce3b018775638c2dc0c114.php): No such file or directory E:\wamp\www\myguopin\ThinkPHP\Library\Think\Cache\Driver\File.class.php 第 157 行.
NOTIC: [8] Use of undefined constant HTTP_HOST - assumed 'HTTP_HOST' E:\wamp\www\myguopin\Application\Home\Controller\FontEndController.class.php 第 160 行.
NOTIC: [8] Use of undefined constant REQUEST_URI - assumed 'REQUEST_URI' E:\wamp\www\myguopin\Application\Home\Controller\FontEndController.class.php 第 160 行.
SQL: SHOW COLUMNS FROM `m_admin_infor` [ RunTime:0.0066s ]
SQL: SELECT * FROM `m_admin_infor` WHERE ( id=1 ) LIMIT 1   [ RunTime:0.0004s ]
SQL: SELECT `goods_id`,`goods_name`,`yuan_price`,`price`,`goods_img` FROM `m_goods` WHERE ( goods_id=214 ) LIMIT 1   [ RunTime:0.0004s ]
SQL: SELECT `goods_id`,`goods_name`,`yuan_price`,`price`,`goods_img` FROM `m_goods` WHERE ( goods_id=213 ) LIMIT 1   [ RunTime:0.0003s ]
SQL: SELECT * FROM `m_order` WHERE ( order_id=14 and deleted=0  ) LIMIT 1   [ RunTime:0.0004s ]
NOTIC: [8] Undefined variable: url1 E:\wamp\www\myguopin\ThinkPHP\Library\Vendor\wxp\native.php 第 53 行.
NOTIC: [8] Undefined index: code_url E:\wamp\www\myguopin\Application\Home\Controller\GoodsController.class.php 第 339 行.
INFO: [ view_parse ] --START--
INFO: [ template_filter ] --START--
INFO: Run Behavior\ContentReplaceBehavior [ RunTime:0.000160s ]
INFO: [ template_filter ] --END-- [ RunTime:0.000268s ]
INFO: Run Behavior\ParseTemplateBehavior [ RunTime:0.012767s ]
INFO: [ view_parse ] --END-- [ RunTime:0.012868s ]
INFO: [ view_filter ] --START--
INFO: Run Behavior\WriteHtmlCacheBehavior [ RunTime:0.000700s ]
INFO: Run Behavior\TokenBuildBehavior [ RunTime:0.001255s ]
INFO: [ view_filter ] --END-- [ RunTime:0.002094s ]
INFO: [ app_end ] --START--
INFO: Run Behavior\ShowPageTraceBehavior [ RunTime:0.000948s ]
INFO: [ app_end ] --END-- [ RunTime:0.001065s ]

[ 2016-07-18T22:11:21+08:00 ] 127.0.0.1 /Home/Buy/getQRPHP.html?data=
INFO: [ app_init ] --START--
INFO: Run Behavior\BuildLiteBehavior [ RunTime:0.000064s ]
INFO: [ app_init ] --END-- [ RunTime:0.000992s ]
INFO: [ app_begin ] --START--
INFO: Run Behavior\ReadHtmlCacheBehavior [ RunTime:0.001935s ]
INFO: [ app_begin ] --END-- [ RunTime:0.002142s ]
NOTIC: [2] file_get_contents(): Unable to find the wrapper &quot;https&quot; - did you forget to enable it when you configured PHP? E:\wamp\www\myguopin\Application\Home\Controller\FontEndController.class.php 第 144 行.
NOTIC: [2] file_get_contents(https://api.weixin.qq.com/cgi-bin/token?grant_type=client_credential&amp;appid=wx6231a8932405bdaf&amp;secret=05406ab511f4d9bd46ac09982065b102): failed to open stream: No such file or directory E:\wamp\www\myguopin\Application\Home\Controller\FontEndController.class.php 第 144 行.
NOTIC: [2] unlink(../Application/Runtime/Temp/d86c828583c5c6160e8acfee88ba1590.php): No such file or directory E:\wamp\www\myguopin\ThinkPHP\Library\Think\Cache\Driver\File.class.php 第 157 行.
NOTIC: [2] file_get_contents(): Unable to find the wrapper &quot;https&quot; - did you forget to enable it when you configured PHP? E:\wamp\www\myguopin\Application\Home\Controller\FontEndController.class.php 第 152 行.
NOTIC: [2] file_get_contents(https://api.weixin.qq.com/cgi-bin/ticket/getticket?access_token=&amp;type=jsapi): failed to open stream: No such file or directory E:\wamp\www\myguopin\Application\Home\Controller\FontEndController.class.php 第 152 行.
NOTIC: [2] unlink(../Application/Runtime/Temp/e344c187b5ce3b018775638c2dc0c114.php): No such file or directory E:\wamp\www\myguopin\ThinkPHP\Library\Think\Cache\Driver\File.class.php 第 157 行.
NOTIC: [2] file_get_contents(): Unable to find the wrapper &quot;https&quot; - did you forget to enable it when you configured PHP? E:\wamp\www\myguopin\Application\Home\Controller\FontEndController.class.php 第 144 行.
NOTIC: [2] file_get_contents(https://api.weixin.qq.com/cgi-bin/token?grant_type=client_credential&amp;appid=wx6231a8932405bdaf&amp;secret=05406ab511f4d9bd46ac09982065b102): failed to open stream: No such file or directory E:\wamp\www\myguopin\Application\Home\Controller\FontEndController.class.php 第 144 行.
NOTIC: [2] unlink(../Application/Runtime/Temp/d86c828583c5c6160e8acfee88ba1590.php): No such file or directory E:\wamp\www\myguopin\ThinkPHP\Library\Think\Cache\Driver\File.class.php 第 157 行.
NOTIC: [2] file_get_contents(): Unable to find the wrapper &quot;https&quot; - did you forget to enable it when you configured PHP? E:\wamp\www\myguopin\Application\Home\Controller\FontEndController.class.php 第 152 行.
NOTIC: [2] file_get_contents(https://api.weixin.qq.com/cgi-bin/ticket/getticket?access_token=&amp;type=jsapi): failed to open stream: No such file or directory E:\wamp\www\myguopin\Application\Home\Controller\FontEndController.class.php 第 152 行.
NOTIC: [2] unlink(../Application/Runtime/Temp/e344c187b5ce3b018775638c2dc0c114.php): No such file or directory E:\wamp\www\myguopin\ThinkPHP\Library\Think\Cache\Driver\File.class.php 第 157 行.
NOTIC: [8] Use of undefined constant HTTP_HOST - assumed 'HTTP_HOST' E:\wamp\www\myguopin\Application\Home\Controller\FontEndController.class.php 第 160 行.
NOTIC: [8] Use of undefined constant REQUEST_URI - assumed 'REQUEST_URI' E:\wamp\www\myguopin\Application\Home\Controller\FontEndController.class.php 第 160 行.
SQL: SHOW COLUMNS FROM `m_admin_infor` [ RunTime:0.0088s ]
SQL: SELECT * FROM `m_admin_infor` WHERE ( id=1 ) LIMIT 1   [ RunTime:0.0004s ]
SQL: SELECT `goods_id`,`goods_name`,`yuan_price`,`price`,`goods_img` FROM `m_goods` WHERE ( goods_id=214 ) LIMIT 1   [ RunTime:0.0004s ]
SQL: SELECT `goods_id`,`goods_name`,`yuan_price`,`price`,`goods_img` FROM `m_goods` WHERE ( goods_id=213 ) LIMIT 1   [ RunTime:0.0003s ]
INFO: [ app_end ] --START--
INFO: Run Behavior\ShowPageTraceBehavior [ RunTime:0.002763s ]
INFO: [ app_end ] --END-- [ RunTime:0.002976s ]

[ 2016-07-18T22:11:21+08:00 ] 127.0.0.1 /Home/index/menu.html
INFO: [ app_init ] --START--
INFO: Run Behavior\BuildLiteBehavior [ RunTime:0.000048s ]
INFO: [ app_init ] --END-- [ RunTime:0.003929s ]
INFO: [ app_begin ] --START--
INFO: Run Behavior\ReadHtmlCacheBehavior [ RunTime:0.001887s ]
INFO: [ app_begin ] --END-- [ RunTime:0.002081s ]
NOTIC: [2] file_get_contents(): Unable to find the wrapper &quot;https&quot; - did you forget to enable it when you configured PHP? E:\wamp\www\myguopin\Application\Home\Controller\FontEndController.class.php 第 144 行.
NOTIC: [2] file_get_contents(https://api.weixin.qq.com/cgi-bin/token?grant_type=client_credential&amp;appid=wx6231a8932405bdaf&amp;secret=05406ab511f4d9bd46ac09982065b102): failed to open stream: No such file or directory E:\wamp\www\myguopin\Application\Home\Controller\FontEndController.class.php 第 144 行.
NOTIC: [2] unlink(../Application/Runtime/Temp/d86c828583c5c6160e8acfee88ba1590.php): No such file or directory E:\wamp\www\myguopin\ThinkPHP\Library\Think\Cache\Driver\File.class.php 第 157 行.
NOTIC: [2] file_get_contents(): Unable to find the wrapper &quot;https&quot; - did you forget to enable it when you configured PHP? E:\wamp\www\myguopin\Application\Home\Controller\FontEndController.class.php 第 152 行.
NOTIC: [2] file_get_contents(https://api.weixin.qq.com/cgi-bin/ticket/getticket?access_token=&amp;type=jsapi): failed to open stream: No such file or directory E:\wamp\www\myguopin\Application\Home\Controller\FontEndController.class.php 第 152 行.
NOTIC: [2] unlink(../Application/Runtime/Temp/e344c187b5ce3b018775638c2dc0c114.php): No such file or directory E:\wamp\www\myguopin\ThinkPHP\Library\Think\Cache\Driver\File.class.php 第 157 行.
NOTIC: [2] file_get_contents(): Unable to find the wrapper &quot;https&quot; - did you forget to enable it when you configured PHP? E:\wamp\www\myguopin\Application\Home\Controller\FontEndController.class.php 第 144 行.
NOTIC: [2] file_get_contents(https://api.weixin.qq.com/cgi-bin/token?grant_type=client_credential&amp;appid=wx6231a8932405bdaf&amp;secret=05406ab511f4d9bd46ac09982065b102): failed to open stream: No such file or directory E:\wamp\www\myguopin\Application\Home\Controller\FontEndController.class.php 第 144 行.
NOTIC: [2] unlink(../Application/Runtime/Temp/d86c828583c5c6160e8acfee88ba1590.php): No such file or directory E:\wamp\www\myguopin\ThinkPHP\Library\Think\Cache\Driver\File.class.php 第 157 行.
NOTIC: [2] file_get_contents(): Unable to find the wrapper &quot;https&quot; - did you forget to enable it when you configured PHP? E:\wamp\www\myguopin\Application\Home\Controller\FontEndController.class.php 第 152 行.
NOTIC: [2] file_get_contents(https://api.weixin.qq.com/cgi-bin/ticket/getticket?access_token=&amp;type=jsapi): failed to open stream: No such file or directory E:\wamp\www\myguopin\Application\Home\Controller\FontEndController.class.php 第 152 行.
NOTIC: [2] unlink(../Application/Runtime/Temp/e344c187b5ce3b018775638c2dc0c114.php): No such file or directory E:\wamp\www\myguopin\ThinkPHP\Library\Think\Cache\Driver\File.class.php 第 157 行.
NOTIC: [8] Use of undefined constant HTTP_HOST - assumed 'HTTP_HOST' E:\wamp\www\myguopin\Application\Home\Controller\FontEndController.class.php 第 160 行.
NOTIC: [8] Use of undefined constant REQUEST_URI - assumed 'REQUEST_URI' E:\wamp\www\myguopin\Application\Home\Controller\FontEndController.class.php 第 160 行.
SQL: SHOW COLUMNS FROM `m_admin_infor` [ RunTime:0.0075s ]
SQL: SELECT * FROM `m_admin_infor` WHERE ( id=1 ) LIMIT 1   [ RunTime:0.0004s ]
SQL: SELECT `goods_id`,`goods_name`,`yuan_price`,`price`,`goods_img` FROM `m_goods` WHERE ( goods_id=214 ) LIMIT 1   [ RunTime:0.0003s ]
SQL: SELECT `goods_id`,`goods_name`,`yuan_price`,`price`,`goods_img` FROM `m_goods` WHERE ( goods_id=213 ) LIMIT 1   [ RunTime:0.0003s ]
INFO: [ view_parse ] --START--
INFO: [ template_filter ] --START--
INFO: Run Behavior\ContentReplaceBehavior [ RunTime:0.000085s ]
INFO: [ template_filter ] --END-- [ RunTime:0.000188s ]
NOTIC: [8] Undefined variable: huiyuanming E:\wamp\www\myguopin\Application\Runtime\Cache\Home\mb9d79d9ebc6acea4973b72e9f79dcb766.php 第 21 行.
NOTIC: [8] Undefined variable: yonghu_url E:\wamp\www\myguopin\Application\Runtime\Cache\Home\mb9d79d9ebc6acea4973b72e9f79dcb766.php 第 22 行.
NOTIC: [8] Undefined variable: tuichu_url E:\wamp\www\myguopin\Application\Runtime\Cache\Home\mb9d79d9ebc6acea4973b72e9f79dcb766.php 第 26 行.
NOTIC: [8] Undefined variable: login_url E:\wamp\www\myguopin\Application\Runtime\Cache\Home\mb9d79d9ebc6acea4973b72e9f79dcb766.php 第 29 行.
NOTIC: [8] Undefined variable: zhuce_url E:\wamp\www\myguopin\Application\Runtime\Cache\Home\mb9d79d9ebc6acea4973b72e9f79dcb766.php 第 33 行.
INFO: Run Behavior\ParseTemplateBehavior [ RunTime:0.010822s ]
INFO: [ view_parse ] --END-- [ RunTime:0.010918s ]
INFO: [ view_filter ] --START--
INFO: Run Behavior\WriteHtmlCacheBehavior [ RunTime:0.000632s ]
INFO: Run Behavior\TokenBuildBehavior [ RunTime:0.000767s ]
INFO: [ view_filter ] --END-- [ RunTime:0.001542s ]
INFO: [ app_end ] --START--
INFO: Run Behavior\ShowPageTraceBehavior [ RunTime:0.000874s ]
INFO: [ app_end ] --END-- [ RunTime:0.000968s ]

[ 2016-07-18T22:11:21+08:00 ] 127.0.0.1 /Home/Index/menu.html
INFO: [ app_init ] --START--
INFO: Run Behavior\BuildLiteBehavior [ RunTime:0.000046s ]
INFO: [ app_init ] --END-- [ RunTime:0.002093s ]
INFO: [ app_begin ] --START--
INFO: Run Behavior\ReadHtmlCacheBehavior [ RunTime:0.003631s ]
INFO: [ app_begin ] --END-- [ RunTime:0.003802s ]
NOTIC: [2] file_get_contents(): Unable to find the wrapper &quot;https&quot; - did you forget to enable it when you configured PHP? E:\wamp\www\myguopin\Application\Home\Controller\FontEndController.class.php 第 144 行.
NOTIC: [2] file_get_contents(https://api.weixin.qq.com/cgi-bin/token?grant_type=client_credential&amp;appid=wx6231a8932405bdaf&amp;secret=05406ab511f4d9bd46ac09982065b102): failed to open stream: No such file or directory E:\wamp\www\myguopin\Application\Home\Controller\FontEndController.class.php 第 144 行.
NOTIC: [2] unlink(../Application/Runtime/Temp/d86c828583c5c6160e8acfee88ba1590.php): No such file or directory E:\wamp\www\myguopin\ThinkPHP\Library\Think\Cache\Driver\File.class.php 第 157 行.
NOTIC: [2] file_get_contents(): Unable to find the wrapper &quot;https&quot; - did you forget to enable it when you configured PHP? E:\wamp\www\myguopin\Application\Home\Controller\FontEndController.class.php 第 152 行.
NOTIC: [2] file_get_contents(https://api.weixin.qq.com/cgi-bin/ticket/getticket?access_token=&amp;type=jsapi): failed to open stream: No such file or directory E:\wamp\www\myguopin\Application\Home\Controller\FontEndController.class.php 第 152 行.
NOTIC: [2] unlink(../Application/Runtime/Temp/e344c187b5ce3b018775638c2dc0c114.php): No such file or directory E:\wamp\www\myguopin\ThinkPHP\Library\Think\Cache\Driver\File.class.php 第 157 行.
NOTIC: [2] file_get_contents(): Unable to find the wrapper &quot;https&quot; - did you forget to enable it when you configured PHP? E:\wamp\www\myguopin\Application\Home\Controller\FontEndController.class.php 第 144 行.
NOTIC: [2] file_get_contents(https://api.weixin.qq.com/cgi-bin/token?grant_type=client_credential&amp;appid=wx6231a8932405bdaf&amp;secret=05406ab511f4d9bd46ac09982065b102): failed to open stream: No such file or directory E:\wamp\www\myguopin\Application\Home\Controller\FontEndController.class.php 第 144 行.
NOTIC: [2] unlink(../Application/Runtime/Temp/d86c828583c5c6160e8acfee88ba1590.php): No such file or directory E:\wamp\www\myguopin\ThinkPHP\Library\Think\Cache\Driver\File.class.php 第 157 行.
NOTIC: [2] file_get_contents(): Unable to find the wrapper &quot;https&quot; - did you forget to enable it when you configured PHP? E:\wamp\www\myguopin\Application\Home\Controller\FontEndController.class.php 第 152 行.
NOTIC: [2] file_get_contents(https://api.weixin.qq.com/cgi-bin/ticket/getticket?access_token=&amp;type=jsapi): failed to open stream: No such file or directory E:\wamp\www\myguopin\Application\Home\Controller\FontEndController.class.php 第 152 行.
NOTIC: [2] unlink(../Application/Runtime/Temp/e344c187b5ce3b018775638c2dc0c114.php): No such file or directory E:\wamp\www\myguopin\ThinkPHP\Library\Think\Cache\Driver\File.class.php 第 157 行.
NOTIC: [8] Use of undefined constant HTTP_HOST - assumed 'HTTP_HOST' E:\wamp\www\myguopin\Application\Home\Controller\FontEndController.class.php 第 160 行.
NOTIC: [8] Use of undefined constant REQUEST_URI - assumed 'REQUEST_URI' E:\wamp\www\myguopin\Application\Home\Controller\FontEndController.class.php 第 160 行.
SQL: SHOW COLUMNS FROM `m_admin_infor` [ RunTime:0.0065s ]
SQL: SELECT * FROM `m_admin_infor` WHERE ( id=1 ) LIMIT 1   [ RunTime:0.0003s ]
SQL: SELECT `goods_id`,`goods_name`,`yuan_price`,`price`,`goods_img` FROM `m_goods` WHERE ( goods_id=214 ) LIMIT 1   [ RunTime:0.0003s ]
SQL: SELECT `goods_id`,`goods_name`,`yuan_price`,`price`,`goods_img` FROM `m_goods` WHERE ( goods_id=213 ) LIMIT 1   [ RunTime:0.0002s ]
INFO: [ view_parse ] --START--
INFO: [ template_filter ] --START--
INFO: Run Behavior\ContentReplaceBehavior [ RunTime:0.000140s ]
INFO: [ template_filter ] --END-- [ RunTime:0.000289s ]
NOTIC: [8] Undefined variable: huiyuanming E:\wamp\www\myguopin\Application\Runtime\Cache\Home\mb9d79d9ebc6acea4973b72e9f79dcb766.php 第 21 行.
NOTIC: [8] Undefined variable: yonghu_url E:\wamp\www\myguopin\Application\Runtime\Cache\Home\mb9d79d9ebc6acea4973b72e9f79dcb766.php 第 22 行.
NOTIC: [8] Undefined variable: tuichu_url E:\wamp\www\myguopin\Application\Runtime\Cache\Home\mb9d79d9ebc6acea4973b72e9f79dcb766.php 第 26 行.
NOTIC: [8] Undefined variable: login_url E:\wamp\www\myguopin\Application\Runtime\Cache\Home\mb9d79d9ebc6acea4973b72e9f79dcb766.php 第 29 行.
NOTIC: [8] Undefined variable: zhuce_url E:\wamp\www\myguopin\Application\Runtime\Cache\Home\mb9d79d9ebc6acea4973b72e9f79dcb766.php 第 33 行.
INFO: Run Behavior\ParseTemplateBehavior [ RunTime:0.012969s ]
INFO: [ view_parse ] --END-- [ RunTime:0.013050s ]
INFO: [ view_filter ] --START--
INFO: Run Behavior\WriteHtmlCacheBehavior [ RunTime:0.000647s ]
INFO: Run Behavior\TokenBuildBehavior [ RunTime:0.000753s ]
INFO: [ view_filter ] --END-- [ RunTime:0.001515s ]
INFO: [ app_end ] --START--
INFO: Run Behavior\ShowPageTraceBehavior [ RunTime:0.000869s ]
INFO: [ app_end ] --END-- [ RunTime:0.000947s ]

[ 2016-07-18T22:11:21+08:00 ] 127.0.0.1 /Home/login/is_login.html
INFO: [ app_init ] --START--
INFO: Run Behavior\BuildLiteBehavior [ RunTime:0.000040s ]
INFO: [ app_init ] --END-- [ RunTime:0.000886s ]
INFO: [ app_begin ] --START--
INFO: Run Behavior\ReadHtmlCacheBehavior [ RunTime:0.001762s ]
INFO: [ app_begin ] --END-- [ RunTime:0.002195s ]
NOTIC: [2] file_get_contents(): Unable to find the wrapper &quot;https&quot; - did you forget to enable it when you configured PHP? E:\wamp\www\myguopin\Application\Home\Controller\FontEndController.class.php 第 144 行.
NOTIC: [2] file_get_contents(https://api.weixin.qq.com/cgi-bin/token?grant_type=client_credential&amp;appid=wx6231a8932405bdaf&amp;secret=05406ab511f4d9bd46ac09982065b102): failed to open stream: No such file or directory E:\wamp\www\myguopin\Application\Home\Controller\FontEndController.class.php 第 144 行.
NOTIC: [2] unlink(../Application/Runtime/Temp/d86c828583c5c6160e8acfee88ba1590.php): No such file or directory E:\wamp\www\myguopin\ThinkPHP\Library\Think\Cache\Driver\File.class.php 第 157 行.
NOTIC: [2] file_get_contents(): Unable to find the wrapper &quot;https&quot; - did you forget to enable it when you configured PHP? E:\wamp\www\myguopin\Application\Home\Controller\FontEndController.class.php 第 152 行.
NOTIC: [2] file_get_contents(https://api.weixin.qq.com/cgi-bin/ticket/getticket?access_token=&amp;type=jsapi): failed to open stream: No such file or directory E:\wamp\www\myguopin\Application\Home\Controller\FontEndController.class.php 第 152 行.
NOTIC: [2] unlink(../Application/Runtime/Temp/e344c187b5ce3b018775638c2dc0c114.php): No such file or directory E:\wamp\www\myguopin\ThinkPHP\Library\Think\Cache\Driver\File.class.php 第 157 行.
NOTIC: [2] file_get_contents(): Unable to find the wrapper &quot;https&quot; - did you forget to enable it when you configured PHP? E:\wamp\www\myguopin\Application\Home\Controller\FontEndController.class.php 第 144 行.
NOTIC: [2] file_get_contents(https://api.weixin.qq.com/cgi-bin/token?grant_type=client_credential&amp;appid=wx6231a8932405bdaf&amp;secret=05406ab511f4d9bd46ac09982065b102): failed to open stream: No such file or directory E:\wamp\www\myguopin\Application\Home\Controller\FontEndController.class.php 第 144 行.
NOTIC: [2] unlink(../Application/Runtime/Temp/d86c828583c5c6160e8acfee88ba1590.php): No such file or directory E:\wamp\www\myguopin\ThinkPHP\Library\Think\Cache\Driver\File.class.php 第 157 行.
NOTIC: [2] file_get_contents(): Unable to find the wrapper &quot;https&quot; - did you forget to enable it when you configured PHP? E:\wamp\www\myguopin\Application\Home\Controller\FontEndController.class.php 第 152 行.
NOTIC: [2] file_get_contents(https://api.weixin.qq.com/cgi-bin/ticket/getticket?access_token=&amp;type=jsapi): failed to open stream: No such file or directory E:\wamp\www\myguopin\Application\Home\Controller\FontEndController.class.php 第 152 行.
NOTIC: [2] unlink(../Application/Runtime/Temp/e344c187b5ce3b018775638c2dc0c114.php): No such file or directory E:\wamp\www\myguopin\ThinkPHP\Library\Think\Cache\Driver\File.class.php 第 157 行.
NOTIC: [8] Use of undefined constant HTTP_HOST - assumed 'HTTP_HOST' E:\wamp\www\myguopin\Application\Home\Controller\FontEndController.class.php 第 160 行.
NOTIC: [8] Use of undefined constant REQUEST_URI - assumed 'REQUEST_URI' E:\wamp\www\myguopin\Application\Home\Controller\FontEndController.class.php 第 160 行.
SQL: SHOW COLUMNS FROM `m_admin_infor` [ RunTime:0.0061s ]
SQL: SELECT * FROM `m_admin_infor` WHERE ( id=1 ) LIMIT 1   [ RunTime:0.0005s ]
SQL: SELECT `goods_id`,`goods_name`,`yuan_price`,`price`,`goods_img` FROM `m_goods` WHERE ( goods_id=214 ) LIMIT 1   [ RunTime:0.0003s ]
SQL: SELECT `goods_id`,`goods_name`,`yuan_price`,`price`,`goods_img` FROM `m_goods` WHERE ( goods_id=213 ) LIMIT 1   [ RunTime:0.0002s ]

[ 2016-07-18T22:11:23+08:00 ] 127.0.0.1 /Home/Goods/gmcg_wx/order_id/14.html
INFO: [ app_init ] --START--
INFO: Run Behavior\BuildLiteBehavior [ RunTime:0.000034s ]
INFO: [ app_init ] --END-- [ RunTime:0.000680s ]
INFO: [ app_begin ] --START--
INFO: Run Behavior\ReadHtmlCacheBehavior [ RunTime:0.000938s ]
INFO: [ app_begin ] --END-- [ RunTime:0.001038s ]
NOTIC: [2] file_get_contents(): Unable to find the wrapper &quot;https&quot; - did you forget to enable it when you configured PHP? E:\wamp\www\myguopin\Application\Home\Controller\FontEndController.class.php 第 144 行.
NOTIC: [2] file_get_contents(https://api.weixin.qq.com/cgi-bin/token?grant_type=client_credential&amp;appid=wx6231a8932405bdaf&amp;secret=05406ab511f4d9bd46ac09982065b102): failed to open stream: No such file or directory E:\wamp\www\myguopin\Application\Home\Controller\FontEndController.class.php 第 144 行.
NOTIC: [2] unlink(../Application/Runtime/Temp/d86c828583c5c6160e8acfee88ba1590.php): No such file or directory E:\wamp\www\myguopin\ThinkPHP\Library\Think\Cache\Driver\File.class.php 第 157 行.
NOTIC: [2] file_get_contents(): Unable to find the wrapper &quot;https&quot; - did you forget to enable it when you configured PHP? E:\wamp\www\myguopin\Application\Home\Controller\FontEndController.class.php 第 152 行.
NOTIC: [2] file_get_contents(https://api.weixin.qq.com/cgi-bin/ticket/getticket?access_token=&amp;type=jsapi): failed to open stream: No such file or directory E:\wamp\www\myguopin\Application\Home\Controller\FontEndController.class.php 第 152 行.
NOTIC: [2] unlink(../Application/Runtime/Temp/e344c187b5ce3b018775638c2dc0c114.php): No such file or directory E:\wamp\www\myguopin\ThinkPHP\Library\Think\Cache\Driver\File.class.php 第 157 行.
NOTIC: [2] file_get_contents(): Unable to find the wrapper &quot;https&quot; - did you forget to enable it when you configured PHP? E:\wamp\www\myguopin\Application\Home\Controller\FontEndController.class.php 第 144 行.
NOTIC: [2] file_get_contents(https://api.weixin.qq.com/cgi-bin/token?grant_type=client_credential&amp;appid=wx6231a8932405bdaf&amp;secret=05406ab511f4d9bd46ac09982065b102): failed to open stream: No such file or directory E:\wamp\www\myguopin\Application\Home\Controller\FontEndController.class.php 第 144 行.
NOTIC: [2] unlink(../Application/Runtime/Temp/d86c828583c5c6160e8acfee88ba1590.php): No such file or directory E:\wamp\www\myguopin\ThinkPHP\Library\Think\Cache\Driver\File.class.php 第 157 行.
NOTIC: [2] file_get_contents(): Unable to find the wrapper &quot;https&quot; - did you forget to enable it when you configured PHP? E:\wamp\www\myguopin\Application\Home\Controller\FontEndController.class.php 第 152 行.
NOTIC: [2] file_get_contents(https://api.weixin.qq.com/cgi-bin/ticket/getticket?access_token=&amp;type=jsapi): failed to open stream: No such file or directory E:\wamp\www\myguopin\Application\Home\Controller\FontEndController.class.php 第 152 行.
NOTIC: [2] unlink(../Application/Runtime/Temp/e344c187b5ce3b018775638c2dc0c114.php): No such file or directory E:\wamp\www\myguopin\ThinkPHP\Library\Think\Cache\Driver\File.class.php 第 157 行.
NOTIC: [8] Use of undefined constant HTTP_HOST - assumed 'HTTP_HOST' E:\wamp\www\myguopin\Application\Home\Controller\FontEndController.class.php 第 160 行.
NOTIC: [8] Use of undefined constant REQUEST_URI - assumed 'REQUEST_URI' E:\wamp\www\myguopin\Application\Home\Controller\FontEndController.class.php 第 160 行.
SQL: SHOW COLUMNS FROM `m_admin_infor` [ RunTime:0.0067s ]
SQL: SELECT * FROM `m_admin_infor` WHERE ( id=1 ) LIMIT 1   [ RunTime:0.0003s ]
SQL: SELECT `goods_id`,`goods_name`,`yuan_price`,`price`,`goods_img` FROM `m_goods` WHERE ( goods_id=214 ) LIMIT 1   [ RunTime:0.0004s ]
SQL: SELECT `goods_id`,`goods_name`,`yuan_price`,`price`,`goods_img` FROM `m_goods` WHERE ( goods_id=213 ) LIMIT 1   [ RunTime:0.0003s ]
SQL: SELECT * FROM `m_order` WHERE ( order_id=14 and deleted=0 ) LIMIT 1   [ RunTime:0.0004s ]
INFO: [ view_parse ] --START--
INFO: [ template_filter ] --START--
INFO: Run Behavior\ContentReplaceBehavior [ RunTime:0.000072s ]
INFO: [ template_filter ] --END-- [ RunTime:0.000164s ]
INFO: Run Behavior\ParseTemplateBehavior [ RunTime:0.008032s ]
INFO: [ view_parse ] --END-- [ RunTime:0.008168s ]
INFO: [ view_filter ] --START--
INFO: Run Behavior\WriteHtmlCacheBehavior [ RunTime:0.001567s ]
INFO: Run Behavior\TokenBuildBehavior [ RunTime:0.000843s ]
INFO: [ view_filter ] --END-- [ RunTime:0.002562s ]

[ 2016-07-18T22:11:26+08:00 ] 127.0.0.1 /Home/Goods/zhifu/order_id/14.html
INFO: [ app_init ] --START--
INFO: Run Behavior\BuildLiteBehavior [ RunTime:0.000035s ]
INFO: [ app_init ] --END-- [ RunTime:0.001078s ]
INFO: [ app_begin ] --START--
INFO: Run Behavior\ReadHtmlCacheBehavior [ RunTime:0.001130s ]
INFO: [ app_begin ] --END-- [ RunTime:0.001269s ]
NOTIC: [2] file_get_contents(): Unable to find the wrapper &quot;https&quot; - did you forget to enable it when you configured PHP? E:\wamp\www\myguopin\Application\Home\Controller\FontEndController.class.php 第 144 行.
NOTIC: [2] file_get_contents(https://api.weixin.qq.com/cgi-bin/token?grant_type=client_credential&amp;appid=wx6231a8932405bdaf&amp;secret=05406ab511f4d9bd46ac09982065b102): failed to open stream: No such file or directory E:\wamp\www\myguopin\Application\Home\Controller\FontEndController.class.php 第 144 行.
NOTIC: [2] unlink(../Application/Runtime/Temp/d86c828583c5c6160e8acfee88ba1590.php): No such file or directory E:\wamp\www\myguopin\ThinkPHP\Library\Think\Cache\Driver\File.class.php 第 157 行.
NOTIC: [2] file_get_contents(): Unable to find the wrapper &quot;https&quot; - did you forget to enable it when you configured PHP? E:\wamp\www\myguopin\Application\Home\Controller\FontEndController.class.php 第 152 行.
NOTIC: [2] file_get_contents(https://api.weixin.qq.com/cgi-bin/ticket/getticket?access_token=&amp;type=jsapi): failed to open stream: No such file or directory E:\wamp\www\myguopin\Application\Home\Controller\FontEndController.class.php 第 152 行.
NOTIC: [2] unlink(../Application/Runtime/Temp/e344c187b5ce3b018775638c2dc0c114.php): No such file or directory E:\wamp\www\myguopin\ThinkPHP\Library\Think\Cache\Driver\File.class.php 第 157 行.
NOTIC: [2] file_get_contents(): Unable to find the wrapper &quot;https&quot; - did you forget to enable it when you configured PHP? E:\wamp\www\myguopin\Application\Home\Controller\FontEndController.class.php 第 144 行.
NOTIC: [2] file_get_contents(https://api.weixin.qq.com/cgi-bin/token?grant_type=client_credential&amp;appid=wx6231a8932405bdaf&amp;secret=05406ab511f4d9bd46ac09982065b102): failed to open stream: No such file or directory E:\wamp\www\myguopin\Application\Home\Controller\FontEndController.class.php 第 144 行.
NOTIC: [2] unlink(../Application/Runtime/Temp/d86c828583c5c6160e8acfee88ba1590.php): No such file or directory E:\wamp\www\myguopin\ThinkPHP\Library\Think\Cache\Driver\File.class.php 第 157 行.
NOTIC: [2] file_get_contents(): Unable to find the wrapper &quot;https&quot; - did you forget to enable it when you configured PHP? E:\wamp\www\myguopin\Application\Home\Controller\FontEndController.class.php 第 152 行.
NOTIC: [2] file_get_contents(https://api.weixin.qq.com/cgi-bin/ticket/getticket?access_token=&amp;type=jsapi): failed to open stream: No such file or directory E:\wamp\www\myguopin\Application\Home\Controller\FontEndController.class.php 第 152 行.
NOTIC: [2] unlink(../Application/Runtime/Temp/e344c187b5ce3b018775638c2dc0c114.php): No such file or directory E:\wamp\www\myguopin\ThinkPHP\Library\Think\Cache\Driver\File.class.php 第 157 行.
NOTIC: [8] Use of undefined constant HTTP_HOST - assumed 'HTTP_HOST' E:\wamp\www\myguopin\Application\Home\Controller\FontEndController.class.php 第 160 行.
NOTIC: [8] Use of undefined constant REQUEST_URI - assumed 'REQUEST_URI' E:\wamp\www\myguopin\Application\Home\Controller\FontEndController.class.php 第 160 行.
SQL: SHOW COLUMNS FROM `m_admin_infor` [ RunTime:0.0074s ]
SQL: SELECT * FROM `m_admin_infor` WHERE ( id=1 ) LIMIT 1   [ RunTime:0.0004s ]
SQL: SELECT `goods_id`,`goods_name`,`yuan_price`,`price`,`goods_img` FROM `m_goods` WHERE ( goods_id=214 ) LIMIT 1   [ RunTime:0.0004s ]
SQL: SELECT `goods_id`,`goods_name`,`yuan_price`,`price`,`goods_img` FROM `m_goods` WHERE ( goods_id=213 ) LIMIT 1   [ RunTime:0.0003s ]
SQL: SELECT * FROM `m_order` WHERE ( order_id='14' ) LIMIT 1   [ RunTime:0.0004s ]
INFO: [ view_parse ] --START--
INFO: [ template_filter ] --START--
INFO: Run Behavior\ContentReplaceBehavior [ RunTime:0.000161s ]
INFO: [ template_filter ] --END-- [ RunTime:0.000318s ]
INFO: Run Behavior\ParseTemplateBehavior [ RunTime:0.012757s ]
INFO: [ view_parse ] --END-- [ RunTime:0.012868s ]
INFO: [ view_filter ] --START--
INFO: Run Behavior\WriteHtmlCacheBehavior [ RunTime:0.000732s ]
INFO: Run Behavior\TokenBuildBehavior [ RunTime:0.000756s ]
INFO: [ view_filter ] --END-- [ RunTime:0.001648s ]
INFO: [ app_end ] --START--
INFO: Run Behavior\ShowPageTraceBehavior [ RunTime:0.000967s ]
INFO: [ app_end ] --END-- [ RunTime:0.001069s ]

