[ 2016-07-19T19:31:12+08:00 ] 127.0.0.1 /
INFO: [ app_init ] --START--
INFO: Run Behavior\BuildLiteBehavior [ RunTime:0.000044s ]
INFO: [ app_init ] --END-- [ RunTime:0.001495s ]
INFO: [ app_begin ] --START--
INFO: Run Behavior\ReadHtmlCacheBehavior [ RunTime:0.001633s ]
INFO: [ app_begin ] --END-- [ RunTime:0.001814s ]
SQL: SHOW COLUMNS FROM `m_admin_infor` [ RunTime:0.0358s ]
SQL: SELECT * FROM `m_admin_infor` WHERE ( id=1 ) LIMIT 1   [ RunTime:0.0008s ]
SQL: SELECT `goods_id`,`goods_name`,`yuan_price`,`price`,`goods_img` FROM `m_goods` WHERE ( goods_id=214 ) LIMIT 1   [ RunTime:0.0014s ]
SQL: SELECT `goods_id`,`goods_name`,`yuan_price`,`price`,`goods_img` FROM `m_goods` WHERE ( goods_id=213 ) LIMIT 1   [ RunTime:0.0005s ]
SQL: SHOW COLUMNS FROM `m_admin_advert` [ RunTime:0.0310s ]
SQL: SELECT `xuhao`,`img_url`,`url` FROM `m_admin_advert` WHERE ( position='轮播' )  [ RunTime:0.0185s ]
SQL: SELECT * FROM `m_goods`  [ RunTime:0.0006s ]
INFO: [ view_parse ] --START--
INFO: [ template_filter ] --START--
INFO: Run Behavior\ContentReplaceBehavior [ RunTime:0.000251s ]
INFO: [ template_filter ] --END-- [ RunTime:0.000477s ]
NOTIC: [8] Undefined variable: get E:\wamp\www\myguopin\Application\Runtime\Cache\Home\mbd4464d615aba9d56fd2fbd7560cbe17f.php 第 50 行.
NOTIC: [8] Undefined variable: wx_config E:\wamp\www\myguopin\Application\Runtime\Cache\Home\mbd4464d615aba9d56fd2fbd7560cbe17f.php 第 148 行.
NOTIC: [8] Undefined variable: wx_config E:\wamp\www\myguopin\Application\Runtime\Cache\Home\mbd4464d615aba9d56fd2fbd7560cbe17f.php 第 149 行.
NOTIC: [8] Undefined variable: wx_config E:\wamp\www\myguopin\Application\Runtime\Cache\Home\mbd4464d615aba9d56fd2fbd7560cbe17f.php 第 150 行.
NOTIC: [8] Undefined variable: wx_config E:\wamp\www\myguopin\Application\Runtime\Cache\Home\mbd4464d615aba9d56fd2fbd7560cbe17f.php 第 151 行.
INFO: Run Behavior\ParseTemplateBehavior [ RunTime:0.044144s ]
INFO: [ view_parse ] --END-- [ RunTime:0.044314s ]
INFO: [ view_filter ] --START--
INFO: Run Behavior\WriteHtmlCacheBehavior [ RunTime:0.001799s ]
INFO: Run Behavior\TokenBuildBehavior [ RunTime:0.001854s ]
INFO: [ view_filter ] --END-- [ RunTime:0.003907s ]
INFO: [ app_end ] --START--
INFO: Run Behavior\ShowPageTraceBehavior [ RunTime:0.001610s ]
INFO: [ app_end ] --END-- [ RunTime:0.001766s ]

[ 2016-07-19T19:31:12+08:00 ] 127.0.0.1 /
INFO: [ app_init ] --START--
INFO: Run Behavior\BuildLiteBehavior [ RunTime:0.000039s ]
INFO: [ app_init ] --END-- [ RunTime:0.000882s ]
INFO: [ app_begin ] --START--
INFO: Run Behavior\ReadHtmlCacheBehavior [ RunTime:0.001126s ]
INFO: [ app_begin ] --END-- [ RunTime:0.001285s ]
SQL: SHOW COLUMNS FROM `m_admin_infor` [ RunTime:0.0072s ]
SQL: SELECT * FROM `m_admin_infor` WHERE ( id=1 ) LIMIT 1   [ RunTime:0.0004s ]
SQL: SELECT `goods_id`,`goods_name`,`yuan_price`,`price`,`goods_img` FROM `m_goods` WHERE ( goods_id=214 ) LIMIT 1   [ RunTime:0.0004s ]
SQL: SELECT `goods_id`,`goods_name`,`yuan_price`,`price`,`goods_img` FROM `m_goods` WHERE ( goods_id=213 ) LIMIT 1   [ RunTime:0.0004s ]
SQL: SHOW COLUMNS FROM `m_admin_advert` [ RunTime:0.0063s ]
SQL: SELECT `xuhao`,`img_url`,`url` FROM `m_admin_advert` WHERE ( position='轮播' )  [ RunTime:0.0004s ]
SQL: SELECT * FROM `m_goods`  [ RunTime:0.0006s ]
INFO: [ view_parse ] --START--
INFO: [ template_filter ] --START--
INFO: Run Behavior\ContentReplaceBehavior [ RunTime:0.000184s ]
INFO: [ template_filter ] --END-- [ RunTime:0.000306s ]
NOTIC: [8] Undefined variable: get E:\wamp\www\myguopin\Application\Runtime\Cache\Home\mbd4464d615aba9d56fd2fbd7560cbe17f.php 第 50 行.
NOTIC: [8] Undefined variable: wx_config E:\wamp\www\myguopin\Application\Runtime\Cache\Home\mbd4464d615aba9d56fd2fbd7560cbe17f.php 第 148 行.
NOTIC: [8] Undefined variable: wx_config E:\wamp\www\myguopin\Application\Runtime\Cache\Home\mbd4464d615aba9d56fd2fbd7560cbe17f.php 第 149 行.
NOTIC: [8] Undefined variable: wx_config E:\wamp\www\myguopin\Application\Runtime\Cache\Home\mbd4464d615aba9d56fd2fbd7560cbe17f.php 第 150 行.
NOTIC: [8] Undefined variable: wx_config E:\wamp\www\myguopin\Application\Runtime\Cache\Home\mbd4464d615aba9d56fd2fbd7560cbe17f.php 第 151 行.
INFO: Run Behavior\ParseTemplateBehavior [ RunTime:0.029340s ]
INFO: [ view_parse ] --END-- [ RunTime:0.029514s ]
INFO: [ view_filter ] --START--
INFO: Run Behavior\WriteHtmlCacheBehavior [ RunTime:0.001074s ]
INFO: Run Behavior\TokenBuildBehavior [ RunTime:0.001856s ]
INFO: [ view_filter ] --END-- [ RunTime:0.003192s ]
INFO: [ app_end ] --START--
INFO: Run Behavior\ShowPageTraceBehavior [ RunTime:0.001320s ]
INFO: [ app_end ] --END-- [ RunTime:0.001476s ]

[ 2016-07-19T19:42:18+08:00 ] 127.0.0.1 /
INFO: [ app_init ] --START--
INFO: Run Behavior\BuildLiteBehavior [ RunTime:0.000043s ]
INFO: [ app_init ] --END-- [ RunTime:0.001406s ]
INFO: [ app_begin ] --START--
INFO: Run Behavior\ReadHtmlCacheBehavior [ RunTime:0.001284s ]
INFO: [ app_begin ] --END-- [ RunTime:0.001396s ]
SQL: SHOW COLUMNS FROM `m_admin_infor` [ RunTime:0.0076s ]
SQL: SELECT * FROM `m_admin_infor` WHERE ( id=1 ) LIMIT 1   [ RunTime:0.0005s ]
NOTIC: [2] array_reverse() expects parameter 1 to be array, null given E:\wamp\www\myguopin\Application\Home\Controller\FontEndController.class.php 第 42 行.
SQL: SHOW COLUMNS FROM `m_admin_advert` [ RunTime:0.0063s ]
SQL: SELECT `xuhao`,`img_url`,`url` FROM `m_admin_advert` WHERE ( position='轮播' )  [ RunTime:0.0005s ]
SQL: SELECT * FROM `m_goods`  [ RunTime:0.0005s ]
INFO: [ view_parse ] --START--
INFO: [ template_filter ] --START--
INFO: Run Behavior\ContentReplaceBehavior [ RunTime:0.000158s ]
INFO: [ template_filter ] --END-- [ RunTime:0.031691s ]
INFO: Run Behavior\ParseTemplateBehavior [ RunTime:0.079882s ]
INFO: [ view_parse ] --END-- [ RunTime:0.079978s ]
INFO: [ view_filter ] --START--
INFO: Run Behavior\WriteHtmlCacheBehavior [ RunTime:0.001497s ]
INFO: Run Behavior\TokenBuildBehavior [ RunTime:0.015507s ]
INFO: [ view_filter ] --END-- [ RunTime:0.017161s ]
INFO: [ app_end ] --START--
INFO: Run Behavior\ShowPageTraceBehavior [ RunTime:0.001516s ]
INFO: [ app_end ] --END-- [ RunTime:0.001612s ]

[ 2016-07-19T21:24:22+08:00 ] 127.0.0.1 /Home/Kindeditor/editor_check?dir=image
INFO: [ app_init ] --START--
INFO: Run Behavior\BuildLiteBehavior [ RunTime:0.000025s ]
INFO: [ app_init ] --END-- [ RunTime:0.000592s ]
INFO: [ app_begin ] --START--
INFO: Run Behavior\ReadHtmlCacheBehavior [ RunTime:0.000808s ]
INFO: [ app_begin ] --END-- [ RunTime:0.000921s ]
SQL: SHOW COLUMNS FROM `m_admin_infor` [ RunTime:0.0051s ]
SQL: SELECT * FROM `m_admin_infor` WHERE ( id=1 ) LIMIT 1   [ RunTime:0.0003s ]
NOTIC: [2] array_reverse() expects parameter 1 to be array, null given E:\wamp\www\myguopin\Application\Home\Controller\FontEndController.class.php 第 42 行.
NOTIC: [2] call_user_func() expects parameter 1 to be a valid callback, no array or string given E:\wamp\www\myguopin\ThinkPHP\Library\Think\Upload.class.php 第 170 行.

[ 2016-07-19T21:24:22+08:00 ] 127.0.0.1 /Home/Kindeditor/editor_check?dir=image
INFO: [ app_init ] --START--
INFO: Run Behavior\BuildLiteBehavior [ RunTime:0.000038s ]
INFO: [ app_init ] --END-- [ RunTime:0.000904s ]
INFO: [ app_begin ] --START--
INFO: Run Behavior\ReadHtmlCacheBehavior [ RunTime:0.001115s ]
INFO: [ app_begin ] --END-- [ RunTime:0.001228s ]
SQL: SHOW COLUMNS FROM `m_admin_infor` [ RunTime:0.0075s ]
SQL: SELECT * FROM `m_admin_infor` WHERE ( id=1 ) LIMIT 1   [ RunTime:0.0006s ]
NOTIC: [2] array_reverse() expects parameter 1 to be array, null given E:\wamp\www\myguopin\Application\Home\Controller\FontEndController.class.php 第 42 行.
NOTIC: [2] call_user_func() expects parameter 1 to be a valid callback, no array or string given E:\wamp\www\myguopin\ThinkPHP\Library\Think\Upload.class.php 第 170 行.

[ 2016-07-19T21:24:22+08:00 ] 127.0.0.1 /Home/Kindeditor/editor_check?dir=image
INFO: [ app_init ] --START--
INFO: Run Behavior\BuildLiteBehavior [ RunTime:0.000033s ]
INFO: [ app_init ] --END-- [ RunTime:0.000684s ]
INFO: [ app_begin ] --START--
INFO: Run Behavior\ReadHtmlCacheBehavior [ RunTime:0.000820s ]
INFO: [ app_begin ] --END-- [ RunTime:0.000910s ]
SQL: SHOW COLUMNS FROM `m_admin_infor` [ RunTime:0.0059s ]
SQL: SELECT * FROM `m_admin_infor` WHERE ( id=1 ) LIMIT 1   [ RunTime:0.0003s ]
NOTIC: [2] array_reverse() expects parameter 1 to be array, null given E:\wamp\www\myguopin\Application\Home\Controller\FontEndController.class.php 第 42 行.
NOTIC: [2] call_user_func() expects parameter 1 to be a valid callback, no array or string given E:\wamp\www\myguopin\ThinkPHP\Library\Think\Upload.class.php 第 170 行.

[ 2016-07-19T21:24:22+08:00 ] 127.0.0.1 /Home/Kindeditor/editor_check?dir=image
INFO: [ app_init ] --START--
INFO: Run Behavior\BuildLiteBehavior [ RunTime:0.000027s ]
INFO: [ app_init ] --END-- [ RunTime:0.000654s ]
INFO: [ app_begin ] --START--
INFO: Run Behavior\ReadHtmlCacheBehavior [ RunTime:0.001065s ]
INFO: [ app_begin ] --END-- [ RunTime:0.001216s ]
SQL: SHOW COLUMNS FROM `m_admin_infor` [ RunTime:0.0075s ]
SQL: SELECT * FROM `m_admin_infor` WHERE ( id=1 ) LIMIT 1   [ RunTime:0.0003s ]
NOTIC: [2] array_reverse() expects parameter 1 to be array, null given E:\wamp\www\myguopin\Application\Home\Controller\FontEndController.class.php 第 42 行.
NOTIC: [2] call_user_func() expects parameter 1 to be a valid callback, no array or string given E:\wamp\www\myguopin\ThinkPHP\Library\Think\Upload.class.php 第 170 行.

[ 2016-07-19T21:24:44+08:00 ] 127.0.0.1 /
INFO: [ app_init ] --START--
INFO: Run Behavior\BuildLiteBehavior [ RunTime:0.000023s ]
INFO: [ app_init ] --END-- [ RunTime:0.000605s ]
INFO: [ app_begin ] --START--
INFO: Run Behavior\ReadHtmlCacheBehavior [ RunTime:0.000782s ]
INFO: [ app_begin ] --END-- [ RunTime:0.000917s ]
SQL: SHOW COLUMNS FROM `m_admin_infor` [ RunTime:0.0078s ]
SQL: SELECT * FROM `m_admin_infor` WHERE ( id=1 ) LIMIT 1   [ RunTime:0.0004s ]
SQL: SELECT `goods_id`,`goods_name`,`yuan_price`,`price`,`goods_img` FROM `m_goods` WHERE ( goods_id=214 ) LIMIT 1   [ RunTime:0.0004s ]
SQL: SELECT `goods_id`,`goods_name`,`yuan_price`,`price`,`goods_img` FROM `m_goods` WHERE ( goods_id=213 ) LIMIT 1   [ RunTime:0.0003s ]
SQL: SHOW COLUMNS FROM `m_admin_advert` [ RunTime:0.0132s ]
SQL: SELECT `xuhao`,`img_url`,`url` FROM `m_admin_advert` WHERE ( position='轮播' )  [ RunTime:0.0005s ]
SQL: SELECT * FROM `m_goods`  [ RunTime:0.0028s ]
INFO: [ view_parse ] --START--
INFO: [ template_filter ] --START--
INFO: Run Behavior\ContentReplaceBehavior [ RunTime:0.000143s ]
INFO: [ template_filter ] --END-- [ RunTime:0.000234s ]
NOTIC: [8] Undefined variable: get E:\wamp\www\myguopin\Application\Runtime\Cache\Home\mbd4464d615aba9d56fd2fbd7560cbe17f.php 第 50 行.
NOTIC: [8] Undefined variable: wx_config E:\wamp\www\myguopin\Application\Runtime\Cache\Home\mbd4464d615aba9d56fd2fbd7560cbe17f.php 第 148 行.
NOTIC: [8] Undefined variable: wx_config E:\wamp\www\myguopin\Application\Runtime\Cache\Home\mbd4464d615aba9d56fd2fbd7560cbe17f.php 第 149 行.
NOTIC: [8] Undefined variable: wx_config E:\wamp\www\myguopin\Application\Runtime\Cache\Home\mbd4464d615aba9d56fd2fbd7560cbe17f.php 第 150 行.
NOTIC: [8] Undefined variable: wx_config E:\wamp\www\myguopin\Application\Runtime\Cache\Home\mbd4464d615aba9d56fd2fbd7560cbe17f.php 第 151 行.
INFO: Run Behavior\ParseTemplateBehavior [ RunTime:0.056306s ]
INFO: [ view_parse ] --END-- [ RunTime:0.056391s ]
INFO: [ view_filter ] --START--
INFO: Run Behavior\WriteHtmlCacheBehavior [ RunTime:0.000519s ]
INFO: Run Behavior\TokenBuildBehavior [ RunTime:0.001062s ]
INFO: [ view_filter ] --END-- [ RunTime:0.002211s ]
INFO: [ app_end ] --START--
INFO: Run Behavior\ShowPageTraceBehavior [ RunTime:0.000719s ]
INFO: [ app_end ] --END-- [ RunTime:0.000827s ]

[ 2016-07-19T21:25:03+08:00 ] 127.0.0.1 /Home/Goods/index/goods_id/215.html
INFO: [ app_init ] --START--
INFO: Run Behavior\BuildLiteBehavior [ RunTime:0.000023s ]
INFO: [ app_init ] --END-- [ RunTime:0.000579s ]
INFO: [ app_begin ] --START--
INFO: Run Behavior\ReadHtmlCacheBehavior [ RunTime:0.000907s ]
INFO: [ app_begin ] --END-- [ RunTime:0.000999s ]
SQL: SHOW COLUMNS FROM `m_admin_infor` [ RunTime:0.0067s ]
SQL: SELECT * FROM `m_admin_infor` WHERE ( id=1 ) LIMIT 1   [ RunTime:0.0004s ]
SQL: SELECT `goods_id`,`goods_name`,`yuan_price`,`price`,`goods_img` FROM `m_goods` WHERE ( goods_id=214 ) LIMIT 1   [ RunTime:0.0003s ]
SQL: SELECT `goods_id`,`goods_name`,`yuan_price`,`price`,`goods_img` FROM `m_goods` WHERE ( goods_id=213 ) LIMIT 1   [ RunTime:0.0003s ]
NOTIC: [2] file_get_contents(): Unable to find the wrapper &quot;https&quot; - did you forget to enable it when you configured PHP? E:\wamp\www\myguopin\Application\Home\Controller\FontEndController.class.php 第 112 行.
NOTIC: [2] file_get_contents(https://api.weixin.qq.com/cgi-bin/token?grant_type=client_credential&amp;appid=wx6231a8932405bdaf&amp;secret=05406ab511f4d9bd46ac09982065b102): failed to open stream: No such file or directory E:\wamp\www\myguopin\Application\Home\Controller\FontEndController.class.php 第 112 行.
NOTIC: [2] unlink(../Application/Runtime/Temp/d86c828583c5c6160e8acfee88ba1590.php): No such file or directory E:\wamp\www\myguopin\ThinkPHP\Library\Think\Cache\Driver\File.class.php 第 157 行.
NOTIC: [2] file_get_contents(): Unable to find the wrapper &quot;https&quot; - did you forget to enable it when you configured PHP? E:\wamp\www\myguopin\Application\Home\Controller\FontEndController.class.php 第 120 行.
NOTIC: [2] file_get_contents(https://api.weixin.qq.com/cgi-bin/ticket/getticket?access_token=&amp;type=jsapi): failed to open stream: No such file or directory E:\wamp\www\myguopin\Application\Home\Controller\FontEndController.class.php 第 120 行.
NOTIC: [2] unlink(../Application/Runtime/Temp/e344c187b5ce3b018775638c2dc0c114.php): No such file or directory E:\wamp\www\myguopin\ThinkPHP\Library\Think\Cache\Driver\File.class.php 第 157 行.
NOTIC: [2] file_get_contents(): Unable to find the wrapper &quot;https&quot; - did you forget to enable it when you configured PHP? E:\wamp\www\myguopin\Application\Home\Controller\FontEndController.class.php 第 112 行.
NOTIC: [2] file_get_contents(https://api.weixin.qq.com/cgi-bin/token?grant_type=client_credential&amp;appid=wx6231a8932405bdaf&amp;secret=05406ab511f4d9bd46ac09982065b102): failed to open stream: No such file or directory E:\wamp\www\myguopin\Application\Home\Controller\FontEndController.class.php 第 112 行.
NOTIC: [2] unlink(../Application/Runtime/Temp/d86c828583c5c6160e8acfee88ba1590.php): No such file or directory E:\wamp\www\myguopin\ThinkPHP\Library\Think\Cache\Driver\File.class.php 第 157 行.
NOTIC: [2] file_get_contents(): Unable to find the wrapper &quot;https&quot; - did you forget to enable it when you configured PHP? E:\wamp\www\myguopin\Application\Home\Controller\FontEndController.class.php 第 120 行.
NOTIC: [2] file_get_contents(https://api.weixin.qq.com/cgi-bin/ticket/getticket?access_token=&amp;type=jsapi): failed to open stream: No such file or directory E:\wamp\www\myguopin\Application\Home\Controller\FontEndController.class.php 第 120 行.
NOTIC: [2] unlink(../Application/Runtime/Temp/e344c187b5ce3b018775638c2dc0c114.php): No such file or directory E:\wamp\www\myguopin\ThinkPHP\Library\Think\Cache\Driver\File.class.php 第 157 行.
NOTIC: [8] Use of undefined constant HTTP_HOST - assumed 'HTTP_HOST' E:\wamp\www\myguopin\Application\Home\Controller\FontEndController.class.php 第 128 行.
NOTIC: [8] Use of undefined constant REQUEST_URI - assumed 'REQUEST_URI' E:\wamp\www\myguopin\Application\Home\Controller\FontEndController.class.php 第 128 行.
SQL: SELECT `goods_id`,`goods_name`,`goods_jianjie`,`price`,`yuan_price`,`tuan_price`,`goods_img`,`goods_img_qita`,`goods_desc`,`comment_number`,`shuxing`,`score`,`cat_name`,`user_name`,`daijinquan`,`1yuangou`,`choujiang`,`is_delete`,`buy_number`,`tuan_number` FROM `m_goods` WHERE ( goods_id=215 ) LIMIT 1   [ RunTime:0.0004s ]
NOTIC: [8] unserialize(): Error at offset 230 of 255 bytes E:\wamp\www\myguopin\Application\Home\Controller\GoodsController.class.php 第 54 行.
SQL: SELECT `pingfen` FROM `m_order` WHERE ( goods_id=215 )  [ RunTime:0.0545s ]
NOTIC: [2] Invalid argument supplied for foreach() E:\wamp\www\myguopin\Application\Home\Controller\GoodsController.class.php 第 61 行.
NOTIC: [8] Undefined variable: pingfen0 E:\wamp\www\myguopin\Application\Home\Controller\GoodsController.class.php 第 67 行.
NOTIC: [2] Division by zero E:\wamp\www\myguopin\Application\Home\Controller\GoodsController.class.php 第 67 行.
NOTIC: [8] Undefined variable: pingfen1 E:\wamp\www\myguopin\Application\Home\Controller\GoodsController.class.php 第 68 行.
NOTIC: [2] Division by zero E:\wamp\www\myguopin\Application\Home\Controller\GoodsController.class.php 第 68 行.
NOTIC: [8] Undefined variable: pingfen2 E:\wamp\www\myguopin\Application\Home\Controller\GoodsController.class.php 第 69 行.
NOTIC: [2] Division by zero E:\wamp\www\myguopin\Application\Home\Controller\GoodsController.class.php 第 69 行.
SQL: SELECT COUNT(*) AS tp_count FROM `m_order` WHERE ( goods_id=215 and status=3 ) LIMIT 1   [ RunTime:0.0003s ]
SQL: SHOW COLUMNS FROM `m_order` [ RunTime:0.0068s ]
SQL: SELECT t1.updated,t1.score,t1.appraise_img,t1.appraise,t1.appraise_img,t2.user_name,t2.head_url FROM m_order t1,m_users t2 WHERE ( t1.goods_id=215 and t1.user_id=t2.user_id and t1.status=3 ) ORDER BY t1.updated desc LIMIT 0,4   [ RunTime:0.0677s ]
SQL: SELECT `user_name` FROM `m_goods` WHERE ( goods_id=215 ) LIMIT 1   [ RunTime:0.0003s ]
SQL: SELECT `goods_id`,`goods_name`,`goods_img`,`price`,`buy_number` FROM `m_goods` WHERE ( user_name='唯果果' and is_delete=0 ) ORDER BY last_update desc LIMIT 6   [ RunTime:0.0014s ]
INFO: [ view_parse ] --START--
INFO: [ template_filter ] --START--
INFO: Run Behavior\ContentReplaceBehavior [ RunTime:0.000161s ]
INFO: [ template_filter ] --END-- [ RunTime:0.000250s ]
NOTIC: [8] Undefined variable: is_sellect E:\wamp\www\myguopin\Application\Runtime\Cache\Home\mbbfb955c00910670f529257f3e75f4841.php 第 183 行.
INFO: Run Behavior\ParseTemplateBehavior [ RunTime:0.029949s ]
INFO: [ view_parse ] --END-- [ RunTime:0.030034s ]
INFO: [ view_filter ] --START--
INFO: Run Behavior\WriteHtmlCacheBehavior [ RunTime:0.000701s ]
INFO: Run Behavior\TokenBuildBehavior [ RunTime:0.002100s ]
INFO: [ view_filter ] --END-- [ RunTime:0.002926s ]
INFO: [ app_end ] --START--
INFO: Run Behavior\ShowPageTraceBehavior [ RunTime:0.000931s ]
INFO: [ app_end ] --END-- [ RunTime:0.001009s ]

[ 2016-07-19T21:25:04+08:00 ] 127.0.0.1 /Home/Goods/pinglun/goods_id/215.html
INFO: [ app_init ] --START--
INFO: Run Behavior\BuildLiteBehavior [ RunTime:0.000037s ]
INFO: [ app_init ] --END-- [ RunTime:0.000755s ]
INFO: [ app_begin ] --START--
INFO: Run Behavior\ReadHtmlCacheBehavior [ RunTime:0.001123s ]
INFO: [ app_begin ] --END-- [ RunTime:0.001263s ]
SQL: SHOW COLUMNS FROM `m_admin_infor` [ RunTime:0.0067s ]
SQL: SELECT * FROM `m_admin_infor` WHERE ( id=1 ) LIMIT 1   [ RunTime:0.0003s ]
SQL: SELECT `goods_id`,`goods_name`,`yuan_price`,`price`,`goods_img` FROM `m_goods` WHERE ( goods_id=215 ) LIMIT 1   [ RunTime:0.0004s ]
SQL: SELECT `goods_id`,`goods_name`,`yuan_price`,`price`,`goods_img` FROM `m_goods` WHERE ( goods_id=214 ) LIMIT 1   [ RunTime:0.0003s ]
SQL: SELECT `goods_id`,`goods_name`,`yuan_price`,`price`,`goods_img` FROM `m_goods` WHERE ( goods_id=213 ) LIMIT 1   [ RunTime:0.0003s ]
SQL: SELECT COUNT(*) AS tp_count FROM `m_order` WHERE ( goods_id=215 and status=3 ) LIMIT 1   [ RunTime:0.0004s ]
SQL: SHOW COLUMNS FROM `m_order` [ RunTime:0.0076s ]
SQL: SELECT t1.updated,t1.score,t1.appraise_img,t1.appraise,t1.appraise_img,t2.user_name,t2.head_url FROM m_order t1,m_users t2 WHERE ( t1.goods_id=215 and t1.user_id=t2.user_id and t1.status=3 ) ORDER BY t1.updated desc LIMIT 0,4   [ RunTime:0.0004s ]

