[ 2016-07-06T17:17:57+08:00 ] 127.0.0.1 /
INFO: [ app_init ] --START--
INFO: Run Behavior\BuildLiteBehavior [ RunTime:0.000027s ]
INFO: [ app_init ] --END-- [ RunTime:0.001179s ]
INFO: [ app_begin ] --START--
INFO: Run Behavior\ReadHtmlCacheBehavior [ RunTime:0.005228s ]
INFO: [ app_begin ] --END-- [ RunTime:0.005344s ]
NOTIC: [2] file_get_contents(): Unable to find the wrapper &quot;https&quot; - did you forget to enable it when you configured PHP? E:\wamp\www\myguopin\Application\Home\Controller\FontEndController.class.php 第 144 行.
NOTIC: [2] file_get_contents(https://api.weixin.qq.com/cgi-bin/token?grant_type=client_credential&amp;appid=wx6231a8932405bdaf&amp;secret=05406ab511f4d9bd46ac09982065b102): failed to open stream: No such file or directory E:\wamp\www\myguopin\Application\Home\Controller\FontEndController.class.php 第 144 行.
NOTIC: [2] unlink(../Application/Runtime/Temp/d86c828583c5c6160e8acfee88ba1590.php): No such file or directory E:\wamp\www\myguopin\ThinkPHP\Library\Think\Cache\Driver\File.class.php 第 157 行.
NOTIC: [2] file_get_contents(): Unable to find the wrapper &quot;https&quot; - did you forget to enable it when you configured PHP? E:\wamp\www\myguopin\Application\Home\Controller\FontEndController.class.php 第 152 行.
NOTIC: [2] file_get_contents(https://api.weixin.qq.com/cgi-bin/ticket/getticket?access_token=&amp;type=jsapi): failed to open stream: No such file or directory E:\wamp\www\myguopin\Application\Home\Controller\FontEndController.class.php 第 152 行.
NOTIC: [2] unlink(../Application/Runtime/Temp/e344c187b5ce3b018775638c2dc0c114.php): No such file or directory E:\wamp\www\myguopin\ThinkPHP\Library\Think\Cache\Driver\File.class.php 第 157 行.
NOTIC: [2] file_get_contents(): Unable to find the wrapper &quot;https&quot; - did you forget to enable it when you configured PHP? E:\wamp\www\myguopin\Application\Home\Controller\FontEndController.class.php 第 144 行.
NOTIC: [2] file_get_contents(https://api.weixin.qq.com/cgi-bin/token?grant_type=client_credential&amp;appid=wx6231a8932405bdaf&amp;secret=05406ab511f4d9bd46ac09982065b102): failed to open stream: No such file or directory E:\wamp\www\myguopin\Application\Home\Controller\FontEndController.class.php 第 144 行.
NOTIC: [2] unlink(../Application/Runtime/Temp/d86c828583c5c6160e8acfee88ba1590.php): No such file or directory E:\wamp\www\myguopin\ThinkPHP\Library\Think\Cache\Driver\File.class.php 第 157 行.
NOTIC: [2] file_get_contents(): Unable to find the wrapper &quot;https&quot; - did you forget to enable it when you configured PHP? E:\wamp\www\myguopin\Application\Home\Controller\FontEndController.class.php 第 152 行.
NOTIC: [2] file_get_contents(https://api.weixin.qq.com/cgi-bin/ticket/getticket?access_token=&amp;type=jsapi): failed to open stream: No such file or directory E:\wamp\www\myguopin\Application\Home\Controller\FontEndController.class.php 第 152 行.
NOTIC: [2] unlink(../Application/Runtime/Temp/e344c187b5ce3b018775638c2dc0c114.php): No such file or directory E:\wamp\www\myguopin\ThinkPHP\Library\Think\Cache\Driver\File.class.php 第 157 行.
NOTIC: [8] Use of undefined constant HTTP_HOST - assumed 'HTTP_HOST' E:\wamp\www\myguopin\Application\Home\Controller\FontEndController.class.php 第 160 行.
NOTIC: [8] Use of undefined constant REQUEST_URI - assumed 'REQUEST_URI' E:\wamp\www\myguopin\Application\Home\Controller\FontEndController.class.php 第 160 行.
SQL: SHOW COLUMNS FROM `m_admin_infor` [ RunTime:0.0462s ]
SQL: SELECT * FROM `m_admin_infor` WHERE ( id=1 ) LIMIT 1   [ RunTime:0.0222s ]
NOTIC: [2] array_reverse() expects parameter 1 to be array, null given E:\wamp\www\myguopin\Application\Home\Controller\FontEndController.class.php 第 74 行.
INFO: [ view_parse ] --START--
INFO: [ template_filter ] --START--
INFO: Run Behavior\ContentReplaceBehavior [ RunTime:0.000093s ]
INFO: [ template_filter ] --END-- [ RunTime:0.000186s ]
INFO: Run Behavior\ParseTemplateBehavior [ RunTime:0.041232s ]
INFO: [ view_parse ] --END-- [ RunTime:0.041325s ]
INFO: [ view_filter ] --START--
INFO: Run Behavior\WriteHtmlCacheBehavior [ RunTime:0.038910s ]
INFO: [ view_filter ] --END-- [ RunTime:0.039003s ]
INFO: [ app_end ] --START--
INFO: Run Behavior\ShowPageTraceBehavior [ RunTime:0.010969s ]
INFO: [ app_end ] --END-- [ RunTime:0.011065s ]

[ 2016-07-06T17:18:08+08:00 ] 127.0.0.1 /
INFO: [ app_init ] --START--
INFO: Run Behavior\BuildLiteBehavior [ RunTime:0.000023s ]
INFO: [ app_init ] --END-- [ RunTime:0.000624s ]
INFO: [ app_begin ] --START--
INFO: Run Behavior\ReadHtmlCacheBehavior [ RunTime:0.000784s ]
INFO: [ app_begin ] --END-- [ RunTime:0.000874s ]
NOTIC: [2] file_get_contents(): Unable to find the wrapper &quot;https&quot; - did you forget to enable it when you configured PHP? E:\wamp\www\myguopin\Application\Home\Controller\FontEndController.class.php 第 144 行.
NOTIC: [2] file_get_contents(https://api.weixin.qq.com/cgi-bin/token?grant_type=client_credential&amp;appid=wx6231a8932405bdaf&amp;secret=05406ab511f4d9bd46ac09982065b102): failed to open stream: No such file or directory E:\wamp\www\myguopin\Application\Home\Controller\FontEndController.class.php 第 144 行.
NOTIC: [2] unlink(../Application/Runtime/Temp/d86c828583c5c6160e8acfee88ba1590.php): No such file or directory E:\wamp\www\myguopin\ThinkPHP\Library\Think\Cache\Driver\File.class.php 第 157 行.
NOTIC: [2] file_get_contents(): Unable to find the wrapper &quot;https&quot; - did you forget to enable it when you configured PHP? E:\wamp\www\myguopin\Application\Home\Controller\FontEndController.class.php 第 152 行.
NOTIC: [2] file_get_contents(https://api.weixin.qq.com/cgi-bin/ticket/getticket?access_token=&amp;type=jsapi): failed to open stream: No such file or directory E:\wamp\www\myguopin\Application\Home\Controller\FontEndController.class.php 第 152 行.
NOTIC: [2] unlink(../Application/Runtime/Temp/e344c187b5ce3b018775638c2dc0c114.php): No such file or directory E:\wamp\www\myguopin\ThinkPHP\Library\Think\Cache\Driver\File.class.php 第 157 行.
NOTIC: [2] file_get_contents(): Unable to find the wrapper &quot;https&quot; - did you forget to enable it when you configured PHP? E:\wamp\www\myguopin\Application\Home\Controller\FontEndController.class.php 第 144 行.
NOTIC: [2] file_get_contents(https://api.weixin.qq.com/cgi-bin/token?grant_type=client_credential&amp;appid=wx6231a8932405bdaf&amp;secret=05406ab511f4d9bd46ac09982065b102): failed to open stream: No such file or directory E:\wamp\www\myguopin\Application\Home\Controller\FontEndController.class.php 第 144 行.
NOTIC: [2] unlink(../Application/Runtime/Temp/d86c828583c5c6160e8acfee88ba1590.php): No such file or directory E:\wamp\www\myguopin\ThinkPHP\Library\Think\Cache\Driver\File.class.php 第 157 行.
NOTIC: [2] file_get_contents(): Unable to find the wrapper &quot;https&quot; - did you forget to enable it when you configured PHP? E:\wamp\www\myguopin\Application\Home\Controller\FontEndController.class.php 第 152 行.
NOTIC: [2] file_get_contents(https://api.weixin.qq.com/cgi-bin/ticket/getticket?access_token=&amp;type=jsapi): failed to open stream: No such file or directory E:\wamp\www\myguopin\Application\Home\Controller\FontEndController.class.php 第 152 行.
NOTIC: [2] unlink(../Application/Runtime/Temp/e344c187b5ce3b018775638c2dc0c114.php): No such file or directory E:\wamp\www\myguopin\ThinkPHP\Library\Think\Cache\Driver\File.class.php 第 157 行.
NOTIC: [8] Use of undefined constant HTTP_HOST - assumed 'HTTP_HOST' E:\wamp\www\myguopin\Application\Home\Controller\FontEndController.class.php 第 160 行.
NOTIC: [8] Use of undefined constant REQUEST_URI - assumed 'REQUEST_URI' E:\wamp\www\myguopin\Application\Home\Controller\FontEndController.class.php 第 160 行.
SQL: SHOW COLUMNS FROM `m_admin_infor` [ RunTime:0.0068s ]
SQL: SELECT * FROM `m_admin_infor` WHERE ( id=1 ) LIMIT 1   [ RunTime:0.0005s ]
NOTIC: [2] array_reverse() expects parameter 1 to be array, null given E:\wamp\www\myguopin\Application\Home\Controller\FontEndController.class.php 第 74 行.
INFO: [ view_parse ] --START--
INFO: [ template_filter ] --START--
INFO: Run Behavior\ContentReplaceBehavior [ RunTime:0.000258s ]
INFO: [ template_filter ] --END-- [ RunTime:0.000347s ]
NOTIC: [8] Undefined variable: get E:\wamp\www\myguopin\Application\Runtime\Cache\Home\mbd4464d615aba9d56fd2fbd7560cbe17f.php 第 52 行.
NOTIC: [8] Undefined variable: lunbo_shang E:\wamp\www\myguopin\Application\Runtime\Cache\Home\mbd4464d615aba9d56fd2fbd7560cbe17f.php 第 83 行.
NOTIC: [8] Undefined variable: lunbo_shang E:\wamp\www\myguopin\Application\Runtime\Cache\Home\mbd4464d615aba9d56fd2fbd7560cbe17f.php 第 84 行.
NOTIC: [8] Undefined variable: cehua E:\wamp\www\myguopin\Application\Runtime\Cache\Home\mbd4464d615aba9d56fd2fbd7560cbe17f.php 第 98 行.
NOTIC: [8] Undefined variable: siyi E:\wamp\www\myguopin\Application\Runtime\Cache\Home\mbd4464d615aba9d56fd2fbd7560cbe17f.php 第 114 行.
NOTIC: [8] Undefined variable: buzhi E:\wamp\www\myguopin\Application\Runtime\Cache\Home\mbd4464d615aba9d56fd2fbd7560cbe17f.php 第 129 行.
NOTIC: [8] Undefined variable: shexiang E:\wamp\www\myguopin\Application\Runtime\Cache\Home\mbd4464d615aba9d56fd2fbd7560cbe17f.php 第 146 行.
NOTIC: [8] Undefined variable: sheying E:\wamp\www\myguopin\Application\Runtime\Cache\Home\mbd4464d615aba9d56fd2fbd7560cbe17f.php 第 162 行.
NOTIC: [8] Undefined variable: genzhuang E:\wamp\www\myguopin\Application\Runtime\Cache\Home\mbd4464d615aba9d56fd2fbd7560cbe17f.php 第 178 行.
NOTIC: [8] Undefined variable: chedui E:\wamp\www\myguopin\Application\Runtime\Cache\Home\mbd4464d615aba9d56fd2fbd7560cbe17f.php 第 194 行.
NOTIC: [8] Undefined variable: yanyi E:\wamp\www\myguopin\Application\Runtime\Cache\Home\mbd4464d615aba9d56fd2fbd7560cbe17f.php 第 210 行.
NOTIC: [8] Undefined variable: wumei E:\wamp\www\myguopin\Application\Runtime\Cache\Home\mbd4464d615aba9d56fd2fbd7560cbe17f.php 第 226 行.
NOTIC: [8] Undefined variable: jiudian E:\wamp\www\myguopin\Application\Runtime\Cache\Home\mbd4464d615aba9d56fd2fbd7560cbe17f.php 第 242 行.
INFO: Run Behavior\ParseTemplateBehavior [ RunTime:0.048130s ]
INFO: [ view_parse ] --END-- [ RunTime:0.048256s ]
INFO: [ view_filter ] --START--
INFO: Run Behavior\WriteHtmlCacheBehavior [ RunTime:0.000618s ]
INFO: [ view_filter ] --END-- [ RunTime:0.000695s ]
INFO: [ app_end ] --START--
INFO: Run Behavior\ShowPageTraceBehavior [ RunTime:0.000772s ]
INFO: [ app_end ] --END-- [ RunTime:0.000861s ]

[ 2016-07-06T17:18:08+08:00 ] 127.0.0.1 /
INFO: [ app_init ] --START--
INFO: Run Behavior\BuildLiteBehavior [ RunTime:0.000023s ]
INFO: [ app_init ] --END-- [ RunTime:0.000665s ]
INFO: [ app_begin ] --START--
INFO: Run Behavior\ReadHtmlCacheBehavior [ RunTime:0.000943s ]
INFO: [ app_begin ] --END-- [ RunTime:0.001030s ]
NOTIC: [2] file_get_contents(): Unable to find the wrapper &quot;https&quot; - did you forget to enable it when you configured PHP? E:\wamp\www\myguopin\Application\Home\Controller\FontEndController.class.php 第 144 行.
NOTIC: [2] file_get_contents(https://api.weixin.qq.com/cgi-bin/token?grant_type=client_credential&amp;appid=wx6231a8932405bdaf&amp;secret=05406ab511f4d9bd46ac09982065b102): failed to open stream: No such file or directory E:\wamp\www\myguopin\Application\Home\Controller\FontEndController.class.php 第 144 行.
NOTIC: [2] unlink(../Application/Runtime/Temp/d86c828583c5c6160e8acfee88ba1590.php): No such file or directory E:\wamp\www\myguopin\ThinkPHP\Library\Think\Cache\Driver\File.class.php 第 157 行.
NOTIC: [2] file_get_contents(): Unable to find the wrapper &quot;https&quot; - did you forget to enable it when you configured PHP? E:\wamp\www\myguopin\Application\Home\Controller\FontEndController.class.php 第 152 行.
NOTIC: [2] file_get_contents(https://api.weixin.qq.com/cgi-bin/ticket/getticket?access_token=&amp;type=jsapi): failed to open stream: No such file or directory E:\wamp\www\myguopin\Application\Home\Controller\FontEndController.class.php 第 152 行.
NOTIC: [2] unlink(../Application/Runtime/Temp/e344c187b5ce3b018775638c2dc0c114.php): No such file or directory E:\wamp\www\myguopin\ThinkPHP\Library\Think\Cache\Driver\File.class.php 第 157 行.
NOTIC: [2] file_get_contents(): Unable to find the wrapper &quot;https&quot; - did you forget to enable it when you configured PHP? E:\wamp\www\myguopin\Application\Home\Controller\FontEndController.class.php 第 144 行.
NOTIC: [2] file_get_contents(https://api.weixin.qq.com/cgi-bin/token?grant_type=client_credential&amp;appid=wx6231a8932405bdaf&amp;secret=05406ab511f4d9bd46ac09982065b102): failed to open stream: No such file or directory E:\wamp\www\myguopin\Application\Home\Controller\FontEndController.class.php 第 144 行.
NOTIC: [2] unlink(../Application/Runtime/Temp/d86c828583c5c6160e8acfee88ba1590.php): No such file or directory E:\wamp\www\myguopin\ThinkPHP\Library\Think\Cache\Driver\File.class.php 第 157 行.
NOTIC: [2] file_get_contents(): Unable to find the wrapper &quot;https&quot; - did you forget to enable it when you configured PHP? E:\wamp\www\myguopin\Application\Home\Controller\FontEndController.class.php 第 152 行.
NOTIC: [2] file_get_contents(https://api.weixin.qq.com/cgi-bin/ticket/getticket?access_token=&amp;type=jsapi): failed to open stream: No such file or directory E:\wamp\www\myguopin\Application\Home\Controller\FontEndController.class.php 第 152 行.
NOTIC: [2] unlink(../Application/Runtime/Temp/e344c187b5ce3b018775638c2dc0c114.php): No such file or directory E:\wamp\www\myguopin\ThinkPHP\Library\Think\Cache\Driver\File.class.php 第 157 行.
NOTIC: [8] Use of undefined constant HTTP_HOST - assumed 'HTTP_HOST' E:\wamp\www\myguopin\Application\Home\Controller\FontEndController.class.php 第 160 行.
NOTIC: [8] Use of undefined constant REQUEST_URI - assumed 'REQUEST_URI' E:\wamp\www\myguopin\Application\Home\Controller\FontEndController.class.php 第 160 行.
SQL: SHOW COLUMNS FROM `m_admin_infor` [ RunTime:0.0052s ]
SQL: SELECT * FROM `m_admin_infor` WHERE ( id=1 ) LIMIT 1   [ RunTime:0.0003s ]
NOTIC: [2] array_reverse() expects parameter 1 to be array, null given E:\wamp\www\myguopin\Application\Home\Controller\FontEndController.class.php 第 74 行.
INFO: [ view_parse ] --START--
INFO: [ template_filter ] --START--
INFO: Run Behavior\ContentReplaceBehavior [ RunTime:0.000309s ]
INFO: [ template_filter ] --END-- [ RunTime:0.000411s ]
NOTIC: [8] Undefined variable: get E:\wamp\www\myguopin\Application\Runtime\Cache\Home\mbd4464d615aba9d56fd2fbd7560cbe17f.php 第 52 行.
NOTIC: [8] Undefined variable: lunbo_shang E:\wamp\www\myguopin\Application\Runtime\Cache\Home\mbd4464d615aba9d56fd2fbd7560cbe17f.php 第 83 行.
NOTIC: [8] Undefined variable: lunbo_shang E:\wamp\www\myguopin\Application\Runtime\Cache\Home\mbd4464d615aba9d56fd2fbd7560cbe17f.php 第 84 行.
NOTIC: [8] Undefined variable: cehua E:\wamp\www\myguopin\Application\Runtime\Cache\Home\mbd4464d615aba9d56fd2fbd7560cbe17f.php 第 98 行.
NOTIC: [8] Undefined variable: siyi E:\wamp\www\myguopin\Application\Runtime\Cache\Home\mbd4464d615aba9d56fd2fbd7560cbe17f.php 第 114 行.
NOTIC: [8] Undefined variable: buzhi E:\wamp\www\myguopin\Application\Runtime\Cache\Home\mbd4464d615aba9d56fd2fbd7560cbe17f.php 第 129 行.
NOTIC: [8] Undefined variable: shexiang E:\wamp\www\myguopin\Application\Runtime\Cache\Home\mbd4464d615aba9d56fd2fbd7560cbe17f.php 第 146 行.
NOTIC: [8] Undefined variable: sheying E:\wamp\www\myguopin\Application\Runtime\Cache\Home\mbd4464d615aba9d56fd2fbd7560cbe17f.php 第 162 行.
NOTIC: [8] Undefined variable: genzhuang E:\wamp\www\myguopin\Application\Runtime\Cache\Home\mbd4464d615aba9d56fd2fbd7560cbe17f.php 第 178 行.
NOTIC: [8] Undefined variable: chedui E:\wamp\www\myguopin\Application\Runtime\Cache\Home\mbd4464d615aba9d56fd2fbd7560cbe17f.php 第 194 行.
NOTIC: [8] Undefined variable: yanyi E:\wamp\www\myguopin\Application\Runtime\Cache\Home\mbd4464d615aba9d56fd2fbd7560cbe17f.php 第 210 行.
NOTIC: [8] Undefined variable: wumei E:\wamp\www\myguopin\Application\Runtime\Cache\Home\mbd4464d615aba9d56fd2fbd7560cbe17f.php 第 226 行.
NOTIC: [8] Undefined variable: jiudian E:\wamp\www\myguopin\Application\Runtime\Cache\Home\mbd4464d615aba9d56fd2fbd7560cbe17f.php 第 242 行.
INFO: Run Behavior\ParseTemplateBehavior [ RunTime:0.040825s ]
INFO: [ view_parse ] --END-- [ RunTime:0.040953s ]
INFO: [ view_filter ] --START--
INFO: Run Behavior\WriteHtmlCacheBehavior [ RunTime:0.000681s ]
INFO: [ view_filter ] --END-- [ RunTime:0.000768s ]
INFO: [ app_end ] --START--
INFO: Run Behavior\ShowPageTraceBehavior [ RunTime:0.000862s ]
INFO: [ app_end ] --END-- [ RunTime:0.000950s ]

[ 2016-07-06T17:26:52+08:00 ] 127.0.0.1 /
INFO: [ app_init ] --START--
INFO: Run Behavior\BuildLiteBehavior [ RunTime:0.000043s ]
INFO: [ app_init ] --END-- [ RunTime:0.001424s ]
INFO: [ app_begin ] --START--
INFO: Run Behavior\ReadHtmlCacheBehavior [ RunTime:0.002110s ]
INFO: [ app_begin ] --END-- [ RunTime:0.002249s ]
NOTIC: [2] file_get_contents(): Unable to find the wrapper &quot;https&quot; - did you forget to enable it when you configured PHP? E:\wamp\www\myguopin\Application\Home\Controller\FontEndController.class.php 第 144 行.
NOTIC: [2] file_get_contents(https://api.weixin.qq.com/cgi-bin/token?grant_type=client_credential&amp;appid=wx6231a8932405bdaf&amp;secret=05406ab511f4d9bd46ac09982065b102): failed to open stream: No such file or directory E:\wamp\www\myguopin\Application\Home\Controller\FontEndController.class.php 第 144 行.
NOTIC: [2] unlink(../Application/Runtime/Temp/d86c828583c5c6160e8acfee88ba1590.php): No such file or directory E:\wamp\www\myguopin\ThinkPHP\Library\Think\Cache\Driver\File.class.php 第 157 行.
NOTIC: [2] file_get_contents(): Unable to find the wrapper &quot;https&quot; - did you forget to enable it when you configured PHP? E:\wamp\www\myguopin\Application\Home\Controller\FontEndController.class.php 第 152 行.
NOTIC: [2] file_get_contents(https://api.weixin.qq.com/cgi-bin/ticket/getticket?access_token=&amp;type=jsapi): failed to open stream: No such file or directory E:\wamp\www\myguopin\Application\Home\Controller\FontEndController.class.php 第 152 行.
NOTIC: [2] unlink(../Application/Runtime/Temp/e344c187b5ce3b018775638c2dc0c114.php): No such file or directory E:\wamp\www\myguopin\ThinkPHP\Library\Think\Cache\Driver\File.class.php 第 157 行.
NOTIC: [2] file_get_contents(): Unable to find the wrapper &quot;https&quot; - did you forget to enable it when you configured PHP? E:\wamp\www\myguopin\Application\Home\Controller\FontEndController.class.php 第 144 行.
NOTIC: [2] file_get_contents(https://api.weixin.qq.com/cgi-bin/token?grant_type=client_credential&amp;appid=wx6231a8932405bdaf&amp;secret=05406ab511f4d9bd46ac09982065b102): failed to open stream: No such file or directory E:\wamp\www\myguopin\Application\Home\Controller\FontEndController.class.php 第 144 行.
NOTIC: [2] unlink(../Application/Runtime/Temp/d86c828583c5c6160e8acfee88ba1590.php): No such file or directory E:\wamp\www\myguopin\ThinkPHP\Library\Think\Cache\Driver\File.class.php 第 157 行.
NOTIC: [2] file_get_contents(): Unable to find the wrapper &quot;https&quot; - did you forget to enable it when you configured PHP? E:\wamp\www\myguopin\Application\Home\Controller\FontEndController.class.php 第 152 行.
NOTIC: [2] file_get_contents(https://api.weixin.qq.com/cgi-bin/ticket/getticket?access_token=&amp;type=jsapi): failed to open stream: No such file or directory E:\wamp\www\myguopin\Application\Home\Controller\FontEndController.class.php 第 152 行.
NOTIC: [2] unlink(../Application/Runtime/Temp/e344c187b5ce3b018775638c2dc0c114.php): No such file or directory E:\wamp\www\myguopin\ThinkPHP\Library\Think\Cache\Driver\File.class.php 第 157 行.
NOTIC: [8] Use of undefined constant HTTP_HOST - assumed 'HTTP_HOST' E:\wamp\www\myguopin\Application\Home\Controller\FontEndController.class.php 第 160 行.
NOTIC: [8] Use of undefined constant REQUEST_URI - assumed 'REQUEST_URI' E:\wamp\www\myguopin\Application\Home\Controller\FontEndController.class.php 第 160 行.
SQL: SHOW COLUMNS FROM `m_admin_infor` [ RunTime:0.0065s ]
SQL: SELECT * FROM `m_admin_infor` WHERE ( id=1 ) LIMIT 1   [ RunTime:0.0003s ]
NOTIC: [2] array_reverse() expects parameter 1 to be array, null given E:\wamp\www\myguopin\Application\Home\Controller\FontEndController.class.php 第 74 行.
INFO: [ view_parse ] --START--
INFO: [ template_filter ] --START--
INFO: Run Behavior\ContentReplaceBehavior [ RunTime:0.000296s ]
INFO: [ template_filter ] --END-- [ RunTime:0.000407s ]
NOTIC: [8] Undefined variable: get E:\wamp\www\myguopin\Application\Runtime\Cache\Home\mbd4464d615aba9d56fd2fbd7560cbe17f.php 第 52 行.
NOTIC: [8] Undefined variable: lunbo_shang E:\wamp\www\myguopin\Application\Runtime\Cache\Home\mbd4464d615aba9d56fd2fbd7560cbe17f.php 第 83 行.
NOTIC: [8] Undefined variable: lunbo_shang E:\wamp\www\myguopin\Application\Runtime\Cache\Home\mbd4464d615aba9d56fd2fbd7560cbe17f.php 第 84 行.
NOTIC: [8] Undefined variable: cehua E:\wamp\www\myguopin\Application\Runtime\Cache\Home\mbd4464d615aba9d56fd2fbd7560cbe17f.php 第 98 行.
NOTIC: [8] Undefined variable: siyi E:\wamp\www\myguopin\Application\Runtime\Cache\Home\mbd4464d615aba9d56fd2fbd7560cbe17f.php 第 114 行.
NOTIC: [8] Undefined variable: buzhi E:\wamp\www\myguopin\Application\Runtime\Cache\Home\mbd4464d615aba9d56fd2fbd7560cbe17f.php 第 129 行.
NOTIC: [8] Undefined variable: shexiang E:\wamp\www\myguopin\Application\Runtime\Cache\Home\mbd4464d615aba9d56fd2fbd7560cbe17f.php 第 146 行.
NOTIC: [8] Undefined variable: sheying E:\wamp\www\myguopin\Application\Runtime\Cache\Home\mbd4464d615aba9d56fd2fbd7560cbe17f.php 第 162 行.
NOTIC: [8] Undefined variable: genzhuang E:\wamp\www\myguopin\Application\Runtime\Cache\Home\mbd4464d615aba9d56fd2fbd7560cbe17f.php 第 178 行.
NOTIC: [8] Undefined variable: chedui E:\wamp\www\myguopin\Application\Runtime\Cache\Home\mbd4464d615aba9d56fd2fbd7560cbe17f.php 第 194 行.
NOTIC: [8] Undefined variable: yanyi E:\wamp\www\myguopin\Application\Runtime\Cache\Home\mbd4464d615aba9d56fd2fbd7560cbe17f.php 第 210 行.
NOTIC: [8] Undefined variable: wumei E:\wamp\www\myguopin\Application\Runtime\Cache\Home\mbd4464d615aba9d56fd2fbd7560cbe17f.php 第 226 行.
NOTIC: [8] Undefined variable: jiudian E:\wamp\www\myguopin\Application\Runtime\Cache\Home\mbd4464d615aba9d56fd2fbd7560cbe17f.php 第 242 行.
INFO: Run Behavior\ParseTemplateBehavior [ RunTime:0.081060s ]
INFO: [ view_parse ] --END-- [ RunTime:0.081211s ]
INFO: [ view_filter ] --START--
INFO: Run Behavior\WriteHtmlCacheBehavior [ RunTime:0.009212s ]
INFO: [ view_filter ] --END-- [ RunTime:0.009334s ]
INFO: [ app_end ] --START--
INFO: Run Behavior\ShowPageTraceBehavior [ RunTime:0.011042s ]
INFO: [ app_end ] --END-- [ RunTime:0.011158s ]

