[ 2016-07-13T00:03:34+08:00 ] 127.0.0.1 /Public/Home/Mobile/Css/iconfont/iconfont_buy/iconfont.css
INFO: [ app_init ] --START--
INFO: Run Behavior\BuildLiteBehavior [ RunTime:0.000046s ]
INFO: [ app_init ] --END-- [ RunTime:0.001435s ]
ERR: 无法加载模块:Public

[ 2016-07-13T00:03:34+08:00 ] 127.0.0.1 /Public/Common/Css/calendar.css
INFO: [ app_init ] --START--
INFO: Run Behavior\BuildLiteBehavior [ RunTime:0.000044s ]
INFO: [ app_init ] --END-- [ RunTime:0.001842s ]
ERR: 无法加载模块:Public

[ 2016-07-13T00:03:34+08:00 ] 127.0.0.1 /Public/Common/Js/calendar.js
INFO: [ app_init ] --START--
INFO: Run Behavior\BuildLiteBehavior [ RunTime:0.000041s ]
INFO: [ app_init ] --END-- [ RunTime:0.001169s ]
ERR: 无法加载模块:Public

[ 2016-07-13T00:03:34+08:00 ] 127.0.0.1 /Public/Home/Mobile/Css/iconfont/iconfont_sousou/iconfont.css
INFO: [ app_init ] --START--
INFO: Run Behavior\BuildLiteBehavior [ RunTime:0.000030s ]
INFO: [ app_init ] --END-- [ RunTime:0.000799s ]
ERR: 无法加载模块:Public

[ 2016-07-13T00:06:07+08:00 ] 127.0.0.1 /Public/Home/Mobile/Css/iconfont/iconfont_sousou/iconfont.css
INFO: [ app_init ] --START--
INFO: Run Behavior\BuildLiteBehavior [ RunTime:0.000049s ]
INFO: [ app_init ] --END-- [ RunTime:0.002052s ]
ERR: 无法加载模块:Public

[ 2016-07-13T00:06:37+08:00 ] 127.0.0.1 /Public/Home/Mobile/Css/iconfont/iconfont_sousou/iconfont.css
INFO: [ app_init ] --START--
INFO: Run Behavior\BuildLiteBehavior [ RunTime:0.000039s ]
INFO: [ app_init ] --END-- [ RunTime:0.000961s ]
ERR: 无法加载模块:Public

[ 2016-07-13T00:09:12+08:00 ] 127.0.0.1 /Public/Home/Mobile/Css/iconfont/iconfont_sousou/iconfont.css
INFO: [ app_init ] --START--
INFO: Run Behavior\BuildLiteBehavior [ RunTime:0.000028s ]
INFO: [ app_init ] --END-- [ RunTime:0.000612s ]
ERR: 无法加载模块:Public

[ 2016-07-13T00:09:47+08:00 ] 127.0.0.1 /Public/Home/Mobile/Css/iconfont/iconfont_sousou/iconfont.css
INFO: [ app_init ] --START--
INFO: Run Behavior\BuildLiteBehavior [ RunTime:0.000067s ]
INFO: [ app_init ] --END-- [ RunTime:0.001050s ]
ERR: 无法加载模块:Public

[ 2016-07-13T00:09:48+08:00 ] 127.0.0.1 /Public/Home/Mobile/Css/iconfont/iconfont_sousou/iconfont.css
INFO: [ app_init ] --START--
INFO: Run Behavior\BuildLiteBehavior [ RunTime:0.000042s ]
INFO: [ app_init ] --END-- [ RunTime:0.001090s ]
ERR: 无法加载模块:Public

[ 2016-07-13T00:11:26+08:00 ] 127.0.0.1 /Public/Home/Mobile/Css/iconfont/iconfont_sousou/iconfont.css
INFO: [ app_init ] --START--
INFO: Run Behavior\BuildLiteBehavior [ RunTime:0.000051s ]
INFO: [ app_init ] --END-- [ RunTime:0.001878s ]
ERR: 无法加载模块:Public

[ 2016-07-13T00:11:46+08:00 ] 127.0.0.1 /Public/Home/Mobile/Css/iconfont/iconfont_sousou/iconfont.css
INFO: [ app_init ] --START--
INFO: Run Behavior\BuildLiteBehavior [ RunTime:0.000047s ]
INFO: [ app_init ] --END-- [ RunTime:0.001016s ]
ERR: 无法加载模块:Public

