[ 2016-07-21T10:40:34+08:00 ] 127.0.0.1 /Public/Uploads/image/goods/20160719/thumb/thumb/14689346035389655383.png
INFO: [ app_init ] --START--
INFO: Run Behavior\BuildLiteBehavior [ RunTime:0.000030s ]
INFO: [ app_init ] --END-- [ RunTime:0.000789s ]
ERR: 无法加载模块:Public

[ 2016-07-21T17:56:18+08:00 ] 127.0.0.1 /Public/Uploads/image/goods/20160719/thumb/thumb/14689346035389655383.png
INFO: [ app_init ] --START--
INFO: Run Behavior\BuildLiteBehavior [ RunTime:0.000023s ]
INFO: [ app_init ] --END-- [ RunTime:0.000609s ]
ERR: 无法加载模块:Public

[ 2016-07-21T17:58:07+08:00 ] 127.0.0.1 /Public/Uploads/image/goods/20160719/thumb/thumb/14689346035389655383.png
INFO: [ app_init ] --START--
INFO: Run Behavior\BuildLiteBehavior [ RunTime:0.000041s ]
INFO: [ app_init ] --END-- [ RunTime:0.001042s ]
ERR: 无法加载模块:Public

[ 2016-07-21T19:03:15+08:00 ] 127.0.0.1 /Public/Common/Images/login_back.png
INFO: [ app_init ] --START--
INFO: Run Behavior\BuildLiteBehavior [ RunTime:0.000026s ]
INFO: [ app_init ] --END-- [ RunTime:0.000820s ]
ERR: 无法加载模块:Public

[ 2016-07-21T19:03:15+08:00 ] 127.0.0.1 /Public/Common/Images/login_icon.png
INFO: [ app_init ] --START--
INFO: Run Behavior\BuildLiteBehavior [ RunTime:0.000025s ]
INFO: [ app_init ] --END-- [ RunTime:0.000563s ]
ERR: 无法加载模块:Public

[ 2016-07-21T19:05:32+08:00 ] 127.0.0.1 /Public/Uploads/image/goods/20160721/thumb/14690990883160486366.png
INFO: [ app_init ] --START--
INFO: Run Behavior\BuildLiteBehavior [ RunTime:0.000025s ]
INFO: [ app_init ] --END-- [ RunTime:0.000602s ]
ERR: 无法加载模块:Public

[ 2016-07-21T19:05:32+08:00 ] 127.0.0.1 /Public/Uploads/image/goods/20160719/thumb/14689346035389655383.png
INFO: [ app_init ] --START--
INFO: Run Behavior\BuildLiteBehavior [ RunTime:0.000027s ]
INFO: [ app_init ] --END-- [ RunTime:0.000600s ]
ERR: 无法加载模块:Public

[ 2016-07-21T19:05:32+08:00 ] 127.0.0.1 /Public/Uploads/image/goods/20160721/thumb/14690990883160486366.png
INFO: [ app_init ] --START--
INFO: Run Behavior\BuildLiteBehavior [ RunTime:0.000024s ]
INFO: [ app_init ] --END-- [ RunTime:0.000554s ]
ERR: 无法加载模块:Public

[ 2016-07-21T19:05:32+08:00 ] 127.0.0.1 /Public/Uploads/image/goods/20160719/thumb/14689346035389655383.png
INFO: [ app_init ] --START--
INFO: Run Behavior\BuildLiteBehavior [ RunTime:0.000038s ]
INFO: [ app_init ] --END-- [ RunTime:0.000817s ]
ERR: 无法加载模块:Public

[ 2016-07-21T19:05:45+08:00 ] 127.0.0.1 /Public/Uploads/image/goods/20160719/thumb/thumb/14689346035389655383.png
INFO: [ app_init ] --START--
INFO: Run Behavior\BuildLiteBehavior [ RunTime:0.000065s ]
INFO: [ app_init ] --END-- [ RunTime:0.000891s ]
ERR: 无法加载模块:Public

[ 2016-07-21T19:05:45+08:00 ] 127.0.0.1 /Public/Uploads/image/goods/20160721/thumb/thumb/14690990883160486366.png
INFO: [ app_init ] --START--
INFO: Run Behavior\BuildLiteBehavior [ RunTime:0.000036s ]
INFO: [ app_init ] --END-- [ RunTime:0.000765s ]
ERR: 无法加载模块:Public

[ 2016-07-21T19:06:20+08:00 ] 127.0.0.1 /Public/Uploads/image/goods/20160721/thumb/14690990883160486366.png
INFO: [ app_init ] --START--
INFO: Run Behavior\BuildLiteBehavior [ RunTime:0.000027s ]
INFO: [ app_init ] --END-- [ RunTime:0.000591s ]
ERR: 无法加载模块:Public

[ 2016-07-21T19:06:41+08:00 ] 127.0.0.1 /Public/Uploads/image/goods/20160721/thumb/14690990883160486366.png
INFO: [ app_init ] --START--
INFO: Run Behavior\BuildLiteBehavior [ RunTime:0.000027s ]
INFO: [ app_init ] --END-- [ RunTime:0.000587s ]
ERR: 无法加载模块:Public

[ 2016-07-21T19:08:54+08:00 ] 127.0.0.1 /Public/Uploads/image/goods/20160719/thumb/14689346035389655383.png
INFO: [ app_init ] --START--
INFO: Run Behavior\BuildLiteBehavior [ RunTime:0.000048s ]
INFO: [ app_init ] --END-- [ RunTime:0.001073s ]
ERR: 无法加载模块:Public

[ 2016-07-21T19:08:54+08:00 ] 127.0.0.1 /Public/Uploads/image/goods/20160719/thumb/14689346035389655383.png
INFO: [ app_init ] --START--
INFO: Run Behavior\BuildLiteBehavior [ RunTime:0.000041s ]
INFO: [ app_init ] --END-- [ RunTime:0.000857s ]
ERR: 无法加载模块:Public

[ 2016-07-21T19:08:56+08:00 ] 127.0.0.1 /Public/Uploads/image/goods/20160719/thumb/14689346035389655383.png
INFO: [ app_init ] --START--
INFO: Run Behavior\BuildLiteBehavior [ RunTime:0.000043s ]
INFO: [ app_init ] --END-- [ RunTime:0.000889s ]
ERR: 无法加载模块:Public

[ 2016-07-21T19:08:56+08:00 ] 127.0.0.1 /Public/Uploads/image/goods/20160721/thumb/14690990883160486366.png
INFO: [ app_init ] --START--
INFO: Run Behavior\BuildLiteBehavior [ RunTime:0.000043s ]
INFO: [ app_init ] --END-- [ RunTime:0.000922s ]
ERR: 无法加载模块:Public

[ 2016-07-21T19:08:56+08:00 ] 127.0.0.1 /Public/Uploads/image/goods/20160719/thumb/14689346035389655383.png
INFO: [ app_init ] --START--
INFO: Run Behavior\BuildLiteBehavior [ RunTime:0.000038s ]
INFO: [ app_init ] --END-- [ RunTime:0.000859s ]
ERR: 无法加载模块:Public

[ 2016-07-21T19:08:59+08:00 ] 127.0.0.1 /Public/Uploads/image/goods/20160721/thumb/14690990883160486366.png
INFO: [ app_init ] --START--
INFO: Run Behavior\BuildLiteBehavior [ RunTime:0.000027s ]
INFO: [ app_init ] --END-- [ RunTime:0.000604s ]
ERR: 无法加载模块:Public

[ 2016-07-21T19:08:59+08:00 ] 127.0.0.1 /Public/Uploads/image/goods/20160721/thumb/14690990883160486366.png
INFO: [ app_init ] --START--
INFO: Run Behavior\BuildLiteBehavior [ RunTime:0.000027s ]
INFO: [ app_init ] --END-- [ RunTime:0.000612s ]
ERR: 无法加载模块:Public

[ 2016-07-21T19:09:04+08:00 ] 127.0.0.1 /Public/Uploads/image/goods/20160721/thumb/14690990883160486366.png
INFO: [ app_init ] --START--
INFO: Run Behavior\BuildLiteBehavior [ RunTime:0.000029s ]
INFO: [ app_init ] --END-- [ RunTime:0.000722s ]
ERR: 无法加载模块:Public

[ 2016-07-21T19:09:04+08:00 ] 127.0.0.1 /Public/Uploads/image/goods/20160719/thumb/14689346035389655383.png
INFO: [ app_init ] --START--
INFO: Run Behavior\BuildLiteBehavior [ RunTime:0.000046s ]
INFO: [ app_init ] --END-- [ RunTime:0.000928s ]
ERR: 无法加载模块:Public

[ 2016-07-21T19:09:04+08:00 ] 127.0.0.1 /Public/Uploads/image/goods/20160719/thumb/14689346035389655383.png
INFO: [ app_init ] --START--
INFO: Run Behavior\BuildLiteBehavior [ RunTime:0.000043s ]
INFO: [ app_init ] --END-- [ RunTime:0.001142s ]
ERR: 无法加载模块:Public

[ 2016-07-21T19:09:04+08:00 ] 127.0.0.1 /Public/Uploads/image/goods/20160721/thumb/14690990883160486366.png
INFO: [ app_init ] --START--
INFO: Run Behavior\BuildLiteBehavior [ RunTime:0.000024s ]
INFO: [ app_init ] --END-- [ RunTime:0.000583s ]
ERR: 无法加载模块:Public

[ 2016-07-21T19:24:45+08:00 ] 127.0.0.1 /thumb/
INFO: [ app_init ] --START--
INFO: Run Behavior\BuildLiteBehavior [ RunTime:0.000024s ]
INFO: [ app_init ] --END-- [ RunTime:0.000607s ]
ERR: 无法加载模块:Thumb

[ 2016-07-21T20:21:45+08:00 ] 127.0.0.1 /Public/Uploads/image/goods/20160721/thumb/thumb/14691035399819277153.png
INFO: [ app_init ] --START--
INFO: Run Behavior\BuildLiteBehavior [ RunTime:0.000042s ]
INFO: [ app_init ] --END-- [ RunTime:0.000968s ]
ERR: 无法加载模块:Public

[ 2016-07-21T20:21:48+08:00 ] 127.0.0.1 /Public/Uploads/image/goods/20160721/thumb/thumb/14691035399819277153.png
INFO: [ app_init ] --START--
INFO: Run Behavior\BuildLiteBehavior [ RunTime:0.000025s ]
INFO: [ app_init ] --END-- [ RunTime:0.000730s ]
ERR: 无法加载模块:Public

[ 2016-07-21T20:29:24+08:00 ] 127.0.0.1 /Public/Uploads/image/goods/20160715/thumb/14685143282629727744.jpg
INFO: [ app_init ] --START--
INFO: Run Behavior\BuildLiteBehavior [ RunTime:0.000045s ]
INFO: [ app_init ] --END-- [ RunTime:0.002320s ]
ERR: 无法加载模块:Public

[ 2016-07-21T20:29:24+08:00 ] 127.0.0.1 /Public/Uploads/image/goods/20160715/thumb/14685143282629727744.jpg
INFO: [ app_init ] --START--
INFO: Run Behavior\BuildLiteBehavior [ RunTime:0.000041s ]
INFO: [ app_init ] --END-- [ RunTime:0.000832s ]
ERR: 无法加载模块:Public

[ 2016-07-21T20:29:24+08:00 ] 127.0.0.1 /Public/Uploads/image/goods/20160715/thumb/14685900500848194048.jpg
INFO: [ app_init ] --START--
INFO: Run Behavior\BuildLiteBehavior [ RunTime:0.000037s ]
INFO: [ app_init ] --END-- [ RunTime:0.000978s ]
ERR: 无法加载模块:Public

[ 2016-07-21T20:30:45+08:00 ] 127.0.0.1 /Public/Uploads/image/goods/20160715/thumb/14685143282629727744.jpg
INFO: [ app_init ] --START--
INFO: Run Behavior\BuildLiteBehavior [ RunTime:0.000041s ]
INFO: [ app_init ] --END-- [ RunTime:0.001781s ]
ERR: 无法加载模块:Public

[ 2016-07-21T20:30:45+08:00 ] 127.0.0.1 /Public/Uploads/image/goods/20160715/thumb/14685900500848194048.jpg
INFO: [ app_init ] --START--
INFO: Run Behavior\BuildLiteBehavior [ RunTime:0.000042s ]
INFO: [ app_init ] --END-- [ RunTime:0.001803s ]
ERR: 无法加载模块:Public

[ 2016-07-21T20:33:26+08:00 ] 127.0.0.1 /Public/Uploads/image/goods/20160715/thumb/14685900500848194048.jpg
INFO: [ app_init ] --START--
INFO: Run Behavior\BuildLiteBehavior [ RunTime:0.000042s ]
INFO: [ app_init ] --END-- [ RunTime:0.001092s ]
ERR: 无法加载模块:Public

[ 2016-07-21T20:33:26+08:00 ] 127.0.0.1 /Public/Uploads/image/goods/20160715/thumb/14685143282629727744.jpg
INFO: [ app_init ] --START--
INFO: Run Behavior\BuildLiteBehavior [ RunTime:0.000041s ]
INFO: [ app_init ] --END-- [ RunTime:0.000930s ]
ERR: 无法加载模块:Public

[ 2016-07-21T20:33:37+08:00 ] 127.0.0.1 /Public/Uploads/image/goods/20160715/thumb/14685143282629727744.jpg
INFO: [ app_init ] --START--
INFO: Run Behavior\BuildLiteBehavior [ RunTime:0.000042s ]
INFO: [ app_init ] --END-- [ RunTime:0.000929s ]
ERR: 无法加载模块:Public

[ 2016-07-21T20:33:37+08:00 ] 127.0.0.1 /Public/Uploads/image/goods/20160715/thumb/14685900500848194048.jpg
INFO: [ app_init ] --START--
INFO: Run Behavior\BuildLiteBehavior [ RunTime:0.000046s ]
INFO: [ app_init ] --END-- [ RunTime:0.001090s ]
ERR: 无法加载模块:Public

[ 2016-07-21T20:47:02+08:00 ] 127.0.0.1 /Public/Uploads/image/goods/20160715/thumb/14685143282629727744.jpg
INFO: [ app_init ] --START--
INFO: Run Behavior\BuildLiteBehavior [ RunTime:0.000043s ]
INFO: [ app_init ] --END-- [ RunTime:0.000798s ]
ERR: 无法加载模块:Public

[ 2016-07-21T20:47:02+08:00 ] 127.0.0.1 /Public/Uploads/image/goods/20160715/thumb/14685900500848194048.jpg
INFO: [ app_init ] --START--
INFO: Run Behavior\BuildLiteBehavior [ RunTime:0.000027s ]
INFO: [ app_init ] --END-- [ RunTime:0.000853s ]
ERR: 无法加载模块:Public

[ 2016-07-21T20:54:26+08:00 ] 127.0.0.1 /Public/Uploads/image/goods/20160715/thumb/14685143282629727744.jpg
INFO: [ app_init ] --START--
INFO: Run Behavior\BuildLiteBehavior [ RunTime:0.000042s ]
INFO: [ app_init ] --END-- [ RunTime:0.000972s ]
ERR: 无法加载模块:Public

