[ 2016-08-02T23:14:01+08:00 ] 127.0.0.1 /Public/Common/Images/login_back.png
INFO: [ app_init ] --START--
INFO: Run Behavior\BuildLiteBehavior [ RunTime:0.000023s ]
INFO: [ app_init ] --END-- [ RunTime:0.000585s ]
ERR: 无法加载模块:Public

[ 2016-08-02T23:14:01+08:00 ] 127.0.0.1 /Public/Common/Images/login_back.png
INFO: [ app_init ] --START--
INFO: Run Behavior\BuildLiteBehavior [ RunTime:0.000039s ]
INFO: [ app_init ] --END-- [ RunTime:0.000779s ]
ERR: 无法加载模块:Public

[ 2016-08-02T23:14:01+08:00 ] 127.0.0.1 /Public/Common/Images/login_icon.png
INFO: [ app_init ] --START--
INFO: Run Behavior\BuildLiteBehavior [ RunTime:0.000046s ]
INFO: [ app_init ] --END-- [ RunTime:0.001007s ]
ERR: 无法加载模块:Public

[ 2016-08-02T23:42:53+08:00 ] 127.0.0.1 /Public/Home/Mobile/Css/iconfont/iconfont_public/iconfont.css
INFO: [ app_init ] --START--
INFO: Run Behavior\BuildLiteBehavior [ RunTime:0.000045s ]
INFO: [ app_init ] --END-- [ RunTime:0.001535s ]
ERR: 无法加载模块:Public

[ 2016-08-02T23:44:41+08:00 ] 127.0.0.1 /Public/Home/Mobile/Css/iconfont/iconfont_public/iconfont.css
INFO: [ app_init ] --START--
INFO: Run Behavior\BuildLiteBehavior [ RunTime:0.000041s ]
INFO: [ app_init ] --END-- [ RunTime:0.001000s ]
ERR: 无法加载模块:Public

