[ 2016-08-12T17:50:29+08:00 ] 175.2.212.104 /Public/Home/Css/head.css
INFO: [ app_init ] --START--
INFO: Run Behavior\BuildLiteBehavior [ RunTime:0.000022s ]
INFO: [ app_init ] --END-- [ RunTime:0.000514s ]
ERR: 无法加载模块:Public

[ 2016-08-12T17:50:29+08:00 ] 175.2.212.104 /Public/Home/Css/index.css
INFO: [ app_init ] --START--
INFO: Run Behavior\BuildLiteBehavior [ RunTime:0.000010s ]
INFO: [ app_init ] --END-- [ RunTime:0.000217s ]
ERR: 无法加载模块:Public

[ 2016-08-12T17:50:29+08:00 ] 175.2.212.104 /Public/Home/Css/footer.css
INFO: [ app_init ] --START--
INFO: Run Behavior\BuildLiteBehavior [ RunTime:0.000009s ]
INFO: [ app_init ] --END-- [ RunTime:0.000201s ]
ERR: 无法加载模块:Public

[ 2016-08-12T17:50:51+08:00 ] 175.2.212.104 /Public/Home/Css/head.css
INFO: [ app_init ] --START--
INFO: Run Behavior\BuildLiteBehavior [ RunTime:0.000012s ]
INFO: [ app_init ] --END-- [ RunTime:0.000254s ]
ERR: 无法加载模块:Public

[ 2016-08-12T17:50:51+08:00 ] 175.2.212.104 /Public/Home/Css/index.css
INFO: [ app_init ] --START--
INFO: Run Behavior\BuildLiteBehavior [ RunTime:0.000010s ]
INFO: [ app_init ] --END-- [ RunTime:0.000202s ]
ERR: 无法加载模块:Public

[ 2016-08-12T17:50:51+08:00 ] 175.2.212.104 /Public/Home/Css/footer.css
INFO: [ app_init ] --START--
INFO: Run Behavior\BuildLiteBehavior [ RunTime:0.000010s ]
INFO: [ app_init ] --END-- [ RunTime:0.000200s ]
ERR: 无法加载模块:Public

[ 2016-08-12T17:50:53+08:00 ] 175.2.212.104 /Public/Home/Css/index.css
INFO: [ app_init ] --START--
INFO: Run Behavior\BuildLiteBehavior [ RunTime:0.000011s ]
INFO: [ app_init ] --END-- [ RunTime:0.000208s ]
ERR: 无法加载模块:Public

[ 2016-08-12T17:50:53+08:00 ] 175.2.212.104 /Public/Home/Css/footer.css
INFO: [ app_init ] --START--
INFO: Run Behavior\BuildLiteBehavior [ RunTime:0.000010s ]
INFO: [ app_init ] --END-- [ RunTime:0.000203s ]
ERR: 无法加载模块:Public

[ 2016-08-12T17:50:53+08:00 ] 175.2.212.104 /Public/Home/Css/head.css
INFO: [ app_init ] --START--
INFO: Run Behavior\BuildLiteBehavior [ RunTime:0.000011s ]
INFO: [ app_init ] --END-- [ RunTime:0.007408s ]
ERR: 无法加载模块:Public

[ 2016-08-12T17:51:31+08:00 ] 175.2.212.104 /Public/Home/Css/head.css
INFO: [ app_init ] --START--
INFO: Run Behavior\BuildLiteBehavior [ RunTime:0.000011s ]
INFO: [ app_init ] --END-- [ RunTime:0.000212s ]
ERR: 无法加载模块:Public

[ 2016-08-12T17:51:31+08:00 ] 175.2.212.104 /Public/Home/Css/footer.css
INFO: [ app_init ] --START--
INFO: Run Behavior\BuildLiteBehavior [ RunTime:0.000010s ]
INFO: [ app_init ] --END-- [ RunTime:0.000207s ]
ERR: 无法加载模块:Public

[ 2016-08-12T17:51:31+08:00 ] 175.2.212.104 /Public/Home/Css/index.css
INFO: [ app_init ] --START--
INFO: Run Behavior\BuildLiteBehavior [ RunTime:0.000011s ]
INFO: [ app_init ] --END-- [ RunTime:0.000232s ]
ERR: 无法加载模块:Public

[ 2016-08-12T17:55:23+08:00 ] 175.2.212.104 /Public/Home/Css/index.css
INFO: [ app_init ] --START--
INFO: Run Behavior\BuildLiteBehavior [ RunTime:0.000012s ]
INFO: [ app_init ] --END-- [ RunTime:0.000264s ]
ERR: 无法加载模块:Public

[ 2016-08-12T17:55:23+08:00 ] 175.2.212.104 /Public/Home/Css/head.css
INFO: [ app_init ] --START--
INFO: Run Behavior\BuildLiteBehavior [ RunTime:0.000010s ]
INFO: [ app_init ] --END-- [ RunTime:0.000237s ]
ERR: 无法加载模块:Public

[ 2016-08-12T17:55:23+08:00 ] 175.2.212.104 /Public/Home/Css/footer.css
INFO: [ app_init ] --START--
INFO: Run Behavior\BuildLiteBehavior [ RunTime:0.000012s ]
INFO: [ app_init ] --END-- [ RunTime:0.000224s ]
ERR: 无法加载模块:Public

[ 2016-08-12T17:58:42+08:00 ] 175.2.212.104 /Public/Uploads/image/admin/20160707/guanggao_1.png
INFO: [ app_init ] --START--
INFO: Run Behavior\BuildLiteBehavior [ RunTime:0.000011s ]
INFO: [ app_init ] --END-- [ RunTime:0.000222s ]
ERR: 无法加载模块:Public

[ 2016-08-12T17:58:43+08:00 ] 175.2.212.104 /Public/Uploads/image/goods/20160721/thumb/14691084089976337648.jpg
INFO: [ app_init ] --START--
INFO: Run Behavior\BuildLiteBehavior [ RunTime:0.000012s ]
INFO: [ app_init ] --END-- [ RunTime:0.000217s ]
ERR: 无法加载模块:Public

[ 2016-08-12T17:58:43+08:00 ] 175.2.212.104 /Public/Uploads/image/goods/20160721/thumb/14691056383785926002.jpg
INFO: [ app_init ] --START--
INFO: Run Behavior\BuildLiteBehavior [ RunTime:0.000020s ]
INFO: [ app_init ] --END-- [ RunTime:0.000233s ]
ERR: 无法加载模块:Public

[ 2016-08-12T17:58:43+08:00 ] 175.2.212.104 /Public/Uploads/image/goods/20160725/thumb/14694316428606897494.jpg
INFO: [ app_init ] --START--
INFO: Run Behavior\BuildLiteBehavior [ RunTime:0.000011s ]
INFO: [ app_init ] --END-- [ RunTime:0.000221s ]
ERR: 无法加载模块:Public

[ 2016-08-12T17:58:43+08:00 ] 175.2.212.104 /Public/Uploads/image/goods/20160802/thumb/14701047277786953878.jpg
INFO: [ app_init ] --START--
INFO: Run Behavior\BuildLiteBehavior [ RunTime:0.000012s ]
INFO: [ app_init ] --END-- [ RunTime:0.000238s ]
ERR: 无法加载模块:Public

[ 2016-08-12T17:58:43+08:00 ] 175.2.212.104 /Public/Uploads/image/goods/20160802/thumb/14701232356091313939.jpg
INFO: [ app_init ] --START--
INFO: Run Behavior\BuildLiteBehavior [ RunTime:0.000023s ]
INFO: [ app_init ] --END-- [ RunTime:0.000487s ]
ERR: 无法加载模块:Public

[ 2016-08-12T17:58:43+08:00 ] 175.2.212.104 /Public/Uploads/image/goods/20160806/thumb/14704798175046344354.jpg
INFO: [ app_init ] --START--
INFO: Run Behavior\BuildLiteBehavior [ RunTime:0.000014s ]
INFO: [ app_init ] --END-- [ RunTime:0.000234s ]
ERR: 无法加载模块:Public

[ 2016-08-12T17:58:52+08:00 ] 175.2.212.104 /Public/Uploads/image/admin/20160707/guanggao_1.png
INFO: [ app_init ] --START--
INFO: Run Behavior\BuildLiteBehavior [ RunTime:0.000010s ]
INFO: [ app_init ] --END-- [ RunTime:0.000217s ]
ERR: 无法加载模块:Public

[ 2016-08-12T17:58:52+08:00 ] 175.2.212.104 /Public/Uploads/image/goods/20160721/thumb/14691084089976337648.jpg
INFO: [ app_init ] --START--
INFO: Run Behavior\BuildLiteBehavior [ RunTime:0.000013s ]
INFO: [ app_init ] --END-- [ RunTime:0.000238s ]
ERR: 无法加载模块:Public

[ 2016-08-12T17:58:52+08:00 ] 175.2.212.104 /Public/Uploads/image/goods/20160721/thumb/14691056383785926002.jpg
INFO: [ app_init ] --START--
INFO: Run Behavior\BuildLiteBehavior [ RunTime:0.000012s ]
INFO: [ app_init ] --END-- [ RunTime:0.000235s ]
ERR: 无法加载模块:Public

[ 2016-08-12T17:58:52+08:00 ] 175.2.212.104 /Public/Uploads/image/goods/20160802/thumb/14701047277786953878.jpg
INFO: [ app_init ] --START--
INFO: Run Behavior\BuildLiteBehavior [ RunTime:0.000013s ]
INFO: [ app_init ] --END-- [ RunTime:0.000232s ]
ERR: 无法加载模块:Public

[ 2016-08-12T17:58:52+08:00 ] 175.2.212.104 /Public/Uploads/image/goods/20160725/thumb/14694316428606897494.jpg
INFO: [ app_init ] --START--
INFO: Run Behavior\BuildLiteBehavior [ RunTime:0.000014s ]
INFO: [ app_init ] --END-- [ RunTime:0.008272s ]
ERR: 无法加载模块:Public

[ 2016-08-12T17:58:52+08:00 ] 175.2.212.104 /Public/Uploads/image/goods/20160802/thumb/14701232356091313939.jpg
INFO: [ app_init ] --START--
INFO: Run Behavior\BuildLiteBehavior [ RunTime:0.000010s ]
INFO: [ app_init ] --END-- [ RunTime:0.000230s ]
ERR: 无法加载模块:Public

[ 2016-08-12T17:58:52+08:00 ] 175.2.212.104 /Public/Uploads/image/goods/20160806/thumb/14704798175046344354.jpg
INFO: [ app_init ] --START--
INFO: Run Behavior\BuildLiteBehavior [ RunTime:0.000009s ]
INFO: [ app_init ] --END-- [ RunTime:0.000220s ]
ERR: 无法加载模块:Public

[ 2016-08-12T17:58:57+08:00 ] 175.2.212.104 /Public/Uploads/image/temp/20160715/20160724201112.png
INFO: [ app_init ] --START--
INFO: Run Behavior\BuildLiteBehavior [ RunTime:0.000010s ]
INFO: [ app_init ] --END-- [ RunTime:0.000209s ]
ERR: 无法加载模块:Public

[ 2016-08-12T17:59:02+08:00 ] 175.2.212.104 /Public/Uploads/image/temp/20160715/20160724201112.png
INFO: [ app_init ] --START--
INFO: Run Behavior\BuildLiteBehavior [ RunTime:0.000011s ]
INFO: [ app_init ] --END-- [ RunTime:0.000202s ]
ERR: 无法加载模块:Public

[ 2016-08-12T17:59:12+08:00 ] 175.2.212.104 /Public/Uploads/image/temp/20160715/20160724201112.png
INFO: [ app_init ] --START--
INFO: Run Behavior\BuildLiteBehavior [ RunTime:0.000011s ]
INFO: [ app_init ] --END-- [ RunTime:0.000215s ]
ERR: 无法加载模块:Public

[ 2016-08-12T17:59:22+08:00 ] 175.2.212.104 /Public/Uploads/image/temp/20160715/20160722194459.png
INFO: [ app_init ] --START--
INFO: Run Behavior\BuildLiteBehavior [ RunTime:0.000018s ]
INFO: [ app_init ] --END-- [ RunTime:0.000281s ]
ERR: 无法加载模块:Public

[ 2016-08-12T17:59:32+08:00 ] 175.2.212.104 /Public/Uploads/image/temp/20160715/20160724201112.png
INFO: [ app_init ] --START--
INFO: Run Behavior\BuildLiteBehavior [ RunTime:0.000014s ]
INFO: [ app_init ] --END-- [ RunTime:0.000224s ]
ERR: 无法加载模块:Public

[ 2016-08-12T17:59:42+08:00 ] 175.2.212.104 /Public/Uploads/image/temp/20160715/20160723194459.png
INFO: [ app_init ] --START--
INFO: Run Behavior\BuildLiteBehavior [ RunTime:0.000011s ]
INFO: [ app_init ] --END-- [ RunTime:0.000230s ]
ERR: 无法加载模块:Public

[ 2016-08-12T18:14:44+08:00 ] 175.2.212.104 /Public/Uploads/image/goods/20160802/thumb/14701047277786953878.jpg
INFO: [ app_init ] --START--
INFO: Run Behavior\BuildLiteBehavior [ RunTime:0.000012s ]
INFO: [ app_init ] --END-- [ RunTime:0.000214s ]
ERR: 无法加载模块:Public

[ 2016-08-12T18:14:44+08:00 ] 175.2.212.104 /Public/Uploads/image/goods/20160725/thumb/14694316428606897494.jpg
INFO: [ app_init ] --START--
INFO: Run Behavior\BuildLiteBehavior [ RunTime:0.000012s ]
INFO: [ app_init ] --END-- [ RunTime:0.000218s ]
ERR: 无法加载模块:Public

[ 2016-08-12T18:14:44+08:00 ] 175.2.212.104 /Public/Uploads/image/admin/20160707/guanggao_1.png
INFO: [ app_init ] --START--
INFO: Run Behavior\BuildLiteBehavior [ RunTime:0.000011s ]
INFO: [ app_init ] --END-- [ RunTime:0.000221s ]
ERR: 无法加载模块:Public

[ 2016-08-12T18:14:44+08:00 ] 175.2.212.104 /Public/Uploads/image/goods/20160721/thumb/14691056383785926002.jpg
INFO: [ app_init ] --START--
INFO: Run Behavior\BuildLiteBehavior [ RunTime:0.000011s ]
INFO: [ app_init ] --END-- [ RunTime:0.000212s ]
ERR: 无法加载模块:Public

[ 2016-08-12T18:14:44+08:00 ] 175.2.212.104 /Public/Uploads/image/goods/20160721/thumb/14691084089976337648.jpg
INFO: [ app_init ] --START--
INFO: Run Behavior\BuildLiteBehavior [ RunTime:0.000011s ]
INFO: [ app_init ] --END-- [ RunTime:0.000209s ]
ERR: 无法加载模块:Public

[ 2016-08-12T18:14:44+08:00 ] 175.2.212.104 /Public/Uploads/image/goods/20160802/thumb/14701232356091313939.jpg
INFO: [ app_init ] --START--
INFO: Run Behavior\BuildLiteBehavior [ RunTime:0.000009s ]
INFO: [ app_init ] --END-- [ RunTime:0.000209s ]
ERR: 无法加载模块:Public

[ 2016-08-12T18:14:44+08:00 ] 175.2.212.104 /Public/Uploads/image/goods/20160806/thumb/14704798175046344354.jpg
INFO: [ app_init ] --START--
INFO: Run Behavior\BuildLiteBehavior [ RunTime:0.000010s ]
INFO: [ app_init ] --END-- [ RunTime:0.000211s ]
ERR: 无法加载模块:Public

[ 2016-08-12T18:14:47+08:00 ] 175.2.212.104 /Public/Uploads/image/goods/20160802/thumb/14701047277786953878.jpg
INFO: [ app_init ] --START--
INFO: Run Behavior\BuildLiteBehavior [ RunTime:0.000010s ]
INFO: [ app_init ] --END-- [ RunTime:0.000205s ]
ERR: 无法加载模块:Public

[ 2016-08-12T18:14:48+08:00 ] 175.2.212.104 /Public/Uploads/image/goods/20160802/thumb/14701232356091313939.jpg
INFO: [ app_init ] --START--
INFO: Run Behavior\BuildLiteBehavior [ RunTime:0.000009s ]
INFO: [ app_init ] --END-- [ RunTime:0.000204s ]
ERR: 无法加载模块:Public

[ 2016-08-12T18:14:48+08:00 ] 175.2.212.104 /Public/Uploads/image/admin/20160707/guanggao_1.png
INFO: [ app_init ] --START--
INFO: Run Behavior\BuildLiteBehavior [ RunTime:0.000009s ]
INFO: [ app_init ] --END-- [ RunTime:0.000203s ]
ERR: 无法加载模块:Public

[ 2016-08-12T18:14:48+08:00 ] 175.2.212.104 /Public/Uploads/image/goods/20160725/thumb/14694316428606897494.jpg
INFO: [ app_init ] --START--
INFO: Run Behavior\BuildLiteBehavior [ RunTime:0.000010s ]
INFO: [ app_init ] --END-- [ RunTime:0.014457s ]
ERR: 无法加载模块:Public

[ 2016-08-12T18:14:48+08:00 ] 175.2.212.104 /Public/Uploads/image/goods/20160721/thumb/14691056383785926002.jpg
INFO: [ app_init ] --START--
INFO: Run Behavior\BuildLiteBehavior [ RunTime:0.000009s ]
INFO: [ app_init ] --END-- [ RunTime:0.000196s ]
ERR: 无法加载模块:Public

[ 2016-08-12T18:14:48+08:00 ] 175.2.212.104 /Public/Uploads/image/goods/20160721/thumb/14691084089976337648.jpg
INFO: [ app_init ] --START--
INFO: Run Behavior\BuildLiteBehavior [ RunTime:0.000010s ]
INFO: [ app_init ] --END-- [ RunTime:0.000203s ]
ERR: 无法加载模块:Public

[ 2016-08-12T18:14:48+08:00 ] 175.2.212.104 /Public/Uploads/image/goods/20160806/thumb/14704798175046344354.jpg
INFO: [ app_init ] --START--
INFO: Run Behavior\BuildLiteBehavior [ RunTime:0.000012s ]
INFO: [ app_init ] --END-- [ RunTime:0.000212s ]
ERR: 无法加载模块:Public

[ 2016-08-12T18:14:56+08:00 ] 175.2.212.104 /Public/Uploads/image/goods/20160802/thumb/14701047277786953878.jpg
INFO: [ app_init ] --START--
INFO: Run Behavior\BuildLiteBehavior [ RunTime:0.000011s ]
INFO: [ app_init ] --END-- [ RunTime:0.000214s ]
ERR: 无法加载模块:Public

[ 2016-08-12T18:14:56+08:00 ] 175.2.212.104 /Public/Uploads/image/goods/20160725/thumb/14694316428606897494.jpg
INFO: [ app_init ] --START--
INFO: Run Behavior\BuildLiteBehavior [ RunTime:0.000010s ]
INFO: [ app_init ] --END-- [ RunTime:0.000206s ]
ERR: 无法加载模块:Public

[ 2016-08-12T18:14:56+08:00 ] 175.2.212.104 /Public/Uploads/image/goods/20160721/thumb/14691084089976337648.jpg
INFO: [ app_init ] --START--
INFO: Run Behavior\BuildLiteBehavior [ RunTime:0.000011s ]
INFO: [ app_init ] --END-- [ RunTime:0.000209s ]
ERR: 无法加载模块:Public

[ 2016-08-12T18:14:56+08:00 ] 175.2.212.104 /Public/Uploads/image/goods/20160721/thumb/14691056383785926002.jpg
INFO: [ app_init ] --START--
INFO: Run Behavior\BuildLiteBehavior [ RunTime:0.000010s ]
INFO: [ app_init ] --END-- [ RunTime:0.000209s ]
ERR: 无法加载模块:Public

[ 2016-08-12T18:14:56+08:00 ] 175.2.212.104 /Public/Uploads/image/admin/20160707/guanggao_1.png
INFO: [ app_init ] --START--
INFO: Run Behavior\BuildLiteBehavior [ RunTime:0.000010s ]
INFO: [ app_init ] --END-- [ RunTime:0.000243s ]
ERR: 无法加载模块:Public

[ 2016-08-12T18:14:56+08:00 ] 175.2.212.104 /Public/Uploads/image/goods/20160802/thumb/14701232356091313939.jpg
INFO: [ app_init ] --START--
INFO: Run Behavior\BuildLiteBehavior [ RunTime:0.000015s ]
INFO: [ app_init ] --END-- [ RunTime:0.000328s ]
ERR: 无法加载模块:Public

[ 2016-08-12T18:14:57+08:00 ] 175.2.212.104 /Public/Uploads/image/goods/20160806/thumb/14704798175046344354.jpg
INFO: [ app_init ] --START--
INFO: Run Behavior\BuildLiteBehavior [ RunTime:0.000011s ]
INFO: [ app_init ] --END-- [ RunTime:0.000225s ]
ERR: 无法加载模块:Public

[ 2016-08-12T18:21:05+08:00 ] 175.2.212.104 /Public/Uploads/image/goods/20160802/thumb/14701047277786953878.jpg
INFO: [ app_init ] --START--
INFO: Run Behavior\BuildLiteBehavior [ RunTime:0.000014s ]
INFO: [ app_init ] --END-- [ RunTime:0.000279s ]
ERR: 无法加载模块:Public

[ 2016-08-12T18:21:05+08:00 ] 175.2.212.104 /Public/Uploads/image/goods/20160721/thumb/14691084089976337648.jpg
INFO: [ app_init ] --START--
INFO: Run Behavior\BuildLiteBehavior [ RunTime:0.000011s ]
INFO: [ app_init ] --END-- [ RunTime:0.000206s ]
ERR: 无法加载模块:Public

[ 2016-08-12T18:21:05+08:00 ] 175.2.212.104 /Public/Uploads/image/goods/20160725/thumb/14694316428606897494.jpg
INFO: [ app_init ] --START--
INFO: Run Behavior\BuildLiteBehavior [ RunTime:0.000010s ]
INFO: [ app_init ] --END-- [ RunTime:0.000220s ]
ERR: 无法加载模块:Public

[ 2016-08-12T18:21:05+08:00 ] 175.2.212.104 /Public/Uploads/image/goods/20160802/thumb/14701232356091313939.jpg
INFO: [ app_init ] --START--
INFO: Run Behavior\BuildLiteBehavior [ RunTime:0.000011s ]
INFO: [ app_init ] --END-- [ RunTime:0.000215s ]
ERR: 无法加载模块:Public

[ 2016-08-12T18:21:05+08:00 ] 175.2.212.104 /Public/Uploads/image/goods/20160721/thumb/14691056383785926002.jpg
INFO: [ app_init ] --START--
INFO: Run Behavior\BuildLiteBehavior [ RunTime:0.000017s ]
INFO: [ app_init ] --END-- [ RunTime:0.000388s ]
ERR: 无法加载模块:Public

[ 2016-08-12T18:21:05+08:00 ] 175.2.212.104 /Public/Uploads/image/admin/20160707/guanggao_1.png
INFO: [ app_init ] --START--
INFO: Run Behavior\BuildLiteBehavior [ RunTime:0.000010s ]
INFO: [ app_init ] --END-- [ RunTime:0.000204s ]
ERR: 无法加载模块:Public

[ 2016-08-12T18:21:05+08:00 ] 175.2.212.104 /Public/Uploads/image/goods/20160806/thumb/14704798175046344354.jpg
INFO: [ app_init ] --START--
INFO: Run Behavior\BuildLiteBehavior [ RunTime:0.000011s ]
INFO: [ app_init ] --END-- [ RunTime:0.000225s ]
ERR: 无法加载模块:Public

[ 2016-08-12T18:21:08+08:00 ] 175.2.212.104 /Public/Uploads/image/goods/20160721/thumb/14691056383785926002.jpg
INFO: [ app_init ] --START--
INFO: Run Behavior\BuildLiteBehavior [ RunTime:0.000010s ]
INFO: [ app_init ] --END-- [ RunTime:0.000223s ]
ERR: 无法加载模块:Public

[ 2016-08-12T18:21:08+08:00 ] 175.2.212.104 /Public/Uploads/image/goods/20160721/thumb/14691084089976337648.jpg
INFO: [ app_init ] --START--
INFO: Run Behavior\BuildLiteBehavior [ RunTime:0.000011s ]
INFO: [ app_init ] --END-- [ RunTime:0.000208s ]
ERR: 无法加载模块:Public

[ 2016-08-12T18:21:08+08:00 ] 175.2.212.104 /Public/Uploads/image/goods/20160725/thumb/14694316428606897494.jpg
INFO: [ app_init ] --START--
INFO: Run Behavior\BuildLiteBehavior [ RunTime:0.000010s ]
INFO: [ app_init ] --END-- [ RunTime:0.000207s ]
ERR: 无法加载模块:Public

[ 2016-08-12T18:21:08+08:00 ] 175.2.212.104 /Public/Uploads/image/goods/20160802/thumb/14701047277786953878.jpg
INFO: [ app_init ] --START--
INFO: Run Behavior\BuildLiteBehavior [ RunTime:0.000016s ]
INFO: [ app_init ] --END-- [ RunTime:0.000287s ]
ERR: 无法加载模块:Public

[ 2016-08-12T18:21:08+08:00 ] 175.2.212.104 /Public/Uploads/image/admin/20160707/guanggao_1.png
INFO: [ app_init ] --START--
INFO: Run Behavior\BuildLiteBehavior [ RunTime:0.000012s ]
INFO: [ app_init ] --END-- [ RunTime:0.004301s ]
ERR: 无法加载模块:Public

[ 2016-08-12T18:21:08+08:00 ] 175.2.212.104 /Public/Uploads/image/goods/20160802/thumb/14701232356091313939.jpg
INFO: [ app_init ] --START--
INFO: Run Behavior\BuildLiteBehavior [ RunTime:0.000012s ]
INFO: [ app_init ] --END-- [ RunTime:0.000219s ]
ERR: 无法加载模块:Public

[ 2016-08-12T18:21:08+08:00 ] 175.2.212.104 /Public/Uploads/image/goods/20160806/thumb/14704798175046344354.jpg
INFO: [ app_init ] --START--
INFO: Run Behavior\BuildLiteBehavior [ RunTime:0.000012s ]
INFO: [ app_init ] --END-- [ RunTime:0.000210s ]
ERR: 无法加载模块:Public

[ 2016-08-12T18:21:50+08:00 ] 175.2.212.104 /Public/Uploads/image/goods/20160721/14691056383785926002.jpg
INFO: [ app_init ] --START--
INFO: Run Behavior\BuildLiteBehavior [ RunTime:0.000022s ]
INFO: [ app_init ] --END-- [ RunTime:0.000542s ]
ERR: 无法加载模块:Public

[ 2016-08-12T18:21:50+08:00 ] 175.2.212.104 /Public/Uploads/image/goods/20160721/14691056402132567900.jpg
INFO: [ app_init ] --START--
INFO: Run Behavior\BuildLiteBehavior [ RunTime:0.000010s ]
INFO: [ app_init ] --END-- [ RunTime:0.000205s ]
ERR: 无法加载模块:Public

[ 2016-08-12T18:21:50+08:00 ] 175.2.212.104 /Public/Uploads/image/goods/20160721/14691056420297329686.jpg
INFO: [ app_init ] --START--
INFO: Run Behavior\BuildLiteBehavior [ RunTime:0.000009s ]
INFO: [ app_init ] --END-- [ RunTime:0.000195s ]
ERR: 无法加载模块:Public

[ 2016-08-12T18:21:50+08:00 ] 175.2.212.104 /Public/Uploads/image/goods/20160721/14691056439782002450.jpg
INFO: [ app_init ] --START--
INFO: Run Behavior\BuildLiteBehavior [ RunTime:0.000009s ]
INFO: [ app_init ] --END-- [ RunTime:0.000196s ]
ERR: 无法加载模块:Public

[ 2016-08-12T18:21:51+08:00 ] 175.2.212.104 /Public/Uploads/image/temp/20160715/20160723194459.png
INFO: [ app_init ] --START--
INFO: Run Behavior\BuildLiteBehavior [ RunTime:0.000014s ]
INFO: [ app_init ] --END-- [ RunTime:0.000259s ]
ERR: 无法加载模块:Public

[ 2016-08-12T18:21:51+08:00 ] 175.2.212.104 /Public/Uploads/image/temp/20160715/20160724201112.png
INFO: [ app_init ] --START--
INFO: Run Behavior\BuildLiteBehavior [ RunTime:0.000009s ]
INFO: [ app_init ] --END-- [ RunTime:0.000207s ]
ERR: 无法加载模块:Public

[ 2016-08-12T18:21:55+08:00 ] 175.2.212.104 /Public/Uploads/image/admin/20160707/guanggao_1.png
INFO: [ app_init ] --START--
INFO: Run Behavior\BuildLiteBehavior [ RunTime:0.000011s ]
INFO: [ app_init ] --END-- [ RunTime:0.000206s ]
ERR: 无法加载模块:Public

[ 2016-08-12T18:21:55+08:00 ] 175.2.212.104 /Public/Uploads/image/goods/20160721/thumb/14691084089976337648.jpg
INFO: [ app_init ] --START--
INFO: Run Behavior\BuildLiteBehavior [ RunTime:0.000012s ]
INFO: [ app_init ] --END-- [ RunTime:0.000212s ]
ERR: 无法加载模块:Public

[ 2016-08-12T18:21:55+08:00 ] 175.2.212.104 /Public/Uploads/image/goods/20160721/thumb/14691056383785926002.jpg
INFO: [ app_init ] --START--
INFO: Run Behavior\BuildLiteBehavior [ RunTime:0.000015s ]
INFO: [ app_init ] --END-- [ RunTime:0.000274s ]
ERR: 无法加载模块:Public

[ 2016-08-12T18:21:55+08:00 ] 175.2.212.104 /Public/Uploads/image/goods/20160725/thumb/14694316428606897494.jpg
INFO: [ app_init ] --START--
INFO: Run Behavior\BuildLiteBehavior [ RunTime:0.000010s ]
INFO: [ app_init ] --END-- [ RunTime:0.000203s ]
ERR: 无法加载模块:Public

[ 2016-08-12T18:21:55+08:00 ] 175.2.212.104 /Public/Uploads/image/goods/20160802/thumb/14701047277786953878.jpg
INFO: [ app_init ] --START--
INFO: Run Behavior\BuildLiteBehavior [ RunTime:0.000012s ]
INFO: [ app_init ] --END-- [ RunTime:0.000210s ]
ERR: 无法加载模块:Public

[ 2016-08-12T18:21:55+08:00 ] 175.2.212.104 /Public/Uploads/image/goods/20160802/thumb/14701232356091313939.jpg
INFO: [ app_init ] --START--
INFO: Run Behavior\BuildLiteBehavior [ RunTime:0.000011s ]
INFO: [ app_init ] --END-- [ RunTime:0.000230s ]
ERR: 无法加载模块:Public

[ 2016-08-12T18:21:55+08:00 ] 175.2.212.104 /Public/Uploads/image/goods/20160806/thumb/14704798175046344354.jpg
INFO: [ app_init ] --START--
INFO: Run Behavior\BuildLiteBehavior [ RunTime:0.000011s ]
INFO: [ app_init ] --END-- [ RunTime:0.000230s ]
ERR: 无法加载模块:Public

[ 2016-08-12T18:22:03+08:00 ] 175.2.212.104 /Public/Uploads/image/admin/20160707/guanggao_1.png
INFO: [ app_init ] --START--
INFO: Run Behavior\BuildLiteBehavior [ RunTime:0.000011s ]
INFO: [ app_init ] --END-- [ RunTime:0.000212s ]
ERR: 无法加载模块:Public

[ 2016-08-12T18:22:03+08:00 ] 175.2.212.104 /Public/Uploads/image/goods/20160721/thumb/14691084089976337648.jpg
INFO: [ app_init ] --START--
INFO: Run Behavior\BuildLiteBehavior [ RunTime:0.000012s ]
INFO: [ app_init ] --END-- [ RunTime:0.000219s ]
ERR: 无法加载模块:Public

[ 2016-08-12T18:22:03+08:00 ] 175.2.212.104 /Public/Uploads/image/goods/20160725/thumb/14694316428606897494.jpg
INFO: [ app_init ] --START--
INFO: Run Behavior\BuildLiteBehavior [ RunTime:0.000011s ]
INFO: [ app_init ] --END-- [ RunTime:0.000207s ]
ERR: 无法加载模块:Public

[ 2016-08-12T18:22:03+08:00 ] 175.2.212.104 /Public/Uploads/image/goods/20160806/thumb/14704798175046344354.jpg
INFO: [ app_init ] --START--
INFO: Run Behavior\BuildLiteBehavior [ RunTime:0.000011s ]
INFO: [ app_init ] --END-- [ RunTime:0.000208s ]
ERR: 无法加载模块:Public

[ 2016-08-12T18:22:03+08:00 ] 175.2.212.104 /Public/Uploads/image/goods/20160802/thumb/14701232356091313939.jpg
INFO: [ app_init ] --START--
INFO: Run Behavior\BuildLiteBehavior [ RunTime:0.000010s ]
INFO: [ app_init ] --END-- [ RunTime:0.000219s ]
ERR: 无法加载模块:Public

[ 2016-08-12T18:22:03+08:00 ] 175.2.212.104 /Public/Uploads/image/goods/20160721/thumb/14691056383785926002.jpg
INFO: [ app_init ] --START--
INFO: Run Behavior\BuildLiteBehavior [ RunTime:0.000011s ]
INFO: [ app_init ] --END-- [ RunTime:0.000214s ]
ERR: 无法加载模块:Public

[ 2016-08-12T18:22:03+08:00 ] 175.2.212.104 /Public/Uploads/image/goods/20160802/thumb/14701047277786953878.jpg
INFO: [ app_init ] --START--
INFO: Run Behavior\BuildLiteBehavior [ RunTime:0.000010s ]
INFO: [ app_init ] --END-- [ RunTime:0.000206s ]
ERR: 无法加载模块:Public

[ 2016-08-12T19:13:49+08:00 ] 103.209.203.4 /Public/Home/Css/head.css
INFO: [ app_init ] --START--
INFO: Run Behavior\BuildLiteBehavior [ RunTime:0.000011s ]
INFO: [ app_init ] --END-- [ RunTime:0.000215s ]
ERR: 无法加载模块:Public

[ 2016-08-12T19:13:49+08:00 ] 103.209.203.4 /Public/Home/Css/footer.css
INFO: [ app_init ] --START--
INFO: Run Behavior\BuildLiteBehavior [ RunTime:0.000009s ]
INFO: [ app_init ] --END-- [ RunTime:0.000198s ]
ERR: 无法加载模块:Public

[ 2016-08-12T19:13:49+08:00 ] 103.209.203.4 /Public/Home/Css/index.css
INFO: [ app_init ] --START--
INFO: Run Behavior\BuildLiteBehavior [ RunTime:0.000010s ]
INFO: [ app_init ] --END-- [ RunTime:0.000207s ]
ERR: 无法加载模块:Public

[ 2016-08-12T19:14:59+08:00 ] 103.209.203.4 /Public/Home/Css/footer.css
INFO: [ app_init ] --START--
INFO: Run Behavior\BuildLiteBehavior [ RunTime:0.000015s ]
INFO: [ app_init ] --END-- [ RunTime:0.000267s ]
ERR: 无法加载模块:Public

[ 2016-08-12T19:14:59+08:00 ] 103.209.203.4 /Public/Home/Css/index.css
INFO: [ app_init ] --START--
INFO: Run Behavior\BuildLiteBehavior [ RunTime:0.000011s ]
INFO: [ app_init ] --END-- [ RunTime:0.000207s ]
ERR: 无法加载模块:Public

[ 2016-08-12T19:14:59+08:00 ] 103.209.203.4 /Public/Home/Css/head.css
INFO: [ app_init ] --START--
INFO: Run Behavior\BuildLiteBehavior [ RunTime:0.000009s ]
INFO: [ app_init ] --END-- [ RunTime:0.000195s ]
ERR: 无法加载模块:Public

