[ 2016-08-04T10:38:44+08:00 ] 127.0.0.1 /Admin/Ordermanage/index.html
INFO: [ app_init ] --START--
INFO: Run Behavior\BuildLiteBehavior [ RunTime:0.000022s ]
INFO: [ app_init ] --END-- [ RunTime:0.000579s ]
INFO: [ app_begin ] --START--
INFO: Run Behavior\ReadHtmlCacheBehavior [ RunTime:0.000835s ]
INFO: [ app_begin ] --END-- [ RunTime:0.000939s ]
NOTIC: [8] Use of undefined constant Y - assumed 'Y' E:\wamp\www\myguopin\Application\Admin\Controller\FontEndController.class.php 第 22 行.
SQL: SHOW COLUMNS FROM `m_admin_infor` [ RunTime:0.0055s ]
SQL: SELECT * FROM `m_admin_infor` WHERE ( id=1 ) LIMIT 1   [ RunTime:0.0004s ]
SQL: SHOW COLUMNS FROM `m_order` [ RunTime:0.0059s ]
SQL: SELECT COUNT(*) AS tp_count FROM `m_order` WHERE ( deleted=0 ) LIMIT 1   [ RunTime:0.0004s ]
SQL: SHOW COLUMNS FROM `m_order` [ RunTime:0.0053s ]
SQL: SELECT * FROM m_order t1,m_users t2 WHERE ( t1.user_id=t2.user_id and t1.deleted=0 ) ORDER BY t1.order_id desc LIMIT 0,10   [ RunTime:0.0077s ]
INFO: [ view_parse ] --START--
INFO: [ template_filter ] --START--
INFO: Run Behavior\ContentReplaceBehavior [ RunTime:0.000109s ]
INFO: [ template_filter ] --END-- [ RunTime:0.000198s ]
INFO: Run Behavior\ParseTemplateBehavior [ RunTime:0.036707s ]
INFO: [ view_parse ] --END-- [ RunTime:0.036803s ]
INFO: [ view_filter ] --START--
INFO: Run Behavior\WriteHtmlCacheBehavior [ RunTime:0.000548s ]
INFO: Run Behavior\TokenBuildBehavior [ RunTime:0.000995s ]
INFO: [ view_filter ] --END-- [ RunTime:0.001662s ]
INFO: [ app_end ] --START--
INFO: Run Behavior\ShowPageTraceBehavior [ RunTime:0.000751s ]
INFO: [ app_end ] --END-- [ RunTime:0.000828s ]

[ 2016-08-04T10:38:44+08:00 ] 127.0.0.1 /Admin/Login/index.html
INFO: [ app_init ] --START--
INFO: Run Behavior\BuildLiteBehavior [ RunTime:0.000028s ]
INFO: [ app_init ] --END-- [ RunTime:0.000622s ]
INFO: [ app_begin ] --START--
INFO: Run Behavior\ReadHtmlCacheBehavior [ RunTime:0.000774s ]
INFO: [ app_begin ] --END-- [ RunTime:0.000883s ]
NOTIC: [8] Use of undefined constant Y - assumed 'Y' E:\wamp\www\myguopin\Application\Admin\Controller\FontEndController.class.php 第 22 行.
SQL: SHOW COLUMNS FROM `m_admin_infor` [ RunTime:0.0068s ]
SQL: SELECT * FROM `m_admin_infor` WHERE ( id=1 ) LIMIT 1   [ RunTime:0.0003s ]
NOTIC: [8] Undefined index: url_to E:\wamp\www\myguopin\Application\Admin\Controller\LoginController.class.php 第 10 行.
NOTIC: [8] Undefined index: url_to E:\wamp\www\myguopin\Application\Admin\Controller\LoginController.class.php 第 12 行.
INFO: [ view_parse ] --START--
INFO: [ template_filter ] --START--
INFO: Run Behavior\ContentReplaceBehavior [ RunTime:0.000088s ]
INFO: [ template_filter ] --END-- [ RunTime:0.000185s ]
NOTIC: [8] Undefined variable: infor_mima E:\wamp\www\myguopin\Application\Runtime\Cache\Admin\286f14c479e57cdb25987680ec610826.php 第 49 行.
INFO: Run Behavior\ParseTemplateBehavior [ RunTime:0.009898s ]
INFO: [ view_parse ] --END-- [ RunTime:0.010004s ]
INFO: [ view_filter ] --START--
INFO: Run Behavior\WriteHtmlCacheBehavior [ RunTime:0.000642s ]
INFO: Run Behavior\TokenBuildBehavior [ RunTime:0.000716s ]
INFO: [ view_filter ] --END-- [ RunTime:0.001491s ]
INFO: [ app_end ] --START--
INFO: Run Behavior\ShowPageTraceBehavior [ RunTime:0.000760s ]
INFO: [ app_end ] --END-- [ RunTime:0.000838s ]

[ 2016-08-04T10:38:49+08:00 ] 127.0.0.1 /Admin/login/login.html
INFO: [ app_init ] --START--
INFO: Run Behavior\BuildLiteBehavior [ RunTime:0.000028s ]
INFO: [ app_init ] --END-- [ RunTime:0.000635s ]
INFO: [ app_begin ] --START--
INFO: Run Behavior\ReadHtmlCacheBehavior [ RunTime:0.000774s ]
INFO: [ app_begin ] --END-- [ RunTime:0.000873s ]
NOTIC: [8] Use of undefined constant Y - assumed 'Y' E:\wamp\www\myguopin\Application\Admin\Controller\FontEndController.class.php 第 22 行.
SQL: SHOW COLUMNS FROM `m_admin_infor` [ RunTime:0.0052s ]
SQL: SELECT * FROM `m_admin_infor` WHERE ( id=1 ) LIMIT 1   [ RunTime:0.0003s ]
SQL: SHOW COLUMNS FROM `m_admin_user` [ RunTime:0.0064s ]
SQL: SELECT COUNT(*) AS tp_count FROM `m_admin_user` WHERE ( mobile_phone='13574506835' ) LIMIT 1   [ RunTime:0.1063s ]
SQL: SELECT `ad_salt` FROM `m_admin_user` WHERE ( mobile_phone='13574506835' ) LIMIT 1   [ RunTime:0.0003s ]
SQL: SELECT COUNT(*) AS tp_count FROM `m_admin_user` WHERE ( mobile_phone='13574506835' and password='f9241fc0fe6db8097a92f8f978e9586a' ) LIMIT 1   [ RunTime:0.0003s ]

[ 2016-08-04T10:38:49+08:00 ] 127.0.0.1 /Admin/Login/chenggong.html
INFO: [ app_init ] --START--
INFO: Run Behavior\BuildLiteBehavior [ RunTime:0.000045s ]
INFO: [ app_init ] --END-- [ RunTime:0.000835s ]
INFO: [ app_begin ] --START--
INFO: Run Behavior\ReadHtmlCacheBehavior [ RunTime:0.000790s ]
INFO: [ app_begin ] --END-- [ RunTime:0.000907s ]
NOTIC: [8] Use of undefined constant Y - assumed 'Y' E:\wamp\www\myguopin\Application\Admin\Controller\FontEndController.class.php 第 22 行.
SQL: SHOW COLUMNS FROM `m_admin_infor` [ RunTime:0.0145s ]
SQL: SELECT * FROM `m_admin_infor` WHERE ( id=1 ) LIMIT 1   [ RunTime:0.0003s ]
NOTIC: [8] Undefined variable: dlm E:\wamp\www\myguopin\Application\Admin\Controller\LoginController.class.php 第 52 行.
NOTIC: [8] Undefined variable: mima E:\wamp\www\myguopin\Application\Admin\Controller\LoginController.class.php 第 52 行.
SQL: SHOW COLUMNS FROM `m_admin_user` [ RunTime:0.0058s ]
NOTIC: [2048] mktime(): You should be using the time() function instead E:\wamp\www\myguopin\Application\Admin\Controller\LoginController.class.php 第 58 行.
SQL: UPDATE `m_admin_user` SET `last_login`='1470278329',`last_ip`='127.0.0.1' WHERE ( mobile_phone='13574506835' ) [ RunTime:0.0295s ]
SQL: SELECT `user_id` FROM `m_admin_user` WHERE ( mobile_phone='13574506835' ) LIMIT 1   [ RunTime:0.0003s ]
SQL: SELECT `user_name` FROM `m_admin_user` WHERE ( mobile_phone='13574506835' ) LIMIT 1   [ RunTime:0.0002s ]
SQL: SELECT `last_login` FROM `m_admin_user` WHERE ( mobile_phone='13574506835' ) LIMIT 1   [ RunTime:0.0002s ]

[ 2016-08-04T10:38:49+08:00 ] 127.0.0.1 /Admin/index/index.html
INFO: [ app_init ] --START--
INFO: Run Behavior\BuildLiteBehavior [ RunTime:0.000028s ]
INFO: [ app_init ] --END-- [ RunTime:0.000607s ]
INFO: [ app_begin ] --START--
INFO: Run Behavior\ReadHtmlCacheBehavior [ RunTime:0.000778s ]
INFO: [ app_begin ] --END-- [ RunTime:0.000875s ]
NOTIC: [8] Use of undefined constant Y - assumed 'Y' E:\wamp\www\myguopin\Application\Admin\Controller\FontEndController.class.php 第 22 行.
SQL: SHOW COLUMNS FROM `m_admin_infor` [ RunTime:0.0069s ]
SQL: SELECT * FROM `m_admin_infor` WHERE ( id=1 ) LIMIT 1   [ RunTime:0.0004s ]
INFO: [ view_parse ] --START--
INFO: [ template_filter ] --START--
INFO: Run Behavior\ContentReplaceBehavior [ RunTime:0.000090s ]
INFO: [ template_filter ] --END-- [ RunTime:0.000199s ]
INFO: Run Behavior\ParseTemplateBehavior [ RunTime:0.087133s ]
INFO: [ view_parse ] --END-- [ RunTime:0.087255s ]
INFO: [ view_filter ] --START--
INFO: Run Behavior\WriteHtmlCacheBehavior [ RunTime:0.000541s ]
INFO: Run Behavior\TokenBuildBehavior [ RunTime:0.000694s ]
INFO: [ view_filter ] --END-- [ RunTime:0.001356s ]
INFO: [ app_end ] --START--
INFO: Run Behavior\ShowPageTraceBehavior [ RunTime:0.000767s ]
INFO: [ app_end ] --END-- [ RunTime:0.000843s ]

[ 2016-08-04T10:38:50+08:00 ] 127.0.0.1 /Admin/Index/top.html
INFO: [ app_init ] --START--
INFO: Run Behavior\BuildLiteBehavior [ RunTime:0.000045s ]
INFO: [ app_init ] --END-- [ RunTime:0.000940s ]
INFO: [ app_begin ] --START--
INFO: Run Behavior\ReadHtmlCacheBehavior [ RunTime:0.001213s ]
INFO: [ app_begin ] --END-- [ RunTime:0.001394s ]
NOTIC: [8] Use of undefined constant Y - assumed 'Y' E:\wamp\www\myguopin\Application\Admin\Controller\FontEndController.class.php 第 22 行.
SQL: SHOW COLUMNS FROM `m_admin_infor` [ RunTime:0.0073s ]
SQL: SELECT * FROM `m_admin_infor` WHERE ( id=1 ) LIMIT 1   [ RunTime:0.0005s ]
INFO: [ view_parse ] --START--
INFO: [ template_filter ] --START--
INFO: Run Behavior\ContentReplaceBehavior [ RunTime:0.000092s ]
INFO: [ template_filter ] --END-- [ RunTime:0.000195s ]
INFO: Run Behavior\ParseTemplateBehavior [ RunTime:0.035267s ]
INFO: [ view_parse ] --END-- [ RunTime:0.035404s ]
INFO: [ view_filter ] --START--
INFO: Run Behavior\WriteHtmlCacheBehavior [ RunTime:0.000519s ]
INFO: Run Behavior\TokenBuildBehavior [ RunTime:0.000671s ]
INFO: [ view_filter ] --END-- [ RunTime:0.001362s ]
INFO: [ app_end ] --START--
INFO: Run Behavior\ShowPageTraceBehavior [ RunTime:0.000769s ]
INFO: [ app_end ] --END-- [ RunTime:0.000856s ]

[ 2016-08-04T10:38:50+08:00 ] 127.0.0.1 /Admin/Index/menu.html
INFO: [ app_init ] --START--
INFO: Run Behavior\BuildLiteBehavior [ RunTime:0.000041s ]
INFO: [ app_init ] --END-- [ RunTime:0.000925s ]
INFO: [ app_begin ] --START--
INFO: Run Behavior\ReadHtmlCacheBehavior [ RunTime:0.001325s ]
INFO: [ app_begin ] --END-- [ RunTime:0.001510s ]
NOTIC: [8] Use of undefined constant Y - assumed 'Y' E:\wamp\www\myguopin\Application\Admin\Controller\FontEndController.class.php 第 22 行.
SQL: SHOW COLUMNS FROM `m_admin_infor` [ RunTime:0.0089s ]
SQL: SELECT * FROM `m_admin_infor` WHERE ( id=1 ) LIMIT 1   [ RunTime:0.0005s ]
INFO: [ view_parse ] --START--
INFO: [ template_filter ] --START--
INFO: Run Behavior\ContentReplaceBehavior [ RunTime:0.000123s ]
INFO: [ template_filter ] --END-- [ RunTime:0.000227s ]
INFO: Run Behavior\ParseTemplateBehavior [ RunTime:0.046428s ]
INFO: [ view_parse ] --END-- [ RunTime:0.046610s ]
INFO: [ view_filter ] --START--
INFO: Run Behavior\WriteHtmlCacheBehavior [ RunTime:0.001033s ]
INFO: Run Behavior\TokenBuildBehavior [ RunTime:0.000978s ]
INFO: [ view_filter ] --END-- [ RunTime:0.002197s ]
INFO: [ app_end ] --START--
INFO: Run Behavior\ShowPageTraceBehavior [ RunTime:0.000862s ]
INFO: [ app_end ] --END-- [ RunTime:0.000955s ]

[ 2016-08-04T10:38:50+08:00 ] 127.0.0.1 /Admin/Index/main.html
INFO: [ app_init ] --START--
INFO: Run Behavior\BuildLiteBehavior [ RunTime:0.000025s ]
INFO: [ app_init ] --END-- [ RunTime:0.000553s ]
INFO: [ app_begin ] --START--
INFO: Run Behavior\ReadHtmlCacheBehavior [ RunTime:0.001280s ]
INFO: [ app_begin ] --END-- [ RunTime:0.001500s ]
NOTIC: [8] Use of undefined constant Y - assumed 'Y' E:\wamp\www\myguopin\Application\Admin\Controller\FontEndController.class.php 第 22 行.
SQL: SHOW COLUMNS FROM `m_admin_infor` [ RunTime:0.0070s ]
SQL: SELECT * FROM `m_admin_infor` WHERE ( id=1 ) LIMIT 1   [ RunTime:0.0003s ]
INFO: [ view_parse ] --START--
INFO: [ template_filter ] --START--
INFO: Run Behavior\ContentReplaceBehavior [ RunTime:0.000077s ]
INFO: [ template_filter ] --END-- [ RunTime:0.000168s ]
INFO: Run Behavior\ParseTemplateBehavior [ RunTime:0.049156s ]
INFO: [ view_parse ] --END-- [ RunTime:0.049281s ]
INFO: [ view_filter ] --START--
INFO: Run Behavior\WriteHtmlCacheBehavior [ RunTime:0.000475s ]
INFO: Run Behavior\TokenBuildBehavior [ RunTime:0.000665s ]
INFO: [ view_filter ] --END-- [ RunTime:0.001270s ]
INFO: [ app_end ] --START--
INFO: Run Behavior\ShowPageTraceBehavior [ RunTime:0.000708s ]
INFO: [ app_end ] --END-- [ RunTime:0.000786s ]

[ 2016-08-04T10:38:50+08:00 ] 127.0.0.1 /Admin/Index/drag.html
INFO: [ app_init ] --START--
INFO: Run Behavior\BuildLiteBehavior [ RunTime:0.000025s ]
INFO: [ app_init ] --END-- [ RunTime:0.000552s ]
INFO: [ app_begin ] --START--
INFO: Run Behavior\ReadHtmlCacheBehavior [ RunTime:0.001248s ]
INFO: [ app_begin ] --END-- [ RunTime:0.001370s ]
NOTIC: [8] Use of undefined constant Y - assumed 'Y' E:\wamp\www\myguopin\Application\Admin\Controller\FontEndController.class.php 第 22 行.
SQL: SHOW COLUMNS FROM `m_admin_infor` [ RunTime:0.0056s ]
SQL: SELECT * FROM `m_admin_infor` WHERE ( id=1 ) LIMIT 1   [ RunTime:0.0004s ]
INFO: [ view_parse ] --START--
INFO: [ template_filter ] --START--
INFO: Run Behavior\ContentReplaceBehavior [ RunTime:0.000085s ]
INFO: [ template_filter ] --END-- [ RunTime:0.000183s ]
INFO: Run Behavior\ParseTemplateBehavior [ RunTime:0.031261s ]
INFO: [ view_parse ] --END-- [ RunTime:0.031364s ]
INFO: [ view_filter ] --START--
INFO: Run Behavior\WriteHtmlCacheBehavior [ RunTime:0.000584s ]
INFO: Run Behavior\TokenBuildBehavior [ RunTime:0.000750s ]
INFO: [ view_filter ] --END-- [ RunTime:0.001469s ]
INFO: [ app_end ] --START--
INFO: Run Behavior\ShowPageTraceBehavior [ RunTime:0.000835s ]
INFO: [ app_end ] --END-- [ RunTime:0.000922s ]

[ 2016-08-04T10:39:07+08:00 ] 127.0.0.1 /Admin/index/index.html
INFO: [ app_init ] --START--
INFO: Run Behavior\BuildLiteBehavior [ RunTime:0.000035s ]
INFO: [ app_init ] --END-- [ RunTime:0.000629s ]
INFO: [ app_begin ] --START--
INFO: Run Behavior\ReadHtmlCacheBehavior [ RunTime:0.000831s ]
INFO: [ app_begin ] --END-- [ RunTime:0.000925s ]
NOTIC: [8] Use of undefined constant Y - assumed 'Y' E:\wamp\www\myguopin\Application\Admin\Controller\FontEndController.class.php 第 22 行.
SQL: SHOW COLUMNS FROM `m_admin_infor` [ RunTime:0.0053s ]
SQL: SELECT * FROM `m_admin_infor` WHERE ( id=1 ) LIMIT 1   [ RunTime:0.0003s ]
INFO: [ view_parse ] --START--
INFO: [ template_filter ] --START--
INFO: Run Behavior\ContentReplaceBehavior [ RunTime:0.000078s ]
INFO: [ template_filter ] --END-- [ RunTime:0.000180s ]
INFO: Run Behavior\ParseTemplateBehavior [ RunTime:0.008899s ]
INFO: [ view_parse ] --END-- [ RunTime:0.008994s ]
INFO: [ view_filter ] --START--
INFO: Run Behavior\WriteHtmlCacheBehavior [ RunTime:0.000610s ]
INFO: Run Behavior\TokenBuildBehavior [ RunTime:0.000804s ]
INFO: [ view_filter ] --END-- [ RunTime:0.001535s ]
INFO: [ app_end ] --START--
INFO: Run Behavior\ShowPageTraceBehavior [ RunTime:0.000830s ]
INFO: [ app_end ] --END-- [ RunTime:0.000911s ]

[ 2016-08-04T10:39:07+08:00 ] 127.0.0.1 /Admin/Index/top.html
INFO: [ app_init ] --START--
INFO: Run Behavior\BuildLiteBehavior [ RunTime:0.000044s ]
INFO: [ app_init ] --END-- [ RunTime:0.000852s ]
INFO: [ app_begin ] --START--
INFO: Run Behavior\ReadHtmlCacheBehavior [ RunTime:0.001445s ]
INFO: [ app_begin ] --END-- [ RunTime:0.001648s ]
NOTIC: [8] Use of undefined constant Y - assumed 'Y' E:\wamp\www\myguopin\Application\Admin\Controller\FontEndController.class.php 第 22 行.
SQL: SHOW COLUMNS FROM `m_admin_infor` [ RunTime:0.0068s ]
SQL: SELECT * FROM `m_admin_infor` WHERE ( id=1 ) LIMIT 1   [ RunTime:0.0003s ]
INFO: [ view_parse ] --START--
INFO: [ template_filter ] --START--
INFO: Run Behavior\ContentReplaceBehavior [ RunTime:0.000091s ]
INFO: [ template_filter ] --END-- [ RunTime:0.000193s ]
INFO: Run Behavior\ParseTemplateBehavior [ RunTime:0.008301s ]
INFO: [ view_parse ] --END-- [ RunTime:0.008401s ]
INFO: [ view_filter ] --START--
INFO: Run Behavior\WriteHtmlCacheBehavior [ RunTime:0.000569s ]
INFO: Run Behavior\TokenBuildBehavior [ RunTime:0.000757s ]
INFO: [ view_filter ] --END-- [ RunTime:0.001473s ]
INFO: [ app_end ] --START--
INFO: Run Behavior\ShowPageTraceBehavior [ RunTime:0.001203s ]
INFO: [ app_end ] --END-- [ RunTime:0.001866s ]

[ 2016-08-04T10:39:07+08:00 ] 127.0.0.1 /Admin/Index/main.html
INFO: [ app_init ] --START--
INFO: Run Behavior\BuildLiteBehavior [ RunTime:0.000044s ]
INFO: [ app_init ] --END-- [ RunTime:0.000798s ]
INFO: [ app_begin ] --START--
INFO: Run Behavior\ReadHtmlCacheBehavior [ RunTime:0.001146s ]
INFO: [ app_begin ] --END-- [ RunTime:0.001346s ]
NOTIC: [8] Use of undefined constant Y - assumed 'Y' E:\wamp\www\myguopin\Application\Admin\Controller\FontEndController.class.php 第 22 行.
SQL: SHOW COLUMNS FROM `m_admin_infor` [ RunTime:0.0082s ]
SQL: SELECT * FROM `m_admin_infor` WHERE ( id=1 ) LIMIT 1   [ RunTime:0.0014s ]
INFO: [ view_parse ] --START--
INFO: [ template_filter ] --START--
INFO: Run Behavior\ContentReplaceBehavior [ RunTime:0.000091s ]
INFO: [ template_filter ] --END-- [ RunTime:0.000200s ]
INFO: Run Behavior\ParseTemplateBehavior [ RunTime:0.009461s ]
INFO: [ view_parse ] --END-- [ RunTime:0.009608s ]
INFO: [ view_filter ] --START--
INFO: Run Behavior\WriteHtmlCacheBehavior [ RunTime:0.000492s ]
INFO: Run Behavior\TokenBuildBehavior [ RunTime:0.000696s ]
INFO: [ view_filter ] --END-- [ RunTime:0.001330s ]
INFO: [ app_end ] --START--
INFO: Run Behavior\ShowPageTraceBehavior [ RunTime:0.000824s ]
INFO: [ app_end ] --END-- [ RunTime:0.000918s ]

[ 2016-08-04T10:39:07+08:00 ] 127.0.0.1 /Admin/Index/drag.html
INFO: [ app_init ] --START--
INFO: Run Behavior\BuildLiteBehavior [ RunTime:0.000041s ]
INFO: [ app_init ] --END-- [ RunTime:0.000943s ]
INFO: [ app_begin ] --START--
INFO: Run Behavior\ReadHtmlCacheBehavior [ RunTime:0.001260s ]
INFO: [ app_begin ] --END-- [ RunTime:0.001430s ]
NOTIC: [8] Use of undefined constant Y - assumed 'Y' E:\wamp\www\myguopin\Application\Admin\Controller\FontEndController.class.php 第 22 行.
SQL: SHOW COLUMNS FROM `m_admin_infor` [ RunTime:0.0059s ]
SQL: SELECT * FROM `m_admin_infor` WHERE ( id=1 ) LIMIT 1   [ RunTime:0.0003s ]
INFO: [ view_parse ] --START--
INFO: [ template_filter ] --START--
INFO: Run Behavior\ContentReplaceBehavior [ RunTime:0.000085s ]
INFO: [ template_filter ] --END-- [ RunTime:0.000186s ]
INFO: Run Behavior\ParseTemplateBehavior [ RunTime:0.010539s ]
INFO: [ view_parse ] --END-- [ RunTime:0.010654s ]
INFO: [ view_filter ] --START--
INFO: Run Behavior\WriteHtmlCacheBehavior [ RunTime:0.000764s ]
INFO: Run Behavior\TokenBuildBehavior [ RunTime:0.000903s ]
INFO: [ view_filter ] --END-- [ RunTime:0.001853s ]
INFO: [ app_end ] --START--
INFO: Run Behavior\ShowPageTraceBehavior [ RunTime:0.000983s ]
INFO: [ app_end ] --END-- [ RunTime:0.001077s ]

[ 2016-08-04T10:39:07+08:00 ] 127.0.0.1 /Admin/Index/menu.html
INFO: [ app_init ] --START--
INFO: Run Behavior\BuildLiteBehavior [ RunTime:0.000026s ]
INFO: [ app_init ] --END-- [ RunTime:0.000639s ]
INFO: [ app_begin ] --START--
INFO: Run Behavior\ReadHtmlCacheBehavior [ RunTime:0.001749s ]
INFO: [ app_begin ] --END-- [ RunTime:0.001908s ]
NOTIC: [8] Use of undefined constant Y - assumed 'Y' E:\wamp\www\myguopin\Application\Admin\Controller\FontEndController.class.php 第 22 行.
SQL: SHOW COLUMNS FROM `m_admin_infor` [ RunTime:0.0066s ]
SQL: SELECT * FROM `m_admin_infor` WHERE ( id=1 ) LIMIT 1   [ RunTime:0.0007s ]
INFO: [ view_parse ] --START--
INFO: [ template_filter ] --START--
INFO: Run Behavior\ContentReplaceBehavior [ RunTime:0.000195s ]
INFO: [ template_filter ] --END-- [ RunTime:0.000364s ]
INFO: Run Behavior\ParseTemplateBehavior [ RunTime:0.037048s ]
INFO: [ view_parse ] --END-- [ RunTime:0.037201s ]
INFO: [ view_filter ] --START--
INFO: Run Behavior\WriteHtmlCacheBehavior [ RunTime:0.000910s ]
INFO: Run Behavior\TokenBuildBehavior [ RunTime:0.001242s ]
INFO: [ view_filter ] --END-- [ RunTime:0.002406s ]
INFO: [ app_end ] --START--
INFO: Run Behavior\ShowPageTraceBehavior [ RunTime:0.001287s ]
INFO: [ app_end ] --END-- [ RunTime:0.001443s ]

[ 2016-08-04T10:39:11+08:00 ] 127.0.0.1 /Admin/Ordermanage/index.html
INFO: [ app_init ] --START--
INFO: Run Behavior\BuildLiteBehavior [ RunTime:0.000035s ]
INFO: [ app_init ] --END-- [ RunTime:0.000625s ]
INFO: [ app_begin ] --START--
INFO: Run Behavior\ReadHtmlCacheBehavior [ RunTime:0.000765s ]
INFO: [ app_begin ] --END-- [ RunTime:0.000853s ]
NOTIC: [8] Use of undefined constant Y - assumed 'Y' E:\wamp\www\myguopin\Application\Admin\Controller\FontEndController.class.php 第 22 行.
SQL: SHOW COLUMNS FROM `m_admin_infor` [ RunTime:0.0058s ]
SQL: SELECT * FROM `m_admin_infor` WHERE ( id=1 ) LIMIT 1   [ RunTime:0.0003s ]
SQL: SHOW COLUMNS FROM `m_order` [ RunTime:0.0070s ]
SQL: SELECT COUNT(*) AS tp_count FROM `m_order` WHERE ( deleted=0 ) LIMIT 1   [ RunTime:0.0003s ]
SQL: SHOW COLUMNS FROM `m_order` [ RunTime:0.0054s ]
SQL: SELECT * FROM m_order t1,m_users t2 WHERE ( t1.user_id=t2.user_id and t1.deleted=0 ) ORDER BY t1.order_id desc LIMIT 0,10   [ RunTime:0.0072s ]
INFO: [ view_parse ] --START--
INFO: [ template_filter ] --START--
INFO: Run Behavior\ContentReplaceBehavior [ RunTime:0.000107s ]
INFO: [ template_filter ] --END-- [ RunTime:0.000193s ]
INFO: Run Behavior\ParseTemplateBehavior [ RunTime:0.012943s ]
INFO: [ view_parse ] --END-- [ RunTime:0.013077s ]
INFO: [ view_filter ] --START--
INFO: Run Behavior\WriteHtmlCacheBehavior [ RunTime:0.000639s ]
INFO: Run Behavior\TokenBuildBehavior [ RunTime:0.001294s ]
INFO: [ view_filter ] --END-- [ RunTime:0.002114s ]
INFO: [ app_end ] --START--
INFO: Run Behavior\ShowPageTraceBehavior [ RunTime:0.000922s ]
INFO: [ app_end ] --END-- [ RunTime:0.001010s ]

[ 2016-08-04T10:39:13+08:00 ] 127.0.0.1 /Admin/Ordermanage/fahuo/order_id/70.html
INFO: [ app_init ] --START--
INFO: Run Behavior\BuildLiteBehavior [ RunTime:0.000034s ]
INFO: [ app_init ] --END-- [ RunTime:0.000619s ]
INFO: [ app_begin ] --START--
INFO: Run Behavior\ReadHtmlCacheBehavior [ RunTime:0.000842s ]
INFO: [ app_begin ] --END-- [ RunTime:0.000988s ]
NOTIC: [8] Use of undefined constant Y - assumed 'Y' E:\wamp\www\myguopin\Application\Admin\Controller\FontEndController.class.php 第 22 行.
SQL: SHOW COLUMNS FROM `m_admin_infor` [ RunTime:0.0095s ]
SQL: SELECT * FROM `m_admin_infor` WHERE ( id=1 ) LIMIT 1   [ RunTime:0.0003s ]
INFO: [ view_parse ] --START--
INFO: [ template_filter ] --START--
INFO: Run Behavior\ContentReplaceBehavior [ RunTime:0.000090s ]
INFO: [ template_filter ] --END-- [ RunTime:0.000180s ]
INFO: Run Behavior\ParseTemplateBehavior [ RunTime:0.112459s ]
INFO: [ view_parse ] --END-- [ RunTime:0.112569s ]
INFO: [ view_filter ] --START--
INFO: Run Behavior\WriteHtmlCacheBehavior [ RunTime:0.000613s ]
INFO: Run Behavior\TokenBuildBehavior [ RunTime:0.000862s ]
INFO: [ view_filter ] --END-- [ RunTime:0.001629s ]
INFO: [ app_end ] --START--
INFO: Run Behavior\ShowPageTraceBehavior [ RunTime:0.000871s ]
INFO: [ app_end ] --END-- [ RunTime:0.000965s ]

[ 2016-08-04T10:40:41+08:00 ] 127.0.0.1 /Admin/Ordermanage/fahuo_check.html
INFO: [ app_init ] --START--
INFO: Run Behavior\BuildLiteBehavior [ RunTime:0.000023s ]
INFO: [ app_init ] --END-- [ RunTime:0.000589s ]
INFO: [ app_begin ] --START--
INFO: Run Behavior\ReadHtmlCacheBehavior [ RunTime:0.000751s ]
INFO: [ app_begin ] --END-- [ RunTime:0.000841s ]
NOTIC: [8] Use of undefined constant Y - assumed 'Y' E:\wamp\www\myguopin\Application\Admin\Controller\FontEndController.class.php 第 22 行.
SQL: SHOW COLUMNS FROM `m_admin_infor` [ RunTime:0.0058s ]
SQL: SELECT * FROM `m_admin_infor` WHERE ( id=1 ) LIMIT 1   [ RunTime:0.0004s ]
SQL: SHOW COLUMNS FROM `m_order` [ RunTime:0.0067s ]
NOTIC: [8] Undefined variable: row E:\wamp\www\myguopin\Application\Admin\Controller\OrdermanageController.class.php 第 38 行.
SQL: UPDATE `m_order` SET `status`='3' WHERE ( order_id=70 ) [ RunTime:0.0011s ]
INFO: [ view_parse ] --START--
INFO: [ template_filter ] --START--
INFO: Run Behavior\ContentReplaceBehavior [ RunTime:0.000069s ]
INFO: [ template_filter ] --END-- [ RunTime:0.000158s ]
INFO: Run Behavior\ParseTemplateBehavior [ RunTime:0.008132s ]
INFO: [ view_parse ] --END-- [ RunTime:0.008333s ]
INFO: [ view_filter ] --START--
INFO: Run Behavior\WriteHtmlCacheBehavior [ RunTime:0.000743s ]
INFO: Run Behavior\TokenBuildBehavior [ RunTime:0.000789s ]
INFO: [ view_filter ] --END-- [ RunTime:0.001707s ]
INFO: [ app_end ] --START--
INFO: Run Behavior\ShowPageTraceBehavior [ RunTime:0.000786s ]
INFO: [ app_end ] --END-- [ RunTime:0.000865s ]

[ 2016-08-04T10:40:43+08:00 ] 127.0.0.1 /Admin/Goodsmanage/index.html
INFO: [ app_init ] --START--
INFO: Run Behavior\BuildLiteBehavior [ RunTime:0.000021s ]
INFO: [ app_init ] --END-- [ RunTime:0.000568s ]
INFO: [ app_begin ] --START--
INFO: Run Behavior\ReadHtmlCacheBehavior [ RunTime:0.000749s ]
INFO: [ app_begin ] --END-- [ RunTime:0.000840s ]
NOTIC: [8] Use of undefined constant Y - assumed 'Y' E:\wamp\www\myguopin\Application\Admin\Controller\FontEndController.class.php 第 22 行.
SQL: SHOW COLUMNS FROM `m_admin_infor` [ RunTime:0.0056s ]
SQL: SELECT * FROM `m_admin_infor` WHERE ( id=1 ) LIMIT 1   [ RunTime:0.0003s ]
SQL: SHOW COLUMNS FROM `m_category` [ RunTime:0.0055s ]
SQL: SELECT `cat_name` FROM `m_category`  [ RunTime:0.0014s ]
SQL: SHOW COLUMNS FROM `m_goods` [ RunTime:0.0072s ]
NOTIC: [8] Undefined index: serch E:\wamp\www\myguopin\Application\Admin\Controller\GoodsmanageController.class.php 第 20 行.
SQL: SELECT COUNT(*) AS tp_count FROM `m_goods` WHERE ( cat_name='水果' and is_delete=0 ) LIMIT 1   [ RunTime:0.0004s ]
SQL: SELECT * FROM `m_goods` WHERE ( cat_name='水果' and is_delete=0 ) ORDER BY goods_id desc LIMIT 0,10   [ RunTime:0.0006s ]
INFO: [ view_parse ] --START--
INFO: [ template_filter ] --START--
INFO: Run Behavior\ContentReplaceBehavior [ RunTime:0.000103s ]
INFO: [ template_filter ] --END-- [ RunTime:0.000194s ]
NOTIC: [8] Undefined variable: 果汁 E:\wamp\www\myguopin\Application\Runtime\Cache\Admin\44be48c52c819b74b3b0b16f06fea967.php 第 38 行.
INFO: Run Behavior\ParseTemplateBehavior [ RunTime:0.044275s ]
INFO: [ view_parse ] --END-- [ RunTime:0.044386s ]
INFO: [ view_filter ] --START--
INFO: Run Behavior\WriteHtmlCacheBehavior [ RunTime:0.000563s ]
INFO: Run Behavior\TokenBuildBehavior [ RunTime:0.000880s ]
INFO: [ view_filter ] --END-- [ RunTime:0.001572s ]
INFO: [ app_end ] --START--
INFO: Run Behavior\ShowPageTraceBehavior [ RunTime:0.000806s ]
INFO: [ app_end ] --END-- [ RunTime:0.000922s ]

[ 2016-08-04T10:40:46+08:00 ] 127.0.0.1 /Admin/Ordermanage/index.html
INFO: [ app_init ] --START--
INFO: Run Behavior\BuildLiteBehavior [ RunTime:0.000022s ]
INFO: [ app_init ] --END-- [ RunTime:0.000574s ]
INFO: [ app_begin ] --START--
INFO: Run Behavior\ReadHtmlCacheBehavior [ RunTime:0.001053s ]
INFO: [ app_begin ] --END-- [ RunTime:0.001160s ]
NOTIC: [8] Use of undefined constant Y - assumed 'Y' E:\wamp\www\myguopin\Application\Admin\Controller\FontEndController.class.php 第 22 行.
SQL: SHOW COLUMNS FROM `m_admin_infor` [ RunTime:0.0062s ]
SQL: SELECT * FROM `m_admin_infor` WHERE ( id=1 ) LIMIT 1   [ RunTime:0.0004s ]
SQL: SHOW COLUMNS FROM `m_order` [ RunTime:0.0062s ]
SQL: SELECT COUNT(*) AS tp_count FROM `m_order` WHERE ( deleted=0 ) LIMIT 1   [ RunTime:0.0003s ]
SQL: SHOW COLUMNS FROM `m_order` [ RunTime:0.0072s ]
SQL: SELECT * FROM m_order t1,m_users t2 WHERE ( t1.user_id=t2.user_id and t1.deleted=0 ) ORDER BY t1.order_id desc LIMIT 0,10   [ RunTime:0.0063s ]
INFO: [ view_parse ] --START--
INFO: [ template_filter ] --START--
INFO: Run Behavior\ContentReplaceBehavior [ RunTime:0.000108s ]
INFO: [ template_filter ] --END-- [ RunTime:0.000201s ]
INFO: Run Behavior\ParseTemplateBehavior [ RunTime:0.013310s ]
INFO: [ view_parse ] --END-- [ RunTime:0.013402s ]
INFO: [ view_filter ] --START--
INFO: Run Behavior\WriteHtmlCacheBehavior [ RunTime:0.000568s ]
INFO: Run Behavior\TokenBuildBehavior [ RunTime:0.000979s ]
INFO: [ view_filter ] --END-- [ RunTime:0.001666s ]
INFO: [ app_end ] --START--
INFO: Run Behavior\ShowPageTraceBehavior [ RunTime:0.000753s ]
INFO: [ app_end ] --END-- [ RunTime:0.000830s ]

