[ 2016-08-08T17:29:31+08:00 ] 127.0.0.1 /Admin/index/index.html
INFO: [ app_init ] --START--
INFO: Run Behavior\BuildLiteBehavior [ RunTime:0.000022s ]
INFO: [ app_init ] --END-- [ RunTime:0.000628s ]
INFO: [ app_begin ] --START--
INFO: Run Behavior\ReadHtmlCacheBehavior [ RunTime:0.001068s ]
INFO: [ app_begin ] --END-- [ RunTime:0.001228s ]
NOTIC: [8] Use of undefined constant Y - assumed 'Y' E:\wamp\www\myguopin\Application\Admin\Controller\FontEndController.class.php 第 22 行.
SQL: SHOW COLUMNS FROM `m_admin_infor` [ RunTime:0.0285s ]
SQL: SELECT * FROM `m_admin_infor` WHERE ( id=1 ) LIMIT 1   [ RunTime:0.0004s ]
INFO: [ view_parse ] --START--
INFO: [ template_filter ] --START--
INFO: Run Behavior\ContentReplaceBehavior [ RunTime:0.000129s ]
INFO: [ template_filter ] --END-- [ RunTime:0.000223s ]
INFO: Run Behavior\ParseTemplateBehavior [ RunTime:0.093230s ]
INFO: [ view_parse ] --END-- [ RunTime:0.093528s ]
INFO: [ view_filter ] --START--
INFO: Run Behavior\WriteHtmlCacheBehavior [ RunTime:0.000894s ]
INFO: Run Behavior\TokenBuildBehavior [ RunTime:0.000845s ]
INFO: [ view_filter ] --END-- [ RunTime:0.001927s ]
INFO: [ app_end ] --START--
INFO: Run Behavior\ShowPageTraceBehavior [ RunTime:0.000834s ]
INFO: [ app_end ] --END-- [ RunTime:0.000917s ]

[ 2016-08-08T17:29:31+08:00 ] 127.0.0.1 /Admin/Login/index.html
INFO: [ app_init ] --START--
INFO: Run Behavior\BuildLiteBehavior [ RunTime:0.000025s ]
INFO: [ app_init ] --END-- [ RunTime:0.000698s ]
INFO: [ app_begin ] --START--
INFO: Run Behavior\ReadHtmlCacheBehavior [ RunTime:0.000683s ]
INFO: [ app_begin ] --END-- [ RunTime:0.000771s ]
NOTIC: [8] Use of undefined constant Y - assumed 'Y' E:\wamp\www\myguopin\Application\Admin\Controller\FontEndController.class.php 第 22 行.
SQL: SHOW COLUMNS FROM `m_admin_infor` [ RunTime:0.0084s ]
SQL: SELECT * FROM `m_admin_infor` WHERE ( id=1 ) LIMIT 1   [ RunTime:0.0003s ]
NOTIC: [8] Undefined index: url_to E:\wamp\www\myguopin\Application\Admin\Controller\LoginController.class.php 第 10 行.
NOTIC: [8] Undefined index: url_to E:\wamp\www\myguopin\Application\Admin\Controller\LoginController.class.php 第 12 行.
INFO: [ view_parse ] --START--
INFO: [ template_filter ] --START--
INFO: Run Behavior\ContentReplaceBehavior [ RunTime:0.000084s ]
INFO: [ template_filter ] --END-- [ RunTime:0.000173s ]
NOTIC: [8] Undefined variable: infor_mima E:\wamp\www\myguopin\Application\Runtime\Cache\Admin\286f14c479e57cdb25987680ec610826.php 第 49 行.
INFO: Run Behavior\ParseTemplateBehavior [ RunTime:0.023112s ]
INFO: [ view_parse ] --END-- [ RunTime:0.023213s ]
INFO: [ view_filter ] --START--
INFO: Run Behavior\WriteHtmlCacheBehavior [ RunTime:0.000609s ]
INFO: Run Behavior\TokenBuildBehavior [ RunTime:0.000808s ]
INFO: [ view_filter ] --END-- [ RunTime:0.001545s ]
INFO: [ app_end ] --START--
INFO: Run Behavior\ShowPageTraceBehavior [ RunTime:0.000831s ]
INFO: [ app_end ] --END-- [ RunTime:0.000912s ]

[ 2016-08-08T17:29:33+08:00 ] 127.0.0.1 /Admin/login/login.html
INFO: [ app_init ] --START--
INFO: Run Behavior\BuildLiteBehavior [ RunTime:0.000026s ]
INFO: [ app_init ] --END-- [ RunTime:0.000683s ]
INFO: [ app_begin ] --START--
INFO: Run Behavior\ReadHtmlCacheBehavior [ RunTime:0.000723s ]
INFO: [ app_begin ] --END-- [ RunTime:0.000833s ]
NOTIC: [8] Use of undefined constant Y - assumed 'Y' E:\wamp\www\myguopin\Application\Admin\Controller\FontEndController.class.php 第 22 行.
SQL: SHOW COLUMNS FROM `m_admin_infor` [ RunTime:0.0145s ]
SQL: SELECT * FROM `m_admin_infor` WHERE ( id=1 ) LIMIT 1   [ RunTime:0.0003s ]
SQL: SHOW COLUMNS FROM `m_admin_user` [ RunTime:0.0172s ]
SQL: SELECT COUNT(*) AS tp_count FROM `m_admin_user` WHERE ( mobile_phone='13574506835' ) LIMIT 1   [ RunTime:0.0006s ]
SQL: SELECT `ad_salt` FROM `m_admin_user` WHERE ( mobile_phone='13574506835' ) LIMIT 1   [ RunTime:0.0003s ]
SQL: SELECT COUNT(*) AS tp_count FROM `m_admin_user` WHERE ( mobile_phone='13574506835' and password='f9241fc0fe6db8097a92f8f978e9586a' ) LIMIT 1   [ RunTime:0.0003s ]

[ 2016-08-08T17:29:33+08:00 ] 127.0.0.1 /Admin/Login/chenggong.html
INFO: [ app_init ] --START--
INFO: Run Behavior\BuildLiteBehavior [ RunTime:0.000033s ]
INFO: [ app_init ] --END-- [ RunTime:0.000632s ]
INFO: [ app_begin ] --START--
INFO: Run Behavior\ReadHtmlCacheBehavior [ RunTime:0.000710s ]
INFO: [ app_begin ] --END-- [ RunTime:0.000824s ]
NOTIC: [8] Use of undefined constant Y - assumed 'Y' E:\wamp\www\myguopin\Application\Admin\Controller\FontEndController.class.php 第 22 行.
SQL: SHOW COLUMNS FROM `m_admin_infor` [ RunTime:0.0092s ]
SQL: SELECT * FROM `m_admin_infor` WHERE ( id=1 ) LIMIT 1   [ RunTime:0.0003s ]
NOTIC: [8] Undefined variable: dlm E:\wamp\www\myguopin\Application\Admin\Controller\LoginController.class.php 第 52 行.
NOTIC: [8] Undefined variable: mima E:\wamp\www\myguopin\Application\Admin\Controller\LoginController.class.php 第 52 行.
SQL: SHOW COLUMNS FROM `m_admin_user` [ RunTime:0.0108s ]
NOTIC: [2048] mktime(): You should be using the time() function instead E:\wamp\www\myguopin\Application\Admin\Controller\LoginController.class.php 第 58 行.
SQL: UPDATE `m_admin_user` SET `last_login`='1470648573',`last_ip`='127.0.0.1' WHERE ( mobile_phone='13574506835' ) [ RunTime:0.0383s ]
SQL: SELECT `user_id` FROM `m_admin_user` WHERE ( mobile_phone='13574506835' ) LIMIT 1   [ RunTime:0.0003s ]
SQL: SELECT `user_name` FROM `m_admin_user` WHERE ( mobile_phone='13574506835' ) LIMIT 1   [ RunTime:0.0004s ]
SQL: SELECT `last_login` FROM `m_admin_user` WHERE ( mobile_phone='13574506835' ) LIMIT 1   [ RunTime:0.0004s ]

[ 2016-08-08T17:29:33+08:00 ] 127.0.0.1 /Admin/index/index.html
INFO: [ app_init ] --START--
INFO: Run Behavior\BuildLiteBehavior [ RunTime:0.000041s ]
INFO: [ app_init ] --END-- [ RunTime:0.000886s ]
INFO: [ app_begin ] --START--
INFO: Run Behavior\ReadHtmlCacheBehavior [ RunTime:0.000726s ]
INFO: [ app_begin ] --END-- [ RunTime:0.000843s ]
NOTIC: [8] Use of undefined constant Y - assumed 'Y' E:\wamp\www\myguopin\Application\Admin\Controller\FontEndController.class.php 第 22 行.
SQL: SHOW COLUMNS FROM `m_admin_infor` [ RunTime:0.0139s ]
SQL: SELECT * FROM `m_admin_infor` WHERE ( id=1 ) LIMIT 1   [ RunTime:0.0003s ]
INFO: [ view_parse ] --START--
INFO: [ template_filter ] --START--
INFO: Run Behavior\ContentReplaceBehavior [ RunTime:0.000123s ]
INFO: [ template_filter ] --END-- [ RunTime:0.000321s ]
INFO: Run Behavior\ParseTemplateBehavior [ RunTime:0.012596s ]
INFO: [ view_parse ] --END-- [ RunTime:0.012707s ]
INFO: [ view_filter ] --START--
INFO: Run Behavior\WriteHtmlCacheBehavior [ RunTime:0.000638s ]
INFO: Run Behavior\TokenBuildBehavior [ RunTime:0.000803s ]
INFO: [ view_filter ] --END-- [ RunTime:0.001592s ]
INFO: [ app_end ] --START--
INFO: Run Behavior\ShowPageTraceBehavior [ RunTime:0.001128s ]
INFO: [ app_end ] --END-- [ RunTime:0.001262s ]

[ 2016-08-08T17:29:34+08:00 ] 127.0.0.1 /Admin/Index/top.html
INFO: [ app_init ] --START--
INFO: Run Behavior\BuildLiteBehavior [ RunTime:0.000038s ]
INFO: [ app_init ] --END-- [ RunTime:0.000834s ]
INFO: [ app_begin ] --START--
INFO: Run Behavior\ReadHtmlCacheBehavior [ RunTime:0.001147s ]
INFO: [ app_begin ] --END-- [ RunTime:0.001326s ]
NOTIC: [8] Use of undefined constant Y - assumed 'Y' E:\wamp\www\myguopin\Application\Admin\Controller\FontEndController.class.php 第 22 行.
SQL: SHOW COLUMNS FROM `m_admin_infor` [ RunTime:0.0166s ]
SQL: SELECT * FROM `m_admin_infor` WHERE ( id=1 ) LIMIT 1   [ RunTime:0.0005s ]
INFO: [ view_parse ] --START--
INFO: [ template_filter ] --START--
INFO: Run Behavior\ContentReplaceBehavior [ RunTime:0.000090s ]
INFO: [ template_filter ] --END-- [ RunTime:0.000185s ]
INFO: Run Behavior\ParseTemplateBehavior [ RunTime:0.061484s ]
INFO: [ view_parse ] --END-- [ RunTime:0.061622s ]
INFO: [ view_filter ] --START--
INFO: Run Behavior\WriteHtmlCacheBehavior [ RunTime:0.000557s ]
INFO: Run Behavior\TokenBuildBehavior [ RunTime:0.000752s ]
INFO: [ view_filter ] --END-- [ RunTime:0.001448s ]
INFO: [ app_end ] --START--
INFO: Run Behavior\ShowPageTraceBehavior [ RunTime:0.000817s ]
INFO: [ app_end ] --END-- [ RunTime:0.000904s ]

[ 2016-08-08T17:29:34+08:00 ] 127.0.0.1 /Admin/Index/drag.html
INFO: [ app_init ] --START--
INFO: Run Behavior\BuildLiteBehavior [ RunTime:0.000037s ]
INFO: [ app_init ] --END-- [ RunTime:0.000751s ]
INFO: [ app_begin ] --START--
INFO: Run Behavior\ReadHtmlCacheBehavior [ RunTime:0.001265s ]
INFO: [ app_begin ] --END-- [ RunTime:0.001435s ]
NOTIC: [8] Use of undefined constant Y - assumed 'Y' E:\wamp\www\myguopin\Application\Admin\Controller\FontEndController.class.php 第 22 行.
SQL: SHOW COLUMNS FROM `m_admin_infor` [ RunTime:0.0084s ]
SQL: SELECT * FROM `m_admin_infor` WHERE ( id=1 ) LIMIT 1   [ RunTime:0.0003s ]
INFO: [ view_parse ] --START--
INFO: [ template_filter ] --START--
INFO: Run Behavior\ContentReplaceBehavior [ RunTime:0.000142s ]
INFO: [ template_filter ] --END-- [ RunTime:0.000305s ]
INFO: Run Behavior\ParseTemplateBehavior [ RunTime:0.028248s ]
INFO: [ view_parse ] --END-- [ RunTime:0.028409s ]
INFO: [ view_filter ] --START--
INFO: Run Behavior\WriteHtmlCacheBehavior [ RunTime:0.000759s ]
INFO: Run Behavior\TokenBuildBehavior [ RunTime:0.001267s ]
INFO: [ view_filter ] --END-- [ RunTime:0.002285s ]
INFO: [ app_end ] --START--
INFO: Run Behavior\ShowPageTraceBehavior [ RunTime:0.001586s ]
INFO: [ app_end ] --END-- [ RunTime:0.001752s ]

[ 2016-08-08T17:29:34+08:00 ] 127.0.0.1 /Admin/Index/menu.html
INFO: [ app_init ] --START--
INFO: Run Behavior\BuildLiteBehavior [ RunTime:0.000025s ]
INFO: [ app_init ] --END-- [ RunTime:0.000607s ]
INFO: [ app_begin ] --START--
INFO: Run Behavior\ReadHtmlCacheBehavior [ RunTime:0.000859s ]
INFO: [ app_begin ] --END-- [ RunTime:0.000967s ]
NOTIC: [8] Use of undefined constant Y - assumed 'Y' E:\wamp\www\myguopin\Application\Admin\Controller\FontEndController.class.php 第 22 行.
SQL: SHOW COLUMNS FROM `m_admin_infor` [ RunTime:0.0112s ]
SQL: SELECT * FROM `m_admin_infor` WHERE ( id=1 ) LIMIT 1   [ RunTime:0.0004s ]
INFO: [ view_parse ] --START--
INFO: [ template_filter ] --START--
INFO: Run Behavior\ContentReplaceBehavior [ RunTime:0.000121s ]
INFO: [ template_filter ] --END-- [ RunTime:0.000227s ]
INFO: Run Behavior\ParseTemplateBehavior [ RunTime:0.162611s ]
INFO: [ view_parse ] --END-- [ RunTime:0.162810s ]
INFO: [ view_filter ] --START--
INFO: Run Behavior\WriteHtmlCacheBehavior [ RunTime:0.001091s ]
INFO: Run Behavior\TokenBuildBehavior [ RunTime:0.000977s ]
INFO: [ view_filter ] --END-- [ RunTime:0.002246s ]
INFO: [ app_end ] --START--
INFO: Run Behavior\ShowPageTraceBehavior [ RunTime:0.000859s ]
INFO: [ app_end ] --END-- [ RunTime:0.000951s ]

[ 2016-08-08T17:29:34+08:00 ] 127.0.0.1 /Admin/Index/main.html
INFO: [ app_init ] --START--
INFO: Run Behavior\BuildLiteBehavior [ RunTime:0.000039s ]
INFO: [ app_init ] --END-- [ RunTime:0.000773s ]
INFO: [ app_begin ] --START--
INFO: Run Behavior\ReadHtmlCacheBehavior [ RunTime:0.000977s ]
INFO: [ app_begin ] --END-- [ RunTime:0.001093s ]
NOTIC: [8] Use of undefined constant Y - assumed 'Y' E:\wamp\www\myguopin\Application\Admin\Controller\FontEndController.class.php 第 22 行.
SQL: SHOW COLUMNS FROM `m_admin_infor` [ RunTime:0.0102s ]
SQL: SELECT * FROM `m_admin_infor` WHERE ( id=1 ) LIMIT 1   [ RunTime:0.0004s ]
INFO: [ view_parse ] --START--
INFO: [ template_filter ] --START--
INFO: Run Behavior\ContentReplaceBehavior [ RunTime:0.000092s ]
INFO: [ template_filter ] --END-- [ RunTime:0.000222s ]
INFO: Run Behavior\ParseTemplateBehavior [ RunTime:0.030543s ]
INFO: [ view_parse ] --END-- [ RunTime:0.030713s ]
INFO: [ view_filter ] --START--
INFO: Run Behavior\WriteHtmlCacheBehavior [ RunTime:0.001064s ]
INFO: Run Behavior\TokenBuildBehavior [ RunTime:0.001510s ]
INFO: [ view_filter ] --END-- [ RunTime:0.002825s ]
INFO: [ app_end ] --START--
INFO: Run Behavior\ShowPageTraceBehavior [ RunTime:0.001607s ]
INFO: [ app_end ] --END-- [ RunTime:0.001777s ]

[ 2016-08-08T17:29:37+08:00 ] 127.0.0.1 /Admin/Ordermanage/index.html
INFO: [ app_init ] --START--
INFO: Run Behavior\BuildLiteBehavior [ RunTime:0.000023s ]
INFO: [ app_init ] --END-- [ RunTime:0.000634s ]
INFO: [ app_begin ] --START--
INFO: Run Behavior\ReadHtmlCacheBehavior [ RunTime:0.000875s ]
INFO: [ app_begin ] --END-- [ RunTime:0.000989s ]
NOTIC: [8] Use of undefined constant Y - assumed 'Y' E:\wamp\www\myguopin\Application\Admin\Controller\FontEndController.class.php 第 22 行.
SQL: SHOW COLUMNS FROM `m_admin_infor` [ RunTime:0.0114s ]
SQL: SELECT * FROM `m_admin_infor` WHERE ( id=1 ) LIMIT 1   [ RunTime:0.0003s ]
SQL: SHOW COLUMNS FROM `m_order` [ RunTime:0.0092s ]
SQL: SELECT COUNT(*) AS tp_count FROM `m_order` WHERE ( deleted=0 ) LIMIT 1   [ RunTime:0.0004s ]
SQL: SHOW COLUMNS FROM `m_order` [ RunTime:0.0071s ]
SQL: SELECT * FROM m_order t1,m_users t2 WHERE ( t1.user_id=t2.user_id and t1.deleted=0 ) ORDER BY t1.order_id desc LIMIT 0,10   [ RunTime:0.0461s ]
INFO: [ view_parse ] --START--
INFO: [ template_filter ] --START--
INFO: Run Behavior\ContentReplaceBehavior [ RunTime:0.000113s ]
INFO: [ template_filter ] --END-- [ RunTime:0.000203s ]
INFO: Run Behavior\ParseTemplateBehavior [ RunTime:0.084780s ]
INFO: [ view_parse ] --END-- [ RunTime:0.084888s ]
INFO: [ view_filter ] --START--
INFO: Run Behavior\WriteHtmlCacheBehavior [ RunTime:0.000692s ]
INFO: Run Behavior\TokenBuildBehavior [ RunTime:0.001158s ]
INFO: [ view_filter ] --END-- [ RunTime:0.002007s ]
INFO: [ app_end ] --START--
INFO: Run Behavior\ShowPageTraceBehavior [ RunTime:0.001379s ]
INFO: [ app_end ] --END-- [ RunTime:0.001493s ]

[ 2016-08-08T17:29:39+08:00 ] 127.0.0.1 /Admin/Ordermanage/fahuo/order_id/93.html
INFO: [ app_init ] --START--
INFO: Run Behavior\BuildLiteBehavior [ RunTime:0.000027s ]
INFO: [ app_init ] --END-- [ RunTime:0.000627s ]
INFO: [ app_begin ] --START--
INFO: Run Behavior\ReadHtmlCacheBehavior [ RunTime:0.000845s ]
INFO: [ app_begin ] --END-- [ RunTime:0.000957s ]
NOTIC: [8] Use of undefined constant Y - assumed 'Y' E:\wamp\www\myguopin\Application\Admin\Controller\FontEndController.class.php 第 22 行.
SQL: SHOW COLUMNS FROM `m_admin_infor` [ RunTime:0.0132s ]
SQL: SELECT * FROM `m_admin_infor` WHERE ( id=1 ) LIMIT 1   [ RunTime:0.0004s ]
INFO: [ view_parse ] --START--
INFO: [ template_filter ] --START--
INFO: Run Behavior\ContentReplaceBehavior [ RunTime:0.000106s ]
INFO: [ template_filter ] --END-- [ RunTime:0.000211s ]
INFO: Run Behavior\ParseTemplateBehavior [ RunTime:0.049317s ]
INFO: [ view_parse ] --END-- [ RunTime:0.049461s ]
INFO: [ view_filter ] --START--
INFO: Run Behavior\WriteHtmlCacheBehavior [ RunTime:0.000702s ]
INFO: Run Behavior\TokenBuildBehavior [ RunTime:0.000896s ]
INFO: [ view_filter ] --END-- [ RunTime:0.001769s ]
INFO: [ app_end ] --START--
INFO: Run Behavior\ShowPageTraceBehavior [ RunTime:0.000860s ]
INFO: [ app_end ] --END-- [ RunTime:0.000954s ]

[ 2016-08-08T17:29:57+08:00 ] 127.0.0.1 /Admin/Ordermanage/fahuo_check.html
INFO: [ app_init ] --START--
INFO: Run Behavior\BuildLiteBehavior [ RunTime:0.000024s ]
INFO: [ app_init ] --END-- [ RunTime:0.000717s ]
INFO: [ app_begin ] --START--
INFO: Run Behavior\ReadHtmlCacheBehavior [ RunTime:0.000859s ]
INFO: [ app_begin ] --END-- [ RunTime:0.000949s ]
NOTIC: [8] Use of undefined constant Y - assumed 'Y' E:\wamp\www\myguopin\Application\Admin\Controller\FontEndController.class.php 第 22 行.
SQL: SHOW COLUMNS FROM `m_admin_infor` [ RunTime:0.0128s ]
SQL: SELECT * FROM `m_admin_infor` WHERE ( id=1 ) LIMIT 1   [ RunTime:0.0003s ]
SQL: SHOW COLUMNS FROM `m_order` [ RunTime:0.0090s ]
NOTIC: [8] Undefined variable: row E:\wamp\www\myguopin\Application\Admin\Controller\OrdermanageController.class.php 第 38 行.
SQL: UPDATE `m_order` SET `status`='3' WHERE ( order_id=93 ) [ RunTime:0.0036s ]
INFO: [ view_parse ] --START--
INFO: [ template_filter ] --START--
INFO: Run Behavior\ContentReplaceBehavior [ RunTime:0.000074s ]
INFO: [ template_filter ] --END-- [ RunTime:0.000172s ]
INFO: Run Behavior\ParseTemplateBehavior [ RunTime:0.023156s ]
INFO: [ view_parse ] --END-- [ RunTime:0.023260s ]
INFO: [ view_filter ] --START--
INFO: Run Behavior\WriteHtmlCacheBehavior [ RunTime:0.000608s ]
INFO: Run Behavior\TokenBuildBehavior [ RunTime:0.000765s ]
INFO: [ view_filter ] --END-- [ RunTime:0.001495s ]
INFO: [ app_end ] --START--
INFO: Run Behavior\ShowPageTraceBehavior [ RunTime:0.000853s ]
INFO: [ app_end ] --END-- [ RunTime:0.000946s ]

[ 2016-08-08T17:29:59+08:00 ] 127.0.0.1 /Admin/Goodsmanage/index.html
INFO: [ app_init ] --START--
INFO: Run Behavior\BuildLiteBehavior [ RunTime:0.000021s ]
INFO: [ app_init ] --END-- [ RunTime:0.000653s ]
INFO: [ app_begin ] --START--
INFO: Run Behavior\ReadHtmlCacheBehavior [ RunTime:0.000978s ]
INFO: [ app_begin ] --END-- [ RunTime:0.001090s ]
NOTIC: [8] Use of undefined constant Y - assumed 'Y' E:\wamp\www\myguopin\Application\Admin\Controller\FontEndController.class.php 第 22 行.
SQL: SHOW COLUMNS FROM `m_admin_infor` [ RunTime:0.0131s ]
SQL: SELECT * FROM `m_admin_infor` WHERE ( id=1 ) LIMIT 1   [ RunTime:0.0003s ]
SQL: SHOW COLUMNS FROM `m_category` [ RunTime:0.0291s ]
SQL: SELECT `cat_name` FROM `m_category`  [ RunTime:0.0012s ]
SQL: SHOW COLUMNS FROM `m_goods` [ RunTime:0.0126s ]
NOTIC: [8] Undefined index: serch E:\wamp\www\myguopin\Application\Admin\Controller\GoodsmanageController.class.php 第 20 行.
SQL: SELECT COUNT(*) AS tp_count FROM `m_goods` WHERE ( cat_name='水果' and is_delete=0 ) LIMIT 1   [ RunTime:0.0012s ]
SQL: SELECT * FROM `m_goods` WHERE ( cat_name='水果' and is_delete=0 ) ORDER BY goods_id desc LIMIT 0,10   [ RunTime:0.0018s ]
INFO: [ view_parse ] --START--
INFO: [ template_filter ] --START--
INFO: Run Behavior\ContentReplaceBehavior [ RunTime:0.000105s ]
INFO: [ template_filter ] --END-- [ RunTime:0.000207s ]
NOTIC: [8] Undefined variable: 果汁 E:\wamp\www\myguopin\Application\Runtime\Cache\Admin\44be48c52c819b74b3b0b16f06fea967.php 第 38 行.
INFO: Run Behavior\ParseTemplateBehavior [ RunTime:0.133823s ]
INFO: [ view_parse ] --END-- [ RunTime:0.133950s ]
INFO: [ view_filter ] --START--
INFO: Run Behavior\WriteHtmlCacheBehavior [ RunTime:0.000673s ]
INFO: Run Behavior\TokenBuildBehavior [ RunTime:0.000954s ]
INFO: [ view_filter ] --END-- [ RunTime:0.001752s ]
INFO: [ app_end ] --START--
INFO: Run Behavior\ShowPageTraceBehavior [ RunTime:0.000804s ]
INFO: [ app_end ] --END-- [ RunTime:0.000886s ]

[ 2016-08-08T18:22:39+08:00 ] 127.0.0.1 /Admin/Webinfor/index.html
INFO: [ app_init ] --START--
INFO: Run Behavior\BuildLiteBehavior [ RunTime:0.000030s ]
INFO: [ app_init ] --END-- [ RunTime:0.000826s ]
INFO: [ app_begin ] --START--
INFO: Run Behavior\ReadHtmlCacheBehavior [ RunTime:0.000974s ]
INFO: [ app_begin ] --END-- [ RunTime:0.001093s ]
NOTIC: [8] Use of undefined constant Y - assumed 'Y' E:\wamp\www\myguopin\Application\Admin\Controller\FontEndController.class.php 第 22 行.
SQL: SHOW COLUMNS FROM `m_admin_infor` [ RunTime:0.0345s ]
SQL: SELECT * FROM `m_admin_infor` WHERE ( id=1 ) LIMIT 1   [ RunTime:0.0006s ]
SQL: SELECT * FROM `m_admin_infor` WHERE ( id=1 ) LIMIT 1   [ RunTime:0.0003s ]
INFO: [ view_parse ] --START--
INFO: [ template_filter ] --START--
INFO: Run Behavior\ContentReplaceBehavior [ RunTime:0.000084s ]
INFO: [ template_filter ] --END-- [ RunTime:0.000175s ]
INFO: Run Behavior\ParseTemplateBehavior [ RunTime:0.078179s ]
INFO: [ view_parse ] --END-- [ RunTime:0.078284s ]
INFO: [ view_filter ] --START--
INFO: Run Behavior\WriteHtmlCacheBehavior [ RunTime:0.000718s ]
INFO: Run Behavior\TokenBuildBehavior [ RunTime:0.000925s ]
INFO: [ view_filter ] --END-- [ RunTime:0.001771s ]
INFO: [ app_end ] --START--
INFO: Run Behavior\ShowPageTraceBehavior [ RunTime:0.001027s ]
INFO: [ app_end ] --END-- [ RunTime:0.001201s ]

[ 2016-08-08T18:24:52+08:00 ] 127.0.0.1 /Admin/Webinfor/xiugai.html
INFO: [ app_init ] --START--
INFO: Run Behavior\BuildLiteBehavior [ RunTime:0.000038s ]
INFO: [ app_init ] --END-- [ RunTime:0.008700s ]
INFO: [ app_begin ] --START--
INFO: Run Behavior\ReadHtmlCacheBehavior [ RunTime:0.002148s ]
INFO: [ app_begin ] --END-- [ RunTime:0.002386s ]
NOTIC: [8] Use of undefined constant Y - assumed 'Y' E:\wamp\www\myguopin\Application\Admin\Controller\FontEndController.class.php 第 22 行.
SQL: SHOW COLUMNS FROM `m_admin_infor` [ RunTime:0.0181s ]
SQL: SELECT * FROM `m_admin_infor` WHERE ( id=1 ) LIMIT 1   [ RunTime:0.0003s ]
SQL: UPDATE `m_admin_infor` SET `web_name`='酱紫拼拼',`key_word`='酱紫  拼团',`description`='酱紫拼拼，拼出这样子的吃货',`copy`='湘ICP备16000079号-1' WHERE ( id=1 ) [ RunTime:0.0421s ]
INFO: [ app_end ] --START--
INFO: Run Behavior\ShowPageTraceBehavior [ RunTime:0.001072s ]
INFO: [ app_end ] --END-- [ RunTime:0.001170s ]

[ 2016-08-08T18:24:53+08:00 ] 127.0.0.1 /Admin/Webinfor/index.html
INFO: [ app_init ] --START--
INFO: Run Behavior\BuildLiteBehavior [ RunTime:0.000037s ]
INFO: [ app_init ] --END-- [ RunTime:0.000758s ]
INFO: [ app_begin ] --START--
INFO: Run Behavior\ReadHtmlCacheBehavior [ RunTime:0.000940s ]
INFO: [ app_begin ] --END-- [ RunTime:0.001038s ]
NOTIC: [8] Use of undefined constant Y - assumed 'Y' E:\wamp\www\myguopin\Application\Admin\Controller\FontEndController.class.php 第 22 行.
SQL: SHOW COLUMNS FROM `m_admin_infor` [ RunTime:0.0072s ]
SQL: SELECT * FROM `m_admin_infor` WHERE ( id=1 ) LIMIT 1   [ RunTime:0.0003s ]
SQL: SELECT * FROM `m_admin_infor` WHERE ( id=1 ) LIMIT 1   [ RunTime:0.0003s ]
INFO: [ view_parse ] --START--
INFO: [ template_filter ] --START--
INFO: Run Behavior\ContentReplaceBehavior [ RunTime:0.000087s ]
INFO: [ template_filter ] --END-- [ RunTime:0.000181s ]
INFO: Run Behavior\ParseTemplateBehavior [ RunTime:0.053908s ]
INFO: [ view_parse ] --END-- [ RunTime:0.054005s ]
INFO: [ view_filter ] --START--
INFO: Run Behavior\WriteHtmlCacheBehavior [ RunTime:0.000730s ]
INFO: Run Behavior\TokenBuildBehavior [ RunTime:0.001023s ]
INFO: [ view_filter ] --END-- [ RunTime:0.001937s ]
INFO: [ app_end ] --START--
INFO: Run Behavior\ShowPageTraceBehavior [ RunTime:0.001435s ]
INFO: [ app_end ] --END-- [ RunTime:0.001550s ]

[ 2016-08-08T18:24:57+08:00 ] 127.0.0.1 /Admin/Webinfor/index.html
INFO: [ app_init ] --START--
INFO: Run Behavior\BuildLiteBehavior [ RunTime:0.000025s ]
INFO: [ app_init ] --END-- [ RunTime:0.000648s ]
INFO: [ app_begin ] --START--
INFO: Run Behavior\ReadHtmlCacheBehavior [ RunTime:0.000917s ]
INFO: [ app_begin ] --END-- [ RunTime:0.001045s ]
NOTIC: [8] Use of undefined constant Y - assumed 'Y' E:\wamp\www\myguopin\Application\Admin\Controller\FontEndController.class.php 第 22 行.
SQL: SHOW COLUMNS FROM `m_admin_infor` [ RunTime:0.0135s ]
SQL: SELECT * FROM `m_admin_infor` WHERE ( id=1 ) LIMIT 1   [ RunTime:0.0003s ]
SQL: SELECT * FROM `m_admin_infor` WHERE ( id=1 ) LIMIT 1   [ RunTime:0.0003s ]
INFO: [ view_parse ] --START--
INFO: [ template_filter ] --START--
INFO: Run Behavior\ContentReplaceBehavior [ RunTime:0.000084s ]
INFO: [ template_filter ] --END-- [ RunTime:0.000212s ]
INFO: Run Behavior\ParseTemplateBehavior [ RunTime:0.009846s ]
INFO: [ view_parse ] --END-- [ RunTime:0.010009s ]
INFO: [ view_filter ] --START--
INFO: Run Behavior\WriteHtmlCacheBehavior [ RunTime:0.001013s ]
INFO: Run Behavior\TokenBuildBehavior [ RunTime:0.000961s ]
INFO: [ view_filter ] --END-- [ RunTime:0.002162s ]
INFO: [ app_end ] --START--
INFO: Run Behavior\ShowPageTraceBehavior [ RunTime:0.001099s ]
INFO: [ app_end ] --END-- [ RunTime:0.001247s ]

[ 2016-08-08T18:25:00+08:00 ] 127.0.0.1 /Admin/Webinfor/index.html
INFO: [ app_init ] --START--
INFO: Run Behavior\BuildLiteBehavior [ RunTime:0.000032s ]
INFO: [ app_init ] --END-- [ RunTime:0.000778s ]
INFO: [ app_begin ] --START--
INFO: Run Behavior\ReadHtmlCacheBehavior [ RunTime:0.000943s ]
INFO: [ app_begin ] --END-- [ RunTime:0.001047s ]
NOTIC: [8] Use of undefined constant Y - assumed 'Y' E:\wamp\www\myguopin\Application\Admin\Controller\FontEndController.class.php 第 22 行.
SQL: SHOW COLUMNS FROM `m_admin_infor` [ RunTime:0.0153s ]
SQL: SELECT * FROM `m_admin_infor` WHERE ( id=1 ) LIMIT 1   [ RunTime:0.0005s ]
SQL: SELECT * FROM `m_admin_infor` WHERE ( id=1 ) LIMIT 1   [ RunTime:0.0005s ]
INFO: [ view_parse ] --START--
INFO: [ template_filter ] --START--
INFO: Run Behavior\ContentReplaceBehavior [ RunTime:0.000083s ]
INFO: [ template_filter ] --END-- [ RunTime:0.000169s ]
INFO: Run Behavior\ParseTemplateBehavior [ RunTime:0.009204s ]
INFO: [ view_parse ] --END-- [ RunTime:0.009303s ]
INFO: [ view_filter ] --START--
INFO: Run Behavior\WriteHtmlCacheBehavior [ RunTime:0.000695s ]
INFO: Run Behavior\TokenBuildBehavior [ RunTime:0.000891s ]
INFO: [ view_filter ] --END-- [ RunTime:0.001712s ]
INFO: [ app_end ] --START--
INFO: Run Behavior\ShowPageTraceBehavior [ RunTime:0.000913s ]
INFO: [ app_end ] --END-- [ RunTime:0.000993s ]

[ 2016-08-08T23:57:13+08:00 ] 127.0.0.1 /Admin/Ordermanage/index.html
INFO: [ app_init ] --START--
INFO: Run Behavior\BuildLiteBehavior [ RunTime:0.000029s ]
INFO: [ app_init ] --END-- [ RunTime:0.000695s ]
INFO: [ app_begin ] --START--
INFO: Run Behavior\ReadHtmlCacheBehavior [ RunTime:0.000712s ]
INFO: [ app_begin ] --END-- [ RunTime:0.000812s ]
NOTIC: [8] Use of undefined constant Y - assumed 'Y' E:\wamp\www\myguopin\Application\Admin\Controller\FontEndController.class.php 第 22 行.
SQL: SHOW COLUMNS FROM `m_admin_infor` [ RunTime:0.0138s ]
SQL: SELECT * FROM `m_admin_infor` WHERE ( id=1 ) LIMIT 1   [ RunTime:0.0003s ]
SQL: SHOW COLUMNS FROM `m_order` [ RunTime:0.0117s ]
SQL: SELECT COUNT(*) AS tp_count FROM `m_order` WHERE ( deleted=0 ) LIMIT 1   [ RunTime:0.0003s ]
SQL: SHOW COLUMNS FROM `m_order` [ RunTime:0.0079s ]
SQL: SELECT * FROM m_order t1,m_users t2 WHERE ( t1.user_id=t2.user_id and t1.deleted=0 ) ORDER BY t1.order_id desc LIMIT 0,10   [ RunTime:0.0006s ]
INFO: [ view_parse ] --START--
INFO: [ template_filter ] --START--
INFO: Run Behavior\ContentReplaceBehavior [ RunTime:0.000237s ]
INFO: [ template_filter ] --END-- [ RunTime:0.000333s ]
INFO: Run Behavior\ParseTemplateBehavior [ RunTime:0.125927s ]
INFO: [ view_parse ] --END-- [ RunTime:0.126038s ]
INFO: [ view_filter ] --START--
INFO: Run Behavior\WriteHtmlCacheBehavior [ RunTime:0.000616s ]
INFO: Run Behavior\TokenBuildBehavior [ RunTime:0.001189s ]
INFO: [ view_filter ] --END-- [ RunTime:0.001993s ]
INFO: [ app_end ] --START--
INFO: Run Behavior\ShowPageTraceBehavior [ RunTime:0.000999s ]
INFO: [ app_end ] --END-- [ RunTime:0.001163s ]

[ 2016-08-08T23:57:15+08:00 ] 127.0.0.1 /Admin/Ordermanage/fahuo/order_id/95.html
INFO: [ app_init ] --START--
INFO: Run Behavior\BuildLiteBehavior [ RunTime:0.000024s ]
INFO: [ app_init ] --END-- [ RunTime:0.000747s ]
INFO: [ app_begin ] --START--
INFO: Run Behavior\ReadHtmlCacheBehavior [ RunTime:0.000727s ]
INFO: [ app_begin ] --END-- [ RunTime:0.000838s ]
NOTIC: [8] Use of undefined constant Y - assumed 'Y' E:\wamp\www\myguopin\Application\Admin\Controller\FontEndController.class.php 第 22 行.
SQL: SHOW COLUMNS FROM `m_admin_infor` [ RunTime:0.0122s ]
SQL: SELECT * FROM `m_admin_infor` WHERE ( id=1 ) LIMIT 1   [ RunTime:0.0003s ]
INFO: [ view_parse ] --START--
INFO: [ template_filter ] --START--
INFO: Run Behavior\ContentReplaceBehavior [ RunTime:0.000089s ]
INFO: [ template_filter ] --END-- [ RunTime:0.000180s ]
INFO: Run Behavior\ParseTemplateBehavior [ RunTime:0.062027s ]
INFO: [ view_parse ] --END-- [ RunTime:0.062141s ]
INFO: [ view_filter ] --START--
INFO: Run Behavior\WriteHtmlCacheBehavior [ RunTime:0.000633s ]
INFO: Run Behavior\TokenBuildBehavior [ RunTime:0.000827s ]
INFO: [ view_filter ] --END-- [ RunTime:0.001586s ]
INFO: [ app_end ] --START--
INFO: Run Behavior\ShowPageTraceBehavior [ RunTime:0.000820s ]
INFO: [ app_end ] --END-- [ RunTime:0.000901s ]

[ 2016-08-08T23:57:38+08:00 ] 127.0.0.1 /Admin/Ordermanage/fahuo_check.html
INFO: [ app_init ] --START--
INFO: Run Behavior\BuildLiteBehavior [ RunTime:0.000041s ]
INFO: [ app_init ] --END-- [ RunTime:0.001166s ]
INFO: [ app_begin ] --START--
INFO: Run Behavior\ReadHtmlCacheBehavior [ RunTime:0.000678s ]
INFO: [ app_begin ] --END-- [ RunTime:0.000782s ]
NOTIC: [8] Use of undefined constant Y - assumed 'Y' E:\wamp\www\myguopin\Application\Admin\Controller\FontEndController.class.php 第 22 行.
SQL: SHOW COLUMNS FROM `m_admin_infor` [ RunTime:0.0124s ]
SQL: SELECT * FROM `m_admin_infor` WHERE ( id=1 ) LIMIT 1   [ RunTime:0.0003s ]
SQL: SHOW COLUMNS FROM `m_order` [ RunTime:0.0387s ]
SQL: UPDATE `m_order` SET `status`='3' WHERE ( order_id=95 ) [ RunTime:0.0009s ]
INFO: [ view_parse ] --START--
INFO: [ template_filter ] --START--
INFO: Run Behavior\ContentReplaceBehavior [ RunTime:0.000080s ]
INFO: [ template_filter ] --END-- [ RunTime:0.000183s ]
INFO: Run Behavior\ParseTemplateBehavior [ RunTime:0.027993s ]
INFO: [ view_parse ] --END-- [ RunTime:0.028140s ]
INFO: [ view_filter ] --START--
INFO: Run Behavior\WriteHtmlCacheBehavior [ RunTime:0.000585s ]
INFO: Run Behavior\TokenBuildBehavior [ RunTime:0.000736s ]
INFO: [ view_filter ] --END-- [ RunTime:0.001467s ]
INFO: [ app_end ] --START--
INFO: Run Behavior\ShowPageTraceBehavior [ RunTime:0.000852s ]
INFO: [ app_end ] --END-- [ RunTime:0.000944s ]

[ 2016-08-08T23:57:41+08:00 ] 127.0.0.1 /Admin/Goodsmanage/index.html
INFO: [ app_init ] --START--
INFO: Run Behavior\BuildLiteBehavior [ RunTime:0.000025s ]
INFO: [ app_init ] --END-- [ RunTime:0.000631s ]
INFO: [ app_begin ] --START--
INFO: Run Behavior\ReadHtmlCacheBehavior [ RunTime:0.000701s ]
INFO: [ app_begin ] --END-- [ RunTime:0.000795s ]
NOTIC: [8] Use of undefined constant Y - assumed 'Y' E:\wamp\www\myguopin\Application\Admin\Controller\FontEndController.class.php 第 22 行.
SQL: SHOW COLUMNS FROM `m_admin_infor` [ RunTime:0.0129s ]
SQL: SELECT * FROM `m_admin_infor` WHERE ( id=1 ) LIMIT 1   [ RunTime:0.0003s ]
SQL: SHOW COLUMNS FROM `m_category` [ RunTime:0.0291s ]
SQL: SELECT `cat_name` FROM `m_category`  [ RunTime:0.0030s ]
SQL: SHOW COLUMNS FROM `m_goods` [ RunTime:0.0134s ]
NOTIC: [8] Undefined index: serch E:\wamp\www\myguopin\Application\Admin\Controller\GoodsmanageController.class.php 第 20 行.
SQL: SELECT COUNT(*) AS tp_count FROM `m_goods` WHERE ( cat_name='水果' and is_delete=0 ) LIMIT 1   [ RunTime:0.0004s ]
SQL: SELECT * FROM `m_goods` WHERE ( cat_name='水果' and is_delete=0 ) ORDER BY goods_id desc LIMIT 0,10   [ RunTime:0.0075s ]
INFO: [ view_parse ] --START--
INFO: [ template_filter ] --START--
INFO: Run Behavior\ContentReplaceBehavior [ RunTime:0.000107s ]
INFO: [ template_filter ] --END-- [ RunTime:0.000201s ]
NOTIC: [8] Undefined variable: 果汁 E:\wamp\www\myguopin\Application\Runtime\Cache\Admin\44be48c52c819b74b3b0b16f06fea967.php 第 38 行.
INFO: Run Behavior\ParseTemplateBehavior [ RunTime:0.103872s ]
INFO: [ view_parse ] --END-- [ RunTime:0.103964s ]
INFO: [ view_filter ] --START--
INFO: Run Behavior\WriteHtmlCacheBehavior [ RunTime:0.000685s ]
INFO: Run Behavior\TokenBuildBehavior [ RunTime:0.000950s ]
INFO: [ view_filter ] --END-- [ RunTime:0.001762s ]
INFO: [ app_end ] --START--
INFO: Run Behavior\ShowPageTraceBehavior [ RunTime:0.000807s ]
INFO: [ app_end ] --END-- [ RunTime:0.000888s ]

[ 2016-08-08T23:57:45+08:00 ] 127.0.0.1 /Admin/Ordermanage/index.html
INFO: [ app_init ] --START--
INFO: Run Behavior\BuildLiteBehavior [ RunTime:0.000039s ]
INFO: [ app_init ] --END-- [ RunTime:0.000886s ]
INFO: [ app_begin ] --START--
INFO: Run Behavior\ReadHtmlCacheBehavior [ RunTime:0.001099s ]
INFO: [ app_begin ] --END-- [ RunTime:0.001285s ]
NOTIC: [8] Use of undefined constant Y - assumed 'Y' E:\wamp\www\myguopin\Application\Admin\Controller\FontEndController.class.php 第 22 行.
SQL: SHOW COLUMNS FROM `m_admin_infor` [ RunTime:0.0153s ]
SQL: SELECT * FROM `m_admin_infor` WHERE ( id=1 ) LIMIT 1   [ RunTime:0.0004s ]
SQL: SHOW COLUMNS FROM `m_order` [ RunTime:0.0123s ]
SQL: SELECT COUNT(*) AS tp_count FROM `m_order` WHERE ( deleted=0 ) LIMIT 1   [ RunTime:0.0003s ]
SQL: SHOW COLUMNS FROM `m_order` [ RunTime:0.0084s ]
SQL: SELECT * FROM m_order t1,m_users t2 WHERE ( t1.user_id=t2.user_id and t1.deleted=0 ) ORDER BY t1.order_id desc LIMIT 0,10   [ RunTime:0.0009s ]
INFO: [ view_parse ] --START--
INFO: [ template_filter ] --START--
INFO: Run Behavior\ContentReplaceBehavior [ RunTime:0.000122s ]
INFO: [ template_filter ] --END-- [ RunTime:0.000228s ]
INFO: Run Behavior\ParseTemplateBehavior [ RunTime:0.015022s ]
INFO: [ view_parse ] --END-- [ RunTime:0.015139s ]
INFO: [ view_filter ] --START--
INFO: Run Behavior\WriteHtmlCacheBehavior [ RunTime:0.000892s ]
INFO: Run Behavior\TokenBuildBehavior [ RunTime:0.000962s ]
INFO: [ view_filter ] --END-- [ RunTime:0.002014s ]
INFO: [ app_end ] --START--
INFO: Run Behavior\ShowPageTraceBehavior [ RunTime:0.000850s ]
INFO: [ app_end ] --END-- [ RunTime:0.000933s ]

[ 2016-08-08T23:57:46+08:00 ] 127.0.0.1 /Admin/Ordermanage/fahuo/order_id/94.html
INFO: [ app_init ] --START--
INFO: Run Behavior\BuildLiteBehavior [ RunTime:0.000023s ]
INFO: [ app_init ] --END-- [ RunTime:0.000605s ]
INFO: [ app_begin ] --START--
INFO: Run Behavior\ReadHtmlCacheBehavior [ RunTime:0.000700s ]
INFO: [ app_begin ] --END-- [ RunTime:0.000790s ]
NOTIC: [8] Use of undefined constant Y - assumed 'Y' E:\wamp\www\myguopin\Application\Admin\Controller\FontEndController.class.php 第 22 行.
SQL: SHOW COLUMNS FROM `m_admin_infor` [ RunTime:0.0133s ]
SQL: SELECT * FROM `m_admin_infor` WHERE ( id=1 ) LIMIT 1   [ RunTime:0.0003s ]
INFO: [ view_parse ] --START--
INFO: [ template_filter ] --START--
INFO: Run Behavior\ContentReplaceBehavior [ RunTime:0.000094s ]
INFO: [ template_filter ] --END-- [ RunTime:0.000185s ]
INFO: Run Behavior\ParseTemplateBehavior [ RunTime:0.009281s ]
INFO: [ view_parse ] --END-- [ RunTime:0.009471s ]
INFO: [ view_filter ] --START--
INFO: Run Behavior\WriteHtmlCacheBehavior [ RunTime:0.001012s ]
INFO: Run Behavior\TokenBuildBehavior [ RunTime:0.001024s ]
INFO: [ view_filter ] --END-- [ RunTime:0.002240s ]
INFO: [ app_end ] --START--
INFO: Run Behavior\ShowPageTraceBehavior [ RunTime:0.000841s ]
INFO: [ app_end ] --END-- [ RunTime:0.000923s ]

[ 2016-08-08T23:57:57+08:00 ] 127.0.0.1 /Admin/Ordermanage/fahuo_check.html
INFO: [ app_init ] --START--
INFO: Run Behavior\BuildLiteBehavior [ RunTime:0.000025s ]
INFO: [ app_init ] --END-- [ RunTime:0.000630s ]
INFO: [ app_begin ] --START--
INFO: Run Behavior\ReadHtmlCacheBehavior [ RunTime:0.000745s ]
INFO: [ app_begin ] --END-- [ RunTime:0.000838s ]
NOTIC: [8] Use of undefined constant Y - assumed 'Y' E:\wamp\www\myguopin\Application\Admin\Controller\FontEndController.class.php 第 22 行.
SQL: SHOW COLUMNS FROM `m_admin_infor` [ RunTime:0.0141s ]
SQL: SELECT * FROM `m_admin_infor` WHERE ( id=1 ) LIMIT 1   [ RunTime:0.0004s ]
SQL: SHOW COLUMNS FROM `m_order` [ RunTime:0.0108s ]
SQL: UPDATE `m_order` SET `status`='3' WHERE ( order_id=94 ) [ RunTime:0.0016s ]
INFO: [ view_parse ] --START--
INFO: [ template_filter ] --START--
INFO: Run Behavior\ContentReplaceBehavior [ RunTime:0.000069s ]
INFO: [ template_filter ] --END-- [ RunTime:0.000159s ]
INFO: Run Behavior\ParseTemplateBehavior [ RunTime:0.007931s ]
INFO: [ view_parse ] --END-- [ RunTime:0.008034s ]
INFO: [ view_filter ] --START--
INFO: Run Behavior\WriteHtmlCacheBehavior [ RunTime:0.000694s ]
INFO: Run Behavior\TokenBuildBehavior [ RunTime:0.000966s ]
INFO: [ view_filter ] --END-- [ RunTime:0.001862s ]
INFO: [ app_end ] --START--
INFO: Run Behavior\ShowPageTraceBehavior [ RunTime:0.000912s ]
INFO: [ app_end ] --END-- [ RunTime:0.000995s ]

[ 2016-08-08T23:57:59+08:00 ] 127.0.0.1 /Admin/Goodsmanage/index.html
INFO: [ app_init ] --START--
INFO: Run Behavior\BuildLiteBehavior [ RunTime:0.000025s ]
INFO: [ app_init ] --END-- [ RunTime:0.000619s ]
INFO: [ app_begin ] --START--
INFO: Run Behavior\ReadHtmlCacheBehavior [ RunTime:0.000714s ]
INFO: [ app_begin ] --END-- [ RunTime:0.000807s ]
NOTIC: [8] Use of undefined constant Y - assumed 'Y' E:\wamp\www\myguopin\Application\Admin\Controller\FontEndController.class.php 第 22 行.
SQL: SHOW COLUMNS FROM `m_admin_infor` [ RunTime:0.0158s ]
SQL: SELECT * FROM `m_admin_infor` WHERE ( id=1 ) LIMIT 1   [ RunTime:0.0003s ]
SQL: SHOW COLUMNS FROM `m_category` [ RunTime:0.0108s ]
SQL: SELECT `cat_name` FROM `m_category`  [ RunTime:0.0003s ]
SQL: SHOW COLUMNS FROM `m_goods` [ RunTime:0.0160s ]
NOTIC: [8] Undefined index: serch E:\wamp\www\myguopin\Application\Admin\Controller\GoodsmanageController.class.php 第 20 行.
SQL: SELECT COUNT(*) AS tp_count FROM `m_goods` WHERE ( cat_name='水果' and is_delete=0 ) LIMIT 1   [ RunTime:0.0004s ]
SQL: SELECT * FROM `m_goods` WHERE ( cat_name='水果' and is_delete=0 ) ORDER BY goods_id desc LIMIT 0,10   [ RunTime:0.0006s ]
INFO: [ view_parse ] --START--
INFO: [ template_filter ] --START--
INFO: Run Behavior\ContentReplaceBehavior [ RunTime:0.000107s ]
INFO: [ template_filter ] --END-- [ RunTime:0.000199s ]
NOTIC: [8] Undefined variable: 果汁 E:\wamp\www\myguopin\Application\Runtime\Cache\Admin\44be48c52c819b74b3b0b16f06fea967.php 第 38 行.
INFO: Run Behavior\ParseTemplateBehavior [ RunTime:0.014513s ]
INFO: [ view_parse ] --END-- [ RunTime:0.014609s ]
INFO: [ view_filter ] --START--
INFO: Run Behavior\WriteHtmlCacheBehavior [ RunTime:0.000703s ]
INFO: Run Behavior\TokenBuildBehavior [ RunTime:0.000951s ]
INFO: [ view_filter ] --END-- [ RunTime:0.001793s ]
INFO: [ app_end ] --START--
INFO: Run Behavior\ShowPageTraceBehavior [ RunTime:0.000807s ]
INFO: [ app_end ] --END-- [ RunTime:0.000890s ]

