[ 2016-07-22T00:28:27+08:00 ] 127.0.0.1 /Admin/Goodsmanage/release_goods.html
INFO: [ app_init ] --START--
INFO: Run Behavior\BuildLiteBehavior [ RunTime:0.000025s ]
INFO: [ app_init ] --END-- [ RunTime:0.000633s ]
INFO: [ app_begin ] --START--
INFO: Run Behavior\ReadHtmlCacheBehavior [ RunTime:0.001659s ]
INFO: [ app_begin ] --END-- [ RunTime:0.001794s ]
NOTIC: [8] Use of undefined constant Y - assumed 'Y' E:\wamp\www\myguopin\Application\Admin\Controller\FontEndController.class.php 第 22 行.
SQL: SHOW COLUMNS FROM `m_admin_infor` [ RunTime:0.0054s ]
SQL: SELECT * FROM `m_admin_infor` WHERE ( id=1 ) LIMIT 1   [ RunTime:0.0004s ]
SQL: SHOW COLUMNS FROM `m_category` [ RunTime:0.0202s ]
SQL: SELECT `cat_name` FROM `m_category`  [ RunTime:0.0072s ]
NOTIC: [8] Undefined variable: data E:\wamp\www\myguopin\Application\Admin\Controller\GoodsmanageController.class.php 第 256 行.
SQL: SELECT `shuxing` FROM `m_category` WHERE ( cat_name='水果' ) LIMIT 1   [ RunTime:0.0003s ]
INFO: [ view_parse ] --START--
NOTIC: [2] file_get_contents(../Application/Admin/View/Default/Public/menu.html): failed to open stream: No such file or directory E:\wamp\www\myguopin\ThinkPHP\Library\Think\Template.class.php 第 696 行.
NOTIC: [2] file_get_contents(../Application/Admin/View/Default/Public/member_left.html): failed to open stream: No such file or directory E:\wamp\www\myguopin\ThinkPHP\Library\Think\Template.class.php 第 696 行.
INFO: [ template_filter ] --START--
INFO: Run Behavior\ContentReplaceBehavior [ RunTime:0.000158s ]
INFO: [ template_filter ] --END-- [ RunTime:0.000243s ]
NOTIC: [8] Undefined variable: 水果 E:\wamp\www\myguopin\Application\Runtime\Cache\Admin\53799f05b0b0c291dadfaf9c4f44647b.php 第 41 行.
NOTIC: [8] Undefined variable: 果汁 E:\wamp\www\myguopin\Application\Runtime\Cache\Admin\53799f05b0b0c291dadfaf9c4f44647b.php 第 41 行.
INFO: Run Behavior\ParseTemplateBehavior [ RunTime:0.037607s ]
INFO: [ view_parse ] --END-- [ RunTime:0.037692s ]
INFO: [ view_filter ] --START--
INFO: Run Behavior\WriteHtmlCacheBehavior [ RunTime:0.000668s ]
INFO: Run Behavior\TokenBuildBehavior [ RunTime:0.000991s ]
INFO: [ view_filter ] --END-- [ RunTime:0.001779s ]
INFO: [ app_end ] --START--
INFO: Run Behavior\ShowPageTraceBehavior [ RunTime:0.000864s ]
INFO: [ app_end ] --END-- [ RunTime:0.000956s ]

[ 2016-07-22T00:28:28+08:00 ] 127.0.0.1 /Admin/index/menu.html
INFO: [ app_init ] --START--
INFO: Run Behavior\BuildLiteBehavior [ RunTime:0.000026s ]
INFO: [ app_init ] --END-- [ RunTime:0.000591s ]
INFO: [ app_begin ] --START--
INFO: Run Behavior\ReadHtmlCacheBehavior [ RunTime:0.000850s ]
INFO: [ app_begin ] --END-- [ RunTime:0.000960s ]
NOTIC: [8] Use of undefined constant Y - assumed 'Y' E:\wamp\www\myguopin\Application\Admin\Controller\FontEndController.class.php 第 22 行.
SQL: SHOW COLUMNS FROM `m_admin_infor` [ RunTime:0.0064s ]
SQL: SELECT * FROM `m_admin_infor` WHERE ( id=1 ) LIMIT 1   [ RunTime:0.0003s ]
INFO: [ view_parse ] --START--
INFO: [ template_filter ] --START--
INFO: Run Behavior\ContentReplaceBehavior [ RunTime:0.000201s ]
INFO: [ template_filter ] --END-- [ RunTime:0.000354s ]
INFO: Run Behavior\ParseTemplateBehavior [ RunTime:0.030941s ]
INFO: [ view_parse ] --END-- [ RunTime:0.031039s ]
INFO: [ view_filter ] --START--
INFO: Run Behavior\WriteHtmlCacheBehavior [ RunTime:0.000552s ]
INFO: Run Behavior\TokenBuildBehavior [ RunTime:0.000855s ]
INFO: [ view_filter ] --END-- [ RunTime:0.001526s ]
INFO: [ app_end ] --START--
INFO: Run Behavior\ShowPageTraceBehavior [ RunTime:0.000922s ]
INFO: [ app_end ] --END-- [ RunTime:0.001001s ]

[ 2016-07-22T00:30:40+08:00 ] 127.0.0.1 /Admin/Goodsmanage/release_goods.html
INFO: [ app_init ] --START--
INFO: Run Behavior\BuildLiteBehavior [ RunTime:0.000025s ]
INFO: [ app_init ] --END-- [ RunTime:0.000633s ]
INFO: [ app_begin ] --START--
INFO: Run Behavior\ReadHtmlCacheBehavior [ RunTime:0.000856s ]
INFO: [ app_begin ] --END-- [ RunTime:0.000945s ]
NOTIC: [8] Use of undefined constant Y - assumed 'Y' E:\wamp\www\myguopin\Application\Admin\Controller\FontEndController.class.php 第 22 行.
SQL: SHOW COLUMNS FROM `m_admin_infor` [ RunTime:0.0055s ]
SQL: SELECT * FROM `m_admin_infor` WHERE ( id=1 ) LIMIT 1   [ RunTime:0.0004s ]
SQL: SHOW COLUMNS FROM `m_category` [ RunTime:0.0055s ]
SQL: SELECT `cat_name` FROM `m_category`  [ RunTime:0.0003s ]
NOTIC: [8] Undefined variable: data E:\wamp\www\myguopin\Application\Admin\Controller\GoodsmanageController.class.php 第 256 行.
SQL: SELECT `shuxing` FROM `m_category` WHERE ( cat_name='水果' ) LIMIT 1   [ RunTime:0.0003s ]
INFO: [ view_parse ] --START--
NOTIC: [2] file_get_contents(../Application/Admin/View/Default/Public/menu.html): failed to open stream: No such file or directory E:\wamp\www\myguopin\ThinkPHP\Library\Think\Template.class.php 第 696 行.
NOTIC: [2] file_get_contents(../Application/Admin/View/Default/Public/member_left.html): failed to open stream: No such file or directory E:\wamp\www\myguopin\ThinkPHP\Library\Think\Template.class.php 第 696 行.
INFO: [ template_filter ] --START--
INFO: Run Behavior\ContentReplaceBehavior [ RunTime:0.000163s ]
INFO: [ template_filter ] --END-- [ RunTime:0.000255s ]
NOTIC: [8] Undefined variable: 水果 E:\wamp\www\myguopin\Application\Runtime\Cache\Admin\53799f05b0b0c291dadfaf9c4f44647b.php 第 41 行.
NOTIC: [8] Undefined variable: 果汁 E:\wamp\www\myguopin\Application\Runtime\Cache\Admin\53799f05b0b0c291dadfaf9c4f44647b.php 第 41 行.
INFO: Run Behavior\ParseTemplateBehavior [ RunTime:0.016709s ]
INFO: [ view_parse ] --END-- [ RunTime:0.016794s ]
INFO: [ view_filter ] --START--
INFO: Run Behavior\WriteHtmlCacheBehavior [ RunTime:0.000628s ]
INFO: Run Behavior\TokenBuildBehavior [ RunTime:0.001026s ]
INFO: [ view_filter ] --END-- [ RunTime:0.001772s ]
INFO: [ app_end ] --START--
INFO: Run Behavior\ShowPageTraceBehavior [ RunTime:0.000966s ]
INFO: [ app_end ] --END-- [ RunTime:0.001105s ]

[ 2016-07-22T00:30:40+08:00 ] 127.0.0.1 /Admin/index/menu.html
INFO: [ app_init ] --START--
INFO: Run Behavior\BuildLiteBehavior [ RunTime:0.000026s ]
INFO: [ app_init ] --END-- [ RunTime:0.000643s ]
INFO: [ app_begin ] --START--
INFO: Run Behavior\ReadHtmlCacheBehavior [ RunTime:0.000927s ]
INFO: [ app_begin ] --END-- [ RunTime:0.001053s ]
NOTIC: [8] Use of undefined constant Y - assumed 'Y' E:\wamp\www\myguopin\Application\Admin\Controller\FontEndController.class.php 第 22 行.
SQL: SHOW COLUMNS FROM `m_admin_infor` [ RunTime:0.0302s ]
SQL: SELECT * FROM `m_admin_infor` WHERE ( id=1 ) LIMIT 1   [ RunTime:0.0003s ]
INFO: [ view_parse ] --START--
INFO: [ template_filter ] --START--
INFO: Run Behavior\ContentReplaceBehavior [ RunTime:0.000137s ]
INFO: [ template_filter ] --END-- [ RunTime:0.000248s ]
INFO: Run Behavior\ParseTemplateBehavior [ RunTime:0.018914s ]
INFO: [ view_parse ] --END-- [ RunTime:0.019205s ]
INFO: [ view_filter ] --START--
INFO: Run Behavior\WriteHtmlCacheBehavior [ RunTime:0.000948s ]
INFO: Run Behavior\TokenBuildBehavior [ RunTime:0.001011s ]
INFO: [ view_filter ] --END-- [ RunTime:0.002130s ]
INFO: [ app_end ] --START--
INFO: Run Behavior\ShowPageTraceBehavior [ RunTime:0.000864s ]
INFO: [ app_end ] --END-- [ RunTime:0.000953s ]

[ 2016-07-22T00:31:32+08:00 ] 127.0.0.1 /Admin/Goodsmanage/release_goods.html
INFO: [ app_init ] --START--
INFO: Run Behavior\BuildLiteBehavior [ RunTime:0.000026s ]
INFO: [ app_init ] --END-- [ RunTime:0.000707s ]
INFO: [ app_begin ] --START--
INFO: Run Behavior\ReadHtmlCacheBehavior [ RunTime:0.000847s ]
INFO: [ app_begin ] --END-- [ RunTime:0.000945s ]
NOTIC: [8] Use of undefined constant Y - assumed 'Y' E:\wamp\www\myguopin\Application\Admin\Controller\FontEndController.class.php 第 22 行.
SQL: SHOW COLUMNS FROM `m_admin_infor` [ RunTime:0.0052s ]
SQL: SELECT * FROM `m_admin_infor` WHERE ( id=1 ) LIMIT 1   [ RunTime:0.0004s ]
SQL: SHOW COLUMNS FROM `m_category` [ RunTime:0.0064s ]
SQL: SELECT `cat_name` FROM `m_category`  [ RunTime:0.0079s ]
NOTIC: [8] Undefined variable: data E:\wamp\www\myguopin\Application\Admin\Controller\GoodsmanageController.class.php 第 256 行.
SQL: SELECT `shuxing` FROM `m_category` WHERE ( cat_name='水果' ) LIMIT 1   [ RunTime:0.0003s ]
INFO: [ view_parse ] --START--
NOTIC: [2] file_get_contents(../Application/Admin/View/Default/Public/menu.html): failed to open stream: No such file or directory E:\wamp\www\myguopin\ThinkPHP\Library\Think\Template.class.php 第 696 行.
NOTIC: [2] file_get_contents(../Application/Admin/View/Default/Public/member_left.html): failed to open stream: No such file or directory E:\wamp\www\myguopin\ThinkPHP\Library\Think\Template.class.php 第 696 行.
INFO: [ template_filter ] --START--
INFO: Run Behavior\ContentReplaceBehavior [ RunTime:0.000163s ]
INFO: [ template_filter ] --END-- [ RunTime:0.000254s ]
NOTIC: [8] Undefined variable: 水果 E:\wamp\www\myguopin\Application\Runtime\Cache\Admin\53799f05b0b0c291dadfaf9c4f44647b.php 第 41 行.
NOTIC: [8] Undefined variable: 果汁 E:\wamp\www\myguopin\Application\Runtime\Cache\Admin\53799f05b0b0c291dadfaf9c4f44647b.php 第 41 行.
INFO: Run Behavior\ParseTemplateBehavior [ RunTime:0.016053s ]
INFO: [ view_parse ] --END-- [ RunTime:0.016137s ]
INFO: [ view_filter ] --START--
INFO: Run Behavior\WriteHtmlCacheBehavior [ RunTime:0.000681s ]
INFO: Run Behavior\TokenBuildBehavior [ RunTime:0.001013s ]
INFO: [ view_filter ] --END-- [ RunTime:0.001848s ]
INFO: [ app_end ] --START--
INFO: Run Behavior\ShowPageTraceBehavior [ RunTime:0.000825s ]
INFO: [ app_end ] --END-- [ RunTime:0.000902s ]

[ 2016-07-22T00:31:32+08:00 ] 127.0.0.1 /Admin/index/menu.html
INFO: [ app_init ] --START--
INFO: Run Behavior\BuildLiteBehavior [ RunTime:0.000032s ]
INFO: [ app_init ] --END-- [ RunTime:0.001055s ]
INFO: [ app_begin ] --START--
INFO: Run Behavior\ReadHtmlCacheBehavior [ RunTime:0.000888s ]
INFO: [ app_begin ] --END-- [ RunTime:0.001009s ]
NOTIC: [8] Use of undefined constant Y - assumed 'Y' E:\wamp\www\myguopin\Application\Admin\Controller\FontEndController.class.php 第 22 行.
SQL: SHOW COLUMNS FROM `m_admin_infor` [ RunTime:0.0073s ]
SQL: SELECT * FROM `m_admin_infor` WHERE ( id=1 ) LIMIT 1   [ RunTime:0.0004s ]
INFO: [ view_parse ] --START--
INFO: [ template_filter ] --START--
INFO: Run Behavior\ContentReplaceBehavior [ RunTime:0.000283s ]
INFO: [ template_filter ] --END-- [ RunTime:0.000456s ]
INFO: Run Behavior\ParseTemplateBehavior [ RunTime:0.019416s ]
INFO: [ view_parse ] --END-- [ RunTime:0.019630s ]
INFO: [ view_filter ] --START--
INFO: Run Behavior\WriteHtmlCacheBehavior [ RunTime:0.001131s ]
INFO: Run Behavior\TokenBuildBehavior [ RunTime:0.001608s ]
INFO: [ view_filter ] --END-- [ RunTime:0.002997s ]
INFO: [ app_end ] --START--
INFO: Run Behavior\ShowPageTraceBehavior [ RunTime:0.001551s ]
INFO: [ app_end ] --END-- [ RunTime:0.001720s ]

[ 2016-07-22T00:36:54+08:00 ] 127.0.0.1 /Admin/Goodsmanage/index.html
INFO: [ app_init ] --START--
INFO: Run Behavior\BuildLiteBehavior [ RunTime:0.000031s ]
INFO: [ app_init ] --END-- [ RunTime:0.000763s ]
INFO: [ app_begin ] --START--
INFO: Run Behavior\ReadHtmlCacheBehavior [ RunTime:0.000855s ]
INFO: [ app_begin ] --END-- [ RunTime:0.000962s ]
NOTIC: [8] Use of undefined constant Y - assumed 'Y' E:\wamp\www\myguopin\Application\Admin\Controller\FontEndController.class.php 第 22 行.
SQL: SHOW COLUMNS FROM `m_admin_infor` [ RunTime:0.0362s ]
SQL: SELECT * FROM `m_admin_infor` WHERE ( id=1 ) LIMIT 1   [ RunTime:0.0009s ]
SQL: SHOW COLUMNS FROM `m_category` [ RunTime:0.1073s ]
SQL: SELECT `cat_name` FROM `m_category`  [ RunTime:0.0003s ]
SQL: SHOW COLUMNS FROM `m_goods` [ RunTime:0.0711s ]
NOTIC: [8] Undefined index: serch E:\wamp\www\myguopin\Application\Admin\Controller\GoodsmanageController.class.php 第 20 行.
SQL: SELECT COUNT(*) AS tp_count FROM `m_goods` WHERE ( cat_name='水果' and is_delete=0 ) LIMIT 1   [ RunTime:0.0005s ]
SQL: SELECT * FROM `m_goods` WHERE ( cat_name='水果' and is_delete=0 ) ORDER BY goods_id desc LIMIT 0,10   [ RunTime:0.0007s ]
INFO: [ view_parse ] --START--
INFO: [ template_filter ] --START--
INFO: Run Behavior\ContentReplaceBehavior [ RunTime:0.000103s ]
INFO: [ template_filter ] --END-- [ RunTime:0.000192s ]
NOTIC: [8] Undefined variable: 果汁 E:\wamp\www\myguopin\Application\Runtime\Cache\Admin\44be48c52c819b74b3b0b16f06fea967.php 第 38 行.
INFO: Run Behavior\ParseTemplateBehavior [ RunTime:0.041507s ]
INFO: [ view_parse ] --END-- [ RunTime:0.041714s ]
INFO: [ view_filter ] --START--
INFO: Run Behavior\WriteHtmlCacheBehavior [ RunTime:0.000648s ]
INFO: Run Behavior\TokenBuildBehavior [ RunTime:0.000879s ]
INFO: [ view_filter ] --END-- [ RunTime:0.001660s ]
INFO: [ app_end ] --START--
INFO: Run Behavior\ShowPageTraceBehavior [ RunTime:0.000926s ]
INFO: [ app_end ] --END-- [ RunTime:0.001012s ]

[ 2016-07-22T00:36:57+08:00 ] 127.0.0.1 /Admin/Goodsmanage/goods_editor/goods_id/220.html
INFO: [ app_init ] --START--
INFO: Run Behavior\BuildLiteBehavior [ RunTime:0.000025s ]
INFO: [ app_init ] --END-- [ RunTime:0.000577s ]
INFO: [ app_begin ] --START--
INFO: Run Behavior\ReadHtmlCacheBehavior [ RunTime:0.001611s ]
INFO: [ app_begin ] --END-- [ RunTime:0.001730s ]
NOTIC: [8] Use of undefined constant Y - assumed 'Y' E:\wamp\www\myguopin\Application\Admin\Controller\FontEndController.class.php 第 22 行.
SQL: SHOW COLUMNS FROM `m_admin_infor` [ RunTime:0.0077s ]
SQL: SELECT * FROM `m_admin_infor` WHERE ( id=1 ) LIMIT 1   [ RunTime:0.0004s ]
SQL: SHOW COLUMNS FROM `m_goods` [ RunTime:0.0072s ]
SQL: SELECT * FROM `m_goods` WHERE ( goods_id=220 ) LIMIT 1   [ RunTime:0.0006s ]
SQL: SHOW COLUMNS FROM `m_category` [ RunTime:0.0065s ]
SQL: SELECT `cat_name` FROM `m_category`  [ RunTime:0.0003s ]
SQL: SELECT `shuxing` FROM `m_category` WHERE ( cat_name='水果' ) LIMIT 1   [ RunTime:0.0002s ]
INFO: [ view_parse ] --START--
NOTIC: [2] file_get_contents(../Application/Admin/View/Default/Public/menu.html): failed to open stream: No such file or directory E:\wamp\www\myguopin\ThinkPHP\Library\Think\Template.class.php 第 696 行.
NOTIC: [2] file_get_contents(../Application/Admin/View/Default/Public/member_left.html): failed to open stream: No such file or directory E:\wamp\www\myguopin\ThinkPHP\Library\Think\Template.class.php 第 696 行.
INFO: [ template_filter ] --START--
INFO: Run Behavior\ContentReplaceBehavior [ RunTime:0.000372s ]
INFO: [ template_filter ] --END-- [ RunTime:0.000543s ]
NOTIC: [8] Undefined variable: 果汁 E:\wamp\www\myguopin\Application\Runtime\Cache\Admin\cced33554f449b6a496b0f71c6f7ff10.php 第 41 行.
NOTIC: [8] Undefined variable: 菠萝 E:\wamp\www\myguopin\Application\Runtime\Cache\Admin\cced33554f449b6a496b0f71c6f7ff10.php 第 144 行.
NOTIC: [8] Use of undefined constant goods_img - assumed 'goods_img' E:\wamp\www\myguopin\Application\Runtime\Cache\Admin\cced33554f449b6a496b0f71c6f7ff10.php 第 230 行.
INFO: Run Behavior\ParseTemplateBehavior [ RunTime:0.047307s ]
INFO: [ view_parse ] --END-- [ RunTime:0.047438s ]
INFO: [ view_filter ] --START--
INFO: Run Behavior\WriteHtmlCacheBehavior [ RunTime:0.001022s ]
INFO: Run Behavior\TokenBuildBehavior [ RunTime:0.001644s ]
INFO: [ view_filter ] --END-- [ RunTime:0.002899s ]
INFO: [ app_end ] --START--
INFO: Run Behavior\ShowPageTraceBehavior [ RunTime:0.001311s ]
INFO: [ app_end ] --END-- [ RunTime:0.001463s ]

[ 2016-07-22T00:36:58+08:00 ] 127.0.0.1 /Admin/index/menu.html
INFO: [ app_init ] --START--
INFO: Run Behavior\BuildLiteBehavior [ RunTime:0.000039s ]
INFO: [ app_init ] --END-- [ RunTime:0.000905s ]
INFO: [ app_begin ] --START--
INFO: Run Behavior\ReadHtmlCacheBehavior [ RunTime:0.001707s ]
INFO: [ app_begin ] --END-- [ RunTime:0.001899s ]
NOTIC: [8] Use of undefined constant Y - assumed 'Y' E:\wamp\www\myguopin\Application\Admin\Controller\FontEndController.class.php 第 22 行.
SQL: SHOW COLUMNS FROM `m_admin_infor` [ RunTime:0.0082s ]
SQL: SELECT * FROM `m_admin_infor` WHERE ( id=1 ) LIMIT 1   [ RunTime:0.0004s ]
INFO: [ view_parse ] --START--
INFO: [ template_filter ] --START--
INFO: Run Behavior\ContentReplaceBehavior [ RunTime:0.000142s ]
INFO: [ template_filter ] --END-- [ RunTime:0.000254s ]
INFO: Run Behavior\ParseTemplateBehavior [ RunTime:0.020018s ]
INFO: [ view_parse ] --END-- [ RunTime:0.020156s ]
INFO: [ view_filter ] --START--
INFO: Run Behavior\WriteHtmlCacheBehavior [ RunTime:0.000882s ]
INFO: Run Behavior\TokenBuildBehavior [ RunTime:0.001558s ]
INFO: [ view_filter ] --END-- [ RunTime:0.002661s ]
INFO: [ app_end ] --START--
INFO: Run Behavior\ShowPageTraceBehavior [ RunTime:0.001273s ]
INFO: [ app_end ] --END-- [ RunTime:0.001417s ]

[ 2016-07-22T00:37:03+08:00 ] 127.0.0.1 /Admin/Goodsmanage/index.html
INFO: [ app_init ] --START--
INFO: Run Behavior\BuildLiteBehavior [ RunTime:0.000026s ]
INFO: [ app_init ] --END-- [ RunTime:0.000597s ]
INFO: [ app_begin ] --START--
INFO: Run Behavior\ReadHtmlCacheBehavior [ RunTime:0.000861s ]
INFO: [ app_begin ] --END-- [ RunTime:0.000967s ]
NOTIC: [8] Use of undefined constant Y - assumed 'Y' E:\wamp\www\myguopin\Application\Admin\Controller\FontEndController.class.php 第 22 行.
SQL: SHOW COLUMNS FROM `m_admin_infor` [ RunTime:0.0056s ]
SQL: SELECT * FROM `m_admin_infor` WHERE ( id=1 ) LIMIT 1   [ RunTime:0.0003s ]
SQL: SHOW COLUMNS FROM `m_category` [ RunTime:0.0062s ]
SQL: SELECT `cat_name` FROM `m_category`  [ RunTime:0.0003s ]
SQL: SHOW COLUMNS FROM `m_goods` [ RunTime:0.0058s ]
NOTIC: [8] Undefined index: serch E:\wamp\www\myguopin\Application\Admin\Controller\GoodsmanageController.class.php 第 20 行.
SQL: SELECT COUNT(*) AS tp_count FROM `m_goods` WHERE ( cat_name='水果' and is_delete=0 ) LIMIT 1   [ RunTime:0.0004s ]
SQL: SELECT * FROM `m_goods` WHERE ( cat_name='水果' and is_delete=0 ) ORDER BY goods_id desc LIMIT 0,10   [ RunTime:0.0007s ]
INFO: [ view_parse ] --START--
INFO: [ template_filter ] --START--
INFO: Run Behavior\ContentReplaceBehavior [ RunTime:0.000107s ]
INFO: [ template_filter ] --END-- [ RunTime:0.000197s ]
NOTIC: [8] Undefined variable: 果汁 E:\wamp\www\myguopin\Application\Runtime\Cache\Admin\44be48c52c819b74b3b0b16f06fea967.php 第 38 行.
INFO: Run Behavior\ParseTemplateBehavior [ RunTime:0.012118s ]
INFO: [ view_parse ] --END-- [ RunTime:0.012205s ]
INFO: [ view_filter ] --START--
INFO: Run Behavior\WriteHtmlCacheBehavior [ RunTime:0.000622s ]
INFO: Run Behavior\TokenBuildBehavior [ RunTime:0.000876s ]
INFO: [ view_filter ] --END-- [ RunTime:0.001619s ]
INFO: [ app_end ] --START--
INFO: Run Behavior\ShowPageTraceBehavior [ RunTime:0.000945s ]
INFO: [ app_end ] --END-- [ RunTime:0.001028s ]

[ 2016-07-22T00:37:05+08:00 ] 127.0.0.1 /Admin/Goodsmanage/goods_editor/goods_id/221.html
INFO: [ app_init ] --START--
INFO: Run Behavior\BuildLiteBehavior [ RunTime:0.000026s ]
INFO: [ app_init ] --END-- [ RunTime:0.000609s ]
INFO: [ app_begin ] --START--
INFO: Run Behavior\ReadHtmlCacheBehavior [ RunTime:0.000925s ]
INFO: [ app_begin ] --END-- [ RunTime:0.001086s ]
NOTIC: [8] Use of undefined constant Y - assumed 'Y' E:\wamp\www\myguopin\Application\Admin\Controller\FontEndController.class.php 第 22 行.
SQL: SHOW COLUMNS FROM `m_admin_infor` [ RunTime:0.0078s ]
SQL: SELECT * FROM `m_admin_infor` WHERE ( id=1 ) LIMIT 1   [ RunTime:0.0004s ]
SQL: SHOW COLUMNS FROM `m_goods` [ RunTime:0.0065s ]
SQL: SELECT * FROM `m_goods` WHERE ( goods_id=221 ) LIMIT 1   [ RunTime:0.0004s ]
SQL: SHOW COLUMNS FROM `m_category` [ RunTime:0.0082s ]
SQL: SELECT `cat_name` FROM `m_category`  [ RunTime:0.0003s ]
SQL: SELECT `shuxing` FROM `m_category` WHERE ( cat_name='水果' ) LIMIT 1   [ RunTime:0.0003s ]
INFO: [ view_parse ] --START--
NOTIC: [2] file_get_contents(../Application/Admin/View/Default/Public/menu.html): failed to open stream: No such file or directory E:\wamp\www\myguopin\ThinkPHP\Library\Think\Template.class.php 第 696 行.
NOTIC: [2] file_get_contents(../Application/Admin/View/Default/Public/member_left.html): failed to open stream: No such file or directory E:\wamp\www\myguopin\ThinkPHP\Library\Think\Template.class.php 第 696 行.
INFO: [ template_filter ] --START--
INFO: Run Behavior\ContentReplaceBehavior [ RunTime:0.000297s ]
INFO: [ template_filter ] --END-- [ RunTime:0.000443s ]
NOTIC: [8] Undefined variable: 果汁 E:\wamp\www\myguopin\Application\Runtime\Cache\Admin\cced33554f449b6a496b0f71c6f7ff10.php 第 41 行.
NOTIC: [8] Undefined variable: 菠萝 E:\wamp\www\myguopin\Application\Runtime\Cache\Admin\cced33554f449b6a496b0f71c6f7ff10.php 第 144 行.
NOTIC: [8] Use of undefined constant goods_img - assumed 'goods_img' E:\wamp\www\myguopin\Application\Runtime\Cache\Admin\cced33554f449b6a496b0f71c6f7ff10.php 第 230 行.
INFO: Run Behavior\ParseTemplateBehavior [ RunTime:0.025907s ]
INFO: [ view_parse ] --END-- [ RunTime:0.026059s ]
INFO: [ view_filter ] --START--
INFO: Run Behavior\WriteHtmlCacheBehavior [ RunTime:0.000613s ]
INFO: Run Behavior\TokenBuildBehavior [ RunTime:0.002039s ]
INFO: [ view_filter ] --END-- [ RunTime:0.002915s ]
INFO: [ app_end ] --START--
INFO: Run Behavior\ShowPageTraceBehavior [ RunTime:0.000971s ]
INFO: [ app_end ] --END-- [ RunTime:0.001070s ]

[ 2016-07-22T00:37:05+08:00 ] 127.0.0.1 /Admin/index/menu.html
INFO: [ app_init ] --START--
INFO: Run Behavior\BuildLiteBehavior [ RunTime:0.000026s ]
INFO: [ app_init ] --END-- [ RunTime:0.000600s ]
INFO: [ app_begin ] --START--
INFO: Run Behavior\ReadHtmlCacheBehavior [ RunTime:0.001099s ]
INFO: [ app_begin ] --END-- [ RunTime:0.001287s ]
NOTIC: [8] Use of undefined constant Y - assumed 'Y' E:\wamp\www\myguopin\Application\Admin\Controller\FontEndController.class.php 第 22 行.
SQL: SHOW COLUMNS FROM `m_admin_infor` [ RunTime:0.0066s ]
SQL: SELECT * FROM `m_admin_infor` WHERE ( id=1 ) LIMIT 1   [ RunTime:0.0003s ]
INFO: [ view_parse ] --START--
INFO: [ template_filter ] --START--
INFO: Run Behavior\ContentReplaceBehavior [ RunTime:0.000135s ]
INFO: [ template_filter ] --END-- [ RunTime:0.000241s ]
INFO: Run Behavior\ParseTemplateBehavior [ RunTime:0.014825s ]
INFO: [ view_parse ] --END-- [ RunTime:0.014928s ]
INFO: [ view_filter ] --START--
INFO: Run Behavior\WriteHtmlCacheBehavior [ RunTime:0.000692s ]
INFO: Run Behavior\TokenBuildBehavior [ RunTime:0.000988s ]
INFO: [ view_filter ] --END-- [ RunTime:0.001828s ]
INFO: [ app_end ] --START--
INFO: Run Behavior\ShowPageTraceBehavior [ RunTime:0.000904s ]
INFO: [ app_end ] --END-- [ RunTime:0.001001s ]

[ 2016-07-22T00:37:11+08:00 ] 127.0.0.1 /Admin/Goodsmanage/index.html
INFO: [ app_init ] --START--
INFO: Run Behavior\BuildLiteBehavior [ RunTime:0.000026s ]
INFO: [ app_init ] --END-- [ RunTime:0.000585s ]
INFO: [ app_begin ] --START--
INFO: Run Behavior\ReadHtmlCacheBehavior [ RunTime:0.001691s ]
INFO: [ app_begin ] --END-- [ RunTime:0.001839s ]
NOTIC: [8] Use of undefined constant Y - assumed 'Y' E:\wamp\www\myguopin\Application\Admin\Controller\FontEndController.class.php 第 22 行.
SQL: SHOW COLUMNS FROM `m_admin_infor` [ RunTime:0.0265s ]
SQL: SELECT * FROM `m_admin_infor` WHERE ( id=1 ) LIMIT 1   [ RunTime:0.0003s ]
SQL: SHOW COLUMNS FROM `m_category` [ RunTime:0.0054s ]
SQL: SELECT `cat_name` FROM `m_category`  [ RunTime:0.0003s ]
SQL: SHOW COLUMNS FROM `m_goods` [ RunTime:0.0064s ]
NOTIC: [8] Undefined index: serch E:\wamp\www\myguopin\Application\Admin\Controller\GoodsmanageController.class.php 第 20 行.
SQL: SELECT COUNT(*) AS tp_count FROM `m_goods` WHERE ( cat_name='水果' and is_delete=0 ) LIMIT 1   [ RunTime:0.0004s ]
SQL: SELECT * FROM `m_goods` WHERE ( cat_name='水果' and is_delete=0 ) ORDER BY goods_id desc LIMIT 0,10   [ RunTime:0.0006s ]
INFO: [ view_parse ] --START--
INFO: [ template_filter ] --START--
INFO: Run Behavior\ContentReplaceBehavior [ RunTime:0.000107s ]
INFO: [ template_filter ] --END-- [ RunTime:0.000199s ]
NOTIC: [8] Undefined variable: 果汁 E:\wamp\www\myguopin\Application\Runtime\Cache\Admin\44be48c52c819b74b3b0b16f06fea967.php 第 38 行.
INFO: Run Behavior\ParseTemplateBehavior [ RunTime:0.012592s ]
INFO: [ view_parse ] --END-- [ RunTime:0.012682s ]
INFO: [ view_filter ] --START--
INFO: Run Behavior\WriteHtmlCacheBehavior [ RunTime:0.000644s ]
INFO: Run Behavior\TokenBuildBehavior [ RunTime:0.000880s ]
INFO: [ view_filter ] --END-- [ RunTime:0.001661s ]
INFO: [ app_end ] --START--
INFO: Run Behavior\ShowPageTraceBehavior [ RunTime:0.001197s ]
INFO: [ app_end ] --END-- [ RunTime:0.001291s ]

[ 2016-07-22T00:37:12+08:00 ] 127.0.0.1 /Admin/Goodsmanage/goods_editor/goods_id/221.html
INFO: [ app_init ] --START--
INFO: Run Behavior\BuildLiteBehavior [ RunTime:0.000038s ]
INFO: [ app_init ] --END-- [ RunTime:0.000711s ]
INFO: [ app_begin ] --START--
INFO: Run Behavior\ReadHtmlCacheBehavior [ RunTime:0.000856s ]
INFO: [ app_begin ] --END-- [ RunTime:0.000955s ]
NOTIC: [8] Use of undefined constant Y - assumed 'Y' E:\wamp\www\myguopin\Application\Admin\Controller\FontEndController.class.php 第 22 行.
SQL: SHOW COLUMNS FROM `m_admin_infor` [ RunTime:0.0054s ]
SQL: SELECT * FROM `m_admin_infor` WHERE ( id=1 ) LIMIT 1   [ RunTime:0.0003s ]
SQL: SHOW COLUMNS FROM `m_goods` [ RunTime:0.0071s ]
SQL: SELECT * FROM `m_goods` WHERE ( goods_id=221 ) LIMIT 1   [ RunTime:0.0005s ]
SQL: SHOW COLUMNS FROM `m_category` [ RunTime:0.0064s ]
SQL: SELECT `cat_name` FROM `m_category`  [ RunTime:0.0003s ]
SQL: SELECT `shuxing` FROM `m_category` WHERE ( cat_name='水果' ) LIMIT 1   [ RunTime:0.0002s ]
INFO: [ view_parse ] --START--
NOTIC: [2] file_get_contents(../Application/Admin/View/Default/Public/menu.html): failed to open stream: No such file or directory E:\wamp\www\myguopin\ThinkPHP\Library\Think\Template.class.php 第 696 行.
NOTIC: [2] file_get_contents(../Application/Admin/View/Default/Public/member_left.html): failed to open stream: No such file or directory E:\wamp\www\myguopin\ThinkPHP\Library\Think\Template.class.php 第 696 行.
INFO: [ template_filter ] --START--
INFO: Run Behavior\ContentReplaceBehavior [ RunTime:0.000205s ]
INFO: [ template_filter ] --END-- [ RunTime:0.000297s ]
NOTIC: [8] Undefined variable: 果汁 E:\wamp\www\myguopin\Application\Runtime\Cache\Admin\cced33554f449b6a496b0f71c6f7ff10.php 第 41 行.
NOTIC: [8] Undefined variable: 菠萝 E:\wamp\www\myguopin\Application\Runtime\Cache\Admin\cced33554f449b6a496b0f71c6f7ff10.php 第 144 行.
NOTIC: [8] Use of undefined constant goods_img - assumed 'goods_img' E:\wamp\www\myguopin\Application\Runtime\Cache\Admin\cced33554f449b6a496b0f71c6f7ff10.php 第 230 行.
INFO: Run Behavior\ParseTemplateBehavior [ RunTime:0.018551s ]
INFO: [ view_parse ] --END-- [ RunTime:0.018634s ]
INFO: [ view_filter ] --START--
INFO: Run Behavior\WriteHtmlCacheBehavior [ RunTime:0.000622s ]
INFO: Run Behavior\TokenBuildBehavior [ RunTime:0.001301s ]
INFO: [ view_filter ] --END-- [ RunTime:0.002054s ]
INFO: [ app_end ] --START--
INFO: Run Behavior\ShowPageTraceBehavior [ RunTime:0.000851s ]
INFO: [ app_end ] --END-- [ RunTime:0.000929s ]

[ 2016-07-22T00:37:12+08:00 ] 127.0.0.1 /Admin/index/menu.html
INFO: [ app_init ] --START--
INFO: Run Behavior\BuildLiteBehavior [ RunTime:0.000042s ]
INFO: [ app_init ] --END-- [ RunTime:0.001086s ]
INFO: [ app_begin ] --START--
INFO: Run Behavior\ReadHtmlCacheBehavior [ RunTime:0.001007s ]
INFO: [ app_begin ] --END-- [ RunTime:0.001122s ]
NOTIC: [8] Use of undefined constant Y - assumed 'Y' E:\wamp\www\myguopin\Application\Admin\Controller\FontEndController.class.php 第 22 行.
SQL: SHOW COLUMNS FROM `m_admin_infor` [ RunTime:0.0082s ]
SQL: SELECT * FROM `m_admin_infor` WHERE ( id=1 ) LIMIT 1   [ RunTime:0.0004s ]
INFO: [ view_parse ] --START--
INFO: [ template_filter ] --START--
INFO: Run Behavior\ContentReplaceBehavior [ RunTime:0.000142s ]
INFO: [ template_filter ] --END-- [ RunTime:0.000270s ]
INFO: Run Behavior\ParseTemplateBehavior [ RunTime:0.024004s ]
INFO: [ view_parse ] --END-- [ RunTime:0.024197s ]
INFO: [ view_filter ] --START--
INFO: Run Behavior\WriteHtmlCacheBehavior [ RunTime:0.001158s ]
INFO: Run Behavior\TokenBuildBehavior [ RunTime:0.001086s ]
INFO: [ view_filter ] --END-- [ RunTime:0.002483s ]
INFO: [ app_end ] --START--
INFO: Run Behavior\ShowPageTraceBehavior [ RunTime:0.001198s ]
INFO: [ app_end ] --END-- [ RunTime:0.001361s ]

[ 2016-07-22T00:37:15+08:00 ] 127.0.0.1 /Admin/Goodsmanage/index.html
INFO: [ app_init ] --START--
INFO: Run Behavior\BuildLiteBehavior [ RunTime:0.000043s ]
INFO: [ app_init ] --END-- [ RunTime:0.001117s ]
INFO: [ app_begin ] --START--
INFO: Run Behavior\ReadHtmlCacheBehavior [ RunTime:0.001446s ]
INFO: [ app_begin ] --END-- [ RunTime:0.001623s ]
NOTIC: [8] Use of undefined constant Y - assumed 'Y' E:\wamp\www\myguopin\Application\Admin\Controller\FontEndController.class.php 第 22 行.
SQL: SHOW COLUMNS FROM `m_admin_infor` [ RunTime:0.0062s ]
SQL: SELECT * FROM `m_admin_infor` WHERE ( id=1 ) LIMIT 1   [ RunTime:0.0004s ]
SQL: SHOW COLUMNS FROM `m_category` [ RunTime:0.0064s ]
SQL: SELECT `cat_name` FROM `m_category`  [ RunTime:0.0002s ]
SQL: SHOW COLUMNS FROM `m_goods` [ RunTime:0.0074s ]
NOTIC: [8] Undefined index: serch E:\wamp\www\myguopin\Application\Admin\Controller\GoodsmanageController.class.php 第 20 行.
SQL: SELECT COUNT(*) AS tp_count FROM `m_goods` WHERE ( cat_name='水果' and is_delete=0 ) LIMIT 1   [ RunTime:0.0005s ]
SQL: SELECT * FROM `m_goods` WHERE ( cat_name='水果' and is_delete=0 ) ORDER BY goods_id desc LIMIT 0,10   [ RunTime:0.0010s ]
INFO: [ view_parse ] --START--
INFO: [ template_filter ] --START--
INFO: Run Behavior\ContentReplaceBehavior [ RunTime:0.000121s ]
INFO: [ template_filter ] --END-- [ RunTime:0.000226s ]
NOTIC: [8] Undefined variable: 果汁 E:\wamp\www\myguopin\Application\Runtime\Cache\Admin\44be48c52c819b74b3b0b16f06fea967.php 第 38 行.
INFO: Run Behavior\ParseTemplateBehavior [ RunTime:0.015498s ]
INFO: [ view_parse ] --END-- [ RunTime:0.015662s ]
INFO: [ view_filter ] --START--
INFO: Run Behavior\WriteHtmlCacheBehavior [ RunTime:0.000678s ]
INFO: Run Behavior\TokenBuildBehavior [ RunTime:0.001378s ]
INFO: [ view_filter ] --END-- [ RunTime:0.002247s ]
INFO: [ app_end ] --START--
INFO: Run Behavior\ShowPageTraceBehavior [ RunTime:0.001125s ]
INFO: [ app_end ] --END-- [ RunTime:0.001243s ]

[ 2016-07-22T00:37:16+08:00 ] 127.0.0.1 /Admin/Goodsmanage/goods_editor/goods_id/220.html
INFO: [ app_init ] --START--
INFO: Run Behavior\BuildLiteBehavior [ RunTime:0.000024s ]
INFO: [ app_init ] --END-- [ RunTime:0.000604s ]
INFO: [ app_begin ] --START--
INFO: Run Behavior\ReadHtmlCacheBehavior [ RunTime:0.000823s ]
INFO: [ app_begin ] --END-- [ RunTime:0.000909s ]
NOTIC: [8] Use of undefined constant Y - assumed 'Y' E:\wamp\www\myguopin\Application\Admin\Controller\FontEndController.class.php 第 22 行.
SQL: SHOW COLUMNS FROM `m_admin_infor` [ RunTime:0.0061s ]
SQL: SELECT * FROM `m_admin_infor` WHERE ( id=1 ) LIMIT 1   [ RunTime:0.0003s ]
SQL: SHOW COLUMNS FROM `m_goods` [ RunTime:0.0069s ]
SQL: SELECT * FROM `m_goods` WHERE ( goods_id=220 ) LIMIT 1   [ RunTime:0.0005s ]
SQL: SHOW COLUMNS FROM `m_category` [ RunTime:0.0057s ]
SQL: SELECT `cat_name` FROM `m_category`  [ RunTime:0.0003s ]
SQL: SELECT `shuxing` FROM `m_category` WHERE ( cat_name='水果' ) LIMIT 1   [ RunTime:0.0002s ]
INFO: [ view_parse ] --START--
NOTIC: [2] file_get_contents(../Application/Admin/View/Default/Public/menu.html): failed to open stream: No such file or directory E:\wamp\www\myguopin\ThinkPHP\Library\Think\Template.class.php 第 696 行.
NOTIC: [2] file_get_contents(../Application/Admin/View/Default/Public/member_left.html): failed to open stream: No such file or directory E:\wamp\www\myguopin\ThinkPHP\Library\Think\Template.class.php 第 696 行.
INFO: [ template_filter ] --START--
INFO: Run Behavior\ContentReplaceBehavior [ RunTime:0.000190s ]
INFO: [ template_filter ] --END-- [ RunTime:0.000276s ]
NOTIC: [8] Undefined variable: 果汁 E:\wamp\www\myguopin\Application\Runtime\Cache\Admin\cced33554f449b6a496b0f71c6f7ff10.php 第 41 行.
NOTIC: [8] Undefined variable: 菠萝 E:\wamp\www\myguopin\Application\Runtime\Cache\Admin\cced33554f449b6a496b0f71c6f7ff10.php 第 144 行.
NOTIC: [8] Use of undefined constant goods_img - assumed 'goods_img' E:\wamp\www\myguopin\Application\Runtime\Cache\Admin\cced33554f449b6a496b0f71c6f7ff10.php 第 230 行.
INFO: Run Behavior\ParseTemplateBehavior [ RunTime:0.019685s ]
INFO: [ view_parse ] --END-- [ RunTime:0.019769s ]
INFO: [ view_filter ] --START--
INFO: Run Behavior\WriteHtmlCacheBehavior [ RunTime:0.000756s ]
INFO: Run Behavior\TokenBuildBehavior [ RunTime:0.002305s ]
INFO: [ view_filter ] --END-- [ RunTime:0.003362s ]
INFO: [ app_end ] --START--
INFO: Run Behavior\ShowPageTraceBehavior [ RunTime:0.001050s ]
INFO: [ app_end ] --END-- [ RunTime:0.001153s ]

[ 2016-07-22T00:37:17+08:00 ] 127.0.0.1 /Admin/index/menu.html
INFO: [ app_init ] --START--
INFO: Run Behavior\BuildLiteBehavior [ RunTime:0.000027s ]
INFO: [ app_init ] --END-- [ RunTime:0.000605s ]
INFO: [ app_begin ] --START--
INFO: Run Behavior\ReadHtmlCacheBehavior [ RunTime:0.000873s ]
INFO: [ app_begin ] --END-- [ RunTime:0.000989s ]
NOTIC: [8] Use of undefined constant Y - assumed 'Y' E:\wamp\www\myguopin\Application\Admin\Controller\FontEndController.class.php 第 22 行.
SQL: SHOW COLUMNS FROM `m_admin_infor` [ RunTime:0.0073s ]
SQL: SELECT * FROM `m_admin_infor` WHERE ( id=1 ) LIMIT 1   [ RunTime:0.0003s ]
INFO: [ view_parse ] --START--
INFO: [ template_filter ] --START--
INFO: Run Behavior\ContentReplaceBehavior [ RunTime:0.000135s ]
INFO: [ template_filter ] --END-- [ RunTime:0.000243s ]
INFO: Run Behavior\ParseTemplateBehavior [ RunTime:0.016961s ]
INFO: [ view_parse ] --END-- [ RunTime:0.017115s ]
INFO: [ view_filter ] --START--
INFO: Run Behavior\WriteHtmlCacheBehavior [ RunTime:0.001084s ]
INFO: Run Behavior\TokenBuildBehavior [ RunTime:0.001562s ]
INFO: [ view_filter ] --END-- [ RunTime:0.002901s ]
INFO: [ app_end ] --START--
INFO: Run Behavior\ShowPageTraceBehavior [ RunTime:0.000954s ]
INFO: [ app_end ] --END-- [ RunTime:0.001057s ]

[ 2016-07-22T00:38:35+08:00 ] 127.0.0.1 /Admin/Goodsmanage/goods_editor/goods_id/220.html
INFO: [ app_init ] --START--
INFO: Run Behavior\BuildLiteBehavior [ RunTime:0.000024s ]
INFO: [ app_init ] --END-- [ RunTime:0.000623s ]
INFO: [ app_begin ] --START--
INFO: Run Behavior\ReadHtmlCacheBehavior [ RunTime:0.000823s ]
INFO: [ app_begin ] --END-- [ RunTime:0.000911s ]
NOTIC: [8] Use of undefined constant Y - assumed 'Y' E:\wamp\www\myguopin\Application\Admin\Controller\FontEndController.class.php 第 22 行.
SQL: SHOW COLUMNS FROM `m_admin_infor` [ RunTime:0.0064s ]
SQL: SELECT * FROM `m_admin_infor` WHERE ( id=1 ) LIMIT 1   [ RunTime:0.0004s ]
SQL: SHOW COLUMNS FROM `m_goods` [ RunTime:0.0074s ]
SQL: SELECT * FROM `m_goods` WHERE ( goods_id=220 ) LIMIT 1   [ RunTime:0.0004s ]
SQL: SHOW COLUMNS FROM `m_category` [ RunTime:0.0055s ]
SQL: SELECT `cat_name` FROM `m_category`  [ RunTime:0.0003s ]
SQL: SELECT `shuxing` FROM `m_category` WHERE ( cat_name='水果' ) LIMIT 1   [ RunTime:0.0002s ]
INFO: [ view_parse ] --START--
NOTIC: [2] file_get_contents(../Application/Admin/View/Default/Public/menu.html): failed to open stream: No such file or directory E:\wamp\www\myguopin\ThinkPHP\Library\Think\Template.class.php 第 696 行.
NOTIC: [2] file_get_contents(../Application/Admin/View/Default/Public/member_left.html): failed to open stream: No such file or directory E:\wamp\www\myguopin\ThinkPHP\Library\Think\Template.class.php 第 696 行.
INFO: [ template_filter ] --START--
INFO: Run Behavior\ContentReplaceBehavior [ RunTime:0.000188s ]
INFO: [ template_filter ] --END-- [ RunTime:0.000274s ]
NOTIC: [8] Undefined variable: 果汁 E:\wamp\www\myguopin\Application\Runtime\Cache\Admin\cced33554f449b6a496b0f71c6f7ff10.php 第 41 行.
NOTIC: [8] Undefined variable: 菠萝 E:\wamp\www\myguopin\Application\Runtime\Cache\Admin\cced33554f449b6a496b0f71c6f7ff10.php 第 144 行.
NOTIC: [8] Use of undefined constant goods_img - assumed 'goods_img' E:\wamp\www\myguopin\Application\Runtime\Cache\Admin\cced33554f449b6a496b0f71c6f7ff10.php 第 230 行.
INFO: Run Behavior\ParseTemplateBehavior [ RunTime:0.021122s ]
INFO: [ view_parse ] --END-- [ RunTime:0.021206s ]
INFO: [ view_filter ] --START--
INFO: Run Behavior\WriteHtmlCacheBehavior [ RunTime:0.000728s ]
INFO: Run Behavior\TokenBuildBehavior [ RunTime:0.001090s ]
INFO: [ view_filter ] --END-- [ RunTime:0.001939s ]
INFO: [ app_end ] --START--
INFO: Run Behavior\ShowPageTraceBehavior [ RunTime:0.000843s ]
INFO: [ app_end ] --END-- [ RunTime:0.000931s ]

[ 2016-07-22T00:38:35+08:00 ] 127.0.0.1 /Admin/index/menu.html
INFO: [ app_init ] --START--
INFO: Run Behavior\BuildLiteBehavior [ RunTime:0.000048s ]
INFO: [ app_init ] --END-- [ RunTime:0.001182s ]
INFO: [ app_begin ] --START--
INFO: Run Behavior\ReadHtmlCacheBehavior [ RunTime:0.000923s ]
INFO: [ app_begin ] --END-- [ RunTime:0.001039s ]
NOTIC: [8] Use of undefined constant Y - assumed 'Y' E:\wamp\www\myguopin\Application\Admin\Controller\FontEndController.class.php 第 22 行.
SQL: SHOW COLUMNS FROM `m_admin_infor` [ RunTime:0.0067s ]
SQL: SELECT * FROM `m_admin_infor` WHERE ( id=1 ) LIMIT 1   [ RunTime:0.0004s ]
INFO: [ view_parse ] --START--
INFO: [ template_filter ] --START--
INFO: Run Behavior\ContentReplaceBehavior [ RunTime:0.000142s ]
INFO: [ template_filter ] --END-- [ RunTime:0.000263s ]
INFO: Run Behavior\ParseTemplateBehavior [ RunTime:0.015715s ]
INFO: [ view_parse ] --END-- [ RunTime:0.015850s ]
INFO: [ view_filter ] --START--
INFO: Run Behavior\WriteHtmlCacheBehavior [ RunTime:0.000724s ]
INFO: Run Behavior\TokenBuildBehavior [ RunTime:0.001489s ]
INFO: [ view_filter ] --END-- [ RunTime:0.002404s ]
INFO: [ app_end ] --START--
INFO: Run Behavior\ShowPageTraceBehavior [ RunTime:0.001264s ]
INFO: [ app_end ] --END-- [ RunTime:0.001399s ]

[ 2016-07-22T00:40:50+08:00 ] 127.0.0.1 /Admin/Goodsmanage/goods_editor/goods_id/220.html
INFO: [ app_init ] --START--
INFO: Run Behavior\BuildLiteBehavior [ RunTime:0.000036s ]
INFO: [ app_init ] --END-- [ RunTime:0.000654s ]
INFO: [ app_begin ] --START--
INFO: Run Behavior\ReadHtmlCacheBehavior [ RunTime:0.000888s ]
INFO: [ app_begin ] --END-- [ RunTime:0.000987s ]
NOTIC: [8] Use of undefined constant Y - assumed 'Y' E:\wamp\www\myguopin\Application\Admin\Controller\FontEndController.class.php 第 22 行.
SQL: SHOW COLUMNS FROM `m_admin_infor` [ RunTime:0.0056s ]
SQL: SELECT * FROM `m_admin_infor` WHERE ( id=1 ) LIMIT 1   [ RunTime:0.0004s ]
SQL: SHOW COLUMNS FROM `m_goods` [ RunTime:0.0070s ]
SQL: SELECT * FROM `m_goods` WHERE ( goods_id=220 ) LIMIT 1   [ RunTime:0.0005s ]
SQL: SHOW COLUMNS FROM `m_category` [ RunTime:0.0046s ]
SQL: SELECT `cat_name` FROM `m_category`  [ RunTime:0.0003s ]
SQL: SELECT `shuxing` FROM `m_category` WHERE ( cat_name='水果' ) LIMIT 1   [ RunTime:0.0003s ]
INFO: [ view_parse ] --START--
NOTIC: [2] file_get_contents(../Application/Admin/View/Default/Public/menu.html): failed to open stream: No such file or directory E:\wamp\www\myguopin\ThinkPHP\Library\Think\Template.class.php 第 696 行.
NOTIC: [2] file_get_contents(../Application/Admin/View/Default/Public/member_left.html): failed to open stream: No such file or directory E:\wamp\www\myguopin\ThinkPHP\Library\Think\Template.class.php 第 696 行.
INFO: [ template_filter ] --START--
INFO: Run Behavior\ContentReplaceBehavior [ RunTime:0.000188s ]
INFO: [ template_filter ] --END-- [ RunTime:0.000277s ]
NOTIC: [8] Undefined variable: 果汁 E:\wamp\www\myguopin\Application\Runtime\Cache\Admin\cced33554f449b6a496b0f71c6f7ff10.php 第 41 行.
NOTIC: [8] Undefined variable: 菠萝 E:\wamp\www\myguopin\Application\Runtime\Cache\Admin\cced33554f449b6a496b0f71c6f7ff10.php 第 144 行.
NOTIC: [8] Use of undefined constant goods_img - assumed 'goods_img' E:\wamp\www\myguopin\Application\Runtime\Cache\Admin\cced33554f449b6a496b0f71c6f7ff10.php 第 230 行.
INFO: Run Behavior\ParseTemplateBehavior [ RunTime:0.019524s ]
INFO: [ view_parse ] --END-- [ RunTime:0.019611s ]
INFO: [ view_filter ] --START--
INFO: Run Behavior\WriteHtmlCacheBehavior [ RunTime:0.000670s ]
INFO: Run Behavior\TokenBuildBehavior [ RunTime:0.001743s ]
INFO: [ view_filter ] --END-- [ RunTime:0.002634s ]
INFO: [ app_end ] --START--
INFO: Run Behavior\ShowPageTraceBehavior [ RunTime:0.000857s ]
INFO: [ app_end ] --END-- [ RunTime:0.000941s ]

[ 2016-07-22T00:40:50+08:00 ] 127.0.0.1 /Admin/index/menu.html
INFO: [ app_init ] --START--
INFO: Run Behavior\BuildLiteBehavior [ RunTime:0.000037s ]
INFO: [ app_init ] --END-- [ RunTime:0.000739s ]
INFO: [ app_begin ] --START--
INFO: Run Behavior\ReadHtmlCacheBehavior [ RunTime:0.000996s ]
INFO: [ app_begin ] --END-- [ RunTime:0.001146s ]
NOTIC: [8] Use of undefined constant Y - assumed 'Y' E:\wamp\www\myguopin\Application\Admin\Controller\FontEndController.class.php 第 22 行.
SQL: SHOW COLUMNS FROM `m_admin_infor` [ RunTime:0.0069s ]
SQL: SELECT * FROM `m_admin_infor` WHERE ( id=1 ) LIMIT 1   [ RunTime:0.0004s ]
INFO: [ view_parse ] --START--
INFO: [ template_filter ] --START--
INFO: Run Behavior\ContentReplaceBehavior [ RunTime:0.000137s ]
INFO: [ template_filter ] --END-- [ RunTime:0.000243s ]
INFO: Run Behavior\ParseTemplateBehavior [ RunTime:0.015790s ]
INFO: [ view_parse ] --END-- [ RunTime:0.015895s ]
INFO: [ view_filter ] --START--
INFO: Run Behavior\WriteHtmlCacheBehavior [ RunTime:0.000691s ]
INFO: Run Behavior\TokenBuildBehavior [ RunTime:0.001025s ]
INFO: [ view_filter ] --END-- [ RunTime:0.001861s ]
INFO: [ app_end ] --START--
INFO: Run Behavior\ShowPageTraceBehavior [ RunTime:0.000912s ]
INFO: [ app_end ] --END-- [ RunTime:0.001007s ]

[ 2016-07-22T00:41:20+08:00 ] 127.0.0.1 /Admin/Goodsmanage/goods_editor/goods_id/220.html
INFO: [ app_init ] --START--
INFO: Run Behavior\BuildLiteBehavior [ RunTime:0.000029s ]
INFO: [ app_init ] --END-- [ RunTime:0.000728s ]
INFO: [ app_begin ] --START--
INFO: Run Behavior\ReadHtmlCacheBehavior [ RunTime:0.000865s ]
INFO: [ app_begin ] --END-- [ RunTime:0.000970s ]
NOTIC: [8] Use of undefined constant Y - assumed 'Y' E:\wamp\www\myguopin\Application\Admin\Controller\FontEndController.class.php 第 22 行.
SQL: SHOW COLUMNS FROM `m_admin_infor` [ RunTime:0.0055s ]
SQL: SELECT * FROM `m_admin_infor` WHERE ( id=1 ) LIMIT 1   [ RunTime:0.0004s ]
SQL: SHOW COLUMNS FROM `m_goods` [ RunTime:0.0055s ]
SQL: SELECT * FROM `m_goods` WHERE ( goods_id=220 ) LIMIT 1   [ RunTime:0.0006s ]
SQL: SHOW COLUMNS FROM `m_category` [ RunTime:0.0053s ]
SQL: SELECT `cat_name` FROM `m_category`  [ RunTime:0.0003s ]
SQL: SELECT `shuxing` FROM `m_category` WHERE ( cat_name='水果' ) LIMIT 1   [ RunTime:0.0003s ]
INFO: [ view_parse ] --START--
NOTIC: [2] file_get_contents(../Application/Admin/View/Default/Public/menu.html): failed to open stream: No such file or directory E:\wamp\www\myguopin\ThinkPHP\Library\Think\Template.class.php 第 696 行.
NOTIC: [2] file_get_contents(../Application/Admin/View/Default/Public/member_left.html): failed to open stream: No such file or directory E:\wamp\www\myguopin\ThinkPHP\Library\Think\Template.class.php 第 696 行.
INFO: [ template_filter ] --START--
INFO: Run Behavior\ContentReplaceBehavior [ RunTime:0.000188s ]
INFO: [ template_filter ] --END-- [ RunTime:0.000306s ]
NOTIC: [8] Undefined variable: 果汁 E:\wamp\www\myguopin\Application\Runtime\Cache\Admin\cced33554f449b6a496b0f71c6f7ff10.php 第 41 行.
NOTIC: [8] Undefined variable: 菠萝 E:\wamp\www\myguopin\Application\Runtime\Cache\Admin\cced33554f449b6a496b0f71c6f7ff10.php 第 144 行.
NOTIC: [8] Use of undefined constant goods_img - assumed 'goods_img' E:\wamp\www\myguopin\Application\Runtime\Cache\Admin\cced33554f449b6a496b0f71c6f7ff10.php 第 230 行.
INFO: Run Behavior\ParseTemplateBehavior [ RunTime:0.019746s ]
INFO: [ view_parse ] --END-- [ RunTime:0.019831s ]
INFO: [ view_filter ] --START--
INFO: Run Behavior\WriteHtmlCacheBehavior [ RunTime:0.000639s ]
INFO: Run Behavior\TokenBuildBehavior [ RunTime:0.001134s ]
INFO: [ view_filter ] --END-- [ RunTime:0.001899s ]
INFO: [ app_end ] --START--
INFO: Run Behavior\ShowPageTraceBehavior [ RunTime:0.000851s ]
INFO: [ app_end ] --END-- [ RunTime:0.000938s ]

[ 2016-07-22T00:41:21+08:00 ] 127.0.0.1 /Admin/index/menu.html
INFO: [ app_init ] --START--
INFO: Run Behavior\BuildLiteBehavior [ RunTime:0.000026s ]
INFO: [ app_init ] --END-- [ RunTime:0.000576s ]
INFO: [ app_begin ] --START--
INFO: Run Behavior\ReadHtmlCacheBehavior [ RunTime:0.000893s ]
INFO: [ app_begin ] --END-- [ RunTime:0.001010s ]
NOTIC: [8] Use of undefined constant Y - assumed 'Y' E:\wamp\www\myguopin\Application\Admin\Controller\FontEndController.class.php 第 22 行.
SQL: SHOW COLUMNS FROM `m_admin_infor` [ RunTime:0.0070s ]
SQL: SELECT * FROM `m_admin_infor` WHERE ( id=1 ) LIMIT 1   [ RunTime:0.0003s ]
INFO: [ view_parse ] --START--
INFO: [ template_filter ] --START--
INFO: Run Behavior\ContentReplaceBehavior [ RunTime:0.000136s ]
INFO: [ template_filter ] --END-- [ RunTime:0.000240s ]
INFO: Run Behavior\ParseTemplateBehavior [ RunTime:0.015143s ]
INFO: [ view_parse ] --END-- [ RunTime:0.015250s ]
INFO: [ view_filter ] --START--
INFO: Run Behavior\WriteHtmlCacheBehavior [ RunTime:0.000742s ]
INFO: Run Behavior\TokenBuildBehavior [ RunTime:0.000968s ]
INFO: [ view_filter ] --END-- [ RunTime:0.001863s ]
INFO: [ app_end ] --START--
INFO: Run Behavior\ShowPageTraceBehavior [ RunTime:0.001074s ]
INFO: [ app_end ] --END-- [ RunTime:0.001173s ]

[ 2016-07-22T00:42:07+08:00 ] 127.0.0.1 /Admin/Goodsmanage/goods_editor/goods_id/220.html
INFO: [ app_init ] --START--
INFO: Run Behavior\BuildLiteBehavior [ RunTime:0.000034s ]
INFO: [ app_init ] --END-- [ RunTime:0.000642s ]
INFO: [ app_begin ] --START--
INFO: Run Behavior\ReadHtmlCacheBehavior [ RunTime:0.000825s ]
INFO: [ app_begin ] --END-- [ RunTime:0.000911s ]
NOTIC: [8] Use of undefined constant Y - assumed 'Y' E:\wamp\www\myguopin\Application\Admin\Controller\FontEndController.class.php 第 22 行.
SQL: SHOW COLUMNS FROM `m_admin_infor` [ RunTime:0.0074s ]
SQL: SELECT * FROM `m_admin_infor` WHERE ( id=1 ) LIMIT 1   [ RunTime:0.0004s ]
SQL: SHOW COLUMNS FROM `m_goods` [ RunTime:0.0055s ]
SQL: SELECT * FROM `m_goods` WHERE ( goods_id=220 ) LIMIT 1   [ RunTime:0.0004s ]
SQL: SHOW COLUMNS FROM `m_category` [ RunTime:0.0066s ]
SQL: SELECT `cat_name` FROM `m_category`  [ RunTime:0.0003s ]
SQL: SELECT `shuxing` FROM `m_category` WHERE ( cat_name='水果' ) LIMIT 1   [ RunTime:0.0003s ]
INFO: [ view_parse ] --START--
NOTIC: [2] file_get_contents(../Application/Admin/View/Default/Public/menu.html): failed to open stream: No such file or directory E:\wamp\www\myguopin\ThinkPHP\Library\Think\Template.class.php 第 696 行.
NOTIC: [2] file_get_contents(../Application/Admin/View/Default/Public/member_left.html): failed to open stream: No such file or directory E:\wamp\www\myguopin\ThinkPHP\Library\Think\Template.class.php 第 696 行.
INFO: [ template_filter ] --START--
INFO: Run Behavior\ContentReplaceBehavior [ RunTime:0.000194s ]
INFO: [ template_filter ] --END-- [ RunTime:0.000289s ]
NOTIC: [8] Undefined variable: 果汁 E:\wamp\www\myguopin\Application\Runtime\Cache\Admin\cced33554f449b6a496b0f71c6f7ff10.php 第 41 行.
NOTIC: [8] Undefined variable: 菠萝 E:\wamp\www\myguopin\Application\Runtime\Cache\Admin\cced33554f449b6a496b0f71c6f7ff10.php 第 144 行.
NOTIC: [8] Use of undefined constant goods_img - assumed 'goods_img' E:\wamp\www\myguopin\Application\Runtime\Cache\Admin\cced33554f449b6a496b0f71c6f7ff10.php 第 230 行.
INFO: Run Behavior\ParseTemplateBehavior [ RunTime:0.019003s ]
INFO: [ view_parse ] --END-- [ RunTime:0.019087s ]
INFO: [ view_filter ] --START--
INFO: Run Behavior\WriteHtmlCacheBehavior [ RunTime:0.000644s ]
INFO: Run Behavior\TokenBuildBehavior [ RunTime:0.001135s ]
INFO: [ view_filter ] --END-- [ RunTime:0.001915s ]
INFO: [ app_end ] --START--
INFO: Run Behavior\ShowPageTraceBehavior [ RunTime:0.000838s ]
INFO: [ app_end ] --END-- [ RunTime:0.000915s ]

[ 2016-07-22T00:42:08+08:00 ] 127.0.0.1 /Admin/index/menu.html
INFO: [ app_init ] --START--
INFO: Run Behavior\BuildLiteBehavior [ RunTime:0.000024s ]
INFO: [ app_init ] --END-- [ RunTime:0.000575s ]
INFO: [ app_begin ] --START--
INFO: Run Behavior\ReadHtmlCacheBehavior [ RunTime:0.000903s ]
INFO: [ app_begin ] --END-- [ RunTime:0.001019s ]
NOTIC: [8] Use of undefined constant Y - assumed 'Y' E:\wamp\www\myguopin\Application\Admin\Controller\FontEndController.class.php 第 22 行.
SQL: SHOW COLUMNS FROM `m_admin_infor` [ RunTime:0.0063s ]
SQL: SELECT * FROM `m_admin_infor` WHERE ( id=1 ) LIMIT 1   [ RunTime:0.0003s ]
INFO: [ view_parse ] --START--
INFO: [ template_filter ] --START--
INFO: Run Behavior\ContentReplaceBehavior [ RunTime:0.000139s ]
INFO: [ template_filter ] --END-- [ RunTime:0.000246s ]
INFO: Run Behavior\ParseTemplateBehavior [ RunTime:0.015270s ]
INFO: [ view_parse ] --END-- [ RunTime:0.015384s ]
INFO: [ view_filter ] --START--
INFO: Run Behavior\WriteHtmlCacheBehavior [ RunTime:0.000742s ]
INFO: Run Behavior\TokenBuildBehavior [ RunTime:0.001050s ]
INFO: [ view_filter ] --END-- [ RunTime:0.001956s ]
INFO: [ app_end ] --START--
INFO: Run Behavior\ShowPageTraceBehavior [ RunTime:0.001144s ]
INFO: [ app_end ] --END-- [ RunTime:0.001253s ]

[ 2016-07-22T00:43:37+08:00 ] 127.0.0.1 /Admin/Goodsmanage/goods_editor/goods_id/220.html
INFO: [ app_init ] --START--
INFO: Run Behavior\BuildLiteBehavior [ RunTime:0.000024s ]
INFO: [ app_init ] --END-- [ RunTime:0.000667s ]
INFO: [ app_begin ] --START--
INFO: Run Behavior\ReadHtmlCacheBehavior [ RunTime:0.002548s ]
INFO: [ app_begin ] --END-- [ RunTime:0.002871s ]
NOTIC: [8] Use of undefined constant Y - assumed 'Y' E:\wamp\www\myguopin\Application\Admin\Controller\FontEndController.class.php 第 22 行.
SQL: SHOW COLUMNS FROM `m_admin_infor` [ RunTime:0.0081s ]
SQL: SELECT * FROM `m_admin_infor` WHERE ( id=1 ) LIMIT 1   [ RunTime:0.0006s ]
SQL: SHOW COLUMNS FROM `m_goods` [ RunTime:0.0058s ]
SQL: SELECT * FROM `m_goods` WHERE ( goods_id=220 ) LIMIT 1   [ RunTime:0.0005s ]
SQL: SHOW COLUMNS FROM `m_category` [ RunTime:0.0072s ]
SQL: SELECT `cat_name` FROM `m_category`  [ RunTime:0.0003s ]
SQL: SELECT `shuxing` FROM `m_category` WHERE ( cat_name='水果' ) LIMIT 1   [ RunTime:0.0002s ]
INFO: [ view_parse ] --START--
NOTIC: [2] file_get_contents(../Application/Admin/View/Default/Public/menu.html): failed to open stream: No such file or directory E:\wamp\www\myguopin\ThinkPHP\Library\Think\Template.class.php 第 696 行.
NOTIC: [2] file_get_contents(../Application/Admin/View/Default/Public/member_left.html): failed to open stream: No such file or directory E:\wamp\www\myguopin\ThinkPHP\Library\Think\Template.class.php 第 696 行.
INFO: [ template_filter ] --START--
INFO: Run Behavior\ContentReplaceBehavior [ RunTime:0.000198s ]
INFO: [ template_filter ] --END-- [ RunTime:0.000285s ]
NOTIC: [8] Undefined variable: 果汁 E:\wamp\www\myguopin\Application\Runtime\Cache\Admin\cced33554f449b6a496b0f71c6f7ff10.php 第 41 行.
NOTIC: [8] Undefined variable: 菠萝 E:\wamp\www\myguopin\Application\Runtime\Cache\Admin\cced33554f449b6a496b0f71c6f7ff10.php 第 144 行.
NOTIC: [8] Use of undefined constant goods_img - assumed 'goods_img' E:\wamp\www\myguopin\Application\Runtime\Cache\Admin\cced33554f449b6a496b0f71c6f7ff10.php 第 230 行.
INFO: Run Behavior\ParseTemplateBehavior [ RunTime:0.019571s ]
INFO: [ view_parse ] --END-- [ RunTime:0.019656s ]
INFO: [ view_filter ] --START--
INFO: Run Behavior\WriteHtmlCacheBehavior [ RunTime:0.000619s ]
INFO: Run Behavior\TokenBuildBehavior [ RunTime:0.001079s ]
INFO: [ view_filter ] --END-- [ RunTime:0.001816s ]
INFO: [ app_end ] --START--
INFO: Run Behavior\ShowPageTraceBehavior [ RunTime:0.000816s ]
INFO: [ app_end ] --END-- [ RunTime:0.000892s ]

[ 2016-07-22T00:43:37+08:00 ] 127.0.0.1 /Admin/index/menu.html
INFO: [ app_init ] --START--
INFO: Run Behavior\BuildLiteBehavior [ RunTime:0.000024s ]
INFO: [ app_init ] --END-- [ RunTime:0.000587s ]
INFO: [ app_begin ] --START--
INFO: Run Behavior\ReadHtmlCacheBehavior [ RunTime:0.000873s ]
INFO: [ app_begin ] --END-- [ RunTime:0.000982s ]
NOTIC: [8] Use of undefined constant Y - assumed 'Y' E:\wamp\www\myguopin\Application\Admin\Controller\FontEndController.class.php 第 22 行.
SQL: SHOW COLUMNS FROM `m_admin_infor` [ RunTime:0.0067s ]
SQL: SELECT * FROM `m_admin_infor` WHERE ( id=1 ) LIMIT 1   [ RunTime:0.0003s ]
INFO: [ view_parse ] --START--
INFO: [ template_filter ] --START--
INFO: Run Behavior\ContentReplaceBehavior [ RunTime:0.000172s ]
INFO: [ template_filter ] --END-- [ RunTime:0.000349s ]
INFO: Run Behavior\ParseTemplateBehavior [ RunTime:0.017970s ]
INFO: [ view_parse ] --END-- [ RunTime:0.018082s ]
INFO: [ view_filter ] --START--
INFO: Run Behavior\WriteHtmlCacheBehavior [ RunTime:0.000812s ]
INFO: Run Behavior\TokenBuildBehavior [ RunTime:0.001249s ]
INFO: [ view_filter ] --END-- [ RunTime:0.002244s ]
INFO: [ app_end ] --START--
INFO: Run Behavior\ShowPageTraceBehavior [ RunTime:0.000904s ]
INFO: [ app_end ] --END-- [ RunTime:0.001002s ]

[ 2016-07-22T00:43:57+08:00 ] 127.0.0.1 /Admin/Goodsmanage/goods_editor/goods_id/220.html
INFO: [ app_init ] --START--
INFO: Run Behavior\BuildLiteBehavior [ RunTime:0.000026s ]
INFO: [ app_init ] --END-- [ RunTime:0.000694s ]
INFO: [ app_begin ] --START--
INFO: Run Behavior\ReadHtmlCacheBehavior [ RunTime:0.000838s ]
INFO: [ app_begin ] --END-- [ RunTime:0.000927s ]
NOTIC: [8] Use of undefined constant Y - assumed 'Y' E:\wamp\www\myguopin\Application\Admin\Controller\FontEndController.class.php 第 22 行.
SQL: SHOW COLUMNS FROM `m_admin_infor` [ RunTime:0.0088s ]
SQL: SELECT * FROM `m_admin_infor` WHERE ( id=1 ) LIMIT 1   [ RunTime:0.0004s ]
SQL: SHOW COLUMNS FROM `m_goods` [ RunTime:0.0076s ]
SQL: SELECT * FROM `m_goods` WHERE ( goods_id=220 ) LIMIT 1   [ RunTime:0.0006s ]
SQL: SHOW COLUMNS FROM `m_category` [ RunTime:0.0075s ]
SQL: SELECT `cat_name` FROM `m_category`  [ RunTime:0.0003s ]
SQL: SELECT `shuxing` FROM `m_category` WHERE ( cat_name='水果' ) LIMIT 1   [ RunTime:0.0003s ]
INFO: [ view_parse ] --START--
NOTIC: [2] file_get_contents(../Application/Admin/View/Default/Public/menu.html): failed to open stream: No such file or directory E:\wamp\www\myguopin\ThinkPHP\Library\Think\Template.class.php 第 696 行.
NOTIC: [2] file_get_contents(../Application/Admin/View/Default/Public/member_left.html): failed to open stream: No such file or directory E:\wamp\www\myguopin\ThinkPHP\Library\Think\Template.class.php 第 696 行.
INFO: [ template_filter ] --START--
INFO: Run Behavior\ContentReplaceBehavior [ RunTime:0.000200s ]
INFO: [ template_filter ] --END-- [ RunTime:0.000288s ]
NOTIC: [8] Undefined variable: 果汁 E:\wamp\www\myguopin\Application\Runtime\Cache\Admin\cced33554f449b6a496b0f71c6f7ff10.php 第 41 行.
NOTIC: [8] Undefined variable: 菠萝 E:\wamp\www\myguopin\Application\Runtime\Cache\Admin\cced33554f449b6a496b0f71c6f7ff10.php 第 144 行.
NOTIC: [8] Use of undefined constant goods_img - assumed 'goods_img' E:\wamp\www\myguopin\Application\Runtime\Cache\Admin\cced33554f449b6a496b0f71c6f7ff10.php 第 230 行.
INFO: Run Behavior\ParseTemplateBehavior [ RunTime:0.019019s ]
INFO: [ view_parse ] --END-- [ RunTime:0.019103s ]
INFO: [ view_filter ] --START--
INFO: Run Behavior\WriteHtmlCacheBehavior [ RunTime:0.000884s ]
INFO: Run Behavior\TokenBuildBehavior [ RunTime:0.001383s ]
INFO: [ view_filter ] --END-- [ RunTime:0.002418s ]
INFO: [ app_end ] --START--
INFO: Run Behavior\ShowPageTraceBehavior [ RunTime:0.000845s ]
INFO: [ app_end ] --END-- [ RunTime:0.000924s ]

[ 2016-07-22T00:43:57+08:00 ] 127.0.0.1 /Admin/index/menu.html
INFO: [ app_init ] --START--
INFO: Run Behavior\BuildLiteBehavior [ RunTime:0.000025s ]
INFO: [ app_init ] --END-- [ RunTime:0.000572s ]
INFO: [ app_begin ] --START--
INFO: Run Behavior\ReadHtmlCacheBehavior [ RunTime:0.001033s ]
INFO: [ app_begin ] --END-- [ RunTime:0.001139s ]
NOTIC: [8] Use of undefined constant Y - assumed 'Y' E:\wamp\www\myguopin\Application\Admin\Controller\FontEndController.class.php 第 22 行.
SQL: SHOW COLUMNS FROM `m_admin_infor` [ RunTime:0.0085s ]
SQL: SELECT * FROM `m_admin_infor` WHERE ( id=1 ) LIMIT 1   [ RunTime:0.0004s ]
INFO: [ view_parse ] --START--
INFO: [ template_filter ] --START--
INFO: Run Behavior\ContentReplaceBehavior [ RunTime:0.000198s ]
INFO: [ template_filter ] --END-- [ RunTime:0.000361s ]
INFO: Run Behavior\ParseTemplateBehavior [ RunTime:0.017743s ]
INFO: [ view_parse ] --END-- [ RunTime:0.017882s ]
INFO: [ view_filter ] --START--
INFO: Run Behavior\WriteHtmlCacheBehavior [ RunTime:0.000970s ]
INFO: Run Behavior\TokenBuildBehavior [ RunTime:0.001080s ]
INFO: [ view_filter ] --END-- [ RunTime:0.002232s ]
INFO: [ app_end ] --START--
INFO: Run Behavior\ShowPageTraceBehavior [ RunTime:0.000920s ]
INFO: [ app_end ] --END-- [ RunTime:0.001021s ]

[ 2016-07-22T00:44:19+08:00 ] 127.0.0.1 /Admin/Goodsmanage/goods_editor/goods_id/220.html
INFO: [ app_init ] --START--
INFO: Run Behavior\BuildLiteBehavior [ RunTime:0.000026s ]
INFO: [ app_init ] --END-- [ RunTime:0.000636s ]
INFO: [ app_begin ] --START--
INFO: Run Behavior\ReadHtmlCacheBehavior [ RunTime:0.000837s ]
INFO: [ app_begin ] --END-- [ RunTime:0.000931s ]
NOTIC: [8] Use of undefined constant Y - assumed 'Y' E:\wamp\www\myguopin\Application\Admin\Controller\FontEndController.class.php 第 22 行.
SQL: SHOW COLUMNS FROM `m_admin_infor` [ RunTime:0.0058s ]
SQL: SELECT * FROM `m_admin_infor` WHERE ( id=1 ) LIMIT 1   [ RunTime:0.0004s ]
SQL: SHOW COLUMNS FROM `m_goods` [ RunTime:0.1142s ]
SQL: SELECT * FROM `m_goods` WHERE ( goods_id=220 ) LIMIT 1   [ RunTime:0.0004s ]
SQL: SHOW COLUMNS FROM `m_category` [ RunTime:0.0054s ]
SQL: SELECT `cat_name` FROM `m_category`  [ RunTime:0.0003s ]
SQL: SELECT `shuxing` FROM `m_category` WHERE ( cat_name='水果' ) LIMIT 1   [ RunTime:0.0002s ]
INFO: [ view_parse ] --START--
NOTIC: [2] file_get_contents(../Application/Admin/View/Default/Public/menu.html): failed to open stream: No such file or directory E:\wamp\www\myguopin\ThinkPHP\Library\Think\Template.class.php 第 696 行.
NOTIC: [2] file_get_contents(../Application/Admin/View/Default/Public/member_left.html): failed to open stream: No such file or directory E:\wamp\www\myguopin\ThinkPHP\Library\Think\Template.class.php 第 696 行.
INFO: [ template_filter ] --START--
INFO: Run Behavior\ContentReplaceBehavior [ RunTime:0.000190s ]
INFO: [ template_filter ] --END-- [ RunTime:0.000279s ]
NOTIC: [8] Undefined variable: 果汁 E:\wamp\www\myguopin\Application\Runtime\Cache\Admin\cced33554f449b6a496b0f71c6f7ff10.php 第 41 行.
NOTIC: [8] Undefined variable: 菠萝 E:\wamp\www\myguopin\Application\Runtime\Cache\Admin\cced33554f449b6a496b0f71c6f7ff10.php 第 144 行.
NOTIC: [8] Use of undefined constant goods_img - assumed 'goods_img' E:\wamp\www\myguopin\Application\Runtime\Cache\Admin\cced33554f449b6a496b0f71c6f7ff10.php 第 230 行.
INFO: Run Behavior\ParseTemplateBehavior [ RunTime:0.020152s ]
INFO: [ view_parse ] --END-- [ RunTime:0.020234s ]
INFO: [ view_filter ] --START--
INFO: Run Behavior\WriteHtmlCacheBehavior [ RunTime:0.000669s ]
INFO: Run Behavior\TokenBuildBehavior [ RunTime:0.001075s ]
INFO: [ view_filter ] --END-- [ RunTime:0.001863s ]
INFO: [ app_end ] --START--
INFO: Run Behavior\ShowPageTraceBehavior [ RunTime:0.000831s ]
INFO: [ app_end ] --END-- [ RunTime:0.000920s ]

[ 2016-07-22T00:44:20+08:00 ] 127.0.0.1 /Admin/index/menu.html
INFO: [ app_init ] --START--
INFO: Run Behavior\BuildLiteBehavior [ RunTime:0.000025s ]
INFO: [ app_init ] --END-- [ RunTime:0.000595s ]
INFO: [ app_begin ] --START--
INFO: Run Behavior\ReadHtmlCacheBehavior [ RunTime:0.000892s ]
INFO: [ app_begin ] --END-- [ RunTime:0.001008s ]
NOTIC: [8] Use of undefined constant Y - assumed 'Y' E:\wamp\www\myguopin\Application\Admin\Controller\FontEndController.class.php 第 22 行.
SQL: SHOW COLUMNS FROM `m_admin_infor` [ RunTime:0.0056s ]
SQL: SELECT * FROM `m_admin_infor` WHERE ( id=1 ) LIMIT 1   [ RunTime:0.0005s ]
INFO: [ view_parse ] --START--
INFO: [ template_filter ] --START--
INFO: Run Behavior\ContentReplaceBehavior [ RunTime:0.000132s ]
INFO: [ template_filter ] --END-- [ RunTime:0.000237s ]
INFO: Run Behavior\ParseTemplateBehavior [ RunTime:0.014389s ]
INFO: [ view_parse ] --END-- [ RunTime:0.014501s ]
INFO: [ view_filter ] --START--
INFO: Run Behavior\WriteHtmlCacheBehavior [ RunTime:0.000733s ]
INFO: Run Behavior\TokenBuildBehavior [ RunTime:0.001182s ]
INFO: [ view_filter ] --END-- [ RunTime:0.002078s ]
INFO: [ app_end ] --START--
INFO: Run Behavior\ShowPageTraceBehavior [ RunTime:0.000885s ]
INFO: [ app_end ] --END-- [ RunTime:0.000977s ]

[ 2016-07-22T00:44:39+08:00 ] 127.0.0.1 /Admin/Goodsmanage/goods_editor/goods_id/220.html
INFO: [ app_init ] --START--
INFO: Run Behavior\BuildLiteBehavior [ RunTime:0.000056s ]
INFO: [ app_init ] --END-- [ RunTime:0.001779s ]
INFO: [ app_begin ] --START--
INFO: Run Behavior\ReadHtmlCacheBehavior [ RunTime:0.000850s ]
INFO: [ app_begin ] --END-- [ RunTime:0.000945s ]
NOTIC: [8] Use of undefined constant Y - assumed 'Y' E:\wamp\www\myguopin\Application\Admin\Controller\FontEndController.class.php 第 22 行.
SQL: SHOW COLUMNS FROM `m_admin_infor` [ RunTime:0.0054s ]
SQL: SELECT * FROM `m_admin_infor` WHERE ( id=1 ) LIMIT 1   [ RunTime:0.0007s ]
SQL: SHOW COLUMNS FROM `m_goods` [ RunTime:0.0076s ]
SQL: SELECT * FROM `m_goods` WHERE ( goods_id=220 ) LIMIT 1   [ RunTime:0.0004s ]
SQL: SHOW COLUMNS FROM `m_category` [ RunTime:0.0052s ]
SQL: SELECT `cat_name` FROM `m_category`  [ RunTime:0.0003s ]
SQL: SELECT `shuxing` FROM `m_category` WHERE ( cat_name='水果' ) LIMIT 1   [ RunTime:0.0002s ]
INFO: [ view_parse ] --START--
NOTIC: [2] file_get_contents(../Application/Admin/View/Default/Public/menu.html): failed to open stream: No such file or directory E:\wamp\www\myguopin\ThinkPHP\Library\Think\Template.class.php 第 696 行.
NOTIC: [2] file_get_contents(../Application/Admin/View/Default/Public/member_left.html): failed to open stream: No such file or directory E:\wamp\www\myguopin\ThinkPHP\Library\Think\Template.class.php 第 696 行.
INFO: [ template_filter ] --START--
INFO: Run Behavior\ContentReplaceBehavior [ RunTime:0.000191s ]
INFO: [ template_filter ] --END-- [ RunTime:0.000279s ]
NOTIC: [8] Undefined variable: 果汁 E:\wamp\www\myguopin\Application\Runtime\Cache\Admin\cced33554f449b6a496b0f71c6f7ff10.php 第 41 行.
NOTIC: [8] Undefined variable: 菠萝 E:\wamp\www\myguopin\Application\Runtime\Cache\Admin\cced33554f449b6a496b0f71c6f7ff10.php 第 144 行.
NOTIC: [8] Use of undefined constant goods_img - assumed 'goods_img' E:\wamp\www\myguopin\Application\Runtime\Cache\Admin\cced33554f449b6a496b0f71c6f7ff10.php 第 230 行.
INFO: Run Behavior\ParseTemplateBehavior [ RunTime:0.019126s ]
INFO: [ view_parse ] --END-- [ RunTime:0.019211s ]
INFO: [ view_filter ] --START--
INFO: Run Behavior\WriteHtmlCacheBehavior [ RunTime:0.000672s ]
INFO: Run Behavior\TokenBuildBehavior [ RunTime:0.001090s ]
INFO: [ view_filter ] --END-- [ RunTime:0.001884s ]
INFO: [ app_end ] --START--
INFO: Run Behavior\ShowPageTraceBehavior [ RunTime:0.001091s ]
INFO: [ app_end ] --END-- [ RunTime:0.001267s ]

[ 2016-07-22T00:44:40+08:00 ] 127.0.0.1 /Admin/index/menu.html
INFO: [ app_init ] --START--
INFO: Run Behavior\BuildLiteBehavior [ RunTime:0.000042s ]
INFO: [ app_init ] --END-- [ RunTime:0.001023s ]
INFO: [ app_begin ] --START--
INFO: Run Behavior\ReadHtmlCacheBehavior [ RunTime:0.001147s ]
INFO: [ app_begin ] --END-- [ RunTime:0.001286s ]
NOTIC: [8] Use of undefined constant Y - assumed 'Y' E:\wamp\www\myguopin\Application\Admin\Controller\FontEndController.class.php 第 22 行.
SQL: SHOW COLUMNS FROM `m_admin_infor` [ RunTime:0.0072s ]
SQL: SELECT * FROM `m_admin_infor` WHERE ( id=1 ) LIMIT 1   [ RunTime:0.0004s ]
INFO: [ view_parse ] --START--
INFO: [ template_filter ] --START--
INFO: Run Behavior\ContentReplaceBehavior [ RunTime:0.000141s ]
INFO: [ template_filter ] --END-- [ RunTime:0.000251s ]
INFO: Run Behavior\ParseTemplateBehavior [ RunTime:0.015108s ]
INFO: [ view_parse ] --END-- [ RunTime:0.015243s ]
INFO: [ view_filter ] --START--
INFO: Run Behavior\WriteHtmlCacheBehavior [ RunTime:0.000712s ]
INFO: Run Behavior\TokenBuildBehavior [ RunTime:0.001019s ]
INFO: [ view_filter ] --END-- [ RunTime:0.001887s ]
INFO: [ app_end ] --START--
INFO: Run Behavior\ShowPageTraceBehavior [ RunTime:0.000904s ]
INFO: [ app_end ] --END-- [ RunTime:0.001000s ]

[ 2016-07-22T00:45:28+08:00 ] 127.0.0.1 /Admin/Goodsmanage/goods_editor/goods_id/220.html
INFO: [ app_init ] --START--
INFO: Run Behavior\BuildLiteBehavior [ RunTime:0.000025s ]
INFO: [ app_init ] --END-- [ RunTime:0.000632s ]
INFO: [ app_begin ] --START--
INFO: Run Behavior\ReadHtmlCacheBehavior [ RunTime:0.000852s ]
INFO: [ app_begin ] --END-- [ RunTime:0.000968s ]
NOTIC: [8] Use of undefined constant Y - assumed 'Y' E:\wamp\www\myguopin\Application\Admin\Controller\FontEndController.class.php 第 22 行.
SQL: SHOW COLUMNS FROM `m_admin_infor` [ RunTime:0.0062s ]
SQL: SELECT * FROM `m_admin_infor` WHERE ( id=1 ) LIMIT 1   [ RunTime:0.0004s ]
SQL: SHOW COLUMNS FROM `m_goods` [ RunTime:0.0067s ]
SQL: SELECT * FROM `m_goods` WHERE ( goods_id=220 ) LIMIT 1   [ RunTime:0.0004s ]
SQL: SHOW COLUMNS FROM `m_category` [ RunTime:0.0051s ]
SQL: SELECT `cat_name` FROM `m_category`  [ RunTime:0.0003s ]
SQL: SELECT `shuxing` FROM `m_category` WHERE ( cat_name='水果' ) LIMIT 1   [ RunTime:0.0002s ]
INFO: [ view_parse ] --START--
NOTIC: [2] file_get_contents(../Application/Admin/View/Default/Public/menu.html): failed to open stream: No such file or directory E:\wamp\www\myguopin\ThinkPHP\Library\Think\Template.class.php 第 696 行.
NOTIC: [2] file_get_contents(../Application/Admin/View/Default/Public/member_left.html): failed to open stream: No such file or directory E:\wamp\www\myguopin\ThinkPHP\Library\Think\Template.class.php 第 696 行.
INFO: [ template_filter ] --START--
INFO: Run Behavior\ContentReplaceBehavior [ RunTime:0.000190s ]
INFO: [ template_filter ] --END-- [ RunTime:0.000278s ]
NOTIC: [8] Undefined variable: 果汁 E:\wamp\www\myguopin\Application\Runtime\Cache\Admin\cced33554f449b6a496b0f71c6f7ff10.php 第 41 行.
NOTIC: [8] Undefined variable: 菠萝 E:\wamp\www\myguopin\Application\Runtime\Cache\Admin\cced33554f449b6a496b0f71c6f7ff10.php 第 144 行.
NOTIC: [8] Use of undefined constant goods_img - assumed 'goods_img' E:\wamp\www\myguopin\Application\Runtime\Cache\Admin\cced33554f449b6a496b0f71c6f7ff10.php 第 230 行.
INFO: Run Behavior\ParseTemplateBehavior [ RunTime:0.018548s ]
INFO: [ view_parse ] --END-- [ RunTime:0.018664s ]
INFO: [ view_filter ] --START--
INFO: Run Behavior\WriteHtmlCacheBehavior [ RunTime:0.000636s ]
INFO: Run Behavior\TokenBuildBehavior [ RunTime:0.001248s ]
INFO: [ view_filter ] --END-- [ RunTime:0.002020s ]
INFO: [ app_end ] --START--
INFO: Run Behavior\ShowPageTraceBehavior [ RunTime:0.000967s ]
INFO: [ app_end ] --END-- [ RunTime:0.001113s ]

[ 2016-07-22T00:45:28+08:00 ] 127.0.0.1 /Admin/index/menu.html
INFO: [ app_init ] --START--
INFO: Run Behavior\BuildLiteBehavior [ RunTime:0.000026s ]
INFO: [ app_init ] --END-- [ RunTime:0.000602s ]
INFO: [ app_begin ] --START--
INFO: Run Behavior\ReadHtmlCacheBehavior [ RunTime:0.000827s ]
INFO: [ app_begin ] --END-- [ RunTime:0.000939s ]
NOTIC: [8] Use of undefined constant Y - assumed 'Y' E:\wamp\www\myguopin\Application\Admin\Controller\FontEndController.class.php 第 22 行.
SQL: SHOW COLUMNS FROM `m_admin_infor` [ RunTime:0.0067s ]
SQL: SELECT * FROM `m_admin_infor` WHERE ( id=1 ) LIMIT 1   [ RunTime:0.0004s ]
INFO: [ view_parse ] --START--
INFO: [ template_filter ] --START--
INFO: Run Behavior\ContentReplaceBehavior [ RunTime:0.000230s ]
INFO: [ template_filter ] --END-- [ RunTime:0.000404s ]
INFO: Run Behavior\ParseTemplateBehavior [ RunTime:0.022756s ]
INFO: [ view_parse ] --END-- [ RunTime:0.022916s ]
INFO: [ view_filter ] --START--
INFO: Run Behavior\WriteHtmlCacheBehavior [ RunTime:0.000827s ]
INFO: Run Behavior\TokenBuildBehavior [ RunTime:0.001199s ]
INFO: [ view_filter ] --END-- [ RunTime:0.002212s ]
INFO: [ app_end ] --START--
INFO: Run Behavior\ShowPageTraceBehavior [ RunTime:0.000827s ]
INFO: [ app_end ] --END-- [ RunTime:0.000918s ]

[ 2016-07-22T00:45:32+08:00 ] 127.0.0.1 /Admin/Goodsmanage/bianji_check/goods_id/220.html
INFO: [ app_init ] --START--
INFO: Run Behavior\BuildLiteBehavior [ RunTime:0.000033s ]
INFO: [ app_init ] --END-- [ RunTime:0.000630s ]
INFO: [ app_begin ] --START--
INFO: Run Behavior\ReadHtmlCacheBehavior [ RunTime:0.001083s ]
INFO: [ app_begin ] --END-- [ RunTime:0.001225s ]
NOTIC: [8] Use of undefined constant Y - assumed 'Y' E:\wamp\www\myguopin\Application\Admin\Controller\FontEndController.class.php 第 22 行.
SQL: SHOW COLUMNS FROM `m_admin_infor` [ RunTime:0.0063s ]
SQL: SELECT * FROM `m_admin_infor` WHERE ( id=1 ) LIMIT 1   [ RunTime:0.0003s ]
SQL: SHOW COLUMNS FROM `m_goods` [ RunTime:0.0054s ]
SQL: SELECT * FROM `m_goods` WHERE ( goods_id=220 ) LIMIT 1   [ RunTime:0.0004s ]
NOTIC: [8] Undefined index: goods_uniots E:\wamp\www\myguopin\Application\Admin\Controller\GoodsmanageController.class.php 第 164 行.
INFO: [ view_parse ] --START--
INFO: [ template_filter ] --START--
INFO: Run Behavior\ContentReplaceBehavior [ RunTime:0.000073s ]
INFO: [ template_filter ] --END-- [ RunTime:0.000167s ]
INFO: Run Behavior\ParseTemplateBehavior [ RunTime:0.029342s ]
INFO: [ view_parse ] --END-- [ RunTime:0.029486s ]
INFO: [ view_filter ] --START--
INFO: Run Behavior\WriteHtmlCacheBehavior [ RunTime:0.000627s ]
INFO: Run Behavior\TokenBuildBehavior [ RunTime:0.000784s ]
INFO: [ view_filter ] --END-- [ RunTime:0.001534s ]

[ 2016-07-22T00:46:12+08:00 ] 127.0.0.1 /Admin/Goodsmanage/bianji_check/goods_id/220.html
INFO: [ app_init ] --START--
INFO: Run Behavior\BuildLiteBehavior [ RunTime:0.000023s ]
INFO: [ app_init ] --END-- [ RunTime:0.000623s ]
INFO: [ app_begin ] --START--
INFO: Run Behavior\ReadHtmlCacheBehavior [ RunTime:0.000845s ]
INFO: [ app_begin ] --END-- [ RunTime:0.000937s ]
NOTIC: [8] Use of undefined constant Y - assumed 'Y' E:\wamp\www\myguopin\Application\Admin\Controller\FontEndController.class.php 第 22 行.
SQL: SHOW COLUMNS FROM `m_admin_infor` [ RunTime:0.0056s ]
SQL: SELECT * FROM `m_admin_infor` WHERE ( id=1 ) LIMIT 1   [ RunTime:0.0006s ]
SQL: SHOW COLUMNS FROM `m_goods` [ RunTime:0.0126s ]
SQL: SELECT * FROM `m_goods` WHERE ( goods_id=220 ) LIMIT 1   [ RunTime:0.0004s ]
NOTIC: [8] Undefined index: goods_uniots E:\wamp\www\myguopin\Application\Admin\Controller\GoodsmanageController.class.php 第 164 行.
INFO: [ view_parse ] --START--
INFO: [ template_filter ] --START--
INFO: Run Behavior\ContentReplaceBehavior [ RunTime:0.000077s ]
INFO: [ template_filter ] --END-- [ RunTime:0.000175s ]
INFO: Run Behavior\ParseTemplateBehavior [ RunTime:0.007575s ]
INFO: [ view_parse ] --END-- [ RunTime:0.007674s ]
INFO: [ view_filter ] --START--
INFO: Run Behavior\WriteHtmlCacheBehavior [ RunTime:0.000618s ]
INFO: Run Behavior\TokenBuildBehavior [ RunTime:0.000812s ]
INFO: [ view_filter ] --END-- [ RunTime:0.001554s ]

[ 2016-07-22T00:46:24+08:00 ] 127.0.0.1 /Admin/Goodsmanage/goods_editor/goods_id/220.html
INFO: [ app_init ] --START--
INFO: Run Behavior\BuildLiteBehavior [ RunTime:0.000023s ]
INFO: [ app_init ] --END-- [ RunTime:0.000593s ]
INFO: [ app_begin ] --START--
INFO: Run Behavior\ReadHtmlCacheBehavior [ RunTime:0.000966s ]
INFO: [ app_begin ] --END-- [ RunTime:0.001065s ]
NOTIC: [8] Use of undefined constant Y - assumed 'Y' E:\wamp\www\myguopin\Application\Admin\Controller\FontEndController.class.php 第 22 行.
SQL: SHOW COLUMNS FROM `m_admin_infor` [ RunTime:0.0072s ]
SQL: SELECT * FROM `m_admin_infor` WHERE ( id=1 ) LIMIT 1   [ RunTime:0.0004s ]
SQL: SHOW COLUMNS FROM `m_goods` [ RunTime:0.0055s ]
SQL: SELECT * FROM `m_goods` WHERE ( goods_id=220 ) LIMIT 1   [ RunTime:0.0004s ]
SQL: SHOW COLUMNS FROM `m_category` [ RunTime:0.0068s ]
SQL: SELECT `cat_name` FROM `m_category`  [ RunTime:0.0004s ]
SQL: SELECT `shuxing` FROM `m_category` WHERE ( cat_name='水果' ) LIMIT 1   [ RunTime:0.0003s ]
INFO: [ view_parse ] --START--
NOTIC: [2] file_get_contents(../Application/Admin/View/Default/Public/menu.html): failed to open stream: No such file or directory E:\wamp\www\myguopin\ThinkPHP\Library\Think\Template.class.php 第 696 行.
NOTIC: [2] file_get_contents(../Application/Admin/View/Default/Public/member_left.html): failed to open stream: No such file or directory E:\wamp\www\myguopin\ThinkPHP\Library\Think\Template.class.php 第 696 行.
INFO: [ template_filter ] --START--
INFO: Run Behavior\ContentReplaceBehavior [ RunTime:0.000197s ]
INFO: [ template_filter ] --END-- [ RunTime:0.000283s ]
NOTIC: [8] Undefined variable: 果汁 E:\wamp\www\myguopin\Application\Runtime\Cache\Admin\cced33554f449b6a496b0f71c6f7ff10.php 第 41 行.
NOTIC: [8] Undefined variable: 菠萝 E:\wamp\www\myguopin\Application\Runtime\Cache\Admin\cced33554f449b6a496b0f71c6f7ff10.php 第 144 行.
NOTIC: [8] Use of undefined constant goods_img - assumed 'goods_img' E:\wamp\www\myguopin\Application\Runtime\Cache\Admin\cced33554f449b6a496b0f71c6f7ff10.php 第 230 行.
INFO: Run Behavior\ParseTemplateBehavior [ RunTime:0.018926s ]
INFO: [ view_parse ] --END-- [ RunTime:0.019021s ]
INFO: [ view_filter ] --START--
INFO: Run Behavior\WriteHtmlCacheBehavior [ RunTime:0.000585s ]
INFO: Run Behavior\TokenBuildBehavior [ RunTime:0.001037s ]
INFO: [ view_filter ] --END-- [ RunTime:0.001744s ]
INFO: [ app_end ] --START--
INFO: Run Behavior\ShowPageTraceBehavior [ RunTime:0.000789s ]
INFO: [ app_end ] --END-- [ RunTime:0.000867s ]

[ 2016-07-22T00:46:24+08:00 ] 127.0.0.1 /Admin/index/menu.html
INFO: [ app_init ] --START--
INFO: Run Behavior\BuildLiteBehavior [ RunTime:0.000027s ]
INFO: [ app_init ] --END-- [ RunTime:0.000596s ]
INFO: [ app_begin ] --START--
INFO: Run Behavior\ReadHtmlCacheBehavior [ RunTime:0.000845s ]
INFO: [ app_begin ] --END-- [ RunTime:0.000955s ]
NOTIC: [8] Use of undefined constant Y - assumed 'Y' E:\wamp\www\myguopin\Application\Admin\Controller\FontEndController.class.php 第 22 行.
SQL: SHOW COLUMNS FROM `m_admin_infor` [ RunTime:0.0064s ]
SQL: SELECT * FROM `m_admin_infor` WHERE ( id=1 ) LIMIT 1   [ RunTime:0.0004s ]
INFO: [ view_parse ] --START--
INFO: [ template_filter ] --START--
INFO: Run Behavior\ContentReplaceBehavior [ RunTime:0.000139s ]
INFO: [ template_filter ] --END-- [ RunTime:0.000247s ]
INFO: Run Behavior\ParseTemplateBehavior [ RunTime:0.013757s ]
INFO: [ view_parse ] --END-- [ RunTime:0.013877s ]
INFO: [ view_filter ] --START--
INFO: Run Behavior\WriteHtmlCacheBehavior [ RunTime:0.000625s ]
INFO: Run Behavior\TokenBuildBehavior [ RunTime:0.001096s ]
INFO: [ view_filter ] --END-- [ RunTime:0.001875s ]
INFO: [ app_end ] --START--
INFO: Run Behavior\ShowPageTraceBehavior [ RunTime:0.000955s ]
INFO: [ app_end ] --END-- [ RunTime:0.001055s ]

[ 2016-07-22T00:46:28+08:00 ] 127.0.0.1 /Admin/Goodsmanage/bianji_check/goods_id/220.html
INFO: [ app_init ] --START--
INFO: Run Behavior\BuildLiteBehavior [ RunTime:0.000024s ]
INFO: [ app_init ] --END-- [ RunTime:0.000597s ]
INFO: [ app_begin ] --START--
INFO: Run Behavior\ReadHtmlCacheBehavior [ RunTime:0.000782s ]
INFO: [ app_begin ] --END-- [ RunTime:0.000871s ]
NOTIC: [8] Use of undefined constant Y - assumed 'Y' E:\wamp\www\myguopin\Application\Admin\Controller\FontEndController.class.php 第 22 行.
SQL: SHOW COLUMNS FROM `m_admin_infor` [ RunTime:0.0053s ]
SQL: SELECT * FROM `m_admin_infor` WHERE ( id=1 ) LIMIT 1   [ RunTime:0.0003s ]
SQL: SHOW COLUMNS FROM `m_goods` [ RunTime:0.0056s ]
SQL: SELECT * FROM `m_goods` WHERE ( goods_id=220 ) LIMIT 1   [ RunTime:0.0005s ]
NOTIC: [8] Undefined index: goods_uniots E:\wamp\www\myguopin\Application\Admin\Controller\GoodsmanageController.class.php 第 164 行.
INFO: [ view_parse ] --START--
INFO: [ template_filter ] --START--
INFO: Run Behavior\ContentReplaceBehavior [ RunTime:0.000073s ]
INFO: [ template_filter ] --END-- [ RunTime:0.000167s ]
INFO: Run Behavior\ParseTemplateBehavior [ RunTime:0.010238s ]
INFO: [ view_parse ] --END-- [ RunTime:0.010352s ]
INFO: [ view_filter ] --START--
INFO: Run Behavior\WriteHtmlCacheBehavior [ RunTime:0.000619s ]
INFO: Run Behavior\TokenBuildBehavior [ RunTime:0.000803s ]
INFO: [ view_filter ] --END-- [ RunTime:0.001593s ]

[ 2016-07-22T00:46:38+08:00 ] 127.0.0.1 /Admin/Goodsmanage/index.html
INFO: [ app_init ] --START--
INFO: Run Behavior\BuildLiteBehavior [ RunTime:0.000021s ]
INFO: [ app_init ] --END-- [ RunTime:0.000572s ]
INFO: [ app_begin ] --START--
INFO: Run Behavior\ReadHtmlCacheBehavior [ RunTime:0.000937s ]
INFO: [ app_begin ] --END-- [ RunTime:0.001075s ]
NOTIC: [8] Use of undefined constant Y - assumed 'Y' E:\wamp\www\myguopin\Application\Admin\Controller\FontEndController.class.php 第 22 行.
SQL: SHOW COLUMNS FROM `m_admin_infor` [ RunTime:0.0065s ]
SQL: SELECT * FROM `m_admin_infor` WHERE ( id=1 ) LIMIT 1   [ RunTime:0.0003s ]
SQL: SHOW COLUMNS FROM `m_category` [ RunTime:0.0052s ]
SQL: SELECT `cat_name` FROM `m_category`  [ RunTime:0.0003s ]
SQL: SHOW COLUMNS FROM `m_goods` [ RunTime:0.0057s ]
NOTIC: [8] Undefined index: serch E:\wamp\www\myguopin\Application\Admin\Controller\GoodsmanageController.class.php 第 20 行.
SQL: SELECT COUNT(*) AS tp_count FROM `m_goods` WHERE ( cat_name='水果' and is_delete=0 ) LIMIT 1   [ RunTime:0.0006s ]
SQL: SELECT * FROM `m_goods` WHERE ( cat_name='水果' and is_delete=0 ) ORDER BY goods_id desc LIMIT 0,10   [ RunTime:0.0006s ]
INFO: [ view_parse ] --START--
INFO: [ template_filter ] --START--
INFO: Run Behavior\ContentReplaceBehavior [ RunTime:0.000105s ]
INFO: [ template_filter ] --END-- [ RunTime:0.000195s ]
NOTIC: [8] Undefined variable: 果汁 E:\wamp\www\myguopin\Application\Runtime\Cache\Admin\44be48c52c819b74b3b0b16f06fea967.php 第 38 行.
INFO: Run Behavior\ParseTemplateBehavior [ RunTime:0.012317s ]
INFO: [ view_parse ] --END-- [ RunTime:0.012402s ]
INFO: [ view_filter ] --START--
INFO: Run Behavior\WriteHtmlCacheBehavior [ RunTime:0.000567s ]
INFO: Run Behavior\TokenBuildBehavior [ RunTime:0.000815s ]
INFO: [ view_filter ] --END-- [ RunTime:0.001501s ]
INFO: [ app_end ] --START--
INFO: Run Behavior\ShowPageTraceBehavior [ RunTime:0.000778s ]
INFO: [ app_end ] --END-- [ RunTime:0.000856s ]

[ 2016-07-22T00:46:40+08:00 ] 127.0.0.1 /Admin/Goodsmanage/goods_editor/goods_id/221.html
INFO: [ app_init ] --START--
INFO: Run Behavior\BuildLiteBehavior [ RunTime:0.000022s ]
INFO: [ app_init ] --END-- [ RunTime:0.000596s ]
INFO: [ app_begin ] --START--
INFO: Run Behavior\ReadHtmlCacheBehavior [ RunTime:0.000805s ]
INFO: [ app_begin ] --END-- [ RunTime:0.000902s ]
NOTIC: [8] Use of undefined constant Y - assumed 'Y' E:\wamp\www\myguopin\Application\Admin\Controller\FontEndController.class.php 第 22 行.
SQL: SHOW COLUMNS FROM `m_admin_infor` [ RunTime:0.0053s ]
SQL: SELECT * FROM `m_admin_infor` WHERE ( id=1 ) LIMIT 1   [ RunTime:0.0003s ]
SQL: SHOW COLUMNS FROM `m_goods` [ RunTime:0.0063s ]
SQL: SELECT * FROM `m_goods` WHERE ( goods_id=221 ) LIMIT 1   [ RunTime:0.0005s ]
SQL: SHOW COLUMNS FROM `m_category` [ RunTime:0.0055s ]
SQL: SELECT `cat_name` FROM `m_category`  [ RunTime:0.0003s ]
SQL: SELECT `shuxing` FROM `m_category` WHERE ( cat_name='水果' ) LIMIT 1   [ RunTime:0.0002s ]
INFO: [ view_parse ] --START--
NOTIC: [2] file_get_contents(../Application/Admin/View/Default/Public/menu.html): failed to open stream: No such file or directory E:\wamp\www\myguopin\ThinkPHP\Library\Think\Template.class.php 第 696 行.
NOTIC: [2] file_get_contents(../Application/Admin/View/Default/Public/member_left.html): failed to open stream: No such file or directory E:\wamp\www\myguopin\ThinkPHP\Library\Think\Template.class.php 第 696 行.
INFO: [ template_filter ] --START--
INFO: Run Behavior\ContentReplaceBehavior [ RunTime:0.000194s ]
INFO: [ template_filter ] --END-- [ RunTime:0.000284s ]
NOTIC: [8] Undefined variable: 果汁 E:\wamp\www\myguopin\Application\Runtime\Cache\Admin\cced33554f449b6a496b0f71c6f7ff10.php 第 41 行.
NOTIC: [8] Undefined variable: 菠萝 E:\wamp\www\myguopin\Application\Runtime\Cache\Admin\cced33554f449b6a496b0f71c6f7ff10.php 第 144 行.
NOTIC: [8] Use of undefined constant goods_img - assumed 'goods_img' E:\wamp\www\myguopin\Application\Runtime\Cache\Admin\cced33554f449b6a496b0f71c6f7ff10.php 第 230 行.
INFO: Run Behavior\ParseTemplateBehavior [ RunTime:0.018405s ]
INFO: [ view_parse ] --END-- [ RunTime:0.018487s ]
INFO: [ view_filter ] --START--
INFO: Run Behavior\WriteHtmlCacheBehavior [ RunTime:0.000603s ]
INFO: Run Behavior\TokenBuildBehavior [ RunTime:0.001051s ]
INFO: [ view_filter ] --END-- [ RunTime:0.001786s ]
INFO: [ app_end ] --START--
INFO: Run Behavior\ShowPageTraceBehavior [ RunTime:0.000788s ]
INFO: [ app_end ] --END-- [ RunTime:0.000864s ]

[ 2016-07-22T00:46:40+08:00 ] 127.0.0.1 /Admin/index/menu.html
INFO: [ app_init ] --START--
INFO: Run Behavior\BuildLiteBehavior [ RunTime:0.000045s ]
INFO: [ app_init ] --END-- [ RunTime:0.000998s ]
INFO: [ app_begin ] --START--
INFO: Run Behavior\ReadHtmlCacheBehavior [ RunTime:0.001320s ]
INFO: [ app_begin ] --END-- [ RunTime:0.001495s ]
NOTIC: [8] Use of undefined constant Y - assumed 'Y' E:\wamp\www\myguopin\Application\Admin\Controller\FontEndController.class.php 第 22 行.
SQL: SHOW COLUMNS FROM `m_admin_infor` [ RunTime:0.0066s ]
SQL: SELECT * FROM `m_admin_infor` WHERE ( id=1 ) LIMIT 1   [ RunTime:0.0004s ]
INFO: [ view_parse ] --START--
INFO: [ template_filter ] --START--
INFO: Run Behavior\ContentReplaceBehavior [ RunTime:0.000143s ]
INFO: [ template_filter ] --END-- [ RunTime:0.000260s ]
INFO: Run Behavior\ParseTemplateBehavior [ RunTime:0.016988s ]
INFO: [ view_parse ] --END-- [ RunTime:0.017097s ]
INFO: [ view_filter ] --START--
INFO: Run Behavior\WriteHtmlCacheBehavior [ RunTime:0.000616s ]
INFO: Run Behavior\TokenBuildBehavior [ RunTime:0.001436s ]
INFO: [ view_filter ] --END-- [ RunTime:0.002291s ]
INFO: [ app_end ] --START--
INFO: Run Behavior\ShowPageTraceBehavior [ RunTime:0.001413s ]
INFO: [ app_end ] --END-- [ RunTime:0.001598s ]

[ 2016-07-22T00:46:42+08:00 ] 127.0.0.1 /Admin/Goodsmanage/index.html
INFO: [ app_init ] --START--
INFO: Run Behavior\BuildLiteBehavior [ RunTime:0.000028s ]
INFO: [ app_init ] --END-- [ RunTime:0.000639s ]
INFO: [ app_begin ] --START--
INFO: Run Behavior\ReadHtmlCacheBehavior [ RunTime:0.000830s ]
INFO: [ app_begin ] --END-- [ RunTime:0.000942s ]
NOTIC: [8] Use of undefined constant Y - assumed 'Y' E:\wamp\www\myguopin\Application\Admin\Controller\FontEndController.class.php 第 22 行.
SQL: SHOW COLUMNS FROM `m_admin_infor` [ RunTime:0.0127s ]
SQL: SELECT * FROM `m_admin_infor` WHERE ( id=1 ) LIMIT 1   [ RunTime:0.0003s ]
SQL: SHOW COLUMNS FROM `m_category` [ RunTime:0.0058s ]
SQL: SELECT `cat_name` FROM `m_category`  [ RunTime:0.0003s ]
SQL: SHOW COLUMNS FROM `m_goods` [ RunTime:0.0102s ]
NOTIC: [8] Undefined index: serch E:\wamp\www\myguopin\Application\Admin\Controller\GoodsmanageController.class.php 第 20 行.
SQL: SELECT COUNT(*) AS tp_count FROM `m_goods` WHERE ( cat_name='水果' and is_delete=0 ) LIMIT 1   [ RunTime:0.0004s ]
SQL: SELECT * FROM `m_goods` WHERE ( cat_name='水果' and is_delete=0 ) ORDER BY goods_id desc LIMIT 0,10   [ RunTime:0.0008s ]
INFO: [ view_parse ] --START--
INFO: [ template_filter ] --START--
INFO: Run Behavior\ContentReplaceBehavior [ RunTime:0.000121s ]
INFO: [ template_filter ] --END-- [ RunTime:0.000224s ]
NOTIC: [8] Undefined variable: 果汁 E:\wamp\www\myguopin\Application\Runtime\Cache\Admin\44be48c52c819b74b3b0b16f06fea967.php 第 38 行.
INFO: Run Behavior\ParseTemplateBehavior [ RunTime:0.015113s ]
INFO: [ view_parse ] --END-- [ RunTime:0.015217s ]
INFO: [ view_filter ] --START--
INFO: Run Behavior\WriteHtmlCacheBehavior [ RunTime:0.000589s ]
INFO: Run Behavior\TokenBuildBehavior [ RunTime:0.000847s ]
INFO: [ view_filter ] --END-- [ RunTime:0.001582s ]
INFO: [ app_end ] --START--
INFO: Run Behavior\ShowPageTraceBehavior [ RunTime:0.000976s ]
INFO: [ app_end ] --END-- [ RunTime:0.001074s ]

[ 2016-07-22T00:46:43+08:00 ] 127.0.0.1 /Admin/Goodsmanage/goods_editor/goods_id/220.html
INFO: [ app_init ] --START--
INFO: Run Behavior\BuildLiteBehavior [ RunTime:0.000042s ]
INFO: [ app_init ] --END-- [ RunTime:0.001030s ]
INFO: [ app_begin ] --START--
INFO: Run Behavior\ReadHtmlCacheBehavior [ RunTime:0.001364s ]
INFO: [ app_begin ] --END-- [ RunTime:0.001548s ]
NOTIC: [8] Use of undefined constant Y - assumed 'Y' E:\wamp\www\myguopin\Application\Admin\Controller\FontEndController.class.php 第 22 行.
SQL: SHOW COLUMNS FROM `m_admin_infor` [ RunTime:0.0051s ]
SQL: SELECT * FROM `m_admin_infor` WHERE ( id=1 ) LIMIT 1   [ RunTime:0.0003s ]
SQL: SHOW COLUMNS FROM `m_goods` [ RunTime:0.0087s ]
SQL: SELECT * FROM `m_goods` WHERE ( goods_id=220 ) LIMIT 1   [ RunTime:0.0004s ]
SQL: SHOW COLUMNS FROM `m_category` [ RunTime:0.0049s ]
SQL: SELECT `cat_name` FROM `m_category`  [ RunTime:0.0003s ]
SQL: SELECT `shuxing` FROM `m_category` WHERE ( cat_name='水果' ) LIMIT 1   [ RunTime:0.0002s ]
INFO: [ view_parse ] --START--
NOTIC: [2] file_get_contents(../Application/Admin/View/Default/Public/menu.html): failed to open stream: No such file or directory E:\wamp\www\myguopin\ThinkPHP\Library\Think\Template.class.php 第 696 行.
NOTIC: [2] file_get_contents(../Application/Admin/View/Default/Public/member_left.html): failed to open stream: No such file or directory E:\wamp\www\myguopin\ThinkPHP\Library\Think\Template.class.php 第 696 行.
INFO: [ template_filter ] --START--
INFO: Run Behavior\ContentReplaceBehavior [ RunTime:0.000211s ]
INFO: [ template_filter ] --END-- [ RunTime:0.000309s ]
NOTIC: [8] Undefined variable: 果汁 E:\wamp\www\myguopin\Application\Runtime\Cache\Admin\cced33554f449b6a496b0f71c6f7ff10.php 第 41 行.
NOTIC: [8] Undefined variable: 菠萝 E:\wamp\www\myguopin\Application\Runtime\Cache\Admin\cced33554f449b6a496b0f71c6f7ff10.php 第 144 行.
NOTIC: [8] Use of undefined constant goods_img - assumed 'goods_img' E:\wamp\www\myguopin\Application\Runtime\Cache\Admin\cced33554f449b6a496b0f71c6f7ff10.php 第 230 行.
INFO: Run Behavior\ParseTemplateBehavior [ RunTime:0.022730s ]
INFO: [ view_parse ] --END-- [ RunTime:0.022824s ]
INFO: [ view_filter ] --START--
INFO: Run Behavior\WriteHtmlCacheBehavior [ RunTime:0.000656s ]
INFO: Run Behavior\TokenBuildBehavior [ RunTime:0.001058s ]
INFO: [ view_filter ] --END-- [ RunTime:0.001857s ]
INFO: [ app_end ] --START--
INFO: Run Behavior\ShowPageTraceBehavior [ RunTime:0.000820s ]
INFO: [ app_end ] --END-- [ RunTime:0.000909s ]

[ 2016-07-22T00:46:43+08:00 ] 127.0.0.1 /Admin/index/menu.html
INFO: [ app_init ] --START--
INFO: Run Behavior\BuildLiteBehavior [ RunTime:0.000026s ]
INFO: [ app_init ] --END-- [ RunTime:0.000577s ]
INFO: [ app_begin ] --START--
INFO: Run Behavior\ReadHtmlCacheBehavior [ RunTime:0.000864s ]
INFO: [ app_begin ] --END-- [ RunTime:0.001016s ]
NOTIC: [8] Use of undefined constant Y - assumed 'Y' E:\wamp\www\myguopin\Application\Admin\Controller\FontEndController.class.php 第 22 行.
SQL: SHOW COLUMNS FROM `m_admin_infor` [ RunTime:0.0050s ]
SQL: SELECT * FROM `m_admin_infor` WHERE ( id=1 ) LIMIT 1   [ RunTime:0.0003s ]
INFO: [ view_parse ] --START--
INFO: [ template_filter ] --START--
INFO: Run Behavior\ContentReplaceBehavior [ RunTime:0.000141s ]
INFO: [ template_filter ] --END-- [ RunTime:0.000250s ]
INFO: Run Behavior\ParseTemplateBehavior [ RunTime:0.015165s ]
INFO: [ view_parse ] --END-- [ RunTime:0.015272s ]
INFO: [ view_filter ] --START--
INFO: Run Behavior\WriteHtmlCacheBehavior [ RunTime:0.000654s ]
INFO: Run Behavior\TokenBuildBehavior [ RunTime:0.001021s ]
INFO: [ view_filter ] --END-- [ RunTime:0.001831s ]
INFO: [ app_end ] --START--
INFO: Run Behavior\ShowPageTraceBehavior [ RunTime:0.000861s ]
INFO: [ app_end ] --END-- [ RunTime:0.000954s ]

[ 2016-07-22T00:46:51+08:00 ] 127.0.0.1 /Admin/Goodsmanage/bianji_check/goods_id/220.html
INFO: [ app_init ] --START--
INFO: Run Behavior\BuildLiteBehavior [ RunTime:0.000022s ]
INFO: [ app_init ] --END-- [ RunTime:0.000594s ]
INFO: [ app_begin ] --START--
INFO: Run Behavior\ReadHtmlCacheBehavior [ RunTime:0.000775s ]
INFO: [ app_begin ] --END-- [ RunTime:0.000866s ]
NOTIC: [8] Use of undefined constant Y - assumed 'Y' E:\wamp\www\myguopin\Application\Admin\Controller\FontEndController.class.php 第 22 行.
SQL: SHOW COLUMNS FROM `m_admin_infor` [ RunTime:0.0064s ]
SQL: SELECT * FROM `m_admin_infor` WHERE ( id=1 ) LIMIT 1   [ RunTime:0.0003s ]
SQL: SHOW COLUMNS FROM `m_goods` [ RunTime:0.0061s ]
SQL: SELECT * FROM `m_goods` WHERE ( goods_id=220 ) LIMIT 1   [ RunTime:0.0004s ]
NOTIC: [8] Undefined index: goods_uniots E:\wamp\www\myguopin\Application\Admin\Controller\GoodsmanageController.class.php 第 164 行.
INFO: [ view_parse ] --START--
INFO: [ template_filter ] --START--
INFO: Run Behavior\ContentReplaceBehavior [ RunTime:0.000075s ]
INFO: [ template_filter ] --END-- [ RunTime:0.000176s ]
INFO: Run Behavior\ParseTemplateBehavior [ RunTime:0.008339s ]
INFO: [ view_parse ] --END-- [ RunTime:0.008450s ]
INFO: [ view_filter ] --START--
INFO: Run Behavior\WriteHtmlCacheBehavior [ RunTime:0.000576s ]
INFO: Run Behavior\TokenBuildBehavior [ RunTime:0.000727s ]
INFO: [ view_filter ] --END-- [ RunTime:0.001425s ]

[ 2016-07-22T00:47:50+08:00 ] 127.0.0.1 /Admin/Goodsmanage/bianji_check/goods_id/220.html
INFO: [ app_init ] --START--
INFO: Run Behavior\BuildLiteBehavior [ RunTime:0.000026s ]
INFO: [ app_init ] --END-- [ RunTime:0.000616s ]
INFO: [ app_begin ] --START--
INFO: Run Behavior\ReadHtmlCacheBehavior [ RunTime:0.000792s ]
INFO: [ app_begin ] --END-- [ RunTime:0.000885s ]
NOTIC: [8] Use of undefined constant Y - assumed 'Y' E:\wamp\www\myguopin\Application\Admin\Controller\FontEndController.class.php 第 22 行.
SQL: SHOW COLUMNS FROM `m_admin_infor` [ RunTime:0.0269s ]
SQL: SELECT * FROM `m_admin_infor` WHERE ( id=1 ) LIMIT 1   [ RunTime:0.0004s ]
SQL: SHOW COLUMNS FROM `m_goods` [ RunTime:0.0257s ]
SQL: SELECT * FROM `m_goods` WHERE ( goods_id=220 ) LIMIT 1   [ RunTime:0.0004s ]
NOTIC: [8] Use of undefined constant Admin_user - assumed 'Admin_user' E:\wamp\www\myguopin\Application\Admin\Controller\GoodsmanageController.class.php 第 181 行.
SQL: SHOW COLUMNS FROM `m_admin_user` [ RunTime:0.0275s ]
SQL: SELECT `user_name` FROM `m_admin_user` WHERE ( user_id=1 ) LIMIT 1   [ RunTime:0.0829s ]
SQL: SHOW COLUMNS FROM `m_category` [ RunTime:0.0181s ]
SQL: SELECT * FROM `m_category` WHERE ( cat_name='水果' ) LIMIT 1   [ RunTime:0.0005s ]
SQL: UPDATE `m_goods` SET `cat_name`='水果',`fabu_name`='杨靖',`user_name`='唯果果',`goods_name`='测试榴莲1',`goods_jianjie`='测试',`units`='1个（3-4斤左右）',`1yuangou`='0',`choujiang`='0',`yuan_price`='60',`price`='39',`tuan_price`='26',`tuan_number`='2',`fahuo_day`='1',`shuxing`='a:1:{s:6:\"分类\";s:6:\"榴莲\";}',`goods_img`='/Public/Uploads/image/goods/20160721/14691056366891939237.png',`goods_img_qita`='a:4:{i:0;s:61:\"/Public/Uploads/image/goods/20160721/14691056383785926002.jpg\";i:1;s:61:\"/Public/Uploads/image/goods/20160721/14691056402132567900.jpg\";i:2;s:61:\"/Public/Uploads/image/goods/20160721/14691056420297329686.jpg\";i:3;s:61:\"/Public/Uploads/image/goods/20160721/14691056439782002450.jpg\";}',`daijinquan`='1',`goods_desc`='测试',`last_update`='1469119670' WHERE ( goods_id=220 ) [ RunTime:0.0010s ]
INFO: [ view_parse ] --START--
INFO: [ template_filter ] --START--
INFO: Run Behavior\ContentReplaceBehavior [ RunTime:0.000092s ]
INFO: [ template_filter ] --END-- [ RunTime:0.000201s ]
INFO: Run Behavior\ParseTemplateBehavior [ RunTime:0.007151s ]
INFO: [ view_parse ] --END-- [ RunTime:0.007259s ]
INFO: [ view_filter ] --START--
INFO: Run Behavior\WriteHtmlCacheBehavior [ RunTime:0.000522s ]
INFO: Run Behavior\TokenBuildBehavior [ RunTime:0.000758s ]
INFO: [ view_filter ] --END-- [ RunTime:0.001438s ]
INFO: [ app_end ] --START--
INFO: Run Behavior\ShowPageTraceBehavior [ RunTime:0.000847s ]
INFO: [ app_end ] --END-- [ RunTime:0.000933s ]

[ 2016-07-22T00:47:53+08:00 ] 127.0.0.1 /Admin/Goodsmanage/index.html
INFO: [ app_init ] --START--
INFO: Run Behavior\BuildLiteBehavior [ RunTime:0.000025s ]
INFO: [ app_init ] --END-- [ RunTime:0.000530s ]
INFO: [ app_begin ] --START--
INFO: Run Behavior\ReadHtmlCacheBehavior [ RunTime:0.000769s ]
INFO: [ app_begin ] --END-- [ RunTime:0.000864s ]
NOTIC: [8] Use of undefined constant Y - assumed 'Y' E:\wamp\www\myguopin\Application\Admin\Controller\FontEndController.class.php 第 22 行.
SQL: SHOW COLUMNS FROM `m_admin_infor` [ RunTime:0.0069s ]
SQL: SELECT * FROM `m_admin_infor` WHERE ( id=1 ) LIMIT 1   [ RunTime:0.0003s ]
SQL: SHOW COLUMNS FROM `m_category` [ RunTime:0.0062s ]
SQL: SELECT `cat_name` FROM `m_category`  [ RunTime:0.0003s ]
SQL: SHOW COLUMNS FROM `m_goods` [ RunTime:0.0061s ]
NOTIC: [8] Undefined index: serch E:\wamp\www\myguopin\Application\Admin\Controller\GoodsmanageController.class.php 第 20 行.
SQL: SELECT COUNT(*) AS tp_count FROM `m_goods` WHERE ( cat_name='水果' and is_delete=0 ) LIMIT 1   [ RunTime:0.0004s ]
SQL: SELECT * FROM `m_goods` WHERE ( cat_name='水果' and is_delete=0 ) ORDER BY goods_id desc LIMIT 0,10   [ RunTime:0.0103s ]
INFO: [ view_parse ] --START--
INFO: [ template_filter ] --START--
INFO: Run Behavior\ContentReplaceBehavior [ RunTime:0.000109s ]
INFO: [ template_filter ] --END-- [ RunTime:0.000205s ]
NOTIC: [8] Undefined variable: 果汁 E:\wamp\www\myguopin\Application\Runtime\Cache\Admin\44be48c52c819b74b3b0b16f06fea967.php 第 38 行.
INFO: Run Behavior\ParseTemplateBehavior [ RunTime:0.012811s ]
INFO: [ view_parse ] --END-- [ RunTime:0.012897s ]
INFO: [ view_filter ] --START--
INFO: Run Behavior\WriteHtmlCacheBehavior [ RunTime:0.000439s ]
INFO: Run Behavior\TokenBuildBehavior [ RunTime:0.000757s ]
INFO: [ view_filter ] --END-- [ RunTime:0.001324s ]
INFO: [ app_end ] --START--
INFO: Run Behavior\ShowPageTraceBehavior [ RunTime:0.000708s ]
INFO: [ app_end ] --END-- [ RunTime:0.000794s ]

[ 2016-07-22T00:47:54+08:00 ] 127.0.0.1 /Admin/Goodsmanage/goods_editor/goods_id/220.html
INFO: [ app_init ] --START--
INFO: Run Behavior\BuildLiteBehavior [ RunTime:0.000024s ]
INFO: [ app_init ] --END-- [ RunTime:0.000581s ]
INFO: [ app_begin ] --START--
INFO: Run Behavior\ReadHtmlCacheBehavior [ RunTime:0.000785s ]
INFO: [ app_begin ] --END-- [ RunTime:0.000873s ]
NOTIC: [8] Use of undefined constant Y - assumed 'Y' E:\wamp\www\myguopin\Application\Admin\Controller\FontEndController.class.php 第 22 行.
SQL: SHOW COLUMNS FROM `m_admin_infor` [ RunTime:0.0055s ]
SQL: SELECT * FROM `m_admin_infor` WHERE ( id=1 ) LIMIT 1   [ RunTime:0.0003s ]
SQL: SHOW COLUMNS FROM `m_goods` [ RunTime:0.0069s ]
SQL: SELECT * FROM `m_goods` WHERE ( goods_id=220 ) LIMIT 1   [ RunTime:0.0005s ]
SQL: SHOW COLUMNS FROM `m_category` [ RunTime:0.0047s ]
SQL: SELECT `cat_name` FROM `m_category`  [ RunTime:0.0003s ]
SQL: SELECT `shuxing` FROM `m_category` WHERE ( cat_name='水果' ) LIMIT 1   [ RunTime:0.0002s ]
INFO: [ view_parse ] --START--
NOTIC: [2] file_get_contents(../Application/Admin/View/Default/Public/menu.html): failed to open stream: No such file or directory E:\wamp\www\myguopin\ThinkPHP\Library\Think\Template.class.php 第 696 行.
NOTIC: [2] file_get_contents(../Application/Admin/View/Default/Public/member_left.html): failed to open stream: No such file or directory E:\wamp\www\myguopin\ThinkPHP\Library\Think\Template.class.php 第 696 行.
INFO: [ template_filter ] --START--
INFO: Run Behavior\ContentReplaceBehavior [ RunTime:0.000195s ]
INFO: [ template_filter ] --END-- [ RunTime:0.000282s ]
NOTIC: [8] Undefined variable: 果汁 E:\wamp\www\myguopin\Application\Runtime\Cache\Admin\cced33554f449b6a496b0f71c6f7ff10.php 第 41 行.
NOTIC: [8] Undefined variable: 菠萝 E:\wamp\www\myguopin\Application\Runtime\Cache\Admin\cced33554f449b6a496b0f71c6f7ff10.php 第 144 行.
NOTIC: [8] Use of undefined constant goods_img - assumed 'goods_img' E:\wamp\www\myguopin\Application\Runtime\Cache\Admin\cced33554f449b6a496b0f71c6f7ff10.php 第 230 行.
INFO: Run Behavior\ParseTemplateBehavior [ RunTime:0.018383s ]
INFO: [ view_parse ] --END-- [ RunTime:0.018465s ]
INFO: [ view_filter ] --START--
INFO: Run Behavior\WriteHtmlCacheBehavior [ RunTime:0.000435s ]
INFO: Run Behavior\TokenBuildBehavior [ RunTime:0.000899s ]
INFO: [ view_filter ] --END-- [ RunTime:0.001452s ]
INFO: [ app_end ] --START--
INFO: Run Behavior\ShowPageTraceBehavior [ RunTime:0.000644s ]
INFO: [ app_end ] --END-- [ RunTime:0.000721s ]

[ 2016-07-22T00:47:54+08:00 ] 127.0.0.1 /Admin/index/menu.html
INFO: [ app_init ] --START--
INFO: Run Behavior\BuildLiteBehavior [ RunTime:0.000025s ]
INFO: [ app_init ] --END-- [ RunTime:0.000523s ]
INFO: [ app_begin ] --START--
INFO: Run Behavior\ReadHtmlCacheBehavior [ RunTime:0.000785s ]
INFO: [ app_begin ] --END-- [ RunTime:0.000889s ]
NOTIC: [8] Use of undefined constant Y - assumed 'Y' E:\wamp\www\myguopin\Application\Admin\Controller\FontEndController.class.php 第 22 行.
SQL: SHOW COLUMNS FROM `m_admin_infor` [ RunTime:0.0147s ]
SQL: SELECT * FROM `m_admin_infor` WHERE ( id=1 ) LIMIT 1   [ RunTime:0.0004s ]
INFO: [ view_parse ] --START--
INFO: [ template_filter ] --START--
INFO: Run Behavior\ContentReplaceBehavior [ RunTime:0.000278s ]
INFO: [ template_filter ] --END-- [ RunTime:0.000465s ]
INFO: Run Behavior\ParseTemplateBehavior [ RunTime:0.016005s ]
INFO: [ view_parse ] --END-- [ RunTime:0.016141s ]
INFO: [ view_filter ] --START--
INFO: Run Behavior\WriteHtmlCacheBehavior [ RunTime:0.000518s ]
INFO: Run Behavior\TokenBuildBehavior [ RunTime:0.000819s ]
INFO: [ view_filter ] --END-- [ RunTime:0.001490s ]
INFO: [ app_end ] --START--
INFO: Run Behavior\ShowPageTraceBehavior [ RunTime:0.000704s ]
INFO: [ app_end ] --END-- [ RunTime:0.000797s ]

