[ 2016-07-28T00:00:20+08:00 ] 127.0.0.1 /Admin/Ordermanage/index/p/1.html
INFO: [ app_init ] --START--
INFO: Run Behavior\BuildLiteBehavior [ RunTime:0.000038s ]
INFO: [ app_init ] --END-- [ RunTime:0.001007s ]
INFO: [ app_begin ] --START--
INFO: Run Behavior\ReadHtmlCacheBehavior [ RunTime:0.001295s ]
INFO: [ app_begin ] --END-- [ RunTime:0.001951s ]
NOTIC: [8] Use of undefined constant Y - assumed 'Y' E:\wamp\www\myguopin\Application\Admin\Controller\FontEndController.class.php 第 22 行.
SQL: SHOW COLUMNS FROM `m_admin_infor` [ RunTime:0.0048s ]
SQL: SELECT * FROM `m_admin_infor` WHERE ( id=1 ) LIMIT 1   [ RunTime:0.0004s ]
SQL: SHOW COLUMNS FROM `m_order` [ RunTime:0.0066s ]
SQL: SELECT COUNT(*) AS tp_count FROM `m_order` WHERE ( deleted=0 ) LIMIT 1   [ RunTime:0.0004s ]
SQL: SHOW COLUMNS FROM `m_order` [ RunTime:0.0061s ]
SQL: SELECT * FROM m_order t1,m_users t2 WHERE ( t1.user_id=t2.user_id and t1.deleted=0 ) ORDER BY t1.order_id desc LIMIT 0,10   [ RunTime:0.0079s ]
INFO: [ view_parse ] --START--
INFO: [ template_filter ] --START--
INFO: Run Behavior\ContentReplaceBehavior [ RunTime:0.000101s ]
INFO: [ template_filter ] --END-- [ RunTime:0.000189s ]
INFO: Run Behavior\ParseTemplateBehavior [ RunTime:0.012609s ]
INFO: [ view_parse ] --END-- [ RunTime:0.012707s ]
INFO: [ view_filter ] --START--
INFO: Run Behavior\WriteHtmlCacheBehavior [ RunTime:0.000637s ]
INFO: Run Behavior\TokenBuildBehavior [ RunTime:0.001020s ]
INFO: [ view_filter ] --END-- [ RunTime:0.001777s ]
INFO: [ app_end ] --START--
INFO: Run Behavior\ShowPageTraceBehavior [ RunTime:0.000759s ]
INFO: [ app_end ] --END-- [ RunTime:0.000837s ]

[ 2016-07-28T00:01:06+08:00 ] 127.0.0.1 /Admin/Ordermanage/index/p/1.html
INFO: [ app_init ] --START--
INFO: Run Behavior\BuildLiteBehavior [ RunTime:0.000063s ]
INFO: [ app_init ] --END-- [ RunTime:0.000834s ]
INFO: [ app_begin ] --START--
INFO: Run Behavior\ReadHtmlCacheBehavior [ RunTime:0.000804s ]
INFO: [ app_begin ] --END-- [ RunTime:0.000901s ]
NOTIC: [8] Use of undefined constant Y - assumed 'Y' E:\wamp\www\myguopin\Application\Admin\Controller\FontEndController.class.php 第 22 行.
SQL: SHOW COLUMNS FROM `m_admin_infor` [ RunTime:0.0054s ]
SQL: SELECT * FROM `m_admin_infor` WHERE ( id=1 ) LIMIT 1   [ RunTime:0.0005s ]
SQL: SHOW COLUMNS FROM `m_order` [ RunTime:0.0065s ]
SQL: SELECT COUNT(*) AS tp_count FROM `m_order` WHERE ( deleted=0 ) LIMIT 1   [ RunTime:0.0004s ]
SQL: SHOW COLUMNS FROM `m_order` [ RunTime:0.0053s ]
SQL: SELECT * FROM m_order t1,m_users t2 WHERE ( t1.user_id=t2.user_id and t1.deleted=0 ) ORDER BY t1.order_id desc LIMIT 0,10   [ RunTime:0.0084s ]
INFO: [ view_parse ] --START--
INFO: [ template_filter ] --START--
INFO: Run Behavior\ContentReplaceBehavior [ RunTime:0.000150s ]
INFO: [ template_filter ] --END-- [ RunTime:0.000308s ]
INFO: Run Behavior\ParseTemplateBehavior [ RunTime:0.013039s ]
INFO: [ view_parse ] --END-- [ RunTime:0.013152s ]
INFO: [ view_filter ] --START--
INFO: Run Behavior\WriteHtmlCacheBehavior [ RunTime:0.000616s ]
INFO: Run Behavior\TokenBuildBehavior [ RunTime:0.001170s ]
INFO: [ view_filter ] --END-- [ RunTime:0.001939s ]
INFO: [ app_end ] --START--
INFO: Run Behavior\ShowPageTraceBehavior [ RunTime:0.000818s ]
INFO: [ app_end ] --END-- [ RunTime:0.000900s ]

[ 2016-07-28T00:01:28+08:00 ] 127.0.0.1 /Admin/Ordermanage/index/p/1.html
INFO: [ app_init ] --START--
INFO: Run Behavior\BuildLiteBehavior [ RunTime:0.000029s ]
INFO: [ app_init ] --END-- [ RunTime:0.000597s ]
INFO: [ app_begin ] --START--
INFO: Run Behavior\ReadHtmlCacheBehavior [ RunTime:0.001226s ]
INFO: [ app_begin ] --END-- [ RunTime:0.001359s ]
NOTIC: [8] Use of undefined constant Y - assumed 'Y' E:\wamp\www\myguopin\Application\Admin\Controller\FontEndController.class.php 第 22 行.
SQL: SHOW COLUMNS FROM `m_admin_infor` [ RunTime:0.0060s ]
SQL: SELECT * FROM `m_admin_infor` WHERE ( id=1 ) LIMIT 1   [ RunTime:0.0005s ]
SQL: SHOW COLUMNS FROM `m_order` [ RunTime:0.0066s ]
SQL: SELECT COUNT(*) AS tp_count FROM `m_order` WHERE ( deleted=0 ) LIMIT 1   [ RunTime:0.0004s ]
SQL: SHOW COLUMNS FROM `m_order` [ RunTime:0.0061s ]
SQL: SELECT * FROM m_order t1,m_users t2 WHERE ( t1.user_id=t2.user_id and t1.deleted=0 ) ORDER BY t1.order_id desc LIMIT 0,10   [ RunTime:0.0090s ]
INFO: [ view_parse ] --START--
INFO: [ template_filter ] --START--
INFO: Run Behavior\ContentReplaceBehavior [ RunTime:0.000133s ]
INFO: [ template_filter ] --END-- [ RunTime:0.000256s ]
INFO: Run Behavior\ParseTemplateBehavior [ RunTime:0.012800s ]
INFO: [ view_parse ] --END-- [ RunTime:0.012904s ]
INFO: [ view_filter ] --START--
INFO: Run Behavior\WriteHtmlCacheBehavior [ RunTime:0.000615s ]
INFO: Run Behavior\TokenBuildBehavior [ RunTime:0.001137s ]
INFO: [ view_filter ] --END-- [ RunTime:0.001900s ]
INFO: [ app_end ] --START--
INFO: Run Behavior\ShowPageTraceBehavior [ RunTime:0.000819s ]
INFO: [ app_end ] --END-- [ RunTime:0.000901s ]

[ 2016-07-28T00:01:51+08:00 ] 127.0.0.1 /Admin/Ordermanage/index/p/1.html
INFO: [ app_init ] --START--
INFO: Run Behavior\BuildLiteBehavior [ RunTime:0.000029s ]
INFO: [ app_init ] --END-- [ RunTime:0.000621s ]
INFO: [ app_begin ] --START--
INFO: Run Behavior\ReadHtmlCacheBehavior [ RunTime:0.001197s ]
INFO: [ app_begin ] --END-- [ RunTime:0.001346s ]
NOTIC: [8] Use of undefined constant Y - assumed 'Y' E:\wamp\www\myguopin\Application\Admin\Controller\FontEndController.class.php 第 22 行.
SQL: SHOW COLUMNS FROM `m_admin_infor` [ RunTime:0.0085s ]
SQL: SELECT * FROM `m_admin_infor` WHERE ( id=1 ) LIMIT 1   [ RunTime:0.0004s ]
SQL: SHOW COLUMNS FROM `m_order` [ RunTime:0.0067s ]
SQL: SELECT COUNT(*) AS tp_count FROM `m_order` WHERE ( deleted=0 ) LIMIT 1   [ RunTime:0.0004s ]
SQL: SHOW COLUMNS FROM `m_order` [ RunTime:0.0066s ]
SQL: SELECT * FROM m_order t1,m_users t2 WHERE ( t1.user_id=t2.user_id and t1.deleted=0 ) ORDER BY t1.order_id desc LIMIT 0,10   [ RunTime:0.0061s ]
INFO: [ view_parse ] --START--
INFO: [ template_filter ] --START--
INFO: Run Behavior\ContentReplaceBehavior [ RunTime:0.000095s ]
INFO: [ template_filter ] --END-- [ RunTime:0.000180s ]

[ 2016-07-28T00:05:47+08:00 ] 127.0.0.1 /Admin/Ordermanage/index/p/1.html
INFO: [ app_init ] --START--
INFO: Run Behavior\BuildLiteBehavior [ RunTime:0.000030s ]
INFO: [ app_init ] --END-- [ RunTime:0.000709s ]
INFO: [ app_begin ] --START--
INFO: Run Behavior\ReadHtmlCacheBehavior [ RunTime:0.000881s ]
INFO: [ app_begin ] --END-- [ RunTime:0.000983s ]
NOTIC: [8] Use of undefined constant Y - assumed 'Y' E:\wamp\www\myguopin\Application\Admin\Controller\FontEndController.class.php 第 22 行.
SQL: SHOW COLUMNS FROM `m_admin_infor` [ RunTime:0.0058s ]
SQL: SELECT * FROM `m_admin_infor` WHERE ( id=1 ) LIMIT 1   [ RunTime:0.0004s ]
SQL: SHOW COLUMNS FROM `m_order` [ RunTime:0.0091s ]
SQL: SELECT COUNT(*) AS tp_count FROM `m_order` WHERE ( deleted=0 ) LIMIT 1   [ RunTime:0.0004s ]
SQL: SHOW COLUMNS FROM `m_order` [ RunTime:0.0067s ]
SQL: SELECT * FROM m_order t1,m_users t2 WHERE ( t1.user_id=t2.user_id and t1.deleted=0 ) ORDER BY t1.order_id desc LIMIT 0,10   [ RunTime:0.0068s ]
INFO: [ view_parse ] --START--
INFO: [ template_filter ] --START--
INFO: Run Behavior\ContentReplaceBehavior [ RunTime:0.000182s ]
INFO: [ template_filter ] --END-- [ RunTime:0.000358s ]

[ 2016-07-28T00:07:02+08:00 ] 127.0.0.1 /Admin/Ordermanage/index/p/1.html
INFO: [ app_init ] --START--
INFO: Run Behavior\BuildLiteBehavior [ RunTime:0.000024s ]
INFO: [ app_init ] --END-- [ RunTime:0.000612s ]
INFO: [ app_begin ] --START--
INFO: Run Behavior\ReadHtmlCacheBehavior [ RunTime:0.000802s ]
INFO: [ app_begin ] --END-- [ RunTime:0.000897s ]
NOTIC: [8] Use of undefined constant Y - assumed 'Y' E:\wamp\www\myguopin\Application\Admin\Controller\FontEndController.class.php 第 22 行.
SQL: SHOW COLUMNS FROM `m_admin_infor` [ RunTime:0.0076s ]
SQL: SELECT * FROM `m_admin_infor` WHERE ( id=1 ) LIMIT 1   [ RunTime:0.0004s ]
SQL: SHOW COLUMNS FROM `m_order` [ RunTime:0.0061s ]
SQL: SELECT COUNT(*) AS tp_count FROM `m_order` WHERE ( deleted=0 ) LIMIT 1   [ RunTime:0.0004s ]
SQL: SHOW COLUMNS FROM `m_order` [ RunTime:0.0077s ]
SQL: SELECT * FROM m_order t1,m_users t2 WHERE ( t1.user_id=t2.user_id and t1.deleted=0 ) ORDER BY t1.order_id desc LIMIT 0,10   [ RunTime:0.0080s ]
INFO: [ view_parse ] --START--
INFO: [ template_filter ] --START--
INFO: Run Behavior\ContentReplaceBehavior [ RunTime:0.000099s ]
INFO: [ template_filter ] --END-- [ RunTime:0.000184s ]
INFO: Run Behavior\ParseTemplateBehavior [ RunTime:0.012628s ]
INFO: [ view_parse ] --END-- [ RunTime:0.012725s ]
INFO: [ view_filter ] --START--
INFO: Run Behavior\WriteHtmlCacheBehavior [ RunTime:0.000707s ]
INFO: Run Behavior\TokenBuildBehavior [ RunTime:0.001069s ]
INFO: [ view_filter ] --END-- [ RunTime:0.001895s ]
INFO: [ app_end ] --START--
INFO: Run Behavior\ShowPageTraceBehavior [ RunTime:0.000854s ]
INFO: [ app_end ] --END-- [ RunTime:0.000933s ]

[ 2016-07-28T00:10:17+08:00 ] 127.0.0.1 /Admin/Ordermanage/index/p/1.html
INFO: [ app_init ] --START--
INFO: Run Behavior\BuildLiteBehavior [ RunTime:0.000076s ]
INFO: [ app_init ] --END-- [ RunTime:0.000831s ]
INFO: [ app_begin ] --START--
INFO: Run Behavior\ReadHtmlCacheBehavior [ RunTime:0.001031s ]
INFO: [ app_begin ] --END-- [ RunTime:0.001146s ]
NOTIC: [8] Use of undefined constant Y - assumed 'Y' E:\wamp\www\myguopin\Application\Admin\Controller\FontEndController.class.php 第 22 行.
SQL: SHOW COLUMNS FROM `m_admin_infor` [ RunTime:0.0066s ]
SQL: SELECT * FROM `m_admin_infor` WHERE ( id=1 ) LIMIT 1   [ RunTime:0.0006s ]
SQL: SHOW COLUMNS FROM `m_order` [ RunTime:0.0070s ]
SQL: SELECT COUNT(*) AS tp_count FROM `m_order` WHERE ( deleted=0 ) LIMIT 1   [ RunTime:0.0004s ]
SQL: SHOW COLUMNS FROM `m_order` [ RunTime:0.0070s ]
SQL: SELECT * FROM m_order t1,m_users t2 WHERE ( t1.user_id=t2.user_id and t1.deleted=0 ) ORDER BY t1.order_id desc LIMIT 0,10   [ RunTime:0.0065s ]
INFO: [ view_parse ] --START--
INFO: [ template_filter ] --START--
INFO: Run Behavior\ContentReplaceBehavior [ RunTime:0.000116s ]
INFO: [ template_filter ] --END-- [ RunTime:0.000217s ]
INFO: Run Behavior\ParseTemplateBehavior [ RunTime:0.013134s ]
INFO: [ view_parse ] --END-- [ RunTime:0.013229s ]
INFO: [ view_filter ] --START--
INFO: Run Behavior\WriteHtmlCacheBehavior [ RunTime:0.000576s ]
INFO: Run Behavior\TokenBuildBehavior [ RunTime:0.001042s ]
INFO: [ view_filter ] --END-- [ RunTime:0.001754s ]
INFO: [ app_end ] --START--
INFO: Run Behavior\ShowPageTraceBehavior [ RunTime:0.000822s ]
INFO: [ app_end ] --END-- [ RunTime:0.000914s ]

[ 2016-07-28T00:12:02+08:00 ] 127.0.0.1 /Admin/Ordermanage/index/p/1.html
INFO: [ app_init ] --START--
INFO: Run Behavior\BuildLiteBehavior [ RunTime:0.000031s ]
INFO: [ app_init ] --END-- [ RunTime:0.000713s ]
INFO: [ app_begin ] --START--
INFO: Run Behavior\ReadHtmlCacheBehavior [ RunTime:0.000791s ]
INFO: [ app_begin ] --END-- [ RunTime:0.000887s ]
NOTIC: [8] Use of undefined constant Y - assumed 'Y' E:\wamp\www\myguopin\Application\Admin\Controller\FontEndController.class.php 第 22 行.
SQL: SHOW COLUMNS FROM `m_admin_infor` [ RunTime:0.0058s ]
SQL: SELECT * FROM `m_admin_infor` WHERE ( id=1 ) LIMIT 1   [ RunTime:0.0004s ]
SQL: SHOW COLUMNS FROM `m_order` [ RunTime:0.0063s ]
SQL: SELECT COUNT(*) AS tp_count FROM `m_order` WHERE ( deleted=0 ) LIMIT 1   [ RunTime:0.0004s ]
SQL: SHOW COLUMNS FROM `m_order` [ RunTime:0.0059s ]
SQL: SELECT * FROM m_order t1,m_users t2 WHERE ( t1.user_id=t2.user_id and t1.deleted=0 ) ORDER BY t1.order_id desc LIMIT 0,10   [ RunTime:0.0066s ]
INFO: [ view_parse ] --START--
INFO: [ template_filter ] --START--
INFO: Run Behavior\ContentReplaceBehavior [ RunTime:0.000114s ]
INFO: [ template_filter ] --END-- [ RunTime:0.000214s ]
NOTIC: [8] Undefined index: fahuo_day E:\wamp\www\myguopin\Application\Runtime\Cache\Admin\e2649535b6f91537217b454efcaa7127.php 第 61 行.
NOTIC: [8] Undefined index: fahuo_day E:\wamp\www\myguopin\Application\Runtime\Cache\Admin\e2649535b6f91537217b454efcaa7127.php 第 61 行.
NOTIC: [8] Undefined index: fahuo_day E:\wamp\www\myguopin\Application\Runtime\Cache\Admin\e2649535b6f91537217b454efcaa7127.php 第 61 行.
NOTIC: [8] Undefined index: fahuo_day E:\wamp\www\myguopin\Application\Runtime\Cache\Admin\e2649535b6f91537217b454efcaa7127.php 第 61 行.
NOTIC: [8] Undefined index: fahuo_day E:\wamp\www\myguopin\Application\Runtime\Cache\Admin\e2649535b6f91537217b454efcaa7127.php 第 61 行.
NOTIC: [8] Undefined index: fahuo_day E:\wamp\www\myguopin\Application\Runtime\Cache\Admin\e2649535b6f91537217b454efcaa7127.php 第 61 行.
NOTIC: [8] Undefined index: fahuo_day E:\wamp\www\myguopin\Application\Runtime\Cache\Admin\e2649535b6f91537217b454efcaa7127.php 第 61 行.
NOTIC: [8] Undefined index: fahuo_day E:\wamp\www\myguopin\Application\Runtime\Cache\Admin\e2649535b6f91537217b454efcaa7127.php 第 61 行.
NOTIC: [8] Undefined index: fahuo_day E:\wamp\www\myguopin\Application\Runtime\Cache\Admin\e2649535b6f91537217b454efcaa7127.php 第 61 行.
NOTIC: [8] Undefined index: fahuo_day E:\wamp\www\myguopin\Application\Runtime\Cache\Admin\e2649535b6f91537217b454efcaa7127.php 第 61 行.
INFO: Run Behavior\ParseTemplateBehavior [ RunTime:0.013032s ]
INFO: [ view_parse ] --END-- [ RunTime:0.013118s ]
INFO: [ view_filter ] --START--
INFO: Run Behavior\WriteHtmlCacheBehavior [ RunTime:0.000554s ]
INFO: Run Behavior\TokenBuildBehavior [ RunTime:0.001040s ]
INFO: [ view_filter ] --END-- [ RunTime:0.001715s ]
INFO: [ app_end ] --START--
INFO: Run Behavior\ShowPageTraceBehavior [ RunTime:0.000783s ]
INFO: [ app_end ] --END-- [ RunTime:0.000873s ]

[ 2016-07-28T00:12:47+08:00 ] 127.0.0.1 /Admin/Ordermanage/index/p/1.html
INFO: [ app_init ] --START--
INFO: Run Behavior\BuildLiteBehavior [ RunTime:0.000029s ]
INFO: [ app_init ] --END-- [ RunTime:0.000647s ]
INFO: [ app_begin ] --START--
INFO: Run Behavior\ReadHtmlCacheBehavior [ RunTime:0.000990s ]
INFO: [ app_begin ] --END-- [ RunTime:0.001202s ]
NOTIC: [8] Use of undefined constant Y - assumed 'Y' E:\wamp\www\myguopin\Application\Admin\Controller\FontEndController.class.php 第 22 行.
SQL: SHOW COLUMNS FROM `m_admin_infor` [ RunTime:0.0054s ]
SQL: SELECT * FROM `m_admin_infor` WHERE ( id=1 ) LIMIT 1   [ RunTime:0.0003s ]
SQL: SHOW COLUMNS FROM `m_order` [ RunTime:0.0073s ]
SQL: SELECT COUNT(*) AS tp_count FROM `m_order` WHERE ( deleted=0 ) LIMIT 1   [ RunTime:0.0004s ]
SQL: SHOW COLUMNS FROM `m_order` [ RunTime:0.1117s ]
SQL: SELECT * FROM m_order t1,m_users t2 WHERE ( t1.user_id=t2.user_id and t1.deleted=0 ) ORDER BY t1.order_id desc LIMIT 0,10   [ RunTime:0.0073s ]
INFO: [ view_parse ] --START--
INFO: [ template_filter ] --START--
INFO: Run Behavior\ContentReplaceBehavior [ RunTime:0.000105s ]
INFO: [ template_filter ] --END-- [ RunTime:0.000196s ]
NOTIC: [8] Undefined index: fahuo_day E:\wamp\www\myguopin\Application\Runtime\Cache\Admin\e2649535b6f91537217b454efcaa7127.php 第 61 行.
NOTIC: [8] Undefined index: fahuo_day E:\wamp\www\myguopin\Application\Runtime\Cache\Admin\e2649535b6f91537217b454efcaa7127.php 第 61 行.
NOTIC: [8] Undefined index: fahuo_day E:\wamp\www\myguopin\Application\Runtime\Cache\Admin\e2649535b6f91537217b454efcaa7127.php 第 61 行.
NOTIC: [8] Undefined index: fahuo_day E:\wamp\www\myguopin\Application\Runtime\Cache\Admin\e2649535b6f91537217b454efcaa7127.php 第 61 行.
NOTIC: [8] Undefined index: fahuo_day E:\wamp\www\myguopin\Application\Runtime\Cache\Admin\e2649535b6f91537217b454efcaa7127.php 第 61 行.
NOTIC: [8] Undefined index: fahuo_day E:\wamp\www\myguopin\Application\Runtime\Cache\Admin\e2649535b6f91537217b454efcaa7127.php 第 61 行.
NOTIC: [8] Undefined index: fahuo_day E:\wamp\www\myguopin\Application\Runtime\Cache\Admin\e2649535b6f91537217b454efcaa7127.php 第 61 行.
NOTIC: [8] Undefined index: fahuo_day E:\wamp\www\myguopin\Application\Runtime\Cache\Admin\e2649535b6f91537217b454efcaa7127.php 第 61 行.
NOTIC: [8] Undefined index: fahuo_day E:\wamp\www\myguopin\Application\Runtime\Cache\Admin\e2649535b6f91537217b454efcaa7127.php 第 61 行.
NOTIC: [8] Undefined index: fahuo_day E:\wamp\www\myguopin\Application\Runtime\Cache\Admin\e2649535b6f91537217b454efcaa7127.php 第 61 行.
INFO: Run Behavior\ParseTemplateBehavior [ RunTime:0.013181s ]
INFO: [ view_parse ] --END-- [ RunTime:0.013272s ]
INFO: [ view_filter ] --START--
INFO: Run Behavior\WriteHtmlCacheBehavior [ RunTime:0.000571s ]
INFO: Run Behavior\TokenBuildBehavior [ RunTime:0.001168s ]
INFO: [ view_filter ] --END-- [ RunTime:0.001935s ]
INFO: [ app_end ] --START--
INFO: Run Behavior\ShowPageTraceBehavior [ RunTime:0.000795s ]
INFO: [ app_end ] --END-- [ RunTime:0.000886s ]

[ 2016-07-28T00:13:02+08:00 ] 127.0.0.1 /Admin/Ordermanage/index/p/1.html
INFO: [ app_init ] --START--
INFO: Run Behavior\BuildLiteBehavior [ RunTime:0.000035s ]
INFO: [ app_init ] --END-- [ RunTime:0.000721s ]
INFO: [ app_begin ] --START--
INFO: Run Behavior\ReadHtmlCacheBehavior [ RunTime:0.000944s ]
INFO: [ app_begin ] --END-- [ RunTime:0.001081s ]
NOTIC: [8] Use of undefined constant Y - assumed 'Y' E:\wamp\www\myguopin\Application\Admin\Controller\FontEndController.class.php 第 22 行.
SQL: SHOW COLUMNS FROM `m_admin_infor` [ RunTime:0.1083s ]
SQL: SELECT * FROM `m_admin_infor` WHERE ( id=1 ) LIMIT 1   [ RunTime:0.0004s ]
SQL: SHOW COLUMNS FROM `m_order` [ RunTime:0.0066s ]
SQL: SELECT COUNT(*) AS tp_count FROM `m_order` WHERE ( deleted=0 ) LIMIT 1   [ RunTime:0.0003s ]
SQL: SHOW COLUMNS FROM `m_order` [ RunTime:0.0068s ]
SQL: SELECT * FROM m_order t1,m_users t2 WHERE ( t1.user_id=t2.user_id and t1.deleted=0 ) ORDER BY t1.order_id desc LIMIT 0,10   [ RunTime:0.0069s ]
INFO: [ view_parse ] --START--
INFO: [ template_filter ] --START--
INFO: Run Behavior\ContentReplaceBehavior [ RunTime:0.000162s ]
INFO: [ template_filter ] --END-- [ RunTime:0.000273s ]
NOTIC: [8] Undefined index: fahuo_day E:\wamp\www\myguopin\Application\Runtime\Cache\Admin\e2649535b6f91537217b454efcaa7127.php 第 61 行.
NOTIC: [8] Undefined index: fahuo_day E:\wamp\www\myguopin\Application\Runtime\Cache\Admin\e2649535b6f91537217b454efcaa7127.php 第 61 行.
NOTIC: [8] Undefined index: fahuo_day E:\wamp\www\myguopin\Application\Runtime\Cache\Admin\e2649535b6f91537217b454efcaa7127.php 第 61 行.
NOTIC: [8] Undefined index: fahuo_day E:\wamp\www\myguopin\Application\Runtime\Cache\Admin\e2649535b6f91537217b454efcaa7127.php 第 61 行.
NOTIC: [8] Undefined index: fahuo_day E:\wamp\www\myguopin\Application\Runtime\Cache\Admin\e2649535b6f91537217b454efcaa7127.php 第 61 行.
NOTIC: [8] Undefined index: fahuo_day E:\wamp\www\myguopin\Application\Runtime\Cache\Admin\e2649535b6f91537217b454efcaa7127.php 第 61 行.
NOTIC: [8] Undefined index: fahuo_day E:\wamp\www\myguopin\Application\Runtime\Cache\Admin\e2649535b6f91537217b454efcaa7127.php 第 61 行.
NOTIC: [8] Undefined index: fahuo_day E:\wamp\www\myguopin\Application\Runtime\Cache\Admin\e2649535b6f91537217b454efcaa7127.php 第 61 行.
NOTIC: [8] Undefined index: fahuo_day E:\wamp\www\myguopin\Application\Runtime\Cache\Admin\e2649535b6f91537217b454efcaa7127.php 第 61 行.
NOTIC: [8] Undefined index: fahuo_day E:\wamp\www\myguopin\Application\Runtime\Cache\Admin\e2649535b6f91537217b454efcaa7127.php 第 61 行.
INFO: Run Behavior\ParseTemplateBehavior [ RunTime:0.014564s ]
INFO: [ view_parse ] --END-- [ RunTime:0.014652s ]
INFO: [ view_filter ] --START--
INFO: Run Behavior\WriteHtmlCacheBehavior [ RunTime:0.000569s ]
INFO: Run Behavior\TokenBuildBehavior [ RunTime:0.001074s ]
INFO: [ view_filter ] --END-- [ RunTime:0.001765s ]
INFO: [ app_end ] --START--
INFO: Run Behavior\ShowPageTraceBehavior [ RunTime:0.000772s ]
INFO: [ app_end ] --END-- [ RunTime:0.000851s ]

[ 2016-07-28T00:15:52+08:00 ] 127.0.0.1 /Admin/Ordermanage/index/p/1.html
INFO: [ app_init ] --START--
INFO: Run Behavior\BuildLiteBehavior [ RunTime:0.000027s ]
INFO: [ app_init ] --END-- [ RunTime:0.000650s ]
INFO: [ app_begin ] --START--
INFO: Run Behavior\ReadHtmlCacheBehavior [ RunTime:0.000964s ]
INFO: [ app_begin ] --END-- [ RunTime:0.001120s ]
NOTIC: [8] Use of undefined constant Y - assumed 'Y' E:\wamp\www\myguopin\Application\Admin\Controller\FontEndController.class.php 第 22 行.
SQL: SHOW COLUMNS FROM `m_admin_infor` [ RunTime:0.0089s ]
SQL: SELECT * FROM `m_admin_infor` WHERE ( id=1 ) LIMIT 1   [ RunTime:0.0003s ]
SQL: SHOW COLUMNS FROM `m_order` [ RunTime:0.0064s ]
SQL: SELECT COUNT(*) AS tp_count FROM `m_order` WHERE ( deleted=0 ) LIMIT 1   [ RunTime:0.0003s ]
SQL: SHOW COLUMNS FROM `m_order` [ RunTime:0.0086s ]
SQL: SELECT * FROM m_order t1,m_users t2 WHERE ( t1.user_id=t2.user_id and t1.deleted=0 ) ORDER BY t1.order_id desc LIMIT 0,10   [ RunTime:0.0075s ]
INFO: [ view_parse ] --START--
INFO: [ template_filter ] --START--
INFO: Run Behavior\ContentReplaceBehavior [ RunTime:0.000103s ]
INFO: [ template_filter ] --END-- [ RunTime:0.000196s ]
NOTIC: [8] Undefined index: fahuo_day E:\wamp\www\myguopin\Application\Runtime\Cache\Admin\e2649535b6f91537217b454efcaa7127.php 第 61 行.
NOTIC: [8] Undefined index: fahuo_day E:\wamp\www\myguopin\Application\Runtime\Cache\Admin\e2649535b6f91537217b454efcaa7127.php 第 61 行.
NOTIC: [8] Undefined index: fahuo_day E:\wamp\www\myguopin\Application\Runtime\Cache\Admin\e2649535b6f91537217b454efcaa7127.php 第 61 行.
NOTIC: [8] Undefined index: fahuo_day E:\wamp\www\myguopin\Application\Runtime\Cache\Admin\e2649535b6f91537217b454efcaa7127.php 第 61 行.
NOTIC: [8] Undefined index: fahuo_day E:\wamp\www\myguopin\Application\Runtime\Cache\Admin\e2649535b6f91537217b454efcaa7127.php 第 61 行.
NOTIC: [8] Undefined index: fahuo_day E:\wamp\www\myguopin\Application\Runtime\Cache\Admin\e2649535b6f91537217b454efcaa7127.php 第 61 行.
NOTIC: [8] Undefined index: fahuo_day E:\wamp\www\myguopin\Application\Runtime\Cache\Admin\e2649535b6f91537217b454efcaa7127.php 第 61 行.
NOTIC: [8] Undefined index: fahuo_day E:\wamp\www\myguopin\Application\Runtime\Cache\Admin\e2649535b6f91537217b454efcaa7127.php 第 61 行.
NOTIC: [8] Undefined index: fahuo_day E:\wamp\www\myguopin\Application\Runtime\Cache\Admin\e2649535b6f91537217b454efcaa7127.php 第 61 行.
NOTIC: [8] Undefined index: fahuo_day E:\wamp\www\myguopin\Application\Runtime\Cache\Admin\e2649535b6f91537217b454efcaa7127.php 第 61 行.
INFO: Run Behavior\ParseTemplateBehavior [ RunTime:0.013963s ]
INFO: [ view_parse ] --END-- [ RunTime:0.014075s ]
INFO: [ view_filter ] --START--
INFO: Run Behavior\WriteHtmlCacheBehavior [ RunTime:0.000791s ]
INFO: Run Behavior\TokenBuildBehavior [ RunTime:0.001183s ]
INFO: [ view_filter ] --END-- [ RunTime:0.002122s ]
INFO: [ app_end ] --START--
INFO: Run Behavior\ShowPageTraceBehavior [ RunTime:0.000967s ]
INFO: [ app_end ] --END-- [ RunTime:0.001049s ]

[ 2016-07-28T00:16:27+08:00 ] 127.0.0.1 /Admin/Ordermanage/index/p/1.html
INFO: [ app_init ] --START--
INFO: Run Behavior\BuildLiteBehavior [ RunTime:0.000030s ]
INFO: [ app_init ] --END-- [ RunTime:0.000667s ]
INFO: [ app_begin ] --START--
INFO: Run Behavior\ReadHtmlCacheBehavior [ RunTime:0.000850s ]
INFO: [ app_begin ] --END-- [ RunTime:0.000967s ]
NOTIC: [8] Use of undefined constant Y - assumed 'Y' E:\wamp\www\myguopin\Application\Admin\Controller\FontEndController.class.php 第 22 行.
SQL: SHOW COLUMNS FROM `m_admin_infor` [ RunTime:0.0085s ]
SQL: SELECT * FROM `m_admin_infor` WHERE ( id=1 ) LIMIT 1   [ RunTime:0.0004s ]
SQL: SHOW COLUMNS FROM `m_order` [ RunTime:0.0066s ]
SQL: SELECT COUNT(*) AS tp_count FROM `m_order` WHERE ( deleted=0 ) LIMIT 1   [ RunTime:0.0003s ]
SQL: SHOW COLUMNS FROM `m_order` [ RunTime:0.0074s ]
SQL: SELECT * FROM m_order t1,m_users t2 WHERE ( t1.user_id=t2.user_id and t1.deleted=0 ) ORDER BY t1.order_id desc LIMIT 0,10   [ RunTime:0.0070s ]
INFO: [ view_parse ] --START--
INFO: [ template_filter ] --START--
INFO: Run Behavior\ContentReplaceBehavior [ RunTime:0.000101s ]
INFO: [ template_filter ] --END-- [ RunTime:0.000187s ]
INFO: Run Behavior\ParseTemplateBehavior [ RunTime:0.012847s ]
INFO: [ view_parse ] --END-- [ RunTime:0.012945s ]
INFO: [ view_filter ] --START--
INFO: Run Behavior\WriteHtmlCacheBehavior [ RunTime:0.000581s ]
INFO: Run Behavior\TokenBuildBehavior [ RunTime:0.001050s ]
INFO: [ view_filter ] --END-- [ RunTime:0.001753s ]
INFO: [ app_end ] --START--
INFO: Run Behavior\ShowPageTraceBehavior [ RunTime:0.000786s ]
INFO: [ app_end ] --END-- [ RunTime:0.000876s ]

[ 2016-07-28T10:30:33+08:00 ] 127.0.0.1 /Admin/Ordermanage/index/p/1.html
INFO: [ app_init ] --START--
INFO: Run Behavior\BuildLiteBehavior [ RunTime:0.000025s ]
INFO: [ app_init ] --END-- [ RunTime:0.000730s ]
INFO: [ app_begin ] --START--
INFO: Run Behavior\ReadHtmlCacheBehavior [ RunTime:0.000997s ]
INFO: [ app_begin ] --END-- [ RunTime:0.001139s ]
NOTIC: [8] Use of undefined constant Y - assumed 'Y' E:\wamp\www\myguopin\Application\Admin\Controller\FontEndController.class.php 第 22 行.
SQL: SHOW COLUMNS FROM `m_admin_infor` [ RunTime:0.0458s ]
SQL: SELECT * FROM `m_admin_infor` WHERE ( id=1 ) LIMIT 1   [ RunTime:0.0008s ]
SQL: SHOW COLUMNS FROM `m_order` [ RunTime:0.0081s ]
SQL: SELECT COUNT(*) AS tp_count FROM `m_order` WHERE ( deleted=0 ) LIMIT 1   [ RunTime:0.0005s ]
SQL: SHOW COLUMNS FROM `m_order` [ RunTime:0.0058s ]
SQL: SELECT * FROM m_order t1,m_users t2 WHERE ( t1.user_id=t2.user_id and t1.deleted=0 ) ORDER BY t1.order_id desc LIMIT 0,10   [ RunTime:0.0269s ]
INFO: [ view_parse ] --START--
INFO: [ template_filter ] --START--
INFO: Run Behavior\ContentReplaceBehavior [ RunTime:0.000101s ]
INFO: [ template_filter ] --END-- [ RunTime:0.000226s ]
INFO: Run Behavior\ParseTemplateBehavior [ RunTime:0.078271s ]
INFO: [ view_parse ] --END-- [ RunTime:0.078364s ]
INFO: [ view_filter ] --START--
INFO: Run Behavior\WriteHtmlCacheBehavior [ RunTime:0.001254s ]
INFO: Run Behavior\TokenBuildBehavior [ RunTime:0.001203s ]
INFO: [ view_filter ] --END-- [ RunTime:0.002628s ]
INFO: [ app_end ] --START--
INFO: Run Behavior\ShowPageTraceBehavior [ RunTime:0.001155s ]
INFO: [ app_end ] --END-- [ RunTime:0.001279s ]

[ 2016-07-28T10:31:43+08:00 ] 127.0.0.1 /Admin/Ordermanage/index/p/1.html
INFO: [ app_init ] --START--
INFO: Run Behavior\BuildLiteBehavior [ RunTime:0.000025s ]
INFO: [ app_init ] --END-- [ RunTime:0.000698s ]
INFO: [ app_begin ] --START--
INFO: Run Behavior\ReadHtmlCacheBehavior [ RunTime:0.000862s ]
INFO: [ app_begin ] --END-- [ RunTime:0.000953s ]
NOTIC: [8] Use of undefined constant Y - assumed 'Y' E:\wamp\www\myguopin\Application\Admin\Controller\FontEndController.class.php 第 22 行.
SQL: SHOW COLUMNS FROM `m_admin_infor` [ RunTime:0.0117s ]
SQL: SELECT * FROM `m_admin_infor` WHERE ( id=1 ) LIMIT 1   [ RunTime:0.0004s ]
SQL: SHOW COLUMNS FROM `m_order` [ RunTime:0.0062s ]
SQL: SELECT COUNT(*) AS tp_count FROM `m_order` WHERE ( deleted=0 ) LIMIT 1   [ RunTime:0.0004s ]
SQL: SHOW COLUMNS FROM `m_order` [ RunTime:0.0090s ]
SQL: SELECT * FROM m_order t1,m_users t2 WHERE ( t1.user_id=t2.user_id and t1.deleted=0 ) ORDER BY t1.order_id desc LIMIT 0,10   [ RunTime:0.0168s ]
INFO: [ view_parse ] --START--
INFO: [ template_filter ] --START--
INFO: Run Behavior\ContentReplaceBehavior [ RunTime:0.000121s ]
INFO: [ template_filter ] --END-- [ RunTime:0.000226s ]
INFO: Run Behavior\ParseTemplateBehavior [ RunTime:0.018104s ]
INFO: [ view_parse ] --END-- [ RunTime:0.018200s ]
INFO: [ view_filter ] --START--
INFO: Run Behavior\WriteHtmlCacheBehavior [ RunTime:0.000571s ]
INFO: Run Behavior\TokenBuildBehavior [ RunTime:0.001109s ]
INFO: [ view_filter ] --END-- [ RunTime:0.001821s ]
INFO: [ app_end ] --START--
INFO: Run Behavior\ShowPageTraceBehavior [ RunTime:0.000852s ]
INFO: [ app_end ] --END-- [ RunTime:0.000952s ]

[ 2016-07-28T10:32:00+08:00 ] 127.0.0.1 /Admin/Ordermanage/index/p/2.html
INFO: [ app_init ] --START--
INFO: Run Behavior\BuildLiteBehavior [ RunTime:0.000024s ]
INFO: [ app_init ] --END-- [ RunTime:0.000600s ]
INFO: [ app_begin ] --START--
INFO: Run Behavior\ReadHtmlCacheBehavior [ RunTime:0.000778s ]
INFO: [ app_begin ] --END-- [ RunTime:0.000866s ]
NOTIC: [8] Use of undefined constant Y - assumed 'Y' E:\wamp\www\myguopin\Application\Admin\Controller\FontEndController.class.php 第 22 行.
SQL: SHOW COLUMNS FROM `m_admin_infor` [ RunTime:0.0075s ]
SQL: SELECT * FROM `m_admin_infor` WHERE ( id=1 ) LIMIT 1   [ RunTime:0.0003s ]
SQL: SHOW COLUMNS FROM `m_order` [ RunTime:0.0068s ]
SQL: SELECT COUNT(*) AS tp_count FROM `m_order` WHERE ( deleted=0 ) LIMIT 1   [ RunTime:0.0004s ]
SQL: SHOW COLUMNS FROM `m_order` [ RunTime:0.0329s ]
SQL: SELECT * FROM m_order t1,m_users t2 WHERE ( t1.user_id=t2.user_id and t1.deleted=0 ) ORDER BY t1.order_id desc LIMIT 10,10   [ RunTime:0.0222s ]
INFO: [ view_parse ] --START--
INFO: [ template_filter ] --START--
INFO: Run Behavior\ContentReplaceBehavior [ RunTime:0.000104s ]
INFO: [ template_filter ] --END-- [ RunTime:0.000189s ]
INFO: Run Behavior\ParseTemplateBehavior [ RunTime:0.012003s ]
INFO: [ view_parse ] --END-- [ RunTime:0.012092s ]
INFO: [ view_filter ] --START--
INFO: Run Behavior\WriteHtmlCacheBehavior [ RunTime:0.000550s ]
INFO: Run Behavior\TokenBuildBehavior [ RunTime:0.001609s ]
INFO: [ view_filter ] --END-- [ RunTime:0.002297s ]
INFO: [ app_end ] --START--
INFO: Run Behavior\ShowPageTraceBehavior [ RunTime:0.000890s ]
INFO: [ app_end ] --END-- [ RunTime:0.000983s ]

[ 2016-07-28T10:32:02+08:00 ] 127.0.0.1 /Admin/Ordermanage/index/p/1.html
INFO: [ app_init ] --START--
INFO: Run Behavior\BuildLiteBehavior [ RunTime:0.000033s ]
INFO: [ app_init ] --END-- [ RunTime:0.000717s ]
INFO: [ app_begin ] --START--
INFO: Run Behavior\ReadHtmlCacheBehavior [ RunTime:0.000804s ]
INFO: [ app_begin ] --END-- [ RunTime:0.000909s ]
NOTIC: [8] Use of undefined constant Y - assumed 'Y' E:\wamp\www\myguopin\Application\Admin\Controller\FontEndController.class.php 第 22 行.
SQL: SHOW COLUMNS FROM `m_admin_infor` [ RunTime:0.1198s ]
SQL: SELECT * FROM `m_admin_infor` WHERE ( id=1 ) LIMIT 1   [ RunTime:0.0003s ]
SQL: SHOW COLUMNS FROM `m_order` [ RunTime:0.0063s ]
SQL: SELECT COUNT(*) AS tp_count FROM `m_order` WHERE ( deleted=0 ) LIMIT 1   [ RunTime:0.0004s ]
SQL: SHOW COLUMNS FROM `m_order` [ RunTime:0.0088s ]
SQL: SELECT * FROM m_order t1,m_users t2 WHERE ( t1.user_id=t2.user_id and t1.deleted=0 ) ORDER BY t1.order_id desc LIMIT 0,10   [ RunTime:0.0078s ]
INFO: [ view_parse ] --START--
INFO: [ template_filter ] --START--
INFO: Run Behavior\ContentReplaceBehavior [ RunTime:0.000125s ]
INFO: [ template_filter ] --END-- [ RunTime:0.000245s ]
INFO: Run Behavior\ParseTemplateBehavior [ RunTime:0.014247s ]
INFO: [ view_parse ] --END-- [ RunTime:0.014375s ]
INFO: [ view_filter ] --START--
INFO: Run Behavior\WriteHtmlCacheBehavior [ RunTime:0.000599s ]
INFO: Run Behavior\TokenBuildBehavior [ RunTime:0.001328s ]
INFO: [ view_filter ] --END-- [ RunTime:0.002073s ]
INFO: [ app_end ] --START--
INFO: Run Behavior\ShowPageTraceBehavior [ RunTime:0.000810s ]
INFO: [ app_end ] --END-- [ RunTime:0.000893s ]

[ 2016-07-28T10:35:52+08:00 ] 127.0.0.1 /Admin/Ordermanage/index/p/1.html
INFO: [ app_init ] --START--
INFO: Run Behavior\BuildLiteBehavior [ RunTime:0.000027s ]
INFO: [ app_init ] --END-- [ RunTime:0.000587s ]
INFO: [ app_begin ] --START--
INFO: Run Behavior\ReadHtmlCacheBehavior [ RunTime:0.000867s ]
INFO: [ app_begin ] --END-- [ RunTime:0.000984s ]
NOTIC: [8] Use of undefined constant Y - assumed 'Y' E:\wamp\www\myguopin\Application\Admin\Controller\FontEndController.class.php 第 22 行.
SQL: SHOW COLUMNS FROM `m_admin_infor` [ RunTime:0.0053s ]
SQL: SELECT * FROM `m_admin_infor` WHERE ( id=1 ) LIMIT 1   [ RunTime:0.0004s ]
SQL: SHOW COLUMNS FROM `m_order` [ RunTime:0.0061s ]
SQL: SELECT COUNT(*) AS tp_count FROM `m_order` WHERE ( deleted=0 ) LIMIT 1   [ RunTime:0.0007s ]
SQL: SHOW COLUMNS FROM `m_order` [ RunTime:0.0057s ]
SQL: SELECT * FROM m_order t1,m_users t2 WHERE ( t1.user_id=t2.user_id and t1.deleted=0 ) ORDER BY t1.order_id desc LIMIT 0,10   [ RunTime:0.0173s ]
INFO: [ view_parse ] --START--
INFO: [ template_filter ] --START--
INFO: Run Behavior\ContentReplaceBehavior [ RunTime:0.000101s ]
INFO: [ template_filter ] --END-- [ RunTime:0.000191s ]
INFO: Run Behavior\ParseTemplateBehavior [ RunTime:0.013517s ]
INFO: [ view_parse ] --END-- [ RunTime:0.013617s ]
INFO: [ view_filter ] --START--
INFO: Run Behavior\WriteHtmlCacheBehavior [ RunTime:0.000637s ]
INFO: Run Behavior\TokenBuildBehavior [ RunTime:0.001056s ]
INFO: [ view_filter ] --END-- [ RunTime:0.001814s ]
INFO: [ app_end ] --START--
INFO: Run Behavior\ShowPageTraceBehavior [ RunTime:0.000776s ]
INFO: [ app_end ] --END-- [ RunTime:0.000855s ]

[ 2016-07-28T10:41:01+08:00 ] 127.0.0.1 /Admin/Ordermanage/index/p/1.html
INFO: [ app_init ] --START--
INFO: Run Behavior\BuildLiteBehavior [ RunTime:0.000031s ]
INFO: [ app_init ] --END-- [ RunTime:0.000910s ]
INFO: [ app_begin ] --START--
INFO: Run Behavior\ReadHtmlCacheBehavior [ RunTime:0.000980s ]
INFO: [ app_begin ] --END-- [ RunTime:0.001118s ]
NOTIC: [8] Use of undefined constant Y - assumed 'Y' E:\wamp\www\myguopin\Application\Admin\Controller\FontEndController.class.php 第 22 行.
SQL: SHOW COLUMNS FROM `m_admin_infor` [ RunTime:0.0075s ]
SQL: SELECT * FROM `m_admin_infor` WHERE ( id=1 ) LIMIT 1   [ RunTime:0.0004s ]
SQL: SHOW COLUMNS FROM `m_order` [ RunTime:0.0088s ]
SQL: SELECT COUNT(*) AS tp_count FROM `m_order` WHERE ( deleted=0 ) LIMIT 1   [ RunTime:0.0005s ]
SQL: SHOW COLUMNS FROM `m_order` [ RunTime:0.0084s ]
SQL: SELECT * FROM m_order t1,m_users t2 WHERE ( t1.user_id=t2.user_id and t1.deleted=0 ) ORDER BY t1.order_id desc LIMIT 0,10   [ RunTime:0.0093s ]
INFO: [ view_parse ] --START--
INFO: [ template_filter ] --START--
INFO: Run Behavior\ContentReplaceBehavior [ RunTime:0.000213s ]
INFO: [ template_filter ] --END-- [ RunTime:0.000559s ]
NOTIC: [8] Undefined variable: status E:\wamp\www\myguopin\Application\Runtime\Cache\Admin\e2649535b6f91537217b454efcaa7127.php 第 65 行.
NOTIC: [8] Undefined variable: status E:\wamp\www\myguopin\Application\Runtime\Cache\Admin\e2649535b6f91537217b454efcaa7127.php 第 65 行.
NOTIC: [8] Undefined variable: status E:\wamp\www\myguopin\Application\Runtime\Cache\Admin\e2649535b6f91537217b454efcaa7127.php 第 65 行.
NOTIC: [8] Undefined variable: status E:\wamp\www\myguopin\Application\Runtime\Cache\Admin\e2649535b6f91537217b454efcaa7127.php 第 65 行.
NOTIC: [8] Undefined variable: status E:\wamp\www\myguopin\Application\Runtime\Cache\Admin\e2649535b6f91537217b454efcaa7127.php 第 65 行.
NOTIC: [8] Undefined variable: status E:\wamp\www\myguopin\Application\Runtime\Cache\Admin\e2649535b6f91537217b454efcaa7127.php 第 65 行.
NOTIC: [8] Undefined variable: status E:\wamp\www\myguopin\Application\Runtime\Cache\Admin\e2649535b6f91537217b454efcaa7127.php 第 65 行.
NOTIC: [8] Undefined variable: status E:\wamp\www\myguopin\Application\Runtime\Cache\Admin\e2649535b6f91537217b454efcaa7127.php 第 65 行.
NOTIC: [8] Undefined variable: status E:\wamp\www\myguopin\Application\Runtime\Cache\Admin\e2649535b6f91537217b454efcaa7127.php 第 65 行.
NOTIC: [8] Undefined variable: status E:\wamp\www\myguopin\Application\Runtime\Cache\Admin\e2649535b6f91537217b454efcaa7127.php 第 65 行.
INFO: Run Behavior\ParseTemplateBehavior [ RunTime:0.033151s ]
INFO: [ view_parse ] --END-- [ RunTime:0.033323s ]
INFO: [ view_filter ] --START--
INFO: Run Behavior\WriteHtmlCacheBehavior [ RunTime:0.000812s ]
INFO: Run Behavior\TokenBuildBehavior [ RunTime:0.001413s ]
INFO: [ view_filter ] --END-- [ RunTime:0.002470s ]
INFO: [ app_end ] --START--
INFO: Run Behavior\ShowPageTraceBehavior [ RunTime:0.000956s ]
INFO: [ app_end ] --END-- [ RunTime:0.001061s ]

[ 2016-07-28T10:41:46+08:00 ] 127.0.0.1 /Admin/Ordermanage/index/p/1.html
INFO: [ app_init ] --START--
INFO: Run Behavior\BuildLiteBehavior [ RunTime:0.000026s ]
INFO: [ app_init ] --END-- [ RunTime:0.000613s ]
INFO: [ app_begin ] --START--
INFO: Run Behavior\ReadHtmlCacheBehavior [ RunTime:0.000895s ]
INFO: [ app_begin ] --END-- [ RunTime:0.001072s ]
NOTIC: [8] Use of undefined constant Y - assumed 'Y' E:\wamp\www\myguopin\Application\Admin\Controller\FontEndController.class.php 第 22 行.
SQL: SHOW COLUMNS FROM `m_admin_infor` [ RunTime:0.0087s ]
SQL: SELECT * FROM `m_admin_infor` WHERE ( id=1 ) LIMIT 1   [ RunTime:0.0004s ]
SQL: SHOW COLUMNS FROM `m_order` [ RunTime:0.0061s ]
SQL: SELECT COUNT(*) AS tp_count FROM `m_order` WHERE ( deleted=0 ) LIMIT 1   [ RunTime:0.0004s ]
SQL: SHOW COLUMNS FROM `m_order` [ RunTime:0.0066s ]
SQL: SELECT * FROM m_order t1,m_users t2 WHERE ( t1.user_id=t2.user_id and t1.deleted=0 ) ORDER BY t1.order_id desc LIMIT 0,10   [ RunTime:0.0067s ]
INFO: [ view_parse ] --START--
INFO: [ template_filter ] --START--
INFO: Run Behavior\ContentReplaceBehavior [ RunTime:0.000109s ]
INFO: [ template_filter ] --END-- [ RunTime:0.000202s ]
INFO: Run Behavior\ParseTemplateBehavior [ RunTime:0.012475s ]
INFO: [ view_parse ] --END-- [ RunTime:0.012602s ]
INFO: [ view_filter ] --START--
INFO: Run Behavior\WriteHtmlCacheBehavior [ RunTime:0.000551s ]
INFO: Run Behavior\TokenBuildBehavior [ RunTime:0.001092s ]
INFO: [ view_filter ] --END-- [ RunTime:0.001779s ]
INFO: [ app_end ] --START--
INFO: Run Behavior\ShowPageTraceBehavior [ RunTime:0.000820s ]
INFO: [ app_end ] --END-- [ RunTime:0.000914s ]

[ 2016-07-28T10:58:07+08:00 ] 127.0.0.1 /Admin/Ordermanage/index/p/1.html
INFO: [ app_init ] --START--
INFO: Run Behavior\BuildLiteBehavior [ RunTime:0.000026s ]
INFO: [ app_init ] --END-- [ RunTime:0.000742s ]
INFO: [ app_begin ] --START--
INFO: Run Behavior\ReadHtmlCacheBehavior [ RunTime:0.001108s ]
INFO: [ app_begin ] --END-- [ RunTime:0.001235s ]
NOTIC: [8] Use of undefined constant Y - assumed 'Y' E:\wamp\www\myguopin\Application\Admin\Controller\FontEndController.class.php 第 22 行.
SQL: SHOW COLUMNS FROM `m_admin_infor` [ RunTime:0.0380s ]
SQL: SELECT * FROM `m_admin_infor` WHERE ( id=1 ) LIMIT 1   [ RunTime:0.0005s ]
SQL: SHOW COLUMNS FROM `m_order` [ RunTime:0.0061s ]
SQL: SELECT COUNT(*) AS tp_count FROM `m_order` WHERE ( deleted=0 ) LIMIT 1   [ RunTime:0.0005s ]
SQL: SHOW COLUMNS FROM `m_order` [ RunTime:0.0068s ]
SQL: SELECT * FROM m_order t1,m_users t2 WHERE ( t1.user_id=t2.user_id and t1.deleted=0 ) ORDER BY t1.order_id desc LIMIT 0,10   [ RunTime:0.0218s ]
INFO: [ view_parse ] --START--
INFO: [ template_filter ] --START--
INFO: Run Behavior\ContentReplaceBehavior [ RunTime:0.000108s ]
INFO: [ template_filter ] --END-- [ RunTime:0.000198s ]
INFO: Run Behavior\ParseTemplateBehavior [ RunTime:0.052619s ]
INFO: [ view_parse ] --END-- [ RunTime:0.052720s ]
INFO: [ view_filter ] --START--
INFO: Run Behavior\WriteHtmlCacheBehavior [ RunTime:0.001401s ]
INFO: Run Behavior\TokenBuildBehavior [ RunTime:0.001308s ]
INFO: [ view_filter ] --END-- [ RunTime:0.002919s ]
INFO: [ app_end ] --START--
INFO: Run Behavior\ShowPageTraceBehavior [ RunTime:0.001754s ]
INFO: [ app_end ] --END-- [ RunTime:0.001863s ]

[ 2016-07-28T11:04:21+08:00 ] 127.0.0.1 /Admin/Ordermanage/index/p/1.html
INFO: [ app_init ] --START--
INFO: Run Behavior\BuildLiteBehavior [ RunTime:0.000033s ]
INFO: [ app_init ] --END-- [ RunTime:0.000782s ]
INFO: [ app_begin ] --START--
INFO: Run Behavior\ReadHtmlCacheBehavior [ RunTime:0.000856s ]
INFO: [ app_begin ] --END-- [ RunTime:0.000978s ]
NOTIC: [8] Use of undefined constant Y - assumed 'Y' E:\wamp\www\myguopin\Application\Admin\Controller\FontEndController.class.php 第 22 行.
SQL: SHOW COLUMNS FROM `m_admin_infor` [ RunTime:0.0058s ]
SQL: SELECT * FROM `m_admin_infor` WHERE ( id=1 ) LIMIT 1   [ RunTime:0.0004s ]
SQL: SHOW COLUMNS FROM `m_order` [ RunTime:0.0147s ]
SQL: SELECT COUNT(*) AS tp_count FROM `m_order` WHERE ( deleted=0 ) LIMIT 1   [ RunTime:0.0005s ]
SQL: SHOW COLUMNS FROM `m_order` [ RunTime:0.0059s ]
SQL: SELECT * FROM m_order t1,m_users t2 WHERE ( t1.user_id=t2.user_id and t1.deleted=0 ) ORDER BY t1.order_id desc LIMIT 0,10   [ RunTime:0.0072s ]
INFO: [ view_parse ] --START--
INFO: [ template_filter ] --START--
INFO: Run Behavior\ContentReplaceBehavior [ RunTime:0.000108s ]
INFO: [ template_filter ] --END-- [ RunTime:0.000198s ]
INFO: Run Behavior\ParseTemplateBehavior [ RunTime:0.015316s ]
INFO: [ view_parse ] --END-- [ RunTime:0.015447s ]
INFO: [ view_filter ] --START--
INFO: Run Behavior\WriteHtmlCacheBehavior [ RunTime:0.000607s ]
INFO: Run Behavior\TokenBuildBehavior [ RunTime:0.001050s ]
INFO: [ view_filter ] --END-- [ RunTime:0.001797s ]
INFO: [ app_end ] --START--
INFO: Run Behavior\ShowPageTraceBehavior [ RunTime:0.000792s ]
INFO: [ app_end ] --END-- [ RunTime:0.000872s ]

[ 2016-07-28T11:10:10+08:00 ] 127.0.0.1 /Admin/Ordermanage/index/p/1.html
INFO: [ app_init ] --START--
INFO: Run Behavior\BuildLiteBehavior [ RunTime:0.000035s ]
INFO: [ app_init ] --END-- [ RunTime:0.000698s ]
INFO: [ app_begin ] --START--
INFO: Run Behavior\ReadHtmlCacheBehavior [ RunTime:0.001684s ]
INFO: [ app_begin ] --END-- [ RunTime:0.001847s ]
NOTIC: [8] Use of undefined constant Y - assumed 'Y' E:\wamp\www\myguopin\Application\Admin\Controller\FontEndController.class.php 第 22 行.
SQL: SHOW COLUMNS FROM `m_admin_infor` [ RunTime:0.0079s ]
SQL: SELECT * FROM `m_admin_infor` WHERE ( id=1 ) LIMIT 1   [ RunTime:0.0006s ]
SQL: SHOW COLUMNS FROM `m_order` [ RunTime:0.0060s ]
SQL: SELECT COUNT(*) AS tp_count FROM `m_order` WHERE ( deleted=0 ) LIMIT 1   [ RunTime:0.0006s ]
SQL: SHOW COLUMNS FROM `m_order` [ RunTime:0.0071s ]
SQL: SELECT * FROM m_order t1,m_users t2 WHERE ( t1.user_id=t2.user_id and t1.deleted=0 ) ORDER BY t1.order_id desc LIMIT 0,10   [ RunTime:0.0230s ]
INFO: [ view_parse ] --START--
INFO: [ template_filter ] --START--
INFO: Run Behavior\ContentReplaceBehavior [ RunTime:0.000125s ]
INFO: [ template_filter ] --END-- [ RunTime:0.000224s ]
INFO: Run Behavior\ParseTemplateBehavior [ RunTime:0.014362s ]
INFO: [ view_parse ] --END-- [ RunTime:0.014470s ]
INFO: [ view_filter ] --START--
INFO: Run Behavior\WriteHtmlCacheBehavior [ RunTime:0.000663s ]
INFO: Run Behavior\TokenBuildBehavior [ RunTime:0.001551s ]
INFO: [ view_filter ] --END-- [ RunTime:0.002413s ]
INFO: [ app_end ] --START--
INFO: Run Behavior\ShowPageTraceBehavior [ RunTime:0.000838s ]
INFO: [ app_end ] --END-- [ RunTime:0.000916s ]

[ 2016-07-28T11:10:22+08:00 ] 127.0.0.1 /Admin/Ordermanage/index/p/2.html
INFO: [ app_init ] --START--
INFO: Run Behavior\BuildLiteBehavior [ RunTime:0.000023s ]
INFO: [ app_init ] --END-- [ RunTime:0.000631s ]
INFO: [ app_begin ] --START--
INFO: Run Behavior\ReadHtmlCacheBehavior [ RunTime:0.000775s ]
INFO: [ app_begin ] --END-- [ RunTime:0.000869s ]
NOTIC: [8] Use of undefined constant Y - assumed 'Y' E:\wamp\www\myguopin\Application\Admin\Controller\FontEndController.class.php 第 22 行.
SQL: SHOW COLUMNS FROM `m_admin_infor` [ RunTime:0.0049s ]
SQL: SELECT * FROM `m_admin_infor` WHERE ( id=1 ) LIMIT 1   [ RunTime:0.0004s ]
SQL: SHOW COLUMNS FROM `m_order` [ RunTime:0.0057s ]
SQL: SELECT COUNT(*) AS tp_count FROM `m_order` WHERE ( deleted=0 ) LIMIT 1   [ RunTime:0.0003s ]
SQL: SHOW COLUMNS FROM `m_order` [ RunTime:0.0181s ]
SQL: SELECT * FROM m_order t1,m_users t2 WHERE ( t1.user_id=t2.user_id and t1.deleted=0 ) ORDER BY t1.order_id desc LIMIT 10,10   [ RunTime:0.0203s ]
INFO: [ view_parse ] --START--
INFO: [ template_filter ] --START--
INFO: Run Behavior\ContentReplaceBehavior [ RunTime:0.000110s ]
INFO: [ template_filter ] --END-- [ RunTime:0.000200s ]
INFO: Run Behavior\ParseTemplateBehavior [ RunTime:0.013742s ]
INFO: [ view_parse ] --END-- [ RunTime:0.013849s ]
INFO: [ view_filter ] --START--
INFO: Run Behavior\WriteHtmlCacheBehavior [ RunTime:0.000818s ]
INFO: Run Behavior\TokenBuildBehavior [ RunTime:0.001450s ]
INFO: [ view_filter ] --END-- [ RunTime:0.002440s ]
INFO: [ app_end ] --START--
INFO: Run Behavior\ShowPageTraceBehavior [ RunTime:0.000853s ]
INFO: [ app_end ] --END-- [ RunTime:0.000942s ]

[ 2016-07-28T11:11:58+08:00 ] 127.0.0.1 /Admin/Ordermanage/index/p/2.html
INFO: [ app_init ] --START--
INFO: Run Behavior\BuildLiteBehavior [ RunTime:0.000039s ]
INFO: [ app_init ] --END-- [ RunTime:0.000740s ]
INFO: [ app_begin ] --START--
INFO: Run Behavior\ReadHtmlCacheBehavior [ RunTime:0.001409s ]
INFO: [ app_begin ] --END-- [ RunTime:0.001600s ]
NOTIC: [8] Use of undefined constant Y - assumed 'Y' E:\wamp\www\myguopin\Application\Admin\Controller\FontEndController.class.php 第 22 行.
SQL: SHOW COLUMNS FROM `m_admin_infor` [ RunTime:0.0067s ]
SQL: SELECT * FROM `m_admin_infor` WHERE ( id=1 ) LIMIT 1   [ RunTime:0.0004s ]
SQL: SHOW COLUMNS FROM `m_order` [ RunTime:0.0368s ]
SQL: SELECT COUNT(*) AS tp_count FROM `m_order` WHERE ( deleted=0 ) LIMIT 1   [ RunTime:0.0006s ]
SQL: SHOW COLUMNS FROM `m_order` [ RunTime:0.0060s ]
SQL: SELECT * FROM m_order t1,m_users t2 WHERE ( t1.user_id=t2.user_id and t1.deleted=0 ) ORDER BY t1.order_id desc LIMIT 10,10   [ RunTime:0.0190s ]
INFO: [ view_parse ] --START--
INFO: [ template_filter ] --START--
INFO: Run Behavior\ContentReplaceBehavior [ RunTime:0.000116s ]
INFO: [ template_filter ] --END-- [ RunTime:0.000206s ]
INFO: Run Behavior\ParseTemplateBehavior [ RunTime:0.014610s ]
INFO: [ view_parse ] --END-- [ RunTime:0.014703s ]
INFO: [ view_filter ] --START--
INFO: Run Behavior\WriteHtmlCacheBehavior [ RunTime:0.000562s ]
INFO: Run Behavior\TokenBuildBehavior [ RunTime:0.001032s ]
INFO: [ view_filter ] --END-- [ RunTime:0.001715s ]
INFO: [ app_end ] --START--
INFO: Run Behavior\ShowPageTraceBehavior [ RunTime:0.000768s ]
INFO: [ app_end ] --END-- [ RunTime:0.000846s ]

[ 2016-07-28T11:12:38+08:00 ] 127.0.0.1 /Admin/Ordermanage/index/p/2.html
INFO: [ app_init ] --START--
INFO: Run Behavior\BuildLiteBehavior [ RunTime:0.000028s ]
INFO: [ app_init ] --END-- [ RunTime:0.000618s ]
INFO: [ app_begin ] --START--
INFO: Run Behavior\ReadHtmlCacheBehavior [ RunTime:0.000891s ]
INFO: [ app_begin ] --END-- [ RunTime:0.001011s ]
NOTIC: [8] Use of undefined constant Y - assumed 'Y' E:\wamp\www\myguopin\Application\Admin\Controller\FontEndController.class.php 第 22 行.
SQL: SHOW COLUMNS FROM `m_admin_infor` [ RunTime:0.0085s ]
SQL: SELECT * FROM `m_admin_infor` WHERE ( id=1 ) LIMIT 1   [ RunTime:0.0005s ]
SQL: SHOW COLUMNS FROM `m_order` [ RunTime:0.0066s ]
SQL: SELECT COUNT(*) AS tp_count FROM `m_order` WHERE ( deleted=0 ) LIMIT 1   [ RunTime:0.0003s ]
SQL: SHOW COLUMNS FROM `m_order` [ RunTime:0.0079s ]
SQL: SELECT * FROM m_order t1,m_users t2 WHERE ( t1.user_id=t2.user_id and t1.deleted=0 ) ORDER BY t1.order_id desc LIMIT 10,10   [ RunTime:0.0072s ]
INFO: [ view_parse ] --START--
INFO: [ template_filter ] --START--
INFO: Run Behavior\ContentReplaceBehavior [ RunTime:0.000104s ]
INFO: [ template_filter ] --END-- [ RunTime:0.000189s ]
INFO: Run Behavior\ParseTemplateBehavior [ RunTime:0.123620s ]
INFO: [ view_parse ] --END-- [ RunTime:0.123715s ]
INFO: [ view_filter ] --START--
INFO: Run Behavior\WriteHtmlCacheBehavior [ RunTime:0.000580s ]
INFO: Run Behavior\TokenBuildBehavior [ RunTime:0.001008s ]
INFO: [ view_filter ] --END-- [ RunTime:0.001720s ]
INFO: [ app_end ] --START--
INFO: Run Behavior\ShowPageTraceBehavior [ RunTime:0.000779s ]
INFO: [ app_end ] --END-- [ RunTime:0.000860s ]

[ 2016-07-28T11:12:59+08:00 ] 127.0.0.1 /Admin/Ordermanage/index/p/3.html
INFO: [ app_init ] --START--
INFO: Run Behavior\BuildLiteBehavior [ RunTime:0.000024s ]
INFO: [ app_init ] --END-- [ RunTime:0.000657s ]
INFO: [ app_begin ] --START--
INFO: Run Behavior\ReadHtmlCacheBehavior [ RunTime:0.000807s ]
INFO: [ app_begin ] --END-- [ RunTime:0.000898s ]
NOTIC: [8] Use of undefined constant Y - assumed 'Y' E:\wamp\www\myguopin\Application\Admin\Controller\FontEndController.class.php 第 22 行.
SQL: SHOW COLUMNS FROM `m_admin_infor` [ RunTime:0.0059s ]
SQL: SELECT * FROM `m_admin_infor` WHERE ( id=1 ) LIMIT 1   [ RunTime:0.0004s ]
SQL: SHOW COLUMNS FROM `m_order` [ RunTime:0.0049s ]
SQL: SELECT COUNT(*) AS tp_count FROM `m_order` WHERE ( deleted=0 ) LIMIT 1   [ RunTime:0.0004s ]
SQL: SHOW COLUMNS FROM `m_order` [ RunTime:0.0071s ]
SQL: SELECT * FROM m_order t1,m_users t2 WHERE ( t1.user_id=t2.user_id and t1.deleted=0 ) ORDER BY t1.order_id desc LIMIT 20,10   [ RunTime:0.0071s ]
INFO: [ view_parse ] --START--
INFO: [ template_filter ] --START--
INFO: Run Behavior\ContentReplaceBehavior [ RunTime:0.000111s ]
INFO: [ template_filter ] --END-- [ RunTime:0.000200s ]
INFO: Run Behavior\ParseTemplateBehavior [ RunTime:0.012918s ]
INFO: [ view_parse ] --END-- [ RunTime:0.013056s ]
INFO: [ view_filter ] --START--
INFO: Run Behavior\WriteHtmlCacheBehavior [ RunTime:0.000800s ]
INFO: Run Behavior\TokenBuildBehavior [ RunTime:0.001049s ]
INFO: [ view_filter ] --END-- [ RunTime:0.002030s ]
INFO: [ app_end ] --START--
INFO: Run Behavior\ShowPageTraceBehavior [ RunTime:0.001313s ]
INFO: [ app_end ] --END-- [ RunTime:0.001518s ]

[ 2016-07-28T11:13:02+08:00 ] 127.0.0.1 /Admin/Ordermanage/index/p/2.html
INFO: [ app_init ] --START--
INFO: Run Behavior\BuildLiteBehavior [ RunTime:0.000128s ]
INFO: [ app_init ] --END-- [ RunTime:0.000836s ]
INFO: [ app_begin ] --START--
INFO: Run Behavior\ReadHtmlCacheBehavior [ RunTime:0.001227s ]
INFO: [ app_begin ] --END-- [ RunTime:0.001398s ]
NOTIC: [8] Use of undefined constant Y - assumed 'Y' E:\wamp\www\myguopin\Application\Admin\Controller\FontEndController.class.php 第 22 行.
SQL: SHOW COLUMNS FROM `m_admin_infor` [ RunTime:0.0062s ]
SQL: SELECT * FROM `m_admin_infor` WHERE ( id=1 ) LIMIT 1   [ RunTime:0.0003s ]
SQL: SHOW COLUMNS FROM `m_order` [ RunTime:0.0133s ]
SQL: SELECT COUNT(*) AS tp_count FROM `m_order` WHERE ( deleted=0 ) LIMIT 1   [ RunTime:0.0003s ]
SQL: SHOW COLUMNS FROM `m_order` [ RunTime:0.0064s ]
SQL: SELECT * FROM m_order t1,m_users t2 WHERE ( t1.user_id=t2.user_id and t1.deleted=0 ) ORDER BY t1.order_id desc LIMIT 10,10   [ RunTime:0.1042s ]
INFO: [ view_parse ] --START--
INFO: [ template_filter ] --START--
INFO: Run Behavior\ContentReplaceBehavior [ RunTime:0.000107s ]
INFO: [ template_filter ] --END-- [ RunTime:0.000207s ]
INFO: Run Behavior\ParseTemplateBehavior [ RunTime:0.013682s ]
INFO: [ view_parse ] --END-- [ RunTime:0.013780s ]
INFO: [ view_filter ] --START--
INFO: Run Behavior\WriteHtmlCacheBehavior [ RunTime:0.000580s ]
INFO: Run Behavior\TokenBuildBehavior [ RunTime:0.001082s ]
INFO: [ view_filter ] --END-- [ RunTime:0.001803s ]
INFO: [ app_end ] --START--
INFO: Run Behavior\ShowPageTraceBehavior [ RunTime:0.000837s ]
INFO: [ app_end ] --END-- [ RunTime:0.000920s ]

[ 2016-07-28T11:13:07+08:00 ] 127.0.0.1 /Admin/Ordermanage/index/p/1.html
INFO: [ app_init ] --START--
INFO: Run Behavior\BuildLiteBehavior [ RunTime:0.000022s ]
INFO: [ app_init ] --END-- [ RunTime:0.000606s ]
INFO: [ app_begin ] --START--
INFO: Run Behavior\ReadHtmlCacheBehavior [ RunTime:0.000767s ]
INFO: [ app_begin ] --END-- [ RunTime:0.000853s ]
NOTIC: [8] Use of undefined constant Y - assumed 'Y' E:\wamp\www\myguopin\Application\Admin\Controller\FontEndController.class.php 第 22 行.
SQL: SHOW COLUMNS FROM `m_admin_infor` [ RunTime:0.0064s ]
SQL: SELECT * FROM `m_admin_infor` WHERE ( id=1 ) LIMIT 1   [ RunTime:0.0003s ]
SQL: SHOW COLUMNS FROM `m_order` [ RunTime:0.0070s ]
SQL: SELECT COUNT(*) AS tp_count FROM `m_order` WHERE ( deleted=0 ) LIMIT 1   [ RunTime:0.0003s ]
SQL: SHOW COLUMNS FROM `m_order` [ RunTime:0.0058s ]
SQL: SELECT * FROM m_order t1,m_users t2 WHERE ( t1.user_id=t2.user_id and t1.deleted=0 ) ORDER BY t1.order_id desc LIMIT 0,10   [ RunTime:0.0081s ]
INFO: [ view_parse ] --START--
INFO: [ template_filter ] --START--
INFO: Run Behavior\ContentReplaceBehavior [ RunTime:0.000109s ]
INFO: [ template_filter ] --END-- [ RunTime:0.000195s ]
INFO: Run Behavior\ParseTemplateBehavior [ RunTime:0.013691s ]
INFO: [ view_parse ] --END-- [ RunTime:0.014005s ]
INFO: [ view_filter ] --START--
INFO: Run Behavior\WriteHtmlCacheBehavior [ RunTime:0.000825s ]
INFO: Run Behavior\TokenBuildBehavior [ RunTime:0.001031s ]
INFO: [ view_filter ] --END-- [ RunTime:0.002019s ]
INFO: [ app_end ] --START--
INFO: Run Behavior\ShowPageTraceBehavior [ RunTime:0.000769s ]
INFO: [ app_end ] --END-- [ RunTime:0.000848s ]

[ 2016-07-28T11:13:10+08:00 ] 127.0.0.1 /Admin/Ordermanage/index/p/2.html
INFO: [ app_init ] --START--
INFO: Run Behavior\BuildLiteBehavior [ RunTime:0.000033s ]
INFO: [ app_init ] --END-- [ RunTime:0.000646s ]
INFO: [ app_begin ] --START--
INFO: Run Behavior\ReadHtmlCacheBehavior [ RunTime:0.002004s ]
INFO: [ app_begin ] --END-- [ RunTime:0.002422s ]
NOTIC: [8] Use of undefined constant Y - assumed 'Y' E:\wamp\www\myguopin\Application\Admin\Controller\FontEndController.class.php 第 22 行.
SQL: SHOW COLUMNS FROM `m_admin_infor` [ RunTime:0.0223s ]
SQL: SELECT * FROM `m_admin_infor` WHERE ( id=1 ) LIMIT 1   [ RunTime:0.0003s ]
SQL: SHOW COLUMNS FROM `m_order` [ RunTime:0.0052s ]
SQL: SELECT COUNT(*) AS tp_count FROM `m_order` WHERE ( deleted=0 ) LIMIT 1   [ RunTime:0.0003s ]
SQL: SHOW COLUMNS FROM `m_order` [ RunTime:0.0076s ]
SQL: SELECT * FROM m_order t1,m_users t2 WHERE ( t1.user_id=t2.user_id and t1.deleted=0 ) ORDER BY t1.order_id desc LIMIT 10,10   [ RunTime:0.0072s ]
INFO: [ view_parse ] --START--
INFO: [ template_filter ] --START--
INFO: Run Behavior\ContentReplaceBehavior [ RunTime:0.000112s ]
INFO: [ template_filter ] --END-- [ RunTime:0.000205s ]
INFO: Run Behavior\ParseTemplateBehavior [ RunTime:0.014787s ]
INFO: [ view_parse ] --END-- [ RunTime:0.014888s ]
INFO: [ view_filter ] --START--
INFO: Run Behavior\WriteHtmlCacheBehavior [ RunTime:0.000579s ]
INFO: Run Behavior\TokenBuildBehavior [ RunTime:0.001046s ]
INFO: [ view_filter ] --END-- [ RunTime:0.001751s ]
INFO: [ app_end ] --START--
INFO: Run Behavior\ShowPageTraceBehavior [ RunTime:0.000782s ]
INFO: [ app_end ] --END-- [ RunTime:0.000864s ]

[ 2016-07-28T11:13:13+08:00 ] 127.0.0.1 /Admin/Ordermanage/index/p/1.html
INFO: [ app_init ] --START--
INFO: Run Behavior\BuildLiteBehavior [ RunTime:0.000039s ]
INFO: [ app_init ] --END-- [ RunTime:0.000903s ]
INFO: [ app_begin ] --START--
INFO: Run Behavior\ReadHtmlCacheBehavior [ RunTime:0.001230s ]
INFO: [ app_begin ] --END-- [ RunTime:0.001411s ]
NOTIC: [8] Use of undefined constant Y - assumed 'Y' E:\wamp\www\myguopin\Application\Admin\Controller\FontEndController.class.php 第 22 行.
SQL: SHOW COLUMNS FROM `m_admin_infor` [ RunTime:0.0077s ]
SQL: SELECT * FROM `m_admin_infor` WHERE ( id=1 ) LIMIT 1   [ RunTime:0.0003s ]
SQL: SHOW COLUMNS FROM `m_order` [ RunTime:0.0067s ]
SQL: SELECT COUNT(*) AS tp_count FROM `m_order` WHERE ( deleted=0 ) LIMIT 1   [ RunTime:0.0008s ]
SQL: SHOW COLUMNS FROM `m_order` [ RunTime:0.0075s ]
SQL: SELECT * FROM m_order t1,m_users t2 WHERE ( t1.user_id=t2.user_id and t1.deleted=0 ) ORDER BY t1.order_id desc LIMIT 0,10   [ RunTime:0.1098s ]
INFO: [ view_parse ] --START--
INFO: [ template_filter ] --START--
INFO: Run Behavior\ContentReplaceBehavior [ RunTime:0.000113s ]
INFO: [ template_filter ] --END-- [ RunTime:0.000204s ]
INFO: Run Behavior\ParseTemplateBehavior [ RunTime:0.015593s ]
INFO: [ view_parse ] --END-- [ RunTime:0.015725s ]
INFO: [ view_filter ] --START--
INFO: Run Behavior\WriteHtmlCacheBehavior [ RunTime:0.000559s ]
INFO: Run Behavior\TokenBuildBehavior [ RunTime:0.000980s ]
INFO: [ view_filter ] --END-- [ RunTime:0.001661s ]
INFO: [ app_end ] --START--
INFO: Run Behavior\ShowPageTraceBehavior [ RunTime:0.001031s ]
INFO: [ app_end ] --END-- [ RunTime:0.001152s ]

[ 2016-07-28T11:18:56+08:00 ] 127.0.0.1 /Admin/Usersmanage/index.html
INFO: [ app_init ] --START--
INFO: Run Behavior\BuildLiteBehavior [ RunTime:0.000024s ]
INFO: [ app_init ] --END-- [ RunTime:0.000638s ]
INFO: [ app_begin ] --START--
INFO: Run Behavior\ReadHtmlCacheBehavior [ RunTime:0.000806s ]
INFO: [ app_begin ] --END-- [ RunTime:0.000898s ]
NOTIC: [8] Use of undefined constant Y - assumed 'Y' E:\wamp\www\myguopin\Application\Admin\Controller\FontEndController.class.php 第 22 行.
SQL: SHOW COLUMNS FROM `m_admin_infor` [ RunTime:0.0178s ]
SQL: SELECT * FROM `m_admin_infor` WHERE ( id=1 ) LIMIT 1   [ RunTime:0.0006s ]
SQL: SHOW COLUMNS FROM `m_users` [ RunTime:0.0055s ]
SQL: SELECT COUNT(*) AS tp_count FROM `m_users` LIMIT 1   [ RunTime:0.0151s ]
ERR: SQLSTATE[42S22]: Column not found: 1054 Unknown column 'mobile_phone' in 'field list'

[ 2016-07-28T11:19:07+08:00 ] 127.0.0.1 /Admin/Ordermanage/index.html
INFO: [ app_init ] --START--
INFO: Run Behavior\BuildLiteBehavior [ RunTime:0.000027s ]
INFO: [ app_init ] --END-- [ RunTime:0.000579s ]
INFO: [ app_begin ] --START--
INFO: Run Behavior\ReadHtmlCacheBehavior [ RunTime:0.001244s ]
INFO: [ app_begin ] --END-- [ RunTime:0.001420s ]
NOTIC: [8] Use of undefined constant Y - assumed 'Y' E:\wamp\www\myguopin\Application\Admin\Controller\FontEndController.class.php 第 22 行.
SQL: SHOW COLUMNS FROM `m_admin_infor` [ RunTime:0.0106s ]
SQL: SELECT * FROM `m_admin_infor` WHERE ( id=1 ) LIMIT 1   [ RunTime:0.0004s ]
SQL: SHOW COLUMNS FROM `m_order` [ RunTime:0.0081s ]
SQL: SELECT COUNT(*) AS tp_count FROM `m_order` WHERE ( deleted=0 ) LIMIT 1   [ RunTime:0.0008s ]
SQL: SHOW COLUMNS FROM `m_order` [ RunTime:0.0071s ]
SQL: SELECT * FROM m_order t1,m_users t2 WHERE ( t1.user_id=t2.user_id and t1.deleted=0 ) ORDER BY t1.order_id desc LIMIT 0,10   [ RunTime:0.0352s ]
INFO: [ view_parse ] --START--
INFO: [ template_filter ] --START--
INFO: Run Behavior\ContentReplaceBehavior [ RunTime:0.000124s ]
INFO: [ template_filter ] --END-- [ RunTime:0.000224s ]
INFO: Run Behavior\ParseTemplateBehavior [ RunTime:0.064571s ]
INFO: [ view_parse ] --END-- [ RunTime:0.064711s ]
INFO: [ view_filter ] --START--
INFO: Run Behavior\WriteHtmlCacheBehavior [ RunTime:0.008877s ]
INFO: Run Behavior\TokenBuildBehavior [ RunTime:0.001196s ]
INFO: [ view_filter ] --END-- [ RunTime:0.010241s ]
INFO: [ app_end ] --START--
INFO: Run Behavior\ShowPageTraceBehavior [ RunTime:0.001247s ]
INFO: [ app_end ] --END-- [ RunTime:0.001356s ]

[ 2016-07-28T11:25:40+08:00 ] 127.0.0.1 /Admin/Ordermanage/index/p/3.html
INFO: [ app_init ] --START--
INFO: Run Behavior\BuildLiteBehavior [ RunTime:0.000023s ]
INFO: [ app_init ] --END-- [ RunTime:0.000650s ]
INFO: [ app_begin ] --START--
INFO: Run Behavior\ReadHtmlCacheBehavior [ RunTime:0.000995s ]
INFO: [ app_begin ] --END-- [ RunTime:0.001116s ]
NOTIC: [8] Use of undefined constant Y - assumed 'Y' E:\wamp\www\myguopin\Application\Admin\Controller\FontEndController.class.php 第 22 行.
SQL: SHOW COLUMNS FROM `m_admin_infor` [ RunTime:0.0085s ]
SQL: SELECT * FROM `m_admin_infor` WHERE ( id=1 ) LIMIT 1   [ RunTime:0.0005s ]
SQL: SHOW COLUMNS FROM `m_order` [ RunTime:0.0074s ]
SQL: SELECT COUNT(*) AS tp_count FROM `m_order` WHERE ( deleted=0 ) LIMIT 1   [ RunTime:0.0006s ]
SQL: SHOW COLUMNS FROM `m_order` [ RunTime:0.1093s ]
SQL: SELECT * FROM m_order t1,m_users t2 WHERE ( t1.user_id=t2.user_id and t1.deleted=0 ) ORDER BY t1.order_id desc LIMIT 20,10   [ RunTime:0.0082s ]
INFO: [ view_parse ] --START--
INFO: [ template_filter ] --START--
INFO: Run Behavior\ContentReplaceBehavior [ RunTime:0.000174s ]
INFO: [ template_filter ] --END-- [ RunTime:0.000325s ]
INFO: Run Behavior\ParseTemplateBehavior [ RunTime:0.014513s ]
INFO: [ view_parse ] --END-- [ RunTime:0.014611s ]
INFO: [ view_filter ] --START--
INFO: Run Behavior\WriteHtmlCacheBehavior [ RunTime:0.000596s ]
INFO: Run Behavior\TokenBuildBehavior [ RunTime:0.000995s ]
INFO: [ view_filter ] --END-- [ RunTime:0.001731s ]
INFO: [ app_end ] --START--
INFO: Run Behavior\ShowPageTraceBehavior [ RunTime:0.000787s ]
INFO: [ app_end ] --END-- [ RunTime:0.000868s ]

[ 2016-07-28T11:25:44+08:00 ] 127.0.0.1 /Admin/Ordermanage/index/p/2.html
INFO: [ app_init ] --START--
INFO: Run Behavior\BuildLiteBehavior [ RunTime:0.000022s ]
INFO: [ app_init ] --END-- [ RunTime:0.000604s ]
INFO: [ app_begin ] --START--
INFO: Run Behavior\ReadHtmlCacheBehavior [ RunTime:0.000776s ]
INFO: [ app_begin ] --END-- [ RunTime:0.000864s ]
NOTIC: [8] Use of undefined constant Y - assumed 'Y' E:\wamp\www\myguopin\Application\Admin\Controller\FontEndController.class.php 第 22 行.
SQL: SHOW COLUMNS FROM `m_admin_infor` [ RunTime:0.0380s ]
SQL: SELECT * FROM `m_admin_infor` WHERE ( id=1 ) LIMIT 1   [ RunTime:0.0003s ]
SQL: SHOW COLUMNS FROM `m_order` [ RunTime:0.0064s ]
SQL: SELECT COUNT(*) AS tp_count FROM `m_order` WHERE ( deleted=0 ) LIMIT 1   [ RunTime:0.0004s ]
SQL: SHOW COLUMNS FROM `m_order` [ RunTime:0.0076s ]
SQL: SELECT * FROM m_order t1,m_users t2 WHERE ( t1.user_id=t2.user_id and t1.deleted=0 ) ORDER BY t1.order_id desc LIMIT 10,10   [ RunTime:0.0096s ]
INFO: [ view_parse ] --START--
INFO: [ template_filter ] --START--
INFO: Run Behavior\ContentReplaceBehavior [ RunTime:0.000119s ]
INFO: [ template_filter ] --END-- [ RunTime:0.000220s ]
INFO: Run Behavior\ParseTemplateBehavior [ RunTime:0.014345s ]
INFO: [ view_parse ] --END-- [ RunTime:0.014440s ]
INFO: [ view_filter ] --START--
INFO: Run Behavior\WriteHtmlCacheBehavior [ RunTime:0.000626s ]
INFO: Run Behavior\TokenBuildBehavior [ RunTime:0.001006s ]
INFO: [ view_filter ] --END-- [ RunTime:0.001779s ]
INFO: [ app_end ] --START--
INFO: Run Behavior\ShowPageTraceBehavior [ RunTime:0.000791s ]
INFO: [ app_end ] --END-- [ RunTime:0.000882s ]

[ 2016-07-28T11:26:35+08:00 ] 127.0.0.1 /Admin/Ordermanage/index/p/1.html
INFO: [ app_init ] --START--
INFO: Run Behavior\BuildLiteBehavior [ RunTime:0.000027s ]
INFO: [ app_init ] --END-- [ RunTime:0.000654s ]
INFO: [ app_begin ] --START--
INFO: Run Behavior\ReadHtmlCacheBehavior [ RunTime:0.000834s ]
INFO: [ app_begin ] --END-- [ RunTime:0.000952s ]
NOTIC: [8] Use of undefined constant Y - assumed 'Y' E:\wamp\www\myguopin\Application\Admin\Controller\FontEndController.class.php 第 22 行.
SQL: SHOW COLUMNS FROM `m_admin_infor` [ RunTime:0.0069s ]
SQL: SELECT * FROM `m_admin_infor` WHERE ( id=1 ) LIMIT 1   [ RunTime:0.0004s ]
SQL: SHOW COLUMNS FROM `m_order` [ RunTime:0.0058s ]
SQL: SELECT COUNT(*) AS tp_count FROM `m_order` WHERE ( deleted=0 ) LIMIT 1   [ RunTime:0.0004s ]
SQL: SHOW COLUMNS FROM `m_order` [ RunTime:0.0078s ]
SQL: SELECT * FROM m_order t1,m_users t2 WHERE ( t1.user_id=t2.user_id and t1.deleted=0 ) ORDER BY t1.order_id desc LIMIT 0,10   [ RunTime:0.0070s ]
INFO: [ view_parse ] --START--
INFO: [ template_filter ] --START--
INFO: Run Behavior\ContentReplaceBehavior [ RunTime:0.000107s ]
INFO: [ template_filter ] --END-- [ RunTime:0.000197s ]
INFO: Run Behavior\ParseTemplateBehavior [ RunTime:0.013865s ]
INFO: [ view_parse ] --END-- [ RunTime:0.013964s ]
INFO: [ view_filter ] --START--
INFO: Run Behavior\WriteHtmlCacheBehavior [ RunTime:0.000574s ]
INFO: Run Behavior\TokenBuildBehavior [ RunTime:0.000991s ]
INFO: [ view_filter ] --END-- [ RunTime:0.001691s ]
INFO: [ app_end ] --START--
INFO: Run Behavior\ShowPageTraceBehavior [ RunTime:0.000795s ]
INFO: [ app_end ] --END-- [ RunTime:0.000888s ]

[ 2016-07-28T11:26:37+08:00 ] 127.0.0.1 /Admin/Ordermanage/index/p/3.html
INFO: [ app_init ] --START--
INFO: Run Behavior\BuildLiteBehavior [ RunTime:0.000023s ]
INFO: [ app_init ] --END-- [ RunTime:0.000603s ]
INFO: [ app_begin ] --START--
INFO: Run Behavior\ReadHtmlCacheBehavior [ RunTime:0.000775s ]
INFO: [ app_begin ] --END-- [ RunTime:0.000866s ]
NOTIC: [8] Use of undefined constant Y - assumed 'Y' E:\wamp\www\myguopin\Application\Admin\Controller\FontEndController.class.php 第 22 行.
SQL: SHOW COLUMNS FROM `m_admin_infor` [ RunTime:0.0065s ]
SQL: SELECT * FROM `m_admin_infor` WHERE ( id=1 ) LIMIT 1   [ RunTime:0.0005s ]
SQL: SHOW COLUMNS FROM `m_order` [ RunTime:0.0053s ]
SQL: SELECT COUNT(*) AS tp_count FROM `m_order` WHERE ( deleted=0 ) LIMIT 1   [ RunTime:0.0004s ]
SQL: SHOW COLUMNS FROM `m_order` [ RunTime:0.0052s ]
SQL: SELECT * FROM m_order t1,m_users t2 WHERE ( t1.user_id=t2.user_id and t1.deleted=0 ) ORDER BY t1.order_id desc LIMIT 20,10   [ RunTime:0.0075s ]
INFO: [ view_parse ] --START--
INFO: [ template_filter ] --START--
INFO: Run Behavior\ContentReplaceBehavior [ RunTime:0.000129s ]
INFO: [ template_filter ] --END-- [ RunTime:0.000238s ]
INFO: Run Behavior\ParseTemplateBehavior [ RunTime:0.016227s ]
INFO: [ view_parse ] --END-- [ RunTime:0.016365s ]
INFO: [ view_filter ] --START--
INFO: Run Behavior\WriteHtmlCacheBehavior [ RunTime:0.000586s ]
INFO: Run Behavior\TokenBuildBehavior [ RunTime:0.001065s ]
INFO: [ view_filter ] --END-- [ RunTime:0.001801s ]
INFO: [ app_end ] --START--
INFO: Run Behavior\ShowPageTraceBehavior [ RunTime:0.000862s ]
INFO: [ app_end ] --END-- [ RunTime:0.000961s ]

[ 2016-07-28T11:26:38+08:00 ] 127.0.0.1 /Admin/Ordermanage/index/p/2.html
INFO: [ app_init ] --START--
INFO: Run Behavior\BuildLiteBehavior [ RunTime:0.000024s ]
INFO: [ app_init ] --END-- [ RunTime:0.000602s ]
INFO: [ app_begin ] --START--
INFO: Run Behavior\ReadHtmlCacheBehavior [ RunTime:0.000770s ]
INFO: [ app_begin ] --END-- [ RunTime:0.000860s ]
NOTIC: [8] Use of undefined constant Y - assumed 'Y' E:\wamp\www\myguopin\Application\Admin\Controller\FontEndController.class.php 第 22 行.
SQL: SHOW COLUMNS FROM `m_admin_infor` [ RunTime:0.0049s ]
SQL: SELECT * FROM `m_admin_infor` WHERE ( id=1 ) LIMIT 1   [ RunTime:0.0004s ]
SQL: SHOW COLUMNS FROM `m_order` [ RunTime:0.0082s ]
SQL: SELECT COUNT(*) AS tp_count FROM `m_order` WHERE ( deleted=0 ) LIMIT 1   [ RunTime:0.0004s ]
SQL: SHOW COLUMNS FROM `m_order` [ RunTime:0.0078s ]
SQL: SELECT * FROM m_order t1,m_users t2 WHERE ( t1.user_id=t2.user_id and t1.deleted=0 ) ORDER BY t1.order_id desc LIMIT 10,10   [ RunTime:0.0077s ]
INFO: [ view_parse ] --START--
INFO: [ template_filter ] --START--
INFO: Run Behavior\ContentReplaceBehavior [ RunTime:0.000105s ]
INFO: [ template_filter ] --END-- [ RunTime:0.000193s ]
INFO: Run Behavior\ParseTemplateBehavior [ RunTime:0.014858s ]
INFO: [ view_parse ] --END-- [ RunTime:0.014960s ]
INFO: [ view_filter ] --START--
INFO: Run Behavior\WriteHtmlCacheBehavior [ RunTime:0.000612s ]
INFO: Run Behavior\TokenBuildBehavior [ RunTime:0.001012s ]
INFO: [ view_filter ] --END-- [ RunTime:0.001745s ]
INFO: [ app_end ] --START--
INFO: Run Behavior\ShowPageTraceBehavior [ RunTime:0.000778s ]
INFO: [ app_end ] --END-- [ RunTime:0.000857s ]

